[1] "------------ Transforming weights ------------"
[1] "------- starting weights -------"
[1] "Underweight:0.25"
[1] "Normal:0.25"
[1] "Overweight:0.25"
[1] "Obese:0.25"
[1] "------------ BFGS ------------"
[1] "Max Loglik = 189.723756648868"
[1] "Current loglik value = 0"
[1] "Men, Remain. tol = Inf, time = 3.071, iteration = 1"
[1] "Common area: 0.974277057556213"
[1] "------------ BFGS ------------"
[1] "Max Loglik = 189.722917668251"
[1] "Current loglik value = 189.723756648868"
[1] ""
[1] "Algorithm did not get a better solution"
[1] "Men, Remain. tol = -4.42211682694716e-06, time = 4.105, iteration = 2"
[1] ""
[1] "------------------ Retrying ------------------"
[1] ""
[1] "------------ BFGS ------------"
[1] "Max Loglik = 189.722856519855"
[1] "Current loglik value = 189.723756648868"
[1] ""
[1] "Algorithm did not get a better solution"
[1] "Men, Remain. tol = -4.74441908822922e-06, time = 5.557, iteration = 2"
[1] ""
[1] "------------------ Retrying ------------------"
[1] ""
[1] "------------ BFGS ------------"
[1] "Max Loglik = 189.722914746437"
[1] "Current loglik value = 189.723756648868"
[1] ""
[1] "Algorithm did not get a better solution"
[1] "Men, Remain. tol = -4.4375171848002e-06, time = 7.669, iteration = 2"
[1] ""
[1] "------------------ Retrying ------------------"
[1] ""
[1] "------------ BFGS ------------"
[1] "Max Loglik = 189.722901492408"
[1] "Current loglik value = 189.723756648868"
[1] ""
[1] "Algorithm did not get a better solution"
[1] "Men, Remain. tol = -4.50737680252783e-06, time = 9.914, iteration = 2"
[1] ""
[1] "------------------ Retrying ------------------"
[1] ""
[1] "------------ BFGS ------------"
[1] "Max Loglik = 189.722901928453"
[1] "Current loglik value = 189.723756648868"
[1] ""
[1] "Algorithm did not get a better solution"
[1] "Men, Remain. tol = -4.50507848812271e-06, time = 12.878, iteration = 2"
[1] ""
[1] "------------------ Retrying ------------------"
[1] ""
[1] "------------ BFGS ------------"
[1] "Max Loglik = 189.722919514611"
[1] "Current loglik value = 189.723756648868"
[1] ""
[1] "Algorithm did not get a better solution"
[1] "Men, Remain. tol = -4.41238499189314e-06, time = 14.866, iteration = 2"
[1] ""
[1] "------------------ Retrying ------------------"
[1] ""
[1] "------------ BFGS ------------"
[1] "Max Loglik = 189.722918736558"
[1] "Current loglik value = 189.723756648868"
[1] ""
[1] "Algorithm did not get a better solution"
[1] "Men, Remain. tol = -4.41648597040678e-06, time = 16.163, iteration = 2"
[1] ""
[1] "------------------ Retrying ------------------"
[1] ""
[1] "------------ BFGS ------------"
[1] "Max Loglik = 189.722920042717"
[1] "Current loglik value = 189.723756648868"
[1] ""
[1] "Algorithm did not get a better solution"
[1] "Men, Remain. tol = -4.40960143988941e-06, time = 18.051, iteration = 2"
[1] ""
[1] "------------------ Retrying ------------------"
[1] ""
[1] "------------ BFGS ------------"
[1] "Max Loglik = 189.722920482939"
[1] "Current loglik value = 189.723756648868"
[1] ""
[1] "Algorithm did not get a better solution"
[1] "Men, Remain. tol = -4.40728110973183e-06, time = 19.352, iteration = 2"
[1] ""
[1] "------------------ Retrying ------------------"
[1] ""
[1] "------------ BFGS ------------"
[1] "Max Loglik = 189.722916250286"
[1] "Current loglik value = 189.723756648868"
[1] ""
[1] "Algorithm did not get a better solution"
[1] "Men, Remain. tol = -4.42959066856237e-06, time = 20.823, iteration = 2"
[1] ""
[1] "------------------ Retrying ------------------"
[1] ""
[1] "------------ BFGS ------------"
[1] "Max Loglik = 189.722734800972"
[1] "Current loglik value = 189.723756648868"
[1] ""
[1] "Algorithm did not get a better solution"
[1] "Men, Remain. tol = -5.38597756076745e-06, time = 22.88, iteration = 2"
[1] ""
[1] "------------------ Retrying ------------------"
[1] ""
[1] "------------ BFGS ------------"
[1] "Max Loglik = 189.722914233185"
[1] "Current loglik value = 189.723756648868"
[1] ""
[1] "Algorithm did not get a better solution"
[1] "Men, Remain. tol = -4.44022244427485e-06, time = 24.199, iteration = 2"
[1] ""
[1] "------------------ Retrying ------------------"
[1] ""
[1] "------------ BFGS ------------"
[1] "Max Loglik = 189.722868511542"
[1] "Current loglik value = 189.723756648868"
[1] ""
[1] "Algorithm did not get a better solution"
[1] "Men, Remain. tol = -4.68121305208749e-06, time = 26.282, iteration = 2"
[1] ""
[1] "------------------ Retrying ------------------"
[1] ""
[1] "------------ BFGS ------------"
[1] "Max Loglik = 189.722872760689"
[1] "Current loglik value = 189.723756648868"
[1] ""
[1] "Algorithm did not get a better solution"
[1] "Men, Remain. tol = -4.6588165554381e-06, time = 27.164, iteration = 2"
[1] ""
[1] "------------------ Retrying ------------------"
[1] ""
[1] "------------ BFGS ------------"
[1] "Max Loglik = 189.722695196189"
[1] "Current loglik value = 189.723756648868"
[1] ""
[1] "Algorithm did not get a better solution"
[1] "Men, Remain. tol = -5.59472728886624e-06, time = 28.482, iteration = 2"
[1] ""
[1] "------------------ Retrying ------------------"
[1] ""
[1] "------------ BFGS ------------"
[1] "Max Loglik = 189.722911926357"
[1] "Current loglik value = 189.723756648868"
[1] ""
[1] "Algorithm did not get a better solution"
[1] "Men, Remain. tol = -4.45238132121471e-06, time = 30.446, iteration = 2"
[1] ""
[1] "------------------ Retrying ------------------"
[1] ""
[1] "------------ BFGS ------------"
[1] "Max Loglik = 189.722918241594"
[1] "Current loglik value = 189.723756648868"
[1] ""
[1] "Algorithm did not get a better solution"
[1] "Men, Remain. tol = -4.41909484021868e-06, time = 31.796, iteration = 2"
[1] ""
[1] "------------------ Retrying ------------------"
[1] ""
[1] "------------ BFGS ------------"
[1] "Max Loglik = 189.722916082862"
[1] "Current loglik value = 189.723756648868"
[1] ""
[1] "Algorithm did not get a better solution"
[1] "Men, Remain. tol = -4.4304731306351e-06, time = 33.088, iteration = 2"
[1] ""
[1] "------------------ Retrying ------------------"
[1] ""
[1] "------------ BFGS ------------"
[1] "Max Loglik = 189.722918796767"
[1] "Current loglik value = 189.723756648868"
[1] ""
[1] "Algorithm did not get a better solution"
[1] "Men, Remain. tol = -4.41616862295716e-06, time = 34.448, iteration = 2"
[1] ""
[1] "------------------ Retrying ------------------"
[1] ""
[1] "------------ BFGS ------------"
[1] "Max Loglik = 189.722906903909"
[1] "Current loglik value = 189.723756648868"
[1] ""
[1] "Algorithm did not get a better solution"
[1] "Men, Remain. tol = -4.47885374660945e-06, time = 36.539, iteration = 2"
[1] ""
[1] "------------------ Retrying ------------------"
[1] ""
[1] "------------ BFGS ------------"
[1] "Max Loglik = 189.72288923866"
[1] "Current loglik value = 189.723756648868"
[1] ""
[1] "Algorithm did not get a better solution"
[1] "Men, Remain. tol = -4.57196411883126e-06, time = 37.997, iteration = 2"
[1] ""
[1] "------------------ Retrying ------------------"
[1] ""
[1] "------------ BFGS ------------"
[1] "Max Loglik = 189.72291612635"
[1] "Current loglik value = 189.723756648868"
[1] ""
[1] "Algorithm did not get a better solution"
[1] "Men, Remain. tol = -4.43024391300866e-06, time = 39.103, iteration = 2"
[1] ""
[1] "------------------ Retrying ------------------"
[1] ""
[1] "------------ BFGS ------------"
[1] "Max Loglik = 189.722920417457"
[1] "Current loglik value = 189.723756648868"
[1] ""
[1] "Algorithm did not get a better solution"
[1] "Men, Remain. tol = -4.40762625333853e-06, time = 40.403, iteration = 2"
[1] ""
[1] "------------------ Retrying ------------------"
[1] ""
[1] "------------ BFGS ------------"
[1] "Max Loglik = 189.722896932577"
[1] "Current loglik value = 189.723756648868"
[1] ""
[1] "Algorithm did not get a better solution"
[1] "Men, Remain. tol = -4.53141085517931e-06, time = 42.54, iteration = 2"
[1] ""
[1] "------------------ Retrying ------------------"
[1] ""
[1] "------------ BFGS ------------"
[1] "Max Loglik = 189.72218876336"
[1] "Current loglik value = 189.723756648868"
[1] ""
[1] "Algorithm did not get a better solution"
[1] "Men, Remain. tol = -8.26404418225792e-06, time = 43.993, iteration = 2"
[1] ""
[1] "------------------ Retrying ------------------"
[1] ""
[1] "------------ BFGS ------------"
[1] "Max Loglik = 189.722919750839"
[1] "Current loglik value = 189.723756648868"
[1] ""
[1] "Algorithm did not get a better solution"
[1] "Men, Remain. tol = -4.41113987886527e-06, time = 46.003, iteration = 2"
[1] ""
[1] "------------------ Retrying ------------------"
[1] ""
[1] "------------ BFGS ------------"
[1] "Max Loglik = 189.722897347148"
[1] "Current loglik value = 189.723756648868"
[1] ""
[1] "Algorithm did not get a better solution"
[1] "Men, Remain. tol = -4.52922572770614e-06, time = 47.1, iteration = 2"
[1] ""
[1] "------------------ Retrying ------------------"
[1] ""
[1] "------------ BFGS ------------"
[1] "Max Loglik = 189.722918225368"
[1] "Current loglik value = 189.723756648868"
[1] ""
[1] "Algorithm did not get a better solution"
[1] "Men, Remain. tol = -4.41918036477009e-06, time = 48.962, iteration = 2"
[1] ""
[1] "------------------ Retrying ------------------"
[1] ""
[1] "------------ BFGS ------------"
[1] "Max Loglik = 189.722915672694"
[1] "Current loglik value = 189.723756648868"
[1] ""
[1] "Algorithm did not get a better solution"
[1] "Men, Remain. tol = -4.43263505035146e-06, time = 50.416, iteration = 2"
[1] ""
[1] "------------------ Retrying ------------------"
[1] ""
[1] "------------ BFGS ------------"
[1] "Max Loglik = 189.722918502521"
[1] "Current loglik value = 189.723756648868"
[1] ""
[1] "Algorithm did not get a better solution"
[1] "Men, Remain. tol = -4.41771953760598e-06, time = 51.705, iteration = 2"
[1] ""
[1] "------------------ Retrying ------------------"
[1] ""
[1] "------------ BFGS ------------"
[1] "Max Loglik = 189.722920264449"
[1] "Current loglik value = 189.723756648868"
[1] ""
[1] "Algorithm did not get a better solution"
[1] "Men, Remain. tol = -4.40843273378566e-06, time = 52.965, iteration = 2"
[1] ""
[1] "------------------ Retrying ------------------"
[1] ""
[1] "------------ BFGS ------------"
[1] "Max Loglik = 189.722825254204"
[1] "Current loglik value = 189.723756648868"
[1] ""
[1] "Algorithm did not get a better solution"
[1] "Men, Remain. tol = -4.90921474660778e-06, time = 54.346, iteration = 2"
[1] ""
[1] "------------------ Retrying ------------------"
[1] ""
[1] "------------ BFGS ------------"
[1] "Max Loglik = 189.722895476736"
[1] "Current loglik value = 189.723756648868"
[1] ""
[1] "Algorithm did not get a better solution"
[1] "Men, Remain. tol = -4.53908433362799e-06, time = 56.32, iteration = 2"
[1] ""
[1] "------------------ Retrying ------------------"
[1] ""
[1] "------------ BFGS ------------"
[1] "Max Loglik = 189.722704371077"
[1] "Current loglik value = 189.723756648868"
[1] ""
[1] "Algorithm did not get a better solution"
[1] "Men, Remain. tol = -5.5463680961626e-06, time = 57.65, iteration = 2"
[1] ""
[1] "------------------ Retrying ------------------"
[1] ""
[1] "------------ BFGS ------------"
[1] "Max Loglik = 189.722919980262"
[1] "Current loglik value = 189.723756648868"
[1] ""
[1] "Algorithm did not get a better solution"
[1] "Men, Remain. tol = -4.40993062843483e-06, time = 58.897, iteration = 2"
[1] ""
[1] "------------------ Retrying ------------------"
[1] ""
[1] "------------ BFGS ------------"
[1] "Max Loglik = 189.722919689342"
[1] "Current loglik value = 189.723756648868"
[1] ""
[1] "Algorithm did not get a better solution"
[1] "Men, Remain. tol = -4.41146401521182e-06, time = 60.214, iteration = 2"
[1] ""
[1] "------------------ Retrying ------------------"
[1] ""
[1] "------------ BFGS ------------"
[1] "Max Loglik = 189.722913434844"
[1] "Current loglik value = 189.723756648868"
[1] ""
[1] "Algorithm did not get a better solution"
[1] "Men, Remain. tol = -4.44443035742771e-06, time = 61.502, iteration = 2"
[1] ""
[1] "------------------ Retrying ------------------"
[1] ""
[1] "------------ BFGS ------------"
[1] "Max Loglik = 189.72278733746"
[1] "Current loglik value = 189.723756648868"
[1] ""
[1] "Algorithm did not get a better solution"
[1] "Men, Remain. tol = -5.10906712388753e-06, time = 62.958, iteration = 2"
[1] ""
[1] "------------------ Retrying ------------------"
[1] ""
[1] "------------ BFGS ------------"
[1] "Max Loglik = 189.722894039621"
[1] "Current loglik value = 189.723756648868"
[1] ""
[1] "Algorithm did not get a better solution"
[1] "Men, Remain. tol = -4.54665911121083e-06, time = 65.088, iteration = 2"
[1] ""
[1] "------------------ Retrying ------------------"
[1] ""
[1] "------------ BFGS ------------"
[1] "Max Loglik = 189.722752477931"
[1] "Current loglik value = 189.723756648868"
[1] ""
[1] "Algorithm did not get a better solution"
[1] "Men, Remain. tol = -5.29280546797791e-06, time = 67.334, iteration = 2"
[1] ""
[1] "------------------ Retrying ------------------"
[1] ""
[1] "------------ BFGS ------------"
[1] "Max Loglik = 189.722914920882"
[1] "Current loglik value = 189.723756648868"
[1] ""
[1] "Algorithm did not get a better solution"
[1] "Men, Remain. tol = -4.43659771546432e-06, time = 68.711, iteration = 2"
[1] ""
[1] "------------------ Retrying ------------------"
[1] ""
[1] "------------ BFGS ------------"
[1] "Max Loglik = 189.722906231515"
[1] "Current loglik value = 189.723756648868"
[1] ""
[1] "Algorithm did not get a better solution"
[1] "Men, Remain. tol = -4.48239781670911e-06, time = 70.197, iteration = 2"
[1] ""
[1] "------------------ Retrying ------------------"
[1] ""
[1] "------------ BFGS ------------"
[1] "Max Loglik = 189.722915994025"
[1] "Current loglik value = 189.723756648868"
[1] ""
[1] "Algorithm did not get a better solution"
[1] "Men, Remain. tol = -4.43094137142326e-06, time = 71.2, iteration = 2"
[1] ""
[1] "------------------ Retrying ------------------"
[1] ""
[1] "------------ BFGS ------------"
[1] "Max Loglik = 189.722908984022"
[1] "Current loglik value = 189.723756648868"
[1] ""
[1] "Algorithm did not get a better solution"
[1] "Men, Remain. tol = -4.46788984615887e-06, time = 73.209, iteration = 2"
[1] ""
[1] "------------------ Retrying ------------------"
[1] ""
[1] "------------ BFGS ------------"
[1] "Max Loglik = 189.722908079721"
[1] "Current loglik value = 189.723756648868"
[1] ""
[1] "Algorithm did not get a better solution"
[1] "Men, Remain. tol = -4.47265625252073e-06, time = 75.461, iteration = 2"
[1] ""
[1] "------------------ Retrying ------------------"
[1] ""
[1] "------------ BFGS ------------"
[1] "Max Loglik = 189.722916043875"
[1] "Current loglik value = 189.723756648868"
[1] ""
[1] "Algorithm did not get a better solution"
[1] "Men, Remain. tol = -4.4306786209784e-06, time = 76.349, iteration = 2"
[1] ""
[1] "------------------ Retrying ------------------"
[1] ""
[1] "------------ BFGS ------------"
[1] "Max Loglik = 189.722920420746"
[1] "Current loglik value = 189.723756648868"
[1] ""
[1] "Algorithm did not get a better solution"
[1] "Men, Remain. tol = -4.40760891856631e-06, time = 77.682, iteration = 2"
[1] ""
[1] "------------------ Retrying ------------------"
[1] ""
[1] "------------ BFGS ------------"
[1] "Max Loglik = 189.722713285373"
[1] "Current loglik value = 189.723756648868"
[1] ""
[1] "Algorithm did not get a better solution"
[1] "Men, Remain. tol = -5.49938243686577e-06, time = 78.978, iteration = 2"
[1] ""
[1] "------------------ Retrying ------------------"
[1] ""
[1] "------------ BFGS ------------"
[1] "Max Loglik = 189.722918521735"
[1] "Current loglik value = 189.723756648868"
[1] ""
[1] "Algorithm did not get a better solution"
[1] "Men, Remain. tol = -4.41761826517464e-06, time = 80.82, iteration = 2"
[1] ""
[1] "------------------ Retrying ------------------"
[1] ""
[1] "------------ BFGS ------------"
[1] "Max Loglik = 189.722919389492"
[1] "Current loglik value = 189.723756648868"
[1] ""
[1] "Algorithm did not get a better solution"
[1] "Men, Remain. tol = -4.41304447275275e-06, time = 82.851, iteration = 2"
[1] ""
[1] "------------------ Retrying ------------------"
[1] ""
[1] "------ Maximum iterations withouth improvement achieved ------"
