[1] "------------ Transforming weights ------------"
[1] "------- starting weights -------"
[1] "Underweight:0.233333333333333"
[1] "Normal:0.233333333333333"
[1] "Overweight:0.233333333333333"
[1] "Obese:0.3"
[1] "------------ BFGS ------------"
[1] "Max Loglik = 320.526925116882"
[1] "Current loglik value = 0"
[1] "Women, Increase. tol = Inf, time = 4.237, iteration = 1"
[1] "Common area: 0.747128295128328"
[1] "------------ BFGS ------------"
[1] "Max Loglik = 321.290100740712"
[1] "Current loglik value = 320.526925116882"
[1] "Women, Increase. tol = 0.00238100316705389, time = 11.562, iteration = 2"
[1] "Common area: 0.847980770345896"
[1] "------------ BFGS ------------"
[1] "Max Loglik = 321.07833411748"
[1] "Current loglik value = 321.290100740712"
[1] ""
[1] "Algorithm did not get a better solution"
[1] "Women, Increase. tol = -0.000659113439048605, time = 14.164, iteration = 3"
[1] ""
[1] "------------------ Retrying ------------------"
[1] ""
[1] "------------ BFGS ------------"
[1] "Max Loglik = 321.078334001161"
[1] "Current loglik value = 321.290100740712"
[1] ""
[1] "Algorithm did not get a better solution"
[1] "Women, Increase. tol = -0.000659113801087055, time = 15.902, iteration = 3"
[1] ""
[1] "------------------ Retrying ------------------"
[1] ""
[1] "------------ BFGS ------------"
[1] "Max Loglik = 321.078334126366"
[1] "Current loglik value = 321.290100740712"
[1] ""
[1] "Algorithm did not get a better solution"
[1] "Women, Increase. tol = -0.000659113411393686, time = 17.604, iteration = 3"
[1] ""
[1] "------------------ Retrying ------------------"
[1] ""
[1] "------------ BFGS ------------"
[1] "Max Loglik = 321.078334025607"
[1] "Current loglik value = 321.290100740712"
[1] ""
[1] "Algorithm did not get a better solution"
[1] "Women, Increase. tol = -0.000659113724999627, time = 19.284, iteration = 3"
[1] ""
[1] "------------------ Retrying ------------------"
[1] ""
[1] "------------ BFGS ------------"
[1] "Max Loglik = 321.078325352576"
[1] "Current loglik value = 321.290100740712"
[1] ""
[1] "Algorithm did not get a better solution"
[1] "Women, Increase. tol = -0.000659140719391343, time = 20.744, iteration = 3"
[1] ""
[1] "------------------ Retrying ------------------"
[1] ""
[1] "------------ BFGS ------------"
[1] "Max Loglik = 321.078330475641"
[1] "Current loglik value = 321.290100740712"
[1] ""
[1] "Algorithm did not get a better solution"
[1] "Women, Increase. tol = -0.00065912477409887, time = 21.95, iteration = 3"
[1] ""
[1] "------------------ Retrying ------------------"
[1] ""
[1] "------------ BFGS ------------"
[1] "Max Loglik = 321.078317350969"
[1] "Current loglik value = 321.290100740712"
[1] ""
[1] "Algorithm did not get a better solution"
[1] "Women, Increase. tol = -0.000659165624008639, time = 22.997, iteration = 3"
[1] ""
[1] "------------------ Retrying ------------------"
[1] ""
[1] "------------ BFGS ------------"
[1] "Max Loglik = 321.078326751601"
[1] "Current loglik value = 321.290100740712"
[1] ""
[1] "Algorithm did not get a better solution"
[1] "Women, Increase. tol = -0.000659136364993801, time = 24.435, iteration = 3"
[1] ""
[1] "------------------ Retrying ------------------"
[1] ""
[1] "------------ BFGS ------------"
[1] "Max Loglik = 321.078334059318"
[1] "Current loglik value = 321.290100740712"
[1] ""
[1] "Algorithm did not get a better solution"
[1] "Women, Increase. tol = -0.00065911362007473, time = 25.554, iteration = 3"
[1] ""
[1] "------------------ Retrying ------------------"
[1] ""
[1] "------------ BFGS ------------"
[1] "Max Loglik = 321.078333583413"
[1] "Current loglik value = 321.290100740712"
[1] ""
[1] "Algorithm did not get a better solution"
[1] "Women, Increase. tol = -0.000659115101306298, time = 26.705, iteration = 3"
[1] ""
[1] "------------------ Retrying ------------------"
[1] ""
[1] "------------ BFGS ------------"
[1] "Max Loglik = 321.078324210438"
[1] "Current loglik value = 321.290100740712"
[1] ""
[1] "Algorithm did not get a better solution"
[1] "Women, Increase. tol = -0.000659144274240423, time = 28.118, iteration = 3"
[1] ""
[1] "------------------ Retrying ------------------"
[1] ""
[1] "------------ BFGS ------------"
[1] "Max Loglik = 321.078334135884"
[1] "Current loglik value = 321.290100740712"
[1] ""
[1] "Algorithm did not get a better solution"
[1] "Women, Increase. tol = -0.000659113381769267, time = 29.267, iteration = 3"
[1] ""
[1] "------------------ Retrying ------------------"
[1] ""
[1] "------------ BFGS ------------"
[1] "Max Loglik = 321.077947049196"
[1] "Current loglik value = 321.290100740712"
[1] ""
[1] "Algorithm did not get a better solution"
[1] "Women, Increase. tol = -0.000660318170484653, time = 30.463, iteration = 3"
[1] ""
[1] "------------------ Retrying ------------------"
[1] ""
[1] "------------ BFGS ------------"
[1] "Max Loglik = 321.078332487734"
[1] "Current loglik value = 321.290100740712"
[1] ""
[1] "Algorithm did not get a better solution"
[1] "Women, Increase. tol = -0.00065911851155687, time = 31.309, iteration = 3"
[1] ""
[1] "------------------ Retrying ------------------"
[1] ""
[1] "------------ BFGS ------------"
[1] "Max Loglik = 321.078329076681"
[1] "Current loglik value = 321.290100740712"
[1] ""
[1] "Algorithm did not get a better solution"
[1] "Women, Increase. tol = -0.000659129128293482, time = 32.861, iteration = 3"
[1] ""
[1] "------------------ Retrying ------------------"
[1] ""
[1] "------------ BFGS ------------"
[1] "Max Loglik = 321.07826679099"
[1] "Current loglik value = 321.290100740712"
[1] ""
[1] "Algorithm did not get a better solution"
[1] "Women, Increase. tol = -0.000659322989515025, time = 34.055, iteration = 3"
[1] ""
[1] "------------------ Retrying ------------------"
[1] ""
[1] "------------ BFGS ------------"
[1] "Max Loglik = 321.078334141411"
[1] "Current loglik value = 321.290100740712"
[1] ""
[1] "Algorithm did not get a better solution"
[1] "Women, Increase. tol = -0.000659113364564447, time = 35.21, iteration = 3"
[1] ""
[1] "------------------ Retrying ------------------"
[1] ""
[1] "------------ BFGS ------------"
[1] "Max Loglik = 321.078334114986"
[1] "Current loglik value = 321.290100740712"
[1] ""
[1] "Algorithm did not get a better solution"
[1] "Women, Increase. tol = -0.00065911344681196, time = 36.391, iteration = 3"
[1] ""
[1] "------------------ Retrying ------------------"
[1] ""
[1] "------------ BFGS ------------"
[1] "Max Loglik = 321.078333413652"
[1] "Current loglik value = 321.290100740712"
[1] ""
[1] "Algorithm did not get a better solution"
[1] "Women, Increase. tol = -0.000659115629680652, time = 37.583, iteration = 3"
[1] ""
[1] "------------------ Retrying ------------------"
[1] ""
[1] "------------ BFGS ------------"
[1] "Max Loglik = 321.078083251461"
[1] "Current loglik value = 321.290100740712"
[1] ""
[1] "Algorithm did not get a better solution"
[1] "Women, Increase. tol = -0.000659894247477928, time = 38.776, iteration = 3"
[1] ""
[1] "------------------ Retrying ------------------"
[1] ""
[1] "------------ BFGS ------------"
[1] "Max Loglik = 321.07833216052"
[1] "Current loglik value = 321.290100740712"
[1] ""
[1] "Algorithm did not get a better solution"
[1] "Women, Increase. tol = -0.000659119529992852, time = 39.962, iteration = 3"
[1] ""
[1] "------------------ Retrying ------------------"
[1] ""
[1] "------------ BFGS ------------"
[1] "Max Loglik = 321.078329213996"
[1] "Current loglik value = 321.290100740712"
[1] ""
[1] "Algorithm did not get a better solution"
[1] "Women, Increase. tol = -0.000659128700907501, time = 40.994, iteration = 3"
[1] ""
[1] "------------------ Retrying ------------------"
[1] ""
[1] "------------ BFGS ------------"
[1] "Max Loglik = 321.078334085175"
[1] "Current loglik value = 321.290100740712"
[1] ""
[1] "Algorithm did not get a better solution"
[1] "Women, Increase. tol = -0.000659113539597326, time = 42.151, iteration = 3"
[1] ""
[1] "------------------ Retrying ------------------"
[1] ""
[1] "------------ BFGS ------------"
[1] "Max Loglik = 321.078307869842"
[1] "Current loglik value = 321.290100740712"
[1] ""
[1] "Algorithm did not get a better solution"
[1] "Women, Increase. tol = -0.000659195133562594, time = 43.335, iteration = 3"
[1] ""
[1] "------------------ Retrying ------------------"
[1] ""
[1] "------------ BFGS ------------"
[1] "Max Loglik = 321.078289594741"
[1] "Current loglik value = 321.290100740712"
[1] ""
[1] "Algorithm did not get a better solution"
[1] "Women, Increase. tol = -0.000659252013936346, time = 44.524, iteration = 3"
[1] ""
[1] "------------------ Retrying ------------------"
[1] ""
[1] "------------ BFGS ------------"
[1] "Max Loglik = 321.078317422702"
[1] "Current loglik value = 321.290100740712"
[1] ""
[1] "Algorithm did not get a better solution"
[1] "Women, Increase. tol = -0.000659165400744235, time = 45.707, iteration = 3"
[1] ""
[1] "------------------ Retrying ------------------"
[1] ""
[1] "------------ BFGS ------------"
[1] "Max Loglik = 321.078333828049"
[1] "Current loglik value = 321.290100740712"
[1] ""
[1] "Algorithm did not get a better solution"
[1] "Women, Increase. tol = -0.000659114339889746, time = 46.823, iteration = 3"
[1] ""
[1] "------------------ Retrying ------------------"
[1] ""
[1] "------------ BFGS ------------"
[1] "Max Loglik = 321.078331908004"
[1] "Current loglik value = 321.290100740712"
[1] ""
[1] "Algorithm did not get a better solution"
[1] "Women, Increase. tol = -0.00065912031593775, time = 48.004, iteration = 3"
[1] ""
[1] "------------------ Retrying ------------------"
[1] ""
[1] "------------ BFGS ------------"
[1] "Max Loglik = 321.078332961912"
[1] "Current loglik value = 321.290100740712"
[1] ""
[1] "Algorithm did not get a better solution"
[1] "Women, Increase. tol = -0.000659117035700204, time = 49.191, iteration = 3"
[1] ""
[1] "------------------ Retrying ------------------"
[1] ""
[1] "------------ BFGS ------------"
[1] "Max Loglik = 321.078333410242"
[1] "Current loglik value = 321.290100740712"
[1] ""
[1] "Algorithm did not get a better solution"
[1] "Women, Increase. tol = -0.000659115640294227, time = 50.38, iteration = 3"
[1] ""
[1] "------------------ Retrying ------------------"
[1] ""
[1] "------------ BFGS ------------"
[1] "Max Loglik = 321.078334119459"
[1] "Current loglik value = 321.290100740712"
[1] ""
[1] "Algorithm did not get a better solution"
[1] "Women, Increase. tol = -0.000659113432889936, time = 51.534, iteration = 3"
[1] ""
[1] "------------------ Retrying ------------------"
[1] ""
[1] "------------ BFGS ------------"
[1] "Max Loglik = 321.078332019811"
[1] "Current loglik value = 321.290100740712"
[1] ""
[1] "Algorithm did not get a better solution"
[1] "Women, Increase. tol = -0.000659119967943224, time = 52.719, iteration = 3"
[1] ""
[1] "------------------ Retrying ------------------"
[1] ""
[1] "------------ BFGS ------------"
[1] "Max Loglik = 321.078143732856"
[1] "Current loglik value = 321.290100740712"
[1] ""
[1] "Algorithm did not get a better solution"
[1] "Women, Increase. tol = -0.000659706002041886, time = 53.908, iteration = 3"
[1] ""
[1] "------------------ Retrying ------------------"
[1] ""
[1] "------------ BFGS ------------"
[1] "Max Loglik = 321.078329058999"
[1] "Current loglik value = 321.290100740712"
[1] ""
[1] "Algorithm did not get a better solution"
[1] "Women, Increase. tol = -0.000659129183329266, time = 55.432, iteration = 3"
[1] ""
[1] "------------------ Retrying ------------------"
[1] ""
[1] "------------ BFGS ------------"
[1] "Max Loglik = 321.078334140327"
[1] "Current loglik value = 321.290100740712"
[1] ""
[1] "Algorithm did not get a better solution"
[1] "Women, Increase. tol = -0.000659113367937827, time = 56.586, iteration = 3"
[1] ""
[1] "------------------ Retrying ------------------"
[1] ""
[1] "------------ BFGS ------------"
[1] "Max Loglik = 321.078334002087"
[1] "Current loglik value = 321.290100740712"
[1] ""
[1] "Algorithm did not get a better solution"
[1] "Women, Increase. tol = -0.00065911379820552, time = 57.735, iteration = 3"
[1] ""
[1] "------------------ Retrying ------------------"
[1] ""
[1] "------------ BFGS ------------"
[1] "Max Loglik = 321.078333998318"
[1] "Current loglik value = 321.290100740712"
[1] ""
[1] "Algorithm did not get a better solution"
[1] "Women, Increase. tol = -0.00065911380993406, time = 58.897, iteration = 3"
[1] ""
[1] "------------------ Retrying ------------------"
[1] ""
[1] "------------ BFGS ------------"
[1] "Max Loglik = 321.078331486223"
[1] "Current loglik value = 321.290100740712"
[1] ""
[1] "Algorithm did not get a better solution"
[1] "Women, Increase. tol = -0.000659121628710877, time = 60.101, iteration = 3"
[1] ""
[1] "------------------ Retrying ------------------"
[1] ""
[1] "------------ BFGS ------------"
[1] "Max Loglik = 321.078327168123"
[1] "Current loglik value = 321.290100740712"
[1] ""
[1] "Algorithm did not get a better solution"
[1] "Women, Increase. tol = -0.000659135068588828, time = 61.537, iteration = 3"
[1] ""
[1] "------------------ Retrying ------------------"
[1] ""
[1] "------------ BFGS ------------"
[1] "Max Loglik = 321.078298987027"
[1] "Current loglik value = 321.290100740712"
[1] ""
[1] "Algorithm did not get a better solution"
[1] "Women, Increase. tol = -0.000659222780896195, time = 62.728, iteration = 3"
[1] ""
[1] "------------------ Retrying ------------------"
[1] ""
[1] "------------ BFGS ------------"
[1] "Max Loglik = 321.078334005307"
[1] "Current loglik value = 321.290100740712"
[1] ""
[1] "Algorithm did not get a better solution"
[1] "Women, Increase. tol = -0.000659113788183219, time = 63.878, iteration = 3"
[1] ""
[1] "------------------ Retrying ------------------"
[1] ""
[1] "------------ BFGS ------------"
[1] "Max Loglik = 321.078332710692"
[1] "Current loglik value = 321.290100740712"
[1] ""
[1] "Algorithm did not get a better solution"
[1] "Women, Increase. tol = -0.000659117817608971, time = 65.065, iteration = 3"
[1] ""
[1] "------------------ Retrying ------------------"
[1] ""
[1] "------------ BFGS ------------"
[1] "Max Loglik = 321.078331466941"
[1] "Current loglik value = 321.290100740712"
[1] ""
[1] "Algorithm did not get a better solution"
[1] "Women, Increase. tol = -0.00065912168872402, time = 66.032, iteration = 3"
[1] ""
[1] "------------------ Retrying ------------------"
[1] ""
[1] "------------ BFGS ------------"
[1] "Max Loglik = 321.078266821764"
[1] "Current loglik value = 321.290100740712"
[1] ""
[1] "Algorithm did not get a better solution"
[1] "Women, Increase. tol = -0.000659322893731532, time = 67.271, iteration = 3"
[1] ""
[1] "------------------ Retrying ------------------"
[1] ""
[1] "------------ BFGS ------------"
[1] "Max Loglik = 321.078329588939"
[1] "Current loglik value = 321.290100740712"
[1] ""
[1] "Algorithm did not get a better solution"
[1] "Women, Increase. tol = -0.00065912753391614, time = 68.692, iteration = 3"
[1] ""
[1] "------------------ Retrying ------------------"
[1] ""
[1] "------------ BFGS ------------"
[1] "Max Loglik = 321.078330608391"
[1] "Current loglik value = 321.290100740712"
[1] ""
[1] "Algorithm did not get a better solution"
[1] "Women, Increase. tol = -0.000659124360921528, time = 69.473, iteration = 3"
[1] ""
[1] "------------------ Retrying ------------------"
[1] ""
[1] "------------ BFGS ------------"
[1] "Max Loglik = 321.078334031722"
[1] "Current loglik value = 321.290100740712"
[1] ""
[1] "Algorithm did not get a better solution"
[1] "Women, Increase. tol = -0.000659113705967729, time = 70.622, iteration = 3"
[1] ""
[1] "------------------ Retrying ------------------"
[1] ""
[1] "------------ BFGS ------------"
[1] "Max Loglik = 321.078326814663"
[1] "Current loglik value = 321.290100740712"
[1] ""
[1] "Algorithm did not get a better solution"
[1] "Women, Increase. tol = -0.000659136168715549, time = 72.145, iteration = 3"
[1] ""
[1] "------------------ Retrying ------------------"
[1] ""
[1] "------------ BFGS ------------"
[1] "Max Loglik = 321.078306204504"
[1] "Current loglik value = 321.290100740712"
[1] ""
[1] "Algorithm did not get a better solution"
[1] "Women, Increase. tol = -0.000659200316847464, time = 73.711, iteration = 3"
[1] ""
[1] "------------------ Retrying ------------------"
[1] ""
[1] "------------ BFGS ------------"
[1] "Max Loglik = 321.078304975182"
[1] "Current loglik value = 321.290100740712"
[1] ""
[1] "Algorithm did not get a better solution"
[1] "Women, Increase. tol = -0.000659204143052883, time = 75.262, iteration = 3"
[1] ""
[1] "------------------ Retrying ------------------"
[1] ""
[1] "------ Maximum iterations withouth improvement achieved ------"
