[1] "------------ Transforming weights ------------"
[1] "------- starting weights -------"
[1] "Underweight:0.233333333333333"
[1] "Normal:0.233333333333333"
[1] "Overweight:0.233333333333333"
[1] "Obese:0.3"
[1] "------------ Nelder-Mead algorithm ------------"
[1] "Max Loglik = 302.992377161021"
[1] "Current loglik value = 0"
[1] "Men, Increase. tol = Inf, time = 1.824, iteration = 1"
[1] "Common area: 0.765443555757996"
[1] "------------ Nelder-Mead algorithm ------------"
[1] "Max Loglik = 302.786850874454"
[1] "Current loglik value = 302.992377161021"
[1] ""
[1] "Algorithm did not get a better solution"
[1] "Men, Increase. tol = -0.000678321641265296, time = 3.579, iteration = 2"
[1] ""
[1] "------------------ Retrying ------------------"
[1] ""
[1] "------------ Nelder-Mead algorithm ------------"
[1] "Max Loglik = 305.497705090652"
[1] "Current loglik value = 302.992377161021"
[1] "Men, Increase. tol = 0.00826861702959356, time = 5.197, iteration = 2"
[1] "Common area: 0.96328190245482"
[1] "------------ Nelder-Mead algorithm ------------"
[1] "Max Loglik = 306.410806353681"
[1] "Current loglik value = 305.497705090652"
[1] "Men, Increase. tol = 0.00298889729059937, time = 6.737, iteration = 3"
[1] "Common area: 0.93925251932029"
[1] "------------ Nelder-Mead algorithm ------------"
[1] "Max Loglik = 308.021335862518"
[1] "Current loglik value = 306.410806353681"
[1] "Men, Increase. tol = 0.00525611197595236, time = 8.29, iteration = 4"
[1] "Common area: 0.937088451416009"
[1] "------------ Nelder-Mead algorithm ------------"
[1] "Max Loglik = 306.110914750777"
[1] "Current loglik value = 308.021335862518"
[1] ""
[1] "Algorithm did not get a better solution"
[1] "Men, Increase. tol = -0.00620223630415726, time = 9.583, iteration = 5"
[1] ""
[1] "------------------ Retrying ------------------"
[1] ""
[1] "------------ Nelder-Mead algorithm ------------"
[1] "Max Loglik = 306.379899692735"
[1] "Current loglik value = 308.021335862518"
[1] ""
[1] "Algorithm did not get a better solution"
[1] "Men, Increase. tol = -0.00532896906373886, time = 10.696, iteration = 5"
[1] ""
[1] "------------------ Retrying ------------------"
[1] ""
[1] "------------ Nelder-Mead algorithm ------------"
[1] "Max Loglik = 306.625271905547"
[1] "Current loglik value = 308.021335862518"
[1] ""
[1] "Algorithm did not get a better solution"
[1] "Men, Increase. tol = -0.00453236121797255, time = 11.799, iteration = 5"
[1] ""
[1] "------------------ Retrying ------------------"
[1] ""
[1] "------------ Nelder-Mead algorithm ------------"
[1] "Max Loglik = 306.69707549013"
[1] "Current loglik value = 308.021335862518"
[1] ""
[1] "Algorithm did not get a better solution"
[1] "Men, Increase. tol = -0.00429924884482406, time = 12.892, iteration = 5"
[1] ""
[1] "------------------ Retrying ------------------"
[1] ""
[1] "------------ Nelder-Mead algorithm ------------"
[1] "Max Loglik = 306.774190858445"
[1] "Current loglik value = 308.021335862518"
[1] ""
[1] "Algorithm did not get a better solution"
[1] "Men, Increase. tol = -0.00404889161519005, time = 13.969, iteration = 5"
[1] ""
[1] "------------------ Retrying ------------------"
[1] ""
[1] "------------ Nelder-Mead algorithm ------------"
[1] "Max Loglik = 306.768059548644"
[1] "Current loglik value = 308.021335862518"
[1] ""
[1] "Algorithm did not get a better solution"
[1] "Men, Increase. tol = -0.00406879708629699, time = 15.051, iteration = 5"
[1] ""
[1] "------------------ Retrying ------------------"
[1] ""
[1] "------------ Nelder-Mead algorithm ------------"
[1] "Max Loglik = 306.700454189381"
[1] "Current loglik value = 308.021335862518"
[1] ""
[1] "Algorithm did not get a better solution"
[1] "Men, Increase. tol = -0.00428827980191331, time = 16.126, iteration = 5"
[1] ""
[1] "------------------ Retrying ------------------"
[1] ""
[1] "------------ Nelder-Mead algorithm ------------"
[1] "Max Loglik = 306.752606941657"
[1] "Current loglik value = 308.021335862518"
[1] ""
[1] "Algorithm did not get a better solution"
[1] "Men, Increase. tol = -0.00411896441299703, time = 17.204, iteration = 5"
[1] ""
[1] "------------------ Retrying ------------------"
[1] ""
[1] "------------ Nelder-Mead algorithm ------------"
[1] "Max Loglik = 306.79622944342"
[1] "Current loglik value = 308.021335862518"
[1] ""
[1] "Algorithm did not get a better solution"
[1] "Men, Increase. tol = -0.00397734272422292, time = 18.28, iteration = 5"
[1] ""
[1] "------------------ Retrying ------------------"
[1] ""
[1] "------------ Nelder-Mead algorithm ------------"
[1] "Max Loglik = 306.699108444131"
[1] "Current loglik value = 308.021335862518"
[1] ""
[1] "Algorithm did not get a better solution"
[1] "Men, Increase. tol = -0.00429264880202163, time = 19.339, iteration = 5"
[1] ""
[1] "------------------ Retrying ------------------"
[1] ""
[1] "------------ Nelder-Mead algorithm ------------"
[1] "Max Loglik = 306.79446351994"
[1] "Current loglik value = 308.021335862518"
[1] ""
[1] "Algorithm did not get a better solution"
[1] "Men, Increase. tol = -0.00398307584486779, time = 20.414, iteration = 5"
[1] ""
[1] "------------------ Retrying ------------------"
[1] ""
[1] "------------ Nelder-Mead algorithm ------------"
[1] "Max Loglik = 306.751598912989"
[1] "Current loglik value = 308.021335862518"
[1] ""
[1] "Algorithm did not get a better solution"
[1] "Men, Increase. tol = -0.00412223700664737, time = 21.501, iteration = 5"
[1] ""
[1] "------------------ Retrying ------------------"
[1] ""
[1] "------------ Nelder-Mead algorithm ------------"
[1] "Max Loglik = 306.795225628313"
[1] "Current loglik value = 308.021335862518"
[1] ""
[1] "Algorithm did not get a better solution"
[1] "Men, Increase. tol = -0.00398060163842837, time = 22.603, iteration = 5"
[1] ""
[1] "------------------ Retrying ------------------"
[1] ""
[1] "------------ Nelder-Mead algorithm ------------"
[1] "Max Loglik = 306.697879740542"
[1] "Current loglik value = 308.021335862518"
[1] ""
[1] "Algorithm did not get a better solution"
[1] "Men, Increase. tol = -0.00429663782305806, time = 23.685, iteration = 5"
[1] ""
[1] "------------------ Retrying ------------------"
[1] ""
[1] "------------ Nelder-Mead algorithm ------------"
[1] "Max Loglik = 306.699768106868"
[1] "Current loglik value = 308.021335862518"
[1] ""
[1] "Algorithm did not get a better solution"
[1] "Men, Increase. tol = -0.00429050718824112, time = 24.769, iteration = 5"
[1] ""
[1] "------------------ Retrying ------------------"
[1] ""
[1] "------------ Nelder-Mead algorithm ------------"
[1] "Max Loglik = 306.708829430025"
[1] "Current loglik value = 308.021335862518"
[1] ""
[1] "Algorithm did not get a better solution"
[1] "Men, Increase. tol = -0.0042610893457035, time = 25.853, iteration = 5"
[1] ""
[1] "------------------ Retrying ------------------"
[1] ""
[1] "------------ Nelder-Mead algorithm ------------"
[1] "Max Loglik = 306.703958401311"
[1] "Current loglik value = 308.021335862518"
[1] ""
[1] "Algorithm did not get a better solution"
[1] "Men, Increase. tol = -0.00427690327853011, time = 26.934, iteration = 5"
[1] ""
[1] "------------------ Retrying ------------------"
[1] ""
[1] "------------ Nelder-Mead algorithm ------------"
[1] "Max Loglik = 306.694406846542"
[1] "Current loglik value = 308.021335862518"
[1] ""
[1] "Algorithm did not get a better solution"
[1] "Men, Increase. tol = -0.00430791267189507, time = 28.02, iteration = 5"
[1] ""
[1] "------------------ Retrying ------------------"
[1] ""
[1] "------------ Nelder-Mead algorithm ------------"
[1] "Max Loglik = 306.626697488144"
[1] "Current loglik value = 308.021335862518"
[1] ""
[1] "Algorithm did not get a better solution"
[1] "Men, Increase. tol = -0.00452773302365282, time = 29.105, iteration = 5"
[1] ""
[1] "------------------ Retrying ------------------"
[1] ""
[1] "------------ Nelder-Mead algorithm ------------"
[1] "Max Loglik = 306.759192031882"
[1] "Current loglik value = 308.021335862518"
[1] ""
[1] "Algorithm did not get a better solution"
[1] "Men, Increase. tol = -0.00409758573087753, time = 30.181, iteration = 5"
[1] ""
[1] "------------------ Retrying ------------------"
[1] ""
[1] "------------ Nelder-Mead algorithm ------------"
[1] "Max Loglik = 306.76520868778"
[1] "Current loglik value = 308.021335862518"
[1] ""
[1] "Algorithm did not get a better solution"
[1] "Men, Increase. tol = -0.00407805248691918, time = 31.262, iteration = 5"
[1] ""
[1] "------------------ Retrying ------------------"
[1] ""
[1] "------------ Nelder-Mead algorithm ------------"
[1] "Max Loglik = 306.794316004548"
[1] "Current loglik value = 308.021335862518"
[1] ""
[1] "Algorithm did not get a better solution"
[1] "Men, Increase. tol = -0.00398355475777153, time = 32.335, iteration = 5"
[1] ""
[1] "------------------ Retrying ------------------"
[1] ""
[1] "------------ Nelder-Mead algorithm ------------"
[1] "Max Loglik = 306.735748658985"
[1] "Current loglik value = 308.021335862518"
[1] ""
[1] "Algorithm did not get a better solution"
[1] "Men, Increase. tol = -0.00417369530566175, time = 33.394, iteration = 5"
[1] ""
[1] "------------------ Retrying ------------------"
[1] ""
[1] "------------ Nelder-Mead algorithm ------------"
[1] "Max Loglik = 306.626854150045"
[1] "Current loglik value = 308.021335862518"
[1] ""
[1] "Algorithm did not get a better solution"
[1] "Men, Increase. tol = -0.00452722441634958, time = 34.452, iteration = 5"
[1] ""
[1] "------------------ Retrying ------------------"
[1] ""
[1] "------------ Nelder-Mead algorithm ------------"
[1] "Max Loglik = 306.572954512221"
[1] "Current loglik value = 308.021335862518"
[1] ""
[1] "Algorithm did not get a better solution"
[1] "Men, Increase. tol = -0.0047022111187241, time = 35.509, iteration = 5"
[1] ""
[1] "------------------ Retrying ------------------"
[1] ""
[1] "------------ Nelder-Mead algorithm ------------"
[1] "Max Loglik = 306.654806200165"
[1] "Current loglik value = 308.021335862518"
[1] ""
[1] "Algorithm did not get a better solution"
[1] "Men, Increase. tol = -0.0044364772931287, time = 36.571, iteration = 5"
[1] ""
[1] "------------------ Retrying ------------------"
[1] ""
[1] "------------ Nelder-Mead algorithm ------------"
[1] "Max Loglik = 306.795343998309"
[1] "Current loglik value = 308.021335862518"
[1] ""
[1] "Algorithm did not get a better solution"
[1] "Men, Increase. tol = -0.0039802173468819, time = 37.629, iteration = 5"
[1] ""
[1] "------------------ Retrying ------------------"
[1] ""
[1] "------------ Nelder-Mead algorithm ------------"
[1] "Max Loglik = 306.783740141832"
[1] "Current loglik value = 308.021335862518"
[1] ""
[1] "Algorithm did not get a better solution"
[1] "Men, Increase. tol = -0.00401788959593009, time = 38.719, iteration = 5"
[1] ""
[1] "------------------ Retrying ------------------"
[1] ""
[1] "------------ Nelder-Mead algorithm ------------"
[1] "Max Loglik = 306.795540026676"
[1] "Current loglik value = 308.021335862518"
[1] ""
[1] "Algorithm did not get a better solution"
[1] "Men, Increase. tol = -0.00397958093522785, time = 39.8, iteration = 5"
[1] ""
[1] "------------------ Retrying ------------------"
[1] ""
[1] "------------ Nelder-Mead algorithm ------------"
[1] "Max Loglik = 306.794214773176"
[1] "Current loglik value = 308.021335862518"
[1] ""
[1] "Algorithm did not get a better solution"
[1] "Men, Increase. tol = -0.00398388340829092, time = 40.861, iteration = 5"
[1] ""
[1] "------------------ Retrying ------------------"
[1] ""
[1] "------------ Nelder-Mead algorithm ------------"
[1] "Max Loglik = 306.752337301781"
[1] "Current loglik value = 308.021335862518"
[1] ""
[1] "Algorithm did not get a better solution"
[1] "Men, Increase. tol = -0.00411983980649946, time = 41.924, iteration = 5"
[1] ""
[1] "------------------ Retrying ------------------"
[1] ""
[1] "------------ Nelder-Mead algorithm ------------"
[1] "Max Loglik = 306.796477837013"
[1] "Current loglik value = 308.021335862518"
[1] ""
[1] "Algorithm did not get a better solution"
[1] "Men, Increase. tol = -0.00397653630738224, time = 42.977, iteration = 5"
[1] ""
[1] "------------------ Retrying ------------------"
[1] ""
[1] "------------ Nelder-Mead algorithm ------------"
[1] "Max Loglik = 306.747638115627"
[1] "Current loglik value = 308.021335862518"
[1] ""
[1] "Algorithm did not get a better solution"
[1] "Men, Increase. tol = -0.00413509584758176, time = 44.051, iteration = 5"
[1] ""
[1] "------------------ Retrying ------------------"
[1] ""
[1] "------------ Nelder-Mead algorithm ------------"
[1] "Max Loglik = 306.794279084548"
[1] "Current loglik value = 308.021335862518"
[1] ""
[1] "Algorithm did not get a better solution"
[1] "Men, Increase. tol = -0.00398367461959834, time = 45.123, iteration = 5"
[1] ""
[1] "------------------ Retrying ------------------"
[1] ""
[1] "------------ Nelder-Mead algorithm ------------"
[1] "Max Loglik = 306.795084495617"
[1] "Current loglik value = 308.021335862518"
[1] ""
[1] "Algorithm did not get a better solution"
[1] "Men, Increase. tol = -0.00398105982972646, time = 46.199, iteration = 5"
[1] ""
[1] "------------------ Retrying ------------------"
[1] ""
[1] "------------ Nelder-Mead algorithm ------------"
[1] "Max Loglik = 306.787885809231"
[1] "Current loglik value = 308.021335862518"
[1] ""
[1] "Algorithm did not get a better solution"
[1] "Men, Increase. tol = -0.00400443056917963, time = 47.27, iteration = 5"
[1] ""
[1] "------------------ Retrying ------------------"
[1] ""
[1] "------------ Nelder-Mead algorithm ------------"
[1] "Max Loglik = 306.794095697301"
[1] "Current loglik value = 308.021335862518"
[1] ""
[1] "Algorithm did not get a better solution"
[1] "Men, Increase. tol = -0.00398426999149658, time = 48.335, iteration = 5"
[1] ""
[1] "------------------ Retrying ------------------"
[1] ""
[1] "------------ Nelder-Mead algorithm ------------"
[1] "Max Loglik = 306.722817643601"
[1] "Current loglik value = 308.021335862518"
[1] ""
[1] "Algorithm did not get a better solution"
[1] "Men, Increase. tol = -0.00421567621372948, time = 49.4, iteration = 5"
[1] ""
[1] "------------------ Retrying ------------------"
[1] ""
[1] "------------ Nelder-Mead algorithm ------------"
[1] "Max Loglik = 306.603142040232"
[1] "Current loglik value = 308.021335862518"
[1] ""
[1] "Algorithm did not get a better solution"
[1] "Men, Increase. tol = -0.00460420645314957, time = 50.461, iteration = 5"
[1] ""
[1] "------------------ Retrying ------------------"
[1] ""
[1] "------------ Nelder-Mead algorithm ------------"
[1] "Max Loglik = 306.795619512299"
[1] "Current loglik value = 308.021335862518"
[1] ""
[1] "Algorithm did not get a better solution"
[1] "Men, Increase. tol = -0.00397932288290189, time = 51.534, iteration = 5"
[1] ""
[1] "------------------ Retrying ------------------"
[1] ""
[1] "------------ Nelder-Mead algorithm ------------"
[1] "Max Loglik = 306.760470617811"
[1] "Current loglik value = 308.021335862518"
[1] ""
[1] "Algorithm did not get a better solution"
[1] "Men, Increase. tol = -0.00409343476540902, time = 52.599, iteration = 5"
[1] ""
[1] "------------------ Retrying ------------------"
[1] ""
[1] "------------ Nelder-Mead algorithm ------------"
[1] "Max Loglik = 306.790942856366"
[1] "Current loglik value = 308.021335862518"
[1] ""
[1] "Algorithm did not get a better solution"
[1] "Men, Increase. tol = -0.00399450577898134, time = 53.668, iteration = 5"
[1] ""
[1] "------------------ Retrying ------------------"
[1] ""
[1] "------------ Nelder-Mead algorithm ------------"
[1] "Max Loglik = 306.667146629412"
[1] "Current loglik value = 308.021335862518"
[1] ""
[1] "Algorithm did not get a better solution"
[1] "Men, Increase. tol = -0.00439641373969898, time = 54.722, iteration = 5"
[1] ""
[1] "------------------ Retrying ------------------"
[1] ""
[1] "------------ Nelder-Mead algorithm ------------"
[1] "Max Loglik = 306.696114631089"
[1] "Current loglik value = 308.021335862518"
[1] ""
[1] "Algorithm did not get a better solution"
[1] "Men, Increase. tol = -0.00430236830094313, time = 55.777, iteration = 5"
[1] ""
[1] "------------------ Retrying ------------------"
[1] ""
[1] "------------ Nelder-Mead algorithm ------------"
[1] "Max Loglik = 306.755126712174"
[1] "Current loglik value = 308.021335862518"
[1] ""
[1] "Algorithm did not get a better solution"
[1] "Men, Increase. tol = -0.00411078390657081, time = 56.851, iteration = 5"
[1] ""
[1] "------------------ Retrying ------------------"
[1] ""
[1] "------------ Nelder-Mead algorithm ------------"
[1] "Max Loglik = 306.758921699743"
[1] "Current loglik value = 308.021335862518"
[1] ""
[1] "Algorithm did not get a better solution"
[1] "Men, Increase. tol = -0.00409846337183336, time = 57.921, iteration = 5"
[1] ""
[1] "------------------ Retrying ------------------"
[1] ""
[1] "------------ Nelder-Mead algorithm ------------"
[1] "Max Loglik = 306.76599384196"
[1] "Current loglik value = 308.021335862518"
[1] ""
[1] "Algorithm did not get a better solution"
[1] "Men, Increase. tol = -0.00407550346161288, time = 59, iteration = 5"
[1] ""
[1] "------------------ Retrying ------------------"
[1] ""
[1] "------------ Nelder-Mead algorithm ------------"
[1] "Max Loglik = 306.661966940753"
[1] "Current loglik value = 308.021335862518"
[1] ""
[1] "Algorithm did not get a better solution"
[1] "Men, Increase. tol = -0.0044132297457868, time = 60.086, iteration = 5"
[1] ""
[1] "------------------ Retrying ------------------"
[1] ""
[1] "------------ Nelder-Mead algorithm ------------"
[1] "Max Loglik = 306.403467506013"
[1] "Current loglik value = 308.021335862518"
[1] ""
[1] "Algorithm did not get a better solution"
[1] "Men, Increase. tol = -0.00525245548973084, time = 61.169, iteration = 5"
[1] ""
[1] "------------------ Retrying ------------------"
[1] ""
[1] "------------ Nelder-Mead algorithm ------------"
[1] "Max Loglik = 306.551840179353"
[1] "Current loglik value = 308.021335862518"
[1] ""
[1] "Algorithm did not get a better solution"
[1] "Men, Increase. tol = -0.0047707593990214, time = 62.256, iteration = 5"
[1] ""
[1] "------------------ Retrying ------------------"
[1] ""
[1] "------ Maximum iterations withouth improvement achieved ------"
