[1] "------------ Transforming weights ------------"
[1] "------- starting weights -------"
[1] "Underweight:0.266666666666667"
[1] "Normal:0.244444444444444"
[1] "Overweight:0.255555555555556"
[1] "Obese:0.233333333333333"
[1] "------------ BFGS ------------"
[1] "Max Loglik = 340.300959473513"
[1] "Current loglik value = 0"
[1] "Men, Decrease. tol = Inf, time = 1.853, iteration = 1"
[1] "Common area: 0.90775928699705"
[1] "------------ BFGS ------------"
[1] "Max Loglik = 339.829181471776"
[1] "Current loglik value = 340.300959473513"
[1] ""
[1] "Algorithm did not get a better solution"
[1] "Men, Decrease. tol = -0.00138635519120228, time = 3.722, iteration = 2"
[1] ""
[1] "------------------ Retrying ------------------"
[1] ""
[1] "------------ BFGS ------------"
[1] "Max Loglik = 339.829018532874"
[1] "Current loglik value = 340.300959473513"
[1] ""
[1] "Algorithm did not get a better solution"
[1] "Men, Decrease. tol = -0.00138683399943663, time = 4.803, iteration = 2"
[1] ""
[1] "------------------ Retrying ------------------"
[1] ""
[1] "------------ BFGS ------------"
[1] "Max Loglik = 339.829191709214"
[1] "Current loglik value = 340.300959473513"
[1] ""
[1] "Algorithm did not get a better solution"
[1] "Men, Decrease. tol = -0.00138632510771781, time = 6.44, iteration = 2"
[1] ""
[1] "------------------ Retrying ------------------"
[1] ""
[1] "------------ BFGS ------------"
[1] "Max Loglik = 339.828894776618"
[1] "Current loglik value = 340.300959473513"
[1] ""
[1] "Algorithm did not get a better solution"
[1] "Men, Decrease. tol = -0.00138719766651677, time = 7.54, iteration = 2"
[1] ""
[1] "------------------ Retrying ------------------"
[1] ""
[1] "------------ BFGS ------------"
[1] "Max Loglik = 339.82898187616"
[1] "Current loglik value = 340.300959473513"
[1] ""
[1] "Algorithm did not get a better solution"
[1] "Men, Decrease. tol = -0.00138694171795053, time = 8.612, iteration = 2"
[1] ""
[1] "------------------ Retrying ------------------"
[1] ""
[1] "------------ BFGS ------------"
[1] "Max Loglik = 339.829181774172"
[1] "Current loglik value = 340.300959473513"
[1] ""
[1] "Algorithm did not get a better solution"
[1] "Men, Decrease. tol = -0.00138635430258764, time = 9.645, iteration = 2"
[1] ""
[1] "------------------ Retrying ------------------"
[1] ""
[1] "------------ BFGS ------------"
[1] "Max Loglik = 339.829073959956"
[1] "Current loglik value = 340.300959473513"
[1] ""
[1] "Algorithm did not get a better solution"
[1] "Men, Decrease. tol = -0.00138667112278129, time = 10.746, iteration = 2"
[1] ""
[1] "------------------ Retrying ------------------"
[1] ""
[1] "------------ BFGS ------------"
[1] "Max Loglik = 339.829113017576"
[1] "Current loglik value = 340.300959473513"
[1] ""
[1] "Algorithm did not get a better solution"
[1] "Men, Decrease. tol = -0.00138655634902512, time = 11.862, iteration = 2"
[1] ""
[1] "------------------ Retrying ------------------"
[1] ""
[1] "------------ BFGS ------------"
[1] "Max Loglik = 339.829189850833"
[1] "Current loglik value = 340.300959473513"
[1] ""
[1] "Algorithm did not get a better solution"
[1] "Men, Decrease. tol = -0.00138633056871213, time = 12.927, iteration = 2"
[1] ""
[1] "------------------ Retrying ------------------"
[1] ""
[1] "------------ BFGS ------------"
[1] "Max Loglik = 339.829161334764"
[1] "Current loglik value = 340.300959473513"
[1] ""
[1] "Algorithm did not get a better solution"
[1] "Men, Decrease. tol = -0.00138641436532662, time = 14.043, iteration = 2"
[1] ""
[1] "------------------ Retrying ------------------"
[1] ""
[1] "------------ BFGS ------------"
[1] "Max Loglik = 339.828742396887"
[1] "Current loglik value = 340.300959473513"
[1] ""
[1] "Algorithm did not get a better solution"
[1] "Men, Decrease. tol = -0.0013876454458338, time = 15.122, iteration = 2"
[1] ""
[1] "------------------ Retrying ------------------"
[1] ""
[1] "------------ BFGS ------------"
[1] "Max Loglik = 339.829102891805"
[1] "Current loglik value = 340.300959473513"
[1] ""
[1] "Algorithm did not get a better solution"
[1] "Men, Decrease. tol = -0.00138658610436363, time = 16.223, iteration = 2"
[1] ""
[1] "------------------ Retrying ------------------"
[1] ""
[1] "------------ BFGS ------------"
[1] "Max Loglik = 339.829111762242"
[1] "Current loglik value = 340.300959473513"
[1] ""
[1] "Algorithm did not get a better solution"
[1] "Men, Decrease. tol = -0.00138656003791708, time = 17.324, iteration = 2"
[1] ""
[1] "------------------ Retrying ------------------"
[1] ""
[1] "------------ BFGS ------------"
[1] "Max Loglik = 339.829152160771"
[1] "Current loglik value = 340.300959473513"
[1] ""
[1] "Algorithm did not get a better solution"
[1] "Men, Decrease. tol = -0.00138644132379624, time = 17.901, iteration = 2"
[1] ""
[1] "------------------ Retrying ------------------"
[1] ""
[1] "------------ BFGS ------------"
[1] "Max Loglik = 339.829121531196"
[1] "Current loglik value = 340.300959473513"
[1] ""
[1] "Algorithm did not get a better solution"
[1] "Men, Decrease. tol = -0.00138653133110918, time = 19.001, iteration = 2"
[1] ""
[1] "------------------ Retrying ------------------"
[1] ""
[1] "------------ BFGS ------------"
[1] "Max Loglik = 339.829189760196"
[1] "Current loglik value = 340.300959473513"
[1] ""
[1] "Algorithm did not get a better solution"
[1] "Men, Decrease. tol = -0.00138633083505512, time = 20.034, iteration = 2"
[1] ""
[1] "------------------ Retrying ------------------"
[1] ""
[1] "------------ BFGS ------------"
[1] "Max Loglik = 339.829188600793"
[1] "Current loglik value = 340.300959473513"
[1] ""
[1] "Algorithm did not get a better solution"
[1] "Men, Decrease. tol = -0.00138633424204928, time = 21.088, iteration = 2"
[1] ""
[1] "------------------ Retrying ------------------"
[1] ""
[1] "------------ BFGS ------------"
[1] "Max Loglik = 339.829185553933"
[1] "Current loglik value = 340.300959473513"
[1] ""
[1] "Algorithm did not get a better solution"
[1] "Men, Decrease. tol = -0.00138634319547571, time = 22.156, iteration = 2"
[1] ""
[1] "------------------ Retrying ------------------"
[1] ""
[1] "------------ BFGS ------------"
[1] "Max Loglik = 339.829185828993"
[1] "Current loglik value = 340.300959473513"
[1] ""
[1] "Algorithm did not get a better solution"
[1] "Men, Decrease. tol = -0.00138634238718979, time = 23.227, iteration = 2"
[1] ""
[1] "------------------ Retrying ------------------"
[1] ""
[1] "------------ BFGS ------------"
[1] "Max Loglik = 339.829154865935"
[1] "Current loglik value = 340.300959473513"
[1] ""
[1] "Algorithm did not get a better solution"
[1] "Men, Decrease. tol = -0.00138643337446982, time = 24.292, iteration = 2"
[1] ""
[1] "------------------ Retrying ------------------"
[1] ""
[1] "------------ BFGS ------------"
[1] "Max Loglik = 339.829127542322"
[1] "Current loglik value = 340.300959473513"
[1] ""
[1] "Algorithm did not get a better solution"
[1] "Men, Decrease. tol = -0.00138651366696384, time = 25.395, iteration = 2"
[1] ""
[1] "------------------ Retrying ------------------"
[1] ""
[1] "------------ BFGS ------------"
[1] "Max Loglik = 339.829190754772"
[1] "Current loglik value = 340.300959473513"
[1] ""
[1] "Algorithm did not get a better solution"
[1] "Men, Decrease. tol = -0.00138632791241947, time = 26.437, iteration = 2"
[1] ""
[1] "------------------ Retrying ------------------"
[1] ""
[1] "------------ BFGS ------------"
[1] "Max Loglik = 339.829175989433"
[1] "Current loglik value = 340.300959473513"
[1] ""
[1] "Algorithm did not get a better solution"
[1] "Men, Decrease. tol = -0.00138637130147893, time = 27.488, iteration = 2"
[1] ""
[1] "------------------ Retrying ------------------"
[1] ""
[1] "------------ BFGS ------------"
[1] "Max Loglik = 339.829027556428"
[1] "Current loglik value = 340.300959473513"
[1] ""
[1] "Algorithm did not get a better solution"
[1] "Men, Decrease. tol = -0.00138680748304369, time = 28.584, iteration = 2"
[1] ""
[1] "------------------ Retrying ------------------"
[1] ""
[1] "------------ BFGS ------------"
[1] "Max Loglik = 339.829060034366"
[1] "Current loglik value = 340.300959473513"
[1] ""
[1] "Algorithm did not get a better solution"
[1] "Men, Decrease. tol = -0.00138671204417583, time = 29.673, iteration = 2"
[1] ""
[1] "------------------ Retrying ------------------"
[1] ""
[1] "------------ BFGS ------------"
[1] "Max Loglik = 339.829125725185"
[1] "Current loglik value = 340.300959473513"
[1] ""
[1] "Algorithm did not get a better solution"
[1] "Men, Decrease. tol = -0.00138651900675842, time = 30.769, iteration = 2"
[1] ""
[1] "------------------ Retrying ------------------"
[1] ""
[1] "------------ BFGS ------------"
[1] "Max Loglik = 339.829186036107"
[1] "Current loglik value = 340.300959473513"
[1] ""
[1] "Algorithm did not get a better solution"
[1] "Men, Decrease. tol = -0.00138634177857171, time = 31.8, iteration = 2"
[1] ""
[1] "------------------ Retrying ------------------"
[1] ""
[1] "------------ BFGS ------------"
[1] "Max Loglik = 339.829161337359"
[1] "Current loglik value = 340.300959473513"
[1] ""
[1] "Algorithm did not get a better solution"
[1] "Men, Decrease. tol = -0.00138641435770314, time = 32.869, iteration = 2"
[1] ""
[1] "------------------ Retrying ------------------"
[1] ""
[1] "------------ BFGS ------------"
[1] "Max Loglik = 339.829183767438"
[1] "Current loglik value = 340.300959473513"
[1] ""
[1] "Algorithm did not get a better solution"
[1] "Men, Decrease. tol = -0.00138634844522475, time = 33.903, iteration = 2"
[1] ""
[1] "------------------ Retrying ------------------"
[1] ""
[1] "------------ BFGS ------------"
[1] "Max Loglik = 339.829159004836"
[1] "Current loglik value = 340.300959473513"
[1] ""
[1] "Algorithm did not get a better solution"
[1] "Men, Decrease. tol = -0.0013864212119979, time = 35.009, iteration = 2"
[1] ""
[1] "------------------ Retrying ------------------"
[1] ""
[1] "------------ BFGS ------------"
[1] "Max Loglik = 339.829187607976"
[1] "Current loglik value = 340.300959473513"
[1] ""
[1] "Algorithm did not get a better solution"
[1] "Men, Decrease. tol = -0.00138633715951441, time = 36.06, iteration = 2"
[1] ""
[1] "------------------ Retrying ------------------"
[1] ""
[1] "------------ BFGS ------------"
[1] "Max Loglik = 339.829138160071"
[1] "Current loglik value = 340.300959473513"
[1] ""
[1] "Algorithm did not get a better solution"
[1] "Men, Decrease. tol = -0.001386482465908, time = 37.162, iteration = 2"
[1] ""
[1] "------------------ Retrying ------------------"
[1] ""
[1] "------------ BFGS ------------"
[1] "Max Loglik = 339.829117097423"
[1] "Current loglik value = 340.300959473513"
[1] ""
[1] "Algorithm did not get a better solution"
[1] "Men, Decrease. tol = -0.0013865443600865, time = 38.282, iteration = 2"
[1] ""
[1] "------------------ Retrying ------------------"
[1] ""
[1] "------------ BFGS ------------"
[1] "Max Loglik = 339.829113756693"
[1] "Current loglik value = 340.300959473513"
[1] ""
[1] "Algorithm did not get a better solution"
[1] "Men, Decrease. tol = -0.00138655417707277, time = 39.392, iteration = 2"
[1] ""
[1] "------------------ Retrying ------------------"
[1] ""
[1] "------------ BFGS ------------"
[1] "Max Loglik = 339.829189285583"
[1] "Current loglik value = 340.300959473513"
[1] ""
[1] "Algorithm did not get a better solution"
[1] "Men, Decrease. tol = -0.0013863322297413, time = 40.448, iteration = 2"
[1] ""
[1] "------------------ Retrying ------------------"
[1] ""
[1] "------------ BFGS ------------"
[1] "Max Loglik = 339.829186903712"
[1] "Current loglik value = 340.300959473513"
[1] ""
[1] "Algorithm did not get a better solution"
[1] "Men, Decrease. tol = -0.001386339229047, time = 41.496, iteration = 2"
[1] ""
[1] "------------------ Retrying ------------------"
[1] ""
[1] "------------ BFGS ------------"
[1] "Max Loglik = 339.829183401275"
[1] "Current loglik value = 340.300959473513"
[1] ""
[1] "Algorithm did not get a better solution"
[1] "Men, Decrease. tol = -0.00138634952122187, time = 42.546, iteration = 2"
[1] ""
[1] "------------------ Retrying ------------------"
[1] ""
[1] "------------ BFGS ------------"
[1] "Max Loglik = 339.829123502678"
[1] "Current loglik value = 340.300959473513"
[1] ""
[1] "Algorithm did not get a better solution"
[1] "Men, Decrease. tol = -0.00138652553776119, time = 43.643, iteration = 2"
[1] ""
[1] "------------------ Retrying ------------------"
[1] ""
[1] "------------ BFGS ------------"
[1] "Max Loglik = 339.828843471254"
[1] "Current loglik value = 340.300959473513"
[1] ""
[1] "Algorithm did not get a better solution"
[1] "Men, Decrease. tol = -0.00138734843119281, time = 44.722, iteration = 2"
[1] ""
[1] "------------------ Retrying ------------------"
[1] ""
[1] "------------ BFGS ------------"
[1] "Max Loglik = 339.829109174864"
[1] "Current loglik value = 340.300959473513"
[1] ""
[1] "Algorithm did not get a better solution"
[1] "Men, Decrease. tol = -0.00138656764112118, time = 45.819, iteration = 2"
[1] ""
[1] "------------------ Retrying ------------------"
[1] ""
[1] "------------ BFGS ------------"
[1] "Max Loglik = 339.829119873268"
[1] "Current loglik value = 340.300959473513"
[1] ""
[1] "Algorithm did not get a better solution"
[1] "Men, Decrease. tol = -0.00138653620305734, time = 46.92, iteration = 2"
[1] ""
[1] "------------------ Retrying ------------------"
[1] ""
[1] "------------ BFGS ------------"
[1] "Max Loglik = 339.829165309064"
[1] "Current loglik value = 340.300959473513"
[1] ""
[1] "Algorithm did not get a better solution"
[1] "Men, Decrease. tol = -0.0013864026865469, time = 47.956, iteration = 2"
[1] ""
[1] "------------------ Retrying ------------------"
[1] ""
[1] "------------ BFGS ------------"
[1] "Max Loglik = 339.829190694751"
[1] "Current loglik value = 340.300959473513"
[1] ""
[1] "Algorithm did not get a better solution"
[1] "Men, Decrease. tol = -0.00138632808879477, time = 48.965, iteration = 2"
[1] ""
[1] "------------------ Retrying ------------------"
[1] ""
[1] "------------ BFGS ------------"
[1] "Max Loglik = 339.82899073554"
[1] "Current loglik value = 340.300959473513"
[1] ""
[1] "Algorithm did not get a better solution"
[1] "Men, Decrease. tol = -0.001386915683996, time = 50.057, iteration = 2"
[1] ""
[1] "------------------ Retrying ------------------"
[1] ""
[1] "------------ BFGS ------------"
[1] "Max Loglik = 339.828957540905"
[1] "Current loglik value = 340.300959473513"
[1] ""
[1] "Algorithm did not get a better solution"
[1] "Men, Decrease. tol = -0.00138701322893248, time = 51.134, iteration = 2"
[1] ""
[1] "------------------ Retrying ------------------"
[1] ""
[1] "------------ BFGS ------------"
[1] "Max Loglik = 339.829191053072"
[1] "Current loglik value = 340.300959473513"
[1] ""
[1] "Algorithm did not get a better solution"
[1] "Men, Decrease. tol = -0.00138632703584014, time = 52.035, iteration = 2"
[1] ""
[1] "------------------ Retrying ------------------"
[1] ""
[1] "------------ BFGS ------------"
[1] "Max Loglik = 339.829152386418"
[1] "Current loglik value = 340.300959473513"
[1] ""
[1] "Algorithm did not get a better solution"
[1] "Men, Decrease. tol = -0.00138644066071587, time = 53.137, iteration = 2"
[1] ""
[1] "------------------ Retrying ------------------"
[1] ""
[1] "------------ BFGS ------------"
[1] "Max Loglik = 339.82904192168"
[1] "Current loglik value = 340.300959473513"
[1] ""
[1] "Algorithm did not get a better solution"
[1] "Men, Decrease. tol = -0.00138676526966853, time = 54.243, iteration = 2"
[1] ""
[1] "------------------ Retrying ------------------"
[1] ""
[1] "------------ BFGS ------------"
[1] "Max Loglik = 339.829076588612"
[1] "Current loglik value = 340.300959473513"
[1] ""
[1] "Algorithm did not get a better solution"
[1] "Men, Decrease. tol = -0.00138666339827822, time = 55.345, iteration = 2"
[1] ""
[1] "------------------ Retrying ------------------"
[1] ""
[1] "------------ BFGS ------------"
[1] "Max Loglik = 339.8290988229"
[1] "Current loglik value = 340.300959473513"
[1] ""
[1] "Algorithm did not get a better solution"
[1] "Men, Decrease. tol = -0.00138659806114731, time = 56.443, iteration = 2"
[1] ""
[1] "------------------ Retrying ------------------"
[1] ""
[1] "------ Maximum iterations withouth improvement achieved ------"
