[1] "------- starting weights -------"
[1] "Underweight:0.2"
[1] "Normal:0.266666666666667"
[1] "Overweight:0.233333333333333"
[1] "Obese:0.3"
[1] "------------ Nelder-Mead algorithm ------------"
[1] "Max Loglik = 338.167788773489"
[1] "Current loglik value = 0"
[1] "Men, Decrease. tol = Inf, time = 1.711, iteration = 1"
[1] "Common area: 0.962026525597102"
[1] "------------ Nelder-Mead algorithm ------------"
[1] "Max Loglik = 338.628250530009"
[1] "Current loglik value = 338.167788773489"
[1] "Men, Decrease. tol = 0.00136163695007697, time = 3.313, iteration = 2"
[1] "Common area: 0.980640160960906"
[1] "------------ Nelder-Mead algorithm ------------"
[1] "Max Loglik = 340.169881904289"
[1] "Current loglik value = 338.628250530009"
[1] "Men, Decrease. tol = 0.00455257755921708, time = 4.847, iteration = 3"
[1] "Common area: 0.931884888369142"
[1] "------------ Nelder-Mead algorithm ------------"
[1] "Max Loglik = 340.111074420453"
[1] "Current loglik value = 340.169881904289"
[1] ""
[1] "Algorithm did not get a better solution"
[1] "Men, Decrease. tol = -0.000172876809395014, time = 6.366, iteration = 4"
[1] ""
[1] "------------------ Retrying ------------------"
[1] ""
[1] "------------ Nelder-Mead algorithm ------------"
[1] "Max Loglik = 340.119897353636"
[1] "Current loglik value = 340.169881904289"
[1] ""
[1] "Algorithm did not get a better solution"
[1] "Men, Decrease. tol = -0.000146939965329857, time = 7.682, iteration = 4"
[1] ""
[1] "------------------ Retrying ------------------"
[1] ""
[1] "------------ Nelder-Mead algorithm ------------"
[1] "Max Loglik = 339.904425040923"
[1] "Current loglik value = 340.169881904289"
[1] ""
[1] "Algorithm did not get a better solution"
[1] "Men, Decrease. tol = -0.000780365568755154, time = 8.977, iteration = 4"
[1] ""
[1] "------------------ Retrying ------------------"
[1] ""
[1] "------------ Nelder-Mead algorithm ------------"
[1] "Max Loglik = 340.037161616173"
[1] "Current loglik value = 340.169881904289"
[1] ""
[1] "Algorithm did not get a better solution"
[1] "Men, Decrease. tol = -0.00039015884467301, time = 10.249, iteration = 4"
[1] ""
[1] "------------------ Retrying ------------------"
[1] ""
[1] "------------ Nelder-Mead algorithm ------------"
[1] "Max Loglik = 339.14162630148"
[1] "Current loglik value = 340.169881904289"
[1] ""
[1] "Algorithm did not get a better solution"
[1] "Men, Decrease. tol = -0.00302277084923827, time = 11.526, iteration = 4"
[1] ""
[1] "------------------ Retrying ------------------"
[1] ""
[1] "------------ Nelder-Mead algorithm ------------"
[1] "Max Loglik = 340.119210848075"
[1] "Current loglik value = 340.169881904289"
[1] ""
[1] "Algorithm did not get a better solution"
[1] "Men, Decrease. tol = -0.000148958090970681, time = 12.846, iteration = 4"
[1] ""
[1] "------------------ Retrying ------------------"
[1] ""
[1] "------------ Nelder-Mead algorithm ------------"
[1] "Max Loglik = 340.173856622668"
[1] "Current loglik value = 340.169881904289"
[1] "Men, Decrease. tol = 1.16845099777898e-05, time = 14.14, iteration = 4"
[1] "Common area: 0.956942225123749"
[1] "------------ Nelder-Mead algorithm ------------"
[1] "Max Loglik = 340.2648926417"
[1] "Current loglik value = 340.173856622668"
[1] "Men, Decrease. tol = 0.000267616153504237, time = 15.515, iteration = 5"
[1] "Common area: 0.968968266801293"
[1] "------------ Nelder-Mead algorithm ------------"
[1] "Max Loglik = 339.973434287535"
[1] "Current loglik value = 340.2648926417"
[1] ""
[1] "Algorithm did not get a better solution"
[1] "Men, Decrease. tol = -0.000856563108530255, time = 16.924, iteration = 6"
[1] ""
[1] "------------------ Retrying ------------------"
[1] ""
[1] "------------ Nelder-Mead algorithm ------------"
[1] "Max Loglik = 339.980992382616"
[1] "Current loglik value = 340.2648926417"
[1] ""
[1] "Algorithm did not get a better solution"
[1] "Men, Decrease. tol = -0.000834350722698674, time = 18.165, iteration = 6"
[1] ""
[1] "------------------ Retrying ------------------"
[1] ""
[1] "------------ Nelder-Mead algorithm ------------"
[1] "Max Loglik = 339.998401360059"
[1] "Current loglik value = 340.2648926417"
[1] ""
[1] "Algorithm did not get a better solution"
[1] "Men, Decrease. tol = -0.000783187708765796, time = 19.322, iteration = 6"
[1] ""
[1] "------------------ Retrying ------------------"
[1] ""
[1] "------------ Nelder-Mead algorithm ------------"
[1] "Max Loglik = 339.986163370541"
[1] "Current loglik value = 340.2648926417"
[1] ""
[1] "Algorithm did not get a better solution"
[1] "Men, Decrease. tol = -0.00081915377456338, time = 20.539, iteration = 6"
[1] ""
[1] "------------------ Retrying ------------------"
[1] ""
[1] "------------ Nelder-Mead algorithm ------------"
[1] "Max Loglik = 339.882659588082"
[1] "Current loglik value = 340.2648926417"
[1] ""
[1] "Algorithm did not get a better solution"
[1] "Men, Decrease. tol = -0.00112333967413113, time = 21.752, iteration = 6"
[1] ""
[1] "------------------ Retrying ------------------"
[1] ""
[1] "------------ Nelder-Mead algorithm ------------"
[1] "Max Loglik = 339.991398702115"
[1] "Current loglik value = 340.2648926417"
[1] ""
[1] "Algorithm did not get a better solution"
[1] "Men, Decrease. tol = -0.000803767727730161, time = 22.932, iteration = 6"
[1] ""
[1] "------------------ Retrying ------------------"
[1] ""
[1] "------------ Nelder-Mead algorithm ------------"
[1] "Max Loglik = 339.874066392768"
[1] "Current loglik value = 340.2648926417"
[1] ""
[1] "Algorithm did not get a better solution"
[1] "Men, Decrease. tol = -0.00114859410237037, time = 24.198, iteration = 6"
[1] ""
[1] "------------------ Retrying ------------------"
[1] ""
[1] "------------ Nelder-Mead algorithm ------------"
[1] "Max Loglik = 339.995411336487"
[1] "Current loglik value = 340.2648926417"
[1] ""
[1] "Algorithm did not get a better solution"
[1] "Men, Decrease. tol = -0.000791975049558519, time = 25.422, iteration = 6"
[1] ""
[1] "------------------ Retrying ------------------"
[1] ""
[1] "------------ Nelder-Mead algorithm ------------"
[1] "Max Loglik = 339.779347087803"
[1] "Current loglik value = 340.2648926417"
[1] ""
[1] "Algorithm did not get a better solution"
[1] "Men, Decrease. tol = -0.00142696341702493, time = 26.689, iteration = 6"
[1] ""
[1] "------------------ Retrying ------------------"
[1] ""
[1] "------------ Nelder-Mead algorithm ------------"
[1] "Max Loglik = 339.769878991282"
[1] "Current loglik value = 340.2648926417"
[1] ""
[1] "Algorithm did not get a better solution"
[1] "Men, Decrease. tol = -0.00145478908086756, time = 27.964, iteration = 6"
[1] ""
[1] "------------------ Retrying ------------------"
[1] ""
[1] "------------ Nelder-Mead algorithm ------------"
[1] "Max Loglik = 339.896828756048"
[1] "Current loglik value = 340.2648926417"
[1] ""
[1] "Algorithm did not get a better solution"
[1] "Men, Decrease. tol = -0.00108169809349158, time = 29.231, iteration = 6"
[1] ""
[1] "------------------ Retrying ------------------"
[1] ""
[1] "------------ Nelder-Mead algorithm ------------"
[1] "Max Loglik = 339.998055135261"
[1] "Current loglik value = 340.2648926417"
[1] ""
[1] "Algorithm did not get a better solution"
[1] "Men, Decrease. tol = -0.000784205224252855, time = 30.471, iteration = 6"
[1] ""
[1] "------------------ Retrying ------------------"
[1] ""
[1] "------------ Nelder-Mead algorithm ------------"
[1] "Max Loglik = 339.94393141917"
[1] "Current loglik value = 340.2648926417"
[1] ""
[1] "Algorithm did not get a better solution"
[1] "Men, Decrease. tol = -0.000943268698801264, time = 31.706, iteration = 6"
[1] ""
[1] "------------------ Retrying ------------------"
[1] ""
[1] "------------ Nelder-Mead algorithm ------------"
[1] "Max Loglik = 339.758494437447"
[1] "Current loglik value = 340.2648926417"
[1] ""
[1] "Algorithm did not get a better solution"
[1] "Men, Decrease. tol = -0.00148824699581002, time = 32.976, iteration = 6"
[1] ""
[1] "------------------ Retrying ------------------"
[1] ""
[1] "------------ Nelder-Mead algorithm ------------"
[1] "Max Loglik = 339.997568961284"
[1] "Current loglik value = 340.2648926417"
[1] ""
[1] "Algorithm did not get a better solution"
[1] "Men, Decrease. tol = -0.000785634034533012, time = 34.199, iteration = 6"
[1] ""
[1] "------------------ Retrying ------------------"
[1] ""
[1] "------------ Nelder-Mead algorithm ------------"
[1] "Max Loglik = 340.001540263403"
[1] "Current loglik value = 340.2648926417"
[1] ""
[1] "Algorithm did not get a better solution"
[1] "Men, Decrease. tol = -0.00077396282717371, time = 35.184, iteration = 6"
[1] ""
[1] "------------------ Retrying ------------------"
[1] ""
[1] "------------ Nelder-Mead algorithm ------------"
[1] "Max Loglik = 340.001543401208"
[1] "Current loglik value = 340.2648926417"
[1] ""
[1] "Algorithm did not get a better solution"
[1] "Men, Decrease. tol = -0.000773953605519248, time = 36.408, iteration = 6"
[1] ""
[1] "------------------ Retrying ------------------"
[1] ""
[1] "------------ Nelder-Mead algorithm ------------"
[1] "Max Loglik = 339.998184342636"
[1] "Current loglik value = 340.2648926417"
[1] ""
[1] "Algorithm did not get a better solution"
[1] "Men, Decrease. tol = -0.00078382549840362, time = 37.61, iteration = 6"
[1] ""
[1] "------------------ Retrying ------------------"
[1] ""
[1] "------------ Nelder-Mead algorithm ------------"
[1] "Max Loglik = 339.894627196741"
[1] "Current loglik value = 340.2648926417"
[1] ""
[1] "Algorithm did not get a better solution"
[1] "Men, Decrease. tol = -0.00108816822706846, time = 38.807, iteration = 6"
[1] ""
[1] "------------------ Retrying ------------------"
[1] ""
[1] "------------ Nelder-Mead algorithm ------------"
[1] "Max Loglik = 339.728350668042"
[1] "Current loglik value = 340.2648926417"
[1] ""
[1] "Algorithm did not get a better solution"
[1] "Men, Decrease. tol = -0.00157683612168433, time = 39.989, iteration = 6"
[1] ""
[1] "------------------ Retrying ------------------"
[1] ""
[1] "------------ Nelder-Mead algorithm ------------"
[1] "Max Loglik = 339.961025271366"
[1] "Current loglik value = 340.2648926417"
[1] ""
[1] "Algorithm did not get a better solution"
[1] "Men, Decrease. tol = -0.000893031802297681, time = 41.178, iteration = 6"
[1] ""
[1] "------------------ Retrying ------------------"
[1] ""
[1] "------------ Nelder-Mead algorithm ------------"
[1] "Max Loglik = 339.788952092559"
[1] "Current loglik value = 340.2648926417"
[1] ""
[1] "Algorithm did not get a better solution"
[1] "Men, Decrease. tol = -0.00139873539537477, time = 42.342, iteration = 6"
[1] ""
[1] "------------------ Retrying ------------------"
[1] ""
[1] "------------ Nelder-Mead algorithm ------------"
[1] "Max Loglik = 339.999228555443"
[1] "Current loglik value = 340.2648926417"
[1] ""
[1] "Algorithm did not get a better solution"
[1] "Men, Decrease. tol = -0.000780756675173588, time = 43.542, iteration = 6"
[1] ""
[1] "------------------ Retrying ------------------"
[1] ""
[1] "------------ Nelder-Mead algorithm ------------"
[1] "Max Loglik = 339.996963325513"
[1] "Current loglik value = 340.2648926417"
[1] ""
[1] "Algorithm did not get a better solution"
[1] "Men, Decrease. tol = -0.0007874139295041, time = 44.745, iteration = 6"
[1] ""
[1] "------------------ Retrying ------------------"
[1] ""
[1] "------------ Nelder-Mead algorithm ------------"
[1] "Max Loglik = 340.000952851704"
[1] "Current loglik value = 340.2648926417"
[1] ""
[1] "Algorithm did not get a better solution"
[1] "Men, Decrease. tol = -0.00077568916365875, time = 45.914, iteration = 6"
[1] ""
[1] "------------------ Retrying ------------------"
[1] ""
[1] "------------ Nelder-Mead algorithm ------------"
[1] "Max Loglik = 339.970618182968"
[1] "Current loglik value = 340.2648926417"
[1] ""
[1] "Algorithm did not get a better solution"
[1] "Men, Decrease. tol = -0.000864839321057617, time = 47.093, iteration = 6"
[1] ""
[1] "------------------ Retrying ------------------"
[1] ""
[1] "------------ Nelder-Mead algorithm ------------"
[1] "Max Loglik = 339.892698714768"
[1] "Current loglik value = 340.2648926417"
[1] ""
[1] "Algorithm did not get a better solution"
[1] "Men, Decrease. tol = -0.00109383581727212, time = 48.359, iteration = 6"
[1] ""
[1] "------------------ Retrying ------------------"
[1] ""
[1] "------------ Nelder-Mead algorithm ------------"
[1] "Max Loglik = 339.716489185325"
[1] "Current loglik value = 340.2648926417"
[1] ""
[1] "Algorithm did not get a better solution"
[1] "Men, Decrease. tol = -0.00161169567661552, time = 49.653, iteration = 6"
[1] ""
[1] "------------------ Retrying ------------------"
[1] ""
[1] "------------ Nelder-Mead algorithm ------------"
[1] "Max Loglik = 339.915015561718"
[1] "Current loglik value = 340.2648926417"
[1] ""
[1] "Algorithm did not get a better solution"
[1] "Men, Decrease. tol = -0.00102824913045127, time = 50.913, iteration = 6"
[1] ""
[1] "------------------ Retrying ------------------"
[1] ""
[1] "------------ Nelder-Mead algorithm ------------"
[1] "Max Loglik = 339.996735471653"
[1] "Current loglik value = 340.2648926417"
[1] ""
[1] "Algorithm did not get a better solution"
[1] "Men, Decrease. tol = -0.00078808356620441, time = 52.133, iteration = 6"
[1] ""
[1] "------------------ Retrying ------------------"
[1] ""
[1] "------------ Nelder-Mead algorithm ------------"
[1] "Max Loglik = 339.960167829379"
[1] "Current loglik value = 340.2648926417"
[1] ""
[1] "Algorithm did not get a better solution"
[1] "Men, Decrease. tol = -0.000895551727230523, time = 53.36, iteration = 6"
[1] ""
[1] "------------------ Retrying ------------------"
[1] ""
[1] "------------ Nelder-Mead algorithm ------------"
[1] "Max Loglik = 339.958216578801"
[1] "Current loglik value = 340.2648926417"
[1] ""
[1] "Algorithm did not get a better solution"
[1] "Men, Decrease. tol = -0.000901286231789258, time = 54.547, iteration = 6"
[1] ""
[1] "------------------ Retrying ------------------"
[1] ""
[1] "------------ Nelder-Mead algorithm ------------"
[1] "Max Loglik = 339.813239198045"
[1] "Current loglik value = 340.2648926417"
[1] ""
[1] "Algorithm did not get a better solution"
[1] "Men, Decrease. tol = -0.00132735834175782, time = 55.714, iteration = 6"
[1] ""
[1] "------------------ Retrying ------------------"
[1] ""
[1] "------------ Nelder-Mead algorithm ------------"
[1] "Max Loglik = 339.512791050222"
[1] "Current loglik value = 340.2648926417"
[1] ""
[1] "Algorithm did not get a better solution"
[1] "Men, Decrease. tol = -0.00221034143616574, time = 56.862, iteration = 6"
[1] ""
[1] "------------------ Retrying ------------------"
[1] ""
[1] "------------ Nelder-Mead algorithm ------------"
[1] "Max Loglik = 339.996003369656"
[1] "Current loglik value = 340.2648926417"
[1] ""
[1] "Algorithm did not get a better solution"
[1] "Men, Decrease. tol = -0.000790235131096159, time = 58.074, iteration = 6"
[1] ""
[1] "------------------ Retrying ------------------"
[1] ""
[1] "------------ Nelder-Mead algorithm ------------"
[1] "Max Loglik = 339.990074871179"
[1] "Current loglik value = 340.2648926417"
[1] ""
[1] "Algorithm did not get a better solution"
[1] "Men, Decrease. tol = -0.000807658316986867, time = 59.276, iteration = 6"
[1] ""
[1] "------------------ Retrying ------------------"
[1] ""
[1] "------------ Nelder-Mead algorithm ------------"
[1] "Max Loglik = 340.000063694843"
[1] "Current loglik value = 340.2648926417"
[1] ""
[1] "Algorithm did not get a better solution"
[1] "Men, Decrease. tol = -0.000778302295018558, time = 60.488, iteration = 6"
[1] ""
[1] "------------------ Retrying ------------------"
[1] ""
[1] "------------ Nelder-Mead algorithm ------------"
[1] "Max Loglik = 339.858024284965"
[1] "Current loglik value = 340.2648926417"
[1] ""
[1] "Algorithm did not get a better solution"
[1] "Men, Decrease. tol = -0.0011957400411683, time = 61.691, iteration = 6"
[1] ""
[1] "------------------ Retrying ------------------"
[1] ""
[1] "------------ Nelder-Mead algorithm ------------"
[1] "Max Loglik = 339.861295871156"
[1] "Current loglik value = 340.2648926417"
[1] ""
[1] "Algorithm did not get a better solution"
[1] "Men, Decrease. tol = -0.00118612521970905, time = 62.862, iteration = 6"
[1] ""
[1] "------------------ Retrying ------------------"
[1] ""
[1] "------------ Nelder-Mead algorithm ------------"
[1] "Max Loglik = 340.001118428508"
[1] "Current loglik value = 340.2648926417"
[1] ""
[1] "Algorithm did not get a better solution"
[1] "Men, Decrease. tol = -0.00077520255217842, time = 64.072, iteration = 6"
[1] ""
[1] "------------------ Retrying ------------------"
[1] ""
[1] "------------ Nelder-Mead algorithm ------------"
[1] "Max Loglik = 340.001538118134"
[1] "Current loglik value = 340.2648926417"
[1] ""
[1] "Algorithm did not get a better solution"
[1] "Men, Decrease. tol = -0.000773969131878057, time = 65.295, iteration = 6"
[1] ""
[1] "------------------ Retrying ------------------"
[1] ""
[1] "------------ Nelder-Mead algorithm ------------"
[1] "Max Loglik = 339.955404798888"
[1] "Current loglik value = 340.2648926417"
[1] ""
[1] "Algorithm did not get a better solution"
[1] "Men, Decrease. tol = -0.000909549734648709, time = 66.542, iteration = 6"
[1] ""
[1] "------------------ Retrying ------------------"
[1] ""
[1] "------------ Nelder-Mead algorithm ------------"
[1] "Max Loglik = 339.564664753024"
[1] "Current loglik value = 340.2648926417"
[1] ""
[1] "Algorithm did not get a better solution"
[1] "Men, Decrease. tol = -0.0020578904959606, time = 67.866, iteration = 6"
[1] ""
[1] "------------------ Retrying ------------------"
[1] ""
[1] "------------ Nelder-Mead algorithm ------------"
[1] "Max Loglik = 338.990460479782"
[1] "Current loglik value = 340.2648926417"
[1] ""
[1] "Algorithm did not get a better solution"
[1] "Men, Decrease. tol = -0.00374541185258373, time = 69.178, iteration = 6"
[1] ""
[1] "------------------ Retrying ------------------"
[1] ""
[1] "------------ Nelder-Mead algorithm ------------"
[1] "Max Loglik = 339.942778715086"
[1] "Current loglik value = 340.2648926417"
[1] ""
[1] "Algorithm did not get a better solution"
[1] "Men, Decrease. tol = -0.000946656365614686, time = 70.427, iteration = 6"
[1] ""
[1] "------------------ Retrying ------------------"
[1] ""
[1] "------------ Nelder-Mead algorithm ------------"
[1] "Max Loglik = 339.999385812745"
[1] "Current loglik value = 340.2648926417"
[1] ""
[1] "Algorithm did not get a better solution"
[1] "Men, Decrease. tol = -0.000780294513764828, time = 71.631, iteration = 6"
[1] ""
[1] "------------------ Retrying ------------------"
[1] ""
[1] "------------ Nelder-Mead algorithm ------------"
[1] "Max Loglik = 339.823691274741"
[1] "Current loglik value = 340.2648926417"
[1] ""
[1] "Algorithm did not get a better solution"
[1] "Men, Decrease. tol = -0.00129664087156815, time = 72.786, iteration = 6"
[1] ""
[1] "------------------ Retrying ------------------"
[1] ""
[1] "------------ Nelder-Mead algorithm ------------"
[1] "Max Loglik = 340.001534010712"
[1] "Current loglik value = 340.2648926417"
[1] ""
[1] "Algorithm did not get a better solution"
[1] "Men, Decrease. tol = -0.000773981203125671, time = 73.972, iteration = 6"
[1] ""
[1] "------------------ Retrying ------------------"
[1] ""
[1] "------------ Nelder-Mead algorithm ------------"
[1] "Max Loglik = 339.987554085778"
[1] "Current loglik value = 340.2648926417"
[1] ""
[1] "Algorithm did not get a better solution"
[1] "Men, Decrease. tol = -0.000815066619918406, time = 75.165, iteration = 6"
[1] ""
[1] "------------------ Retrying ------------------"
[1] ""
[1] "------------ Nelder-Mead algorithm ------------"
[1] "Max Loglik = 339.9918307863"
[1] "Current loglik value = 340.2648926417"
[1] ""
[1] "Algorithm did not get a better solution"
[1] "Men, Decrease. tol = -0.000802497881225162, time = 76.331, iteration = 6"
[1] ""
[1] "------------------ Retrying ------------------"
[1] ""
[1] "------ Maximum iterations withouth improvement achieved ------"
