[1] "------- starting weights -------"
[1] "Underweight:0.2"
[1] "Normal:0.266666666666667"
[1] "Overweight:0.233333333333333"
[1] "Obese:0.3"
[1] "------------ BFGS ------------"
[1] "Max Loglik = 340.177066311738"
[1] "Current loglik value = 0"
[1] "Men, Decrease. tol = Inf, time = 1.901, iteration = 1"
[1] "Common area: 0.927216879296085"
[1] "------------ BFGS ------------"
[1] "Max Loglik = 340.142211984545"
[1] "Current loglik value = 340.177066311738"
[1] ""
[1] "Algorithm did not get a better solution"
[1] "Men, Decrease. tol = -0.000102459367914057, time = 3.135, iteration = 2"
[1] ""
[1] "------------------ Retrying ------------------"
[1] ""
[1] "------------ BFGS ------------"
[1] "Max Loglik = 340.142248030902"
[1] "Current loglik value = 340.177066311738"
[1] ""
[1] "Algorithm did not get a better solution"
[1] "Men, Decrease. tol = -0.000102353404401118, time = 4.789, iteration = 2"
[1] ""
[1] "------------------ Retrying ------------------"
[1] ""
[1] "------------ BFGS ------------"
[1] "Max Loglik = 340.14224278507"
[1] "Current loglik value = 340.177066311738"
[1] ""
[1] "Algorithm did not get a better solution"
[1] "Men, Decrease. tol = -0.000102368825288911, time = 6.451, iteration = 2"
[1] ""
[1] "------------------ Retrying ------------------"
[1] ""
[1] "------------ BFGS ------------"
[1] "Max Loglik = 340.141051834886"
[1] "Current loglik value = 340.177066311738"
[1] ""
[1] "Algorithm did not get a better solution"
[1] "Men, Decrease. tol = -0.000105869796700302, time = 7.61, iteration = 2"
[1] ""
[1] "------------------ Retrying ------------------"
[1] ""
[1] "------------ BFGS ------------"
[1] "Max Loglik = 340.142249008859"
[1] "Current loglik value = 340.177066311738"
[1] ""
[1] "Algorithm did not get a better solution"
[1] "Men, Decrease. tol = -0.000102350529556259, time = 9.251, iteration = 2"
[1] ""
[1] "------------------ Retrying ------------------"
[1] ""
[1] "------------ BFGS ------------"
[1] "Max Loglik = 340.141794186478"
[1] "Current loglik value = 340.177066311738"
[1] ""
[1] "Algorithm did not get a better solution"
[1] "Men, Decrease. tol = -0.000103687546144225, time = 10.438, iteration = 2"
[1] ""
[1] "------------------ Retrying ------------------"
[1] ""
[1] "------------ BFGS ------------"
[1] "Max Loglik = 340.142042827904"
[1] "Current loglik value = 340.177066311738"
[1] ""
[1] "Algorithm did not get a better solution"
[1] "Men, Decrease. tol = -0.000102956628482408, time = 11.523, iteration = 2"
[1] ""
[1] "------------------ Retrying ------------------"
[1] ""
[1] "------------ BFGS ------------"
[1] "Max Loglik = 340.141827187593"
[1] "Current loglik value = 340.177066311738"
[1] ""
[1] "Algorithm did not get a better solution"
[1] "Men, Decrease. tol = -0.000103590534562416, time = 12.703, iteration = 2"
[1] ""
[1] "------------------ Retrying ------------------"
[1] ""
[1] "------------ BFGS ------------"
[1] "Max Loglik = 340.142153597931"
[1] "Current loglik value = 340.177066311738"
[1] ""
[1] "Algorithm did not get a better solution"
[1] "Men, Decrease. tol = -0.000102631003865391, time = 13.799, iteration = 2"
[1] ""
[1] "------------------ Retrying ------------------"
[1] ""
[1] "------------ BFGS ------------"
[1] "Max Loglik = 340.142243253372"
[1] "Current loglik value = 340.177066311738"
[1] ""
[1] "Algorithm did not get a better solution"
[1] "Men, Decrease. tol = -0.000102367448647171, time = 15.297, iteration = 2"
[1] ""
[1] "------------------ Retrying ------------------"
[1] ""
[1] "------------ BFGS ------------"
[1] "Max Loglik = 340.142246548533"
[1] "Current loglik value = 340.177066311738"
[1] ""
[1] "Algorithm did not get a better solution"
[1] "Men, Decrease. tol = -0.000102357762040683, time = 16.884, iteration = 2"
[1] ""
[1] "------------------ Retrying ------------------"
[1] ""
[1] "------------ BFGS ------------"
[1] "Max Loglik = 340.141945108369"
[1] "Current loglik value = 340.177066311738"
[1] ""
[1] "Algorithm did not get a better solution"
[1] "Men, Decrease. tol = -0.000103243889279035, time = 18.075, iteration = 2"
[1] ""
[1] "------------------ Retrying ------------------"
[1] ""
[1] "------------ BFGS ------------"
[1] "Max Loglik = 340.142249199772"
[1] "Current loglik value = 340.177066311738"
[1] ""
[1] "Algorithm did not get a better solution"
[1] "Men, Decrease. tol = -0.000102349968338707, time = 19.713, iteration = 2"
[1] ""
[1] "------------------ Retrying ------------------"
[1] ""
[1] "------------ BFGS ------------"
[1] "Max Loglik = 340.142196391933"
[1] "Current loglik value = 340.177066311738"
[1] ""
[1] "Algorithm did not get a better solution"
[1] "Men, Decrease. tol = -0.000102505204668541, time = 20.275, iteration = 2"
[1] ""
[1] "------------------ Retrying ------------------"
[1] ""
[1] "------------ BFGS ------------"
[1] "Max Loglik = 340.142247841883"
[1] "Current loglik value = 340.177066311738"
[1] ""
[1] "Algorithm did not get a better solution"
[1] "Men, Decrease. tol = -0.000102353960052084, time = 21.957, iteration = 2"
[1] ""
[1] "------------------ Retrying ------------------"
[1] ""
[1] "------------ BFGS ------------"
[1] "Max Loglik = 340.141529377945"
[1] "Current loglik value = 340.177066311738"
[1] ""
[1] "Algorithm did not get a better solution"
[1] "Men, Decrease. tol = -0.000104465989369704, time = 23.149, iteration = 2"
[1] ""
[1] "------------------ Retrying ------------------"
[1] ""
[1] "------------ BFGS ------------"
[1] "Max Loglik = 340.141958755653"
[1] "Current loglik value = 340.177066311738"
[1] ""
[1] "Algorithm did not get a better solution"
[1] "Men, Decrease. tol = -0.000103203771100341, time = 24.325, iteration = 2"
[1] ""
[1] "------------------ Retrying ------------------"
[1] ""
[1] "------------ BFGS ------------"
[1] "Max Loglik = 340.141953252056"
[1] "Current loglik value = 340.177066311738"
[1] ""
[1] "Algorithm did not get a better solution"
[1] "Men, Decrease. tol = -0.000103219949724394, time = 25.506, iteration = 2"
[1] ""
[1] "------------------ Retrying ------------------"
[1] ""
[1] "------------ BFGS ------------"
[1] "Max Loglik = 340.141986048224"
[1] "Current loglik value = 340.177066311738"
[1] ""
[1] "Algorithm did not get a better solution"
[1] "Men, Decrease. tol = -0.000103123540616502, time = 26.698, iteration = 2"
[1] ""
[1] "------------------ Retrying ------------------"
[1] ""
[1] "------------ BFGS ------------"
[1] "Max Loglik = 340.142225881116"
[1] "Current loglik value = 340.177066311738"
[1] ""
[1] "Algorithm did not get a better solution"
[1] "Men, Decrease. tol = -0.000102418516922329, time = 28.155, iteration = 2"
[1] ""
[1] "------------------ Retrying ------------------"
[1] ""
[1] "------------ BFGS ------------"
[1] "Max Loglik = 340.142229222797"
[1] "Current loglik value = 340.177066311738"
[1] ""
[1] "Algorithm did not get a better solution"
[1] "Men, Decrease. tol = -0.000102408693565284, time = 29.646, iteration = 2"
[1] ""
[1] "------------------ Retrying ------------------"
[1] ""
[1] "------------ BFGS ------------"
[1] "Max Loglik = 340.142219030289"
[1] "Current loglik value = 340.177066311738"
[1] ""
[1] "Algorithm did not get a better solution"
[1] "Men, Decrease. tol = -0.000102438655923922, time = 30.717, iteration = 2"
[1] ""
[1] "------------------ Retrying ------------------"
[1] ""
[1] "------------ BFGS ------------"
[1] "Max Loglik = 340.142102225341"
[1] "Current loglik value = 340.177066311738"
[1] ""
[1] "Algorithm did not get a better solution"
[1] "Men, Decrease. tol = -0.000102782021070452, time = 31.838, iteration = 2"
[1] ""
[1] "------------------ Retrying ------------------"
[1] ""
[1] "------------ BFGS ------------"
[1] "Max Loglik = 340.142249239342"
[1] "Current loglik value = 340.177066311738"
[1] ""
[1] "Algorithm did not get a better solution"
[1] "Men, Decrease. tol = -0.000102349852017735, time = 33.449, iteration = 2"
[1] ""
[1] "------------------ Retrying ------------------"
[1] ""
[1] "------------ BFGS ------------"
[1] "Max Loglik = 340.142249233637"
[1] "Current loglik value = 340.177066311738"
[1] ""
[1] "Algorithm did not get a better solution"
[1] "Men, Decrease. tol = -0.000102349868787173, time = 35.061, iteration = 2"
[1] ""
[1] "------------------ Retrying ------------------"
[1] ""
[1] "------------ BFGS ------------"
[1] "Max Loglik = 340.139527989023"
[1] "Current loglik value = 340.177066311738"
[1] ""
[1] "Algorithm did not get a better solution"
[1] "Men, Decrease. tol = -0.000110349363414643, time = 36.217, iteration = 2"
[1] ""
[1] "------------------ Retrying ------------------"
[1] ""
[1] "------------ BFGS ------------"
[1] "Max Loglik = 340.142234922661"
[1] "Current loglik value = 340.177066311738"
[1] ""
[1] "Algorithm did not get a better solution"
[1] "Men, Decrease. tol = -0.000102391937983909, time = 37.217, iteration = 2"
[1] ""
[1] "------------------ Retrying ------------------"
[1] ""
[1] "------------ BFGS ------------"
[1] "Max Loglik = 340.142228118984"
[1] "Current loglik value = 340.177066311738"
[1] ""
[1] "Algorithm did not get a better solution"
[1] "Men, Decrease. tol = -0.000102411938383315, time = 38.727, iteration = 2"
[1] ""
[1] "------------------ Retrying ------------------"
[1] ""
[1] "------------ BFGS ------------"
[1] "Max Loglik = 340.142054548791"
[1] "Current loglik value = 340.177066311738"
[1] ""
[1] "Algorithm did not get a better solution"
[1] "Men, Decrease. tol = -0.000102922173227516, time = 39.905, iteration = 2"
[1] ""
[1] "------------------ Retrying ------------------"
[1] ""
[1] "------------ BFGS ------------"
[1] "Max Loglik = 340.14196677312"
[1] "Current loglik value = 340.177066311738"
[1] ""
[1] "Algorithm did not get a better solution"
[1] "Men, Decrease. tol = -0.00010318020259115, time = 41.086, iteration = 2"
[1] ""
[1] "------------------ Retrying ------------------"
[1] ""
[1] "------------ BFGS ------------"
[1] "Max Loglik = 340.142151481232"
[1] "Current loglik value = 340.177066311738"
[1] ""
[1] "Algorithm did not get a better solution"
[1] "Men, Decrease. tol = -0.000102637226210257, time = 42.209, iteration = 2"
[1] ""
[1] "------------------ Retrying ------------------"
[1] ""
[1] "------------ BFGS ------------"
[1] "Max Loglik = 340.142223581866"
[1] "Current loglik value = 340.177066311738"
[1] ""
[1] "Algorithm did not get a better solution"
[1] "Men, Decrease. tol = -0.000102425275901904, time = 43.7, iteration = 2"
[1] ""
[1] "------------------ Retrying ------------------"
[1] ""
[1] "------------ BFGS ------------"
[1] "Max Loglik = 340.142226263589"
[1] "Current loglik value = 340.177066311738"
[1] ""
[1] "Algorithm did not get a better solution"
[1] "Men, Decrease. tol = -0.000102417392586803, time = 45.183, iteration = 2"
[1] ""
[1] "------------------ Retrying ------------------"
[1] ""
[1] "------------ BFGS ------------"
[1] "Max Loglik = 340.142247570414"
[1] "Current loglik value = 340.177066311738"
[1] ""
[1] "Algorithm did not get a better solution"
[1] "Men, Decrease. tol = -0.000102354758073025, time = 46.848, iteration = 2"
[1] ""
[1] "------------------ Retrying ------------------"
[1] ""
[1] "------------ BFGS ------------"
[1] "Max Loglik = 340.142203367914"
[1] "Current loglik value = 340.177066311738"
[1] ""
[1] "Algorithm did not get a better solution"
[1] "Men, Decrease. tol = -0.000102484697755616, time = 47.925, iteration = 2"
[1] ""
[1] "------------------ Retrying ------------------"
[1] ""
[1] "------------ BFGS ------------"
[1] "Max Loglik = 340.142053442532"
[1] "Current loglik value = 340.177066311738"
[1] ""
[1] "Algorithm did not get a better solution"
[1] "Men, Decrease. tol = -0.000102925425237677, time = 49.05, iteration = 2"
[1] ""
[1] "------------------ Retrying ------------------"
[1] ""
[1] "------------ BFGS ------------"
[1] "Max Loglik = 340.141934340122"
[1] "Current loglik value = 340.177066311738"
[1] ""
[1] "Algorithm did not get a better solution"
[1] "Men, Decrease. tol = -0.000103275544106832, time = 50.227, iteration = 2"
[1] ""
[1] "------------------ Retrying ------------------"
[1] ""
[1] "------------ BFGS ------------"
[1] "Max Loglik = 340.142249026899"
[1] "Current loglik value = 340.177066311738"
[1] ""
[1] "Algorithm did not get a better solution"
[1] "Men, Decrease. tol = -0.000102350476524892, time = 51.838, iteration = 2"
[1] ""
[1] "------------------ Retrying ------------------"
[1] ""
[1] "------------ BFGS ------------"
[1] "Max Loglik = 340.142247522984"
[1] "Current loglik value = 340.177066311738"
[1] ""
[1] "Algorithm did not get a better solution"
[1] "Men, Decrease. tol = -0.000102354897501519, time = 53.436, iteration = 2"
[1] ""
[1] "------------------ Retrying ------------------"
[1] ""
[1] "------------ BFGS ------------"
[1] "Max Loglik = 340.142249237893"
[1] "Current loglik value = 340.177066311738"
[1] ""
[1] "Algorithm did not get a better solution"
[1] "Men, Decrease. tol = -0.000102349856277436, time = 55.047, iteration = 2"
[1] ""
[1] "------------------ Retrying ------------------"
[1] ""
[1] "------------ BFGS ------------"
[1] "Max Loglik = 340.142005644279"
[1] "Current loglik value = 340.177066311738"
[1] ""
[1] "Algorithm did not get a better solution"
[1] "Men, Decrease. tol = -0.000103065935159791, time = 56.224, iteration = 2"
[1] ""
[1] "------------------ Retrying ------------------"
[1] ""
[1] "------------ BFGS ------------"
[1] "Max Loglik = 340.142240157864"
[1] "Current loglik value = 340.177066311738"
[1] ""
[1] "Algorithm did not get a better solution"
[1] "Men, Decrease. tol = -0.000102376548341551, time = 57.719, iteration = 2"
[1] ""
[1] "------------------ Retrying ------------------"
[1] ""
[1] "------------ BFGS ------------"
[1] "Max Loglik = 340.142233046762"
[1] "Current loglik value = 340.177066311738"
[1] ""
[1] "Algorithm did not get a better solution"
[1] "Men, Decrease. tol = -0.000102397452462695, time = 58.664, iteration = 2"
[1] ""
[1] "------------------ Retrying ------------------"
[1] ""
[1] "------------ BFGS ------------"
[1] "Max Loglik = 340.142249232794"
[1] "Current loglik value = 340.177066311738"
[1] ""
[1] "Algorithm did not get a better solution"
[1] "Men, Decrease. tol = -0.00010234987126459, time = 60.272, iteration = 2"
[1] ""
[1] "------------------ Retrying ------------------"
[1] ""
[1] "------------ BFGS ------------"
[1] "Max Loglik = 340.142249177912"
[1] "Current loglik value = 340.177066311738"
[1] ""
[1] "Algorithm did not get a better solution"
[1] "Men, Decrease. tol = -0.000102350032600331, time = 61.85, iteration = 2"
[1] ""
[1] "------------------ Retrying ------------------"
[1] ""
[1] "------------ BFGS ------------"
[1] "Max Loglik = 340.142215903064"
[1] "Current loglik value = 340.177066311738"
[1] ""
[1] "Algorithm did not get a better solution"
[1] "Men, Decrease. tol = -0.000102447848857485, time = 62.497, iteration = 2"
[1] ""
[1] "------------------ Retrying ------------------"
[1] ""
[1] "------------ BFGS ------------"
[1] "Max Loglik = 340.142018786945"
[1] "Current loglik value = 340.177066311738"
[1] ""
[1] "Algorithm did not get a better solution"
[1] "Men, Decrease. tol = -0.000103027300380705, time = 63.685, iteration = 2"
[1] ""
[1] "------------------ Retrying ------------------"
[1] ""
[1] "------------ BFGS ------------"
[1] "Max Loglik = 340.142249233866"
[1] "Current loglik value = 340.177066311738"
[1] ""
[1] "Algorithm did not get a better solution"
[1] "Men, Decrease. tol = -0.000102349868115433, time = 65.32, iteration = 2"
[1] ""
[1] "------------------ Retrying ------------------"
[1] ""
[1] "------------ BFGS ------------"
[1] "Max Loglik = 340.1422492297"
[1] "Current loglik value = 340.177066311738"
[1] ""
[1] "Algorithm did not get a better solution"
[1] "Men, Decrease. tol = -0.000102349880359482, time = 66.971, iteration = 2"
[1] ""
[1] "------------------ Retrying ------------------"
[1] ""
[1] "------------ BFGS ------------"
[1] "Max Loglik = 340.142249183572"
[1] "Current loglik value = 340.177066311738"
[1] ""
[1] "Algorithm did not get a better solution"
[1] "Men, Decrease. tol = -0.000102350015961732, time = 68.637, iteration = 2"
[1] ""
[1] "------------------ Retrying ------------------"
[1] ""
[1] "------ Maximum iterations withouth improvement achieved ------"
