[1] "------------ Transforming weights ------------"
[1] "------- starting weights -------"
[1] "Underweight:0.25"
[1] "Normal:0.25"
[1] "Overweight:0.25"
[1] "Obese:0.25"
[1] "------------ BFGS ------------"
[1] "Max Loglik = 138.436984461142"
[1] "Current loglik value = 0"
[1] "Women, Remain. tol = Inf, time = 3.826, iteration = 1"
[1] "Common area: 0.811637770119118"
[1] "------------ BFGS ------------"
[1] "Max Loglik = 138.074862788383"
[1] "Current loglik value = 138.436984461142"
[1] ""
[1] "Algorithm did not get a better solution"
[1] "Women, Remain. tol = -0.00261578706129746, time = 6.774, iteration = 2"
[1] ""
[1] "------------------ Retrying ------------------"
[1] ""
[1] "------------ BFGS ------------"
[1] "Max Loglik = 138.075659349131"
[1] "Current loglik value = 138.436984461142"
[1] ""
[1] "Algorithm did not get a better solution"
[1] "Women, Remain. tol = -0.00261003310218838, time = 9.743, iteration = 2"
[1] ""
[1] "------------------ Retrying ------------------"
[1] ""
[1] "------------ BFGS ------------"
[1] "Max Loglik = 138.075722514692"
[1] "Current loglik value = 138.436984461142"
[1] ""
[1] "Algorithm did not get a better solution"
[1] "Women, Remain. tol = -0.00260957682555185, time = 13.707, iteration = 2"
[1] ""
[1] "------------------ Retrying ------------------"
[1] ""
[1] "------------ BFGS ------------"
[1] "Max Loglik = 138.075913871331"
[1] "Current loglik value = 138.436984461142"
[1] ""
[1] "Algorithm did not get a better solution"
[1] "Women, Remain. tol = -0.00260819456025809, time = 15.968, iteration = 2"
[1] ""
[1] "------------------ Retrying ------------------"
[1] ""
[1] "------------ BFGS ------------"
[1] "Max Loglik = 138.075914478486"
[1] "Current loglik value = 138.436984461142"
[1] ""
[1] "Algorithm did not get a better solution"
[1] "Women, Remain. tol = -0.00260819017447189, time = 18.844, iteration = 2"
[1] ""
[1] "------------------ Retrying ------------------"
[1] ""
[1] "------------ BFGS ------------"
[1] "Max Loglik = 138.075042953509"
[1] "Current loglik value = 138.436984461142"
[1] ""
[1] "Algorithm did not get a better solution"
[1] "Women, Remain. tol = -0.00261448563793598, time = 20.303, iteration = 2"
[1] ""
[1] "------------------ Retrying ------------------"
[1] ""
[1] "------------ BFGS ------------"
[1] "Max Loglik = 138.075902048651"
[1] "Current loglik value = 138.436984461142"
[1] ""
[1] "Algorithm did not get a better solution"
[1] "Women, Remain. tol = -0.00260827996142792, time = 21.766, iteration = 2"
[1] ""
[1] "------------------ Retrying ------------------"
[1] ""
[1] "------------ BFGS ------------"
[1] "Max Loglik = 138.075977951096"
[1] "Current loglik value = 138.436984461142"
[1] ""
[1] "Algorithm did not get a better solution"
[1] "Women, Remain. tol = -0.00260773167987337, time = 23.241, iteration = 2"
[1] ""
[1] "------------------ Retrying ------------------"
[1] ""
[1] "------------ BFGS ------------"
[1] "Max Loglik = 138.075980590742"
[1] "Current loglik value = 138.436984461142"
[1] ""
[1] "Algorithm did not get a better solution"
[1] "Women, Remain. tol = -0.00260771261238124, time = 24.703, iteration = 2"
[1] ""
[1] "------------------ Retrying ------------------"
[1] ""
[1] "------------ BFGS ------------"
[1] "Max Loglik = 138.075839794306"
[1] "Current loglik value = 138.436984461142"
[1] ""
[1] "Algorithm did not get a better solution"
[1] "Women, Remain. tol = -0.002608729655888, time = 26.081, iteration = 2"
[1] ""
[1] "------------------ Retrying ------------------"
[1] ""
[1] "------------ BFGS ------------"
[1] "Max Loglik = 138.074065911211"
[1] "Current loglik value = 138.436984461142"
[1] ""
[1] "Algorithm did not get a better solution"
[1] "Women, Remain. tol = -0.00262154330609985, time = 27.542, iteration = 2"
[1] ""
[1] "------------------ Retrying ------------------"
[1] ""
[1] "------------ BFGS ------------"
[1] "Max Loglik = 138.07587539052"
[1] "Current loglik value = 138.436984461142"
[1] ""
[1] "Algorithm did not get a better solution"
[1] "Women, Remain. tol = -0.00260847252652322, time = 29.01, iteration = 2"
[1] ""
[1] "------------------ Retrying ------------------"
[1] ""
[1] "------------ BFGS ------------"
[1] "Max Loglik = 138.075788467412"
[1] "Current loglik value = 138.436984461142"
[1] ""
[1] "Algorithm did not get a better solution"
[1] "Women, Remain. tol = -0.00260910041586857, time = 30.558, iteration = 2"
[1] ""
[1] "------------------ Retrying ------------------"
[1] ""
[1] "------------ BFGS ------------"
[1] "Max Loglik = 138.075935367346"
[1] "Current loglik value = 138.436984461142"
[1] ""
[1] "Algorithm did not get a better solution"
[1] "Women, Remain. tol = -0.00260803928372667, time = 31.567, iteration = 2"
[1] ""
[1] "------------------ Retrying ------------------"
[1] ""
[1] "------------ BFGS ------------"
[1] "Max Loglik = 138.075975904401"
[1] "Current loglik value = 138.436984461142"
[1] ""
[1] "Algorithm did not get a better solution"
[1] "Women, Remain. tol = -0.0026077464641826, time = 33.654, iteration = 2"
[1] ""
[1] "------------------ Retrying ------------------"
[1] ""
[1] "------------ BFGS ------------"
[1] "Max Loglik = 138.075955431903"
[1] "Current loglik value = 138.436984461142"
[1] ""
[1] "Algorithm did not get a better solution"
[1] "Women, Remain. tol = -0.00260789434733445, time = 35.801, iteration = 2"
[1] ""
[1] "------------------ Retrying ------------------"
[1] ""
[1] "------------ BFGS ------------"
[1] "Max Loglik = 138.075932489579"
[1] "Current loglik value = 138.436984461142"
[1] ""
[1] "Algorithm did not get a better solution"
[1] "Women, Remain. tol = -0.00260806007128643, time = 37.276, iteration = 2"
[1] ""
[1] "------------------ Retrying ------------------"
[1] ""
[1] "------------ BFGS ------------"
[1] "Max Loglik = 138.075898027062"
[1] "Current loglik value = 138.436984461142"
[1] ""
[1] "Algorithm did not get a better solution"
[1] "Women, Remain. tol = -0.00260830901138815, time = 38.737, iteration = 2"
[1] ""
[1] "------------------ Retrying ------------------"
[1] ""
[1] "------------ BFGS ------------"
[1] "Max Loglik = 138.075870557904"
[1] "Current loglik value = 138.436984461142"
[1] ""
[1] "Algorithm did not get a better solution"
[1] "Women, Remain. tol = -0.00260850743494168, time = 40.193, iteration = 2"
[1] ""
[1] "------------------ Retrying ------------------"
[1] ""
[1] "------------ BFGS ------------"
[1] "Max Loglik = 138.070336721968"
[1] "Current loglik value = 138.436984461142"
[1] ""
[1] "Algorithm did not get a better solution"
[1] "Women, Remain. tol = -0.00264848111651843, time = 41.648, iteration = 2"
[1] ""
[1] "------------------ Retrying ------------------"
[1] ""
[1] "------------ BFGS ------------"
[1] "Max Loglik = 138.075925294156"
[1] "Current loglik value = 138.436984461142"
[1] ""
[1] "Algorithm did not get a better solution"
[1] "Women, Remain. tol = -0.00260811204745012, time = 42.896, iteration = 2"
[1] ""
[1] "------------------ Retrying ------------------"
[1] ""
[1] "------------ BFGS ------------"
[1] "Max Loglik = 138.075924089598"
[1] "Current loglik value = 138.436984461142"
[1] ""
[1] "Algorithm did not get a better solution"
[1] "Women, Remain. tol = -0.00260812074857789, time = 44.097, iteration = 2"
[1] ""
[1] "------------------ Retrying ------------------"
[1] ""
[1] "------------ BFGS ------------"
[1] "Max Loglik = 138.075866215039"
[1] "Current loglik value = 138.436984461142"
[1] ""
[1] "Algorithm did not get a better solution"
[1] "Women, Remain. tol = -0.00260853880563965, time = 45.458, iteration = 2"
[1] ""
[1] "------------------ Retrying ------------------"
[1] ""
[1] "------------ BFGS ------------"
[1] "Max Loglik = 138.07596506866"
[1] "Current loglik value = 138.436984461142"
[1] ""
[1] "Algorithm did not get a better solution"
[1] "Women, Remain. tol = -0.00260782473618986, time = 46.917, iteration = 2"
[1] ""
[1] "------------------ Retrying ------------------"
[1] ""
[1] "------------ BFGS ------------"
[1] "Max Loglik = 138.075780899742"
[1] "Current loglik value = 138.436984461142"
[1] ""
[1] "Algorithm did not get a better solution"
[1] "Women, Remain. tol = -0.00260915508095637, time = 48.374, iteration = 2"
[1] ""
[1] "------------------ Retrying ------------------"
[1] ""
[1] "------------ BFGS ------------"
[1] "Max Loglik = 138.075499697938"
[1] "Current loglik value = 138.436984461142"
[1] ""
[1] "Algorithm did not get a better solution"
[1] "Women, Remain. tol = -0.00261118634309224, time = 49.835, iteration = 2"
[1] ""
[1] "------------------ Retrying ------------------"
[1] ""
[1] "------------ BFGS ------------"
[1] "Max Loglik = 138.075763401197"
[1] "Current loglik value = 138.436984461142"
[1] ""
[1] "Algorithm did not get a better solution"
[1] "Women, Remain. tol = -0.00260928148175619, time = 51.068, iteration = 2"
[1] ""
[1] "------------------ Retrying ------------------"
[1] ""
[1] "------------ BFGS ------------"
[1] "Max Loglik = 138.075344941447"
[1] "Current loglik value = 138.436984461142"
[1] ""
[1] "Algorithm did not get a better solution"
[1] "Women, Remain. tol = -0.00261230422709817, time = 52.534, iteration = 2"
[1] ""
[1] "------------------ Retrying ------------------"
[1] ""
[1] "------------ BFGS ------------"
[1] "Max Loglik = 138.075269707575"
[1] "Current loglik value = 138.436984461142"
[1] ""
[1] "Algorithm did not get a better solution"
[1] "Women, Remain. tol = -0.0026128476792115, time = 53.998, iteration = 2"
[1] ""
[1] "------------------ Retrying ------------------"
[1] ""
[1] "------------ BFGS ------------"
[1] "Max Loglik = 138.075870767233"
[1] "Current loglik value = 138.436984461142"
[1] ""
[1] "Algorithm did not get a better solution"
[1] "Women, Remain. tol = -0.00260850592285327, time = 55.461, iteration = 2"
[1] ""
[1] "------------------ Retrying ------------------"
[1] ""
[1] "------------ BFGS ------------"
[1] "Max Loglik = 138.075891660181"
[1] "Current loglik value = 138.436984461142"
[1] ""
[1] "Algorithm did not get a better solution"
[1] "Women, Remain. tol = -0.00260835500257564, time = 56.908, iteration = 2"
[1] ""
[1] "------------------ Retrying ------------------"
[1] ""
[1] "------------ BFGS ------------"
[1] "Max Loglik = 138.075402676348"
[1] "Current loglik value = 138.436984461142"
[1] ""
[1] "Algorithm did not get a better solution"
[1] "Women, Remain. tol = -0.00261188717885436, time = 58.383, iteration = 2"
[1] ""
[1] "------------------ Retrying ------------------"
[1] ""
[1] "------------ BFGS ------------"
[1] "Max Loglik = 138.075857490111"
[1] "Current loglik value = 138.436984461142"
[1] ""
[1] "Algorithm did not get a better solution"
[1] "Women, Remain. tol = -0.0026086018301843, time = 59.954, iteration = 2"
[1] ""
[1] "------------------ Retrying ------------------"
[1] ""
[1] "------------ BFGS ------------"
[1] "Max Loglik = 138.075981862581"
[1] "Current loglik value = 138.436984461142"
[1] ""
[1] "Algorithm did not get a better solution"
[1] "Women, Remain. tol = -0.00260770342525136, time = 62.044, iteration = 2"
[1] ""
[1] "------------------ Retrying ------------------"
[1] ""
[1] "------------ BFGS ------------"
[1] "Max Loglik = 138.075989935908"
[1] "Current loglik value = 138.436984461142"
[1] ""
[1] "Algorithm did not get a better solution"
[1] "Women, Remain. tol = -0.0026076451075484, time = 63.328, iteration = 2"
[1] ""
[1] "------------------ Retrying ------------------"
[1] ""
[1] "------------ BFGS ------------"
[1] "Max Loglik = 138.075976724073"
[1] "Current loglik value = 138.436984461142"
[1] ""
[1] "Algorithm did not get a better solution"
[1] "Women, Remain. tol = -0.00260774054327551, time = 64.793, iteration = 2"
[1] ""
[1] "------------------ Retrying ------------------"
[1] ""
[1] "------------ BFGS ------------"
[1] "Max Loglik = 138.075939539447"
[1] "Current loglik value = 138.436984461142"
[1] ""
[1] "Algorithm did not get a better solution"
[1] "Women, Remain. tol = -0.00260800914654093, time = 66.252, iteration = 2"
[1] ""
[1] "------------------ Retrying ------------------"
[1] ""
[1] "------------ BFGS ------------"
[1] "Max Loglik = 138.075957470083"
[1] "Current loglik value = 138.436984461142"
[1] ""
[1] "Algorithm did not get a better solution"
[1] "Women, Remain. tol = -0.00260787962453419, time = 67.715, iteration = 2"
[1] ""
[1] "------------------ Retrying ------------------"
[1] ""
[1] "------------ BFGS ------------"
[1] "Max Loglik = 138.075189829175"
[1] "Current loglik value = 138.436984461142"
[1] ""
[1] "Algorithm did not get a better solution"
[1] "Women, Remain. tol = -0.00261342468109091, time = 69.174, iteration = 2"
[1] ""
[1] "------------------ Retrying ------------------"
[1] ""
[1] "------------ BFGS ------------"
[1] "Max Loglik = 138.07478348861"
[1] "Current loglik value = 138.436984461142"
[1] ""
[1] "Algorithm did not get a better solution"
[1] "Women, Remain. tol = -0.00261635988345809, time = 70.638, iteration = 2"
[1] ""
[1] "------------------ Retrying ------------------"
[1] ""
[1] "------------ BFGS ------------"
[1] "Max Loglik = 138.07587171269"
[1] "Current loglik value = 138.436984461142"
[1] ""
[1] "Algorithm did not get a better solution"
[1] "Women, Remain. tol = -0.00260849909333768, time = 72.112, iteration = 2"
[1] ""
[1] "------------------ Retrying ------------------"
[1] ""
[1] "------------ BFGS ------------"
[1] "Max Loglik = 138.07538559635"
[1] "Current loglik value = 138.436984461142"
[1] ""
[1] "Algorithm did not get a better solution"
[1] "Women, Remain. tol = -0.00261201055627825, time = 73.57, iteration = 2"
[1] ""
[1] "------------------ Retrying ------------------"
[1] ""
[1] "------------ BFGS ------------"
[1] "Max Loglik = 138.075671002485"
[1] "Current loglik value = 138.436984461142"
[1] ""
[1] "Algorithm did not get a better solution"
[1] "Women, Remain. tol = -0.00260994892414505, time = 75.038, iteration = 2"
[1] ""
[1] "------------------ Retrying ------------------"
[1] ""
[1] "------------ BFGS ------------"
[1] "Max Loglik = 138.073863482893"
[1] "Current loglik value = 138.436984461142"
[1] ""
[1] "Algorithm did not get a better solution"
[1] "Women, Remain. tol = -0.00262300554769866, time = 76.494, iteration = 2"
[1] ""
[1] "------------------ Retrying ------------------"
[1] ""
[1] "------------ BFGS ------------"
[1] "Max Loglik = 138.075964016927"
[1] "Current loglik value = 138.436984461142"
[1] ""
[1] "Algorithm did not get a better solution"
[1] "Women, Remain. tol = -0.00260783233338774, time = 79.445, iteration = 2"
[1] ""
[1] "------------------ Retrying ------------------"
[1] ""
[1] "------------ BFGS ------------"
[1] "Max Loglik = 138.075688226378"
[1] "Current loglik value = 138.436984461142"
[1] ""
[1] "Algorithm did not get a better solution"
[1] "Women, Remain. tol = -0.00260982450729972, time = 80.409, iteration = 2"
[1] ""
[1] "------------------ Retrying ------------------"
[1] ""
[1] "------------ BFGS ------------"
[1] "Max Loglik = 138.075925602458"
[1] "Current loglik value = 138.436984461142"
[1] ""
[1] "Algorithm did not get a better solution"
[1] "Women, Remain. tol = -0.00260810982043113, time = 81.875, iteration = 2"
[1] ""
[1] "------------------ Retrying ------------------"
[1] ""
[1] "------------ BFGS ------------"
[1] "Max Loglik = 138.075984579349"
[1] "Current loglik value = 138.436984461142"
[1] ""
[1] "Algorithm did not get a better solution"
[1] "Women, Remain. tol = -0.00260768380066783, time = 84.013, iteration = 2"
[1] ""
[1] "------------------ Retrying ------------------"
[1] ""
[1] "------------ BFGS ------------"
[1] "Max Loglik = 138.075963017043"
[1] "Current loglik value = 138.436984461142"
[1] ""
[1] "Algorithm did not get a better solution"
[1] "Women, Remain. tol = -0.00260783955604999, time = 86.182, iteration = 2"
[1] ""
[1] "------------------ Retrying ------------------"
[1] ""
[1] "------------ BFGS ------------"
[1] "Max Loglik = 138.075939768223"
[1] "Current loglik value = 138.436984461142"
[1] ""
[1] "Algorithm did not get a better solution"
[1] "Women, Remain. tol = -0.00260800749398085, time = 88.4, iteration = 2"
[1] ""
[1] "------------------ Retrying ------------------"
[1] ""
[1] "------ Maximum iterations withouth improvement achieved ------"
