[1] "------- starting weights -------"
[1] "Underweight:0.3"
[1] "Normal:0.3"
[1] "Overweight:0.3"
[1] "Obese:0.1"
[1] "------------ Simulated Annealing ------------"
[1] "Max Loglik = 319.144422420995"
[1] "Current loglik value = 0"
[1] "Women, Increase. tol = Inf, time = 20.14, iteration = 1"
[1] "Common area: 0.728787794705173"
[1] "------------ Simulated Annealing ------------"
[1] "Max Loglik = 320.989938059922"
[1] "Current loglik value = 319.144422420995"
[1] "Women, Increase. tol = 0.00578269745379555, time = 41.649, iteration = 2"
[1] "Common area: 0.832265621226214"
[1] "------------ Simulated Annealing ------------"
[1] "Max Loglik = 319.474487121205"
[1] "Current loglik value = 320.989938059922"
[1] ""
[1] "Algorithm did not get a better solution"
[1] "Women, Increase. tol = -0.00472117894995972, time = 61.294, iteration = 3"
[1] ""
[1] "------------------ Retrying ------------------"
[1] ""
[1] "------------ Simulated Annealing ------------"
[1] "Max Loglik = 319.446569852865"
[1] "Current loglik value = 320.989938059922"
[1] ""
[1] "Algorithm did not get a better solution"
[1] "Women, Increase. tol = -0.00480815135946455, time = 81.644, iteration = 3"
[1] ""
[1] "------------------ Retrying ------------------"
[1] ""
[1] "------------ Simulated Annealing ------------"
[1] "Max Loglik = 319.30332266272"
[1] "Current loglik value = 320.989938059922"
[1] ""
[1] "Algorithm did not get a better solution"
[1] "Women, Increase. tol = -0.00525441827677119, time = 101.396, iteration = 3"
[1] ""
[1] "------------------ Retrying ------------------"
[1] ""
[1] "------------ Simulated Annealing ------------"
[1] "Max Loglik = 319.363212720166"
[1] "Current loglik value = 320.989938059922"
[1] ""
[1] "Algorithm did not get a better solution"
[1] "Women, Increase. tol = -0.00506783904064919, time = 120.078, iteration = 3"
[1] ""
[1] "------------------ Retrying ------------------"
[1] ""
[1] "------------ Simulated Annealing ------------"
[1] "Max Loglik = 319.42549560308"
[1] "Current loglik value = 320.989938059922"
[1] ""
[1] "Algorithm did not get a better solution"
[1] "Women, Increase. tol = -0.00487380528591583, time = 140.344, iteration = 3"
[1] ""
[1] "------------------ Retrying ------------------"
[1] ""
[1] "------------ Simulated Annealing ------------"
[1] "Max Loglik = 319.524296197612"
[1] "Current loglik value = 320.989938059922"
[1] ""
[1] "Algorithm did not get a better solution"
[1] "Women, Increase. tol = -0.00456600562362836, time = 158.925, iteration = 3"
[1] ""
[1] "------------------ Retrying ------------------"
[1] ""
[1] "------------ Simulated Annealing ------------"
[1] "Max Loglik = 319.28208528589"
[1] "Current loglik value = 320.989938059922"
[1] ""
[1] "Algorithm did not get a better solution"
[1] "Women, Increase. tol = -0.0053205804030932, time = 177.965, iteration = 3"
[1] ""
[1] "------------------ Retrying ------------------"
[1] ""
[1] "------------ Simulated Annealing ------------"
[1] "Max Loglik = 319.251626851839"
[1] "Current loglik value = 320.989938059922"
[1] ""
[1] "Algorithm did not get a better solution"
[1] "Women, Increase. tol = -0.00541546946483484, time = 195.999, iteration = 3"
[1] ""
[1] "------------------ Retrying ------------------"
[1] ""
[1] "------------ Simulated Annealing ------------"
[1] "Max Loglik = 319.350456089258"
[1] "Current loglik value = 320.989938059922"
[1] ""
[1] "Algorithm did not get a better solution"
[1] "Women, Increase. tol = -0.00510758056957362, time = 213.421, iteration = 3"
[1] ""
[1] "------------------ Retrying ------------------"
[1] ""
