[1] "------- starting weights -------"
[1] "Underweight:0.3"
[1] "Normal:0.3"
[1] "Overweight:0.3"
[1] "Obese:0.1"
[1] "------------ Simulated Annealing ------------"
[1] "Max Loglik = 305.073713072719"
[1] "Current loglik value = 0"
[1] "Men, Increase. tol = Inf, time = 24.687, iteration = 1"
[1] "Common area: 0.975210878065485"
[1] "------------ Simulated Annealing ------------"
[1] "Max Loglik = 305.03140345275"
[1] "Current loglik value = 305.073713072719"
[1] ""
[1] "Algorithm did not get a better solution"
[1] "Men, Increase. tol = -0.000138686547402174, time = 48.585, iteration = 2"
[1] ""
[1] "------------------ Retrying ------------------"
[1] ""
[1] "------------ Simulated Annealing ------------"
[1] "Max Loglik = 305.050927922078"
[1] "Current loglik value = 305.073713072719"
[1] ""
[1] "Algorithm did not get a better solution"
[1] "Men, Increase. tol = -7.46873613330658e-05, time = 71.754, iteration = 2"
[1] ""
[1] "------------------ Retrying ------------------"
[1] ""
[1] "------------ Simulated Annealing ------------"
[1] "Max Loglik = 304.278798086944"
[1] "Current loglik value = 305.073713072719"
[1] ""
[1] "Algorithm did not get a better solution"
[1] "Men, Increase. tol = -0.00260564890291405, time = 96.296, iteration = 2"
[1] ""
[1] "------------------ Retrying ------------------"
[1] ""
[1] "------------ Simulated Annealing ------------"
[1] "Max Loglik = 305.021185785318"
[1] "Current loglik value = 305.073713072719"
[1] ""
[1] "Algorithm did not get a better solution"
[1] "Men, Increase. tol = -0.000172179001829532, time = 118.228, iteration = 2"
[1] ""
[1] "------------------ Retrying ------------------"
[1] ""
[1] "------------ Simulated Annealing ------------"
[1] "Max Loglik = 304.877054982"
[1] "Current loglik value = 305.073713072719"
[1] ""
[1] "Algorithm did not get a better solution"
[1] "Men, Increase. tol = -0.000644624830957003, time = 139.923, iteration = 2"
[1] ""
[1] "------------------ Retrying ------------------"
[1] ""
[1] "------------ Simulated Annealing ------------"
[1] "Max Loglik = 303.772642985331"
[1] "Current loglik value = 305.073713072719"
[1] ""
[1] "Algorithm did not get a better solution"
[1] "Men, Increase. tol = -0.00426477284550146, time = 160.149, iteration = 2"
[1] ""
[1] "------------------ Retrying ------------------"
[1] ""
[1] "------------ Simulated Annealing ------------"
[1] "Max Loglik = 305.162082154315"
[1] "Current loglik value = 305.073713072719"
[1] "Men, Increase. tol = 0.000289664686956564, time = 181.358, iteration = 2"
[1] "Common area: 0.827415890402638"
[1] "------------ Simulated Annealing ------------"
[1] "Max Loglik = 304.804498790195"
[1] "Current loglik value = 305.162082154315"
[1] ""
[1] "Algorithm did not get a better solution"
[1] "Men, Increase. tol = -0.00117178176789219, time = 200.985, iteration = 3"
[1] ""
[1] "------------------ Retrying ------------------"
[1] ""
