[1] "------- starting weights -------"
[1] "Underweight:0.3"
[1] "Normal:0.3"
[1] "Overweight:0.3"
[1] "Obese:0.1"
[1] "------------ Nelder-Mead algorithm ------------"
[1] "Max Loglik = 319.885606019182"
[1] "Current loglik value = 0"
[1] "Women, Increase. tol = Inf, time = 1.973, iteration = 1"
[1] "Common area: 0.855742666971865"
[1] "------------ Nelder-Mead algorithm ------------"
[1] "Max Loglik = 320.516944695492"
[1] "Current loglik value = 319.885606019182"
[1] "Women, Increase. tol = 0.0019736389022514, time = 3.82, iteration = 2"
[1] "Common area: 0.887533488985116"
[1] "------------ Nelder-Mead algorithm ------------"
[1] "Max Loglik = 319.701155404854"
[1] "Current loglik value = 320.516944695492"
[1] ""
[1] "Algorithm did not get a better solution"
[1] "Women, Increase. tol = -0.00254522983617381, time = 5.689, iteration = 3"
[1] ""
[1] "------------------ Retrying ------------------"
[1] ""
[1] "------------ Nelder-Mead algorithm ------------"
[1] "Max Loglik = 319.596692832912"
[1] "Current loglik value = 320.516944695492"
[1] ""
[1] "Algorithm did not get a better solution"
[1] "Women, Increase. tol = -0.00287114886688411, time = 7.252, iteration = 3"
[1] ""
[1] "------------------ Retrying ------------------"
[1] ""
[1] "------------ Nelder-Mead algorithm ------------"
[1] "Max Loglik = 319.634798048118"
[1] "Current loglik value = 320.516944695492"
[1] ""
[1] "Algorithm did not get a better solution"
[1] "Women, Increase. tol = -0.00275226212521085, time = 8.692, iteration = 3"
[1] ""
[1] "------------------ Retrying ------------------"
[1] ""
[1] "------------ Nelder-Mead algorithm ------------"
[1] "Max Loglik = 320.067386683626"
[1] "Current loglik value = 320.516944695492"
[1] ""
[1] "Algorithm did not get a better solution"
[1] "Women, Increase. tol = -0.00140260294910003, time = 10.276, iteration = 3"
[1] ""
[1] "------------------ Retrying ------------------"
[1] ""
[1] "------------ Nelder-Mead algorithm ------------"
[1] "Max Loglik = 319.791281458971"
[1] "Current loglik value = 320.516944695492"
[1] ""
[1] "Algorithm did not get a better solution"
[1] "Women, Increase. tol = -0.00226404016552178, time = 11.821, iteration = 3"
[1] ""
[1] "------------------ Retrying ------------------"
[1] ""
[1] "------------ Nelder-Mead algorithm ------------"
[1] "Max Loglik = 320.394440347273"
[1] "Current loglik value = 320.516944695492"
[1] ""
[1] "Algorithm did not get a better solution"
[1] "Women, Increase. tol = -0.00038220864839129, time = 13.355, iteration = 3"
[1] ""
[1] "------------------ Retrying ------------------"
[1] ""
[1] "------------ Nelder-Mead algorithm ------------"
[1] "Max Loglik = 320.366448933925"
[1] "Current loglik value = 320.516944695492"
[1] ""
[1] "Algorithm did not get a better solution"
[1] "Women, Increase. tol = -0.000469540734296664, time = 14.985, iteration = 3"
[1] ""
[1] "------------------ Retrying ------------------"
[1] ""
[1] "------------ Nelder-Mead algorithm ------------"
[1] "Max Loglik = 320.432578839286"
[1] "Current loglik value = 320.516944695492"
[1] ""
[1] "Algorithm did not get a better solution"
[1] "Women, Increase. tol = -0.000263218084417658, time = 16.478, iteration = 3"
[1] ""
[1] "------------------ Retrying ------------------"
[1] ""
[1] "------------ Nelder-Mead algorithm ------------"
[1] "Max Loglik = 320.421315292452"
[1] "Current loglik value = 320.516944695492"
[1] ""
[1] "Algorithm did not get a better solution"
[1] "Women, Increase. tol = -0.000298359898354433, time = 17.968, iteration = 3"
[1] ""
[1] "------------------ Retrying ------------------"
[1] ""
[1] "------------ Nelder-Mead algorithm ------------"
[1] "Max Loglik = 320.437046021747"
[1] "Current loglik value = 320.516944695492"
[1] ""
[1] "Algorithm did not get a better solution"
[1] "Women, Increase. tol = -0.000249280654476793, time = 19.445, iteration = 3"
[1] ""
[1] "------------------ Retrying ------------------"
[1] ""
[1] "------------ Nelder-Mead algorithm ------------"
[1] "Max Loglik = 320.206692099262"
[1] "Current loglik value = 320.516944695492"
[1] ""
[1] "Algorithm did not get a better solution"
[1] "Women, Increase. tol = -0.000967975644860473, time = 20.891, iteration = 3"
[1] ""
[1] "------------------ Retrying ------------------"
[1] ""
[1] "------------ Nelder-Mead algorithm ------------"
[1] "Max Loglik = 320.433295583684"
[1] "Current loglik value = 320.516944695492"
[1] ""
[1] "Algorithm did not get a better solution"
[1] "Women, Increase. tol = -0.00026098187067096, time = 22.331, iteration = 3"
[1] ""
[1] "------------------ Retrying ------------------"
[1] ""
[1] "------------ Nelder-Mead algorithm ------------"
[1] "Max Loglik = 320.42420917339"
[1] "Current loglik value = 320.516944695492"
[1] ""
[1] "Algorithm did not get a better solution"
[1] "Women, Increase. tol = -0.000289331106004287, time = 23.731, iteration = 3"
[1] ""
[1] "------------------ Retrying ------------------"
[1] ""
[1] "------------ Nelder-Mead algorithm ------------"
[1] "Max Loglik = 320.439186165348"
[1] "Current loglik value = 320.516944695492"
[1] ""
[1] "Algorithm did not get a better solution"
[1] "Women, Increase. tol = -0.000242603492361595, time = 25.176, iteration = 3"
[1] ""
[1] "------------------ Retrying ------------------"
[1] ""
[1] "------------ Nelder-Mead algorithm ------------"
[1] "Max Loglik = 320.431134508353"
[1] "Current loglik value = 320.516944695492"
[1] ""
[1] "Algorithm did not get a better solution"
[1] "Women, Increase. tol = -0.000267724338943719, time = 26.581, iteration = 3"
[1] ""
[1] "------------------ Retrying ------------------"
[1] ""
[1] "------------ Nelder-Mead algorithm ------------"
[1] "Max Loglik = 320.400960817191"
[1] "Current loglik value = 320.516944695492"
[1] ""
[1] "Algorithm did not get a better solution"
[1] "Women, Increase. tol = -0.000361865044018411, time = 27.984, iteration = 3"
[1] ""
[1] "------------------ Retrying ------------------"
[1] ""
[1] "------------ Nelder-Mead algorithm ------------"
[1] "Max Loglik = 320.435856565785"
[1] "Current loglik value = 320.516944695492"
[1] ""
[1] "Algorithm did not get a better solution"
[1] "Women, Increase. tol = -0.000252991709326218, time = 29.405, iteration = 3"
[1] ""
[1] "------------------ Retrying ------------------"
[1] ""
[1] "------------ Nelder-Mead algorithm ------------"
[1] "Max Loglik = 320.429696953288"
[1] "Current loglik value = 320.516944695492"
[1] ""
[1] "Algorithm did not get a better solution"
[1] "Women, Increase. tol = -0.000272209453036033, time = 30.831, iteration = 3"
[1] ""
[1] "------------------ Retrying ------------------"
[1] ""
[1] "------------ Nelder-Mead algorithm ------------"
[1] "Max Loglik = 320.425978367204"
[1] "Current loglik value = 320.516944695492"
[1] ""
[1] "Algorithm did not get a better solution"
[1] "Women, Increase. tol = -0.000283811292330979, time = 32.275, iteration = 3"
[1] ""
[1] "------------------ Retrying ------------------"
[1] ""
[1] "------------ Nelder-Mead algorithm ------------"
[1] "Max Loglik = 320.388808103455"
[1] "Current loglik value = 320.516944695492"
[1] ""
[1] "Algorithm did not get a better solution"
[1] "Women, Increase. tol = -0.000399781022994501, time = 33.656, iteration = 3"
[1] ""
[1] "------------------ Retrying ------------------"
[1] ""
[1] "------------ Nelder-Mead algorithm ------------"
[1] "Max Loglik = 320.431567383908"
[1] "Current loglik value = 320.516944695492"
[1] ""
[1] "Algorithm did not get a better solution"
[1] "Women, Increase. tol = -0.000266373784589182, time = 35.1, iteration = 3"
[1] ""
[1] "------------------ Retrying ------------------"
[1] ""
[1] "------------ Nelder-Mead algorithm ------------"
[1] "Max Loglik = 320.432023502393"
[1] "Current loglik value = 320.516944695492"
[1] ""
[1] "Algorithm did not get a better solution"
[1] "Women, Increase. tol = -0.000264950713228419, time = 36.495, iteration = 3"
[1] ""
[1] "------------------ Retrying ------------------"
[1] ""
[1] "------------ Nelder-Mead algorithm ------------"
[1] "Max Loglik = 320.439582867054"
[1] "Current loglik value = 320.516944695492"
[1] ""
[1] "Algorithm did not get a better solution"
[1] "Women, Increase. tol = -0.00024136579896272, time = 37.941, iteration = 3"
[1] ""
[1] "------------------ Retrying ------------------"
[1] ""
[1] "------------ Nelder-Mead algorithm ------------"
[1] "Max Loglik = 320.371336479111"
[1] "Current loglik value = 320.516944695492"
[1] ""
[1] "Algorithm did not get a better solution"
[1] "Women, Increase. tol = -0.000454291789530597, time = 39.4, iteration = 3"
[1] ""
[1] "------------------ Retrying ------------------"
[1] ""
[1] "------------ Nelder-Mead algorithm ------------"
[1] "Max Loglik = 320.410768549059"
[1] "Current loglik value = 320.516944695492"
[1] ""
[1] "Algorithm did not get a better solution"
[1] "Women, Increase. tol = -0.000331265314331735, time = 40.894, iteration = 3"
[1] ""
[1] "------------------ Retrying ------------------"
[1] ""
[1] "------------ Nelder-Mead algorithm ------------"
[1] "Max Loglik = 320.404740015607"
[1] "Current loglik value = 320.516944695492"
[1] ""
[1] "Algorithm did not get a better solution"
[1] "Women, Increase. tol = -0.000350074096679035, time = 42.359, iteration = 3"
[1] ""
[1] "------------------ Retrying ------------------"
[1] ""
[1] "------------ Nelder-Mead algorithm ------------"
[1] "Max Loglik = 320.436487448896"
[1] "Current loglik value = 320.516944695492"
[1] ""
[1] "Algorithm did not get a better solution"
[1] "Women, Increase. tol = -0.00025102337934888, time = 43.798, iteration = 3"
[1] ""
[1] "------------------ Retrying ------------------"
[1] ""
[1] "------------ Nelder-Mead algorithm ------------"
[1] "Max Loglik = 320.435233050243"
[1] "Current loglik value = 320.516944695492"
[1] ""
[1] "Algorithm did not get a better solution"
[1] "Women, Increase. tol = -0.000254937052786278, time = 45.235, iteration = 3"
[1] ""
[1] "------------------ Retrying ------------------"
[1] ""
[1] "------------ Nelder-Mead algorithm ------------"
[1] "Max Loglik = 320.43951295131"
[1] "Current loglik value = 320.516944695492"
[1] ""
[1] "Algorithm did not get a better solution"
[1] "Women, Increase. tol = -0.000241583933279495, time = 46.674, iteration = 3"
[1] ""
[1] "------------------ Retrying ------------------"
[1] ""
[1] "------------ Nelder-Mead algorithm ------------"
[1] "Max Loglik = 320.434467158498"
[1] "Current loglik value = 320.516944695492"
[1] ""
[1] "Algorithm did not get a better solution"
[1] "Women, Increase. tol = -0.000257326604282903, time = 47.996, iteration = 3"
[1] ""
[1] "------------------ Retrying ------------------"
[1] ""
[1] "------------ Nelder-Mead algorithm ------------"
[1] "Max Loglik = 320.434546237384"
[1] "Current loglik value = 320.516944695492"
[1] ""
[1] "Algorithm did not get a better solution"
[1] "Women, Increase. tol = -0.000257079881334998, time = 49.439, iteration = 3"
[1] ""
[1] "------------------ Retrying ------------------"
[1] ""
[1] "------------ Nelder-Mead algorithm ------------"
[1] "Max Loglik = 320.439414672334"
[1] "Current loglik value = 320.516944695492"
[1] ""
[1] "Algorithm did not get a better solution"
[1] "Women, Increase. tol = -0.000241890559739283, time = 50.876, iteration = 3"
[1] ""
[1] "------------------ Retrying ------------------"
[1] ""
[1] "------------ Nelder-Mead algorithm ------------"
[1] "Max Loglik = 320.379387532087"
[1] "Current loglik value = 320.516944695492"
[1] ""
[1] "Algorithm did not get a better solution"
[1] "Women, Increase. tol = -0.000429172827464103, time = 52.243, iteration = 3"
[1] ""
[1] "------------------ Retrying ------------------"
[1] ""
[1] "------------ Nelder-Mead algorithm ------------"
[1] "Max Loglik = 320.404741946755"
[1] "Current loglik value = 320.516944695492"
[1] ""
[1] "Algorithm did not get a better solution"
[1] "Women, Increase. tol = -0.000350068071576912, time = 53.633, iteration = 3"
[1] ""
[1] "------------------ Retrying ------------------"
[1] ""
[1] "------------ Nelder-Mead algorithm ------------"
[1] "Max Loglik = 320.435878120837"
[1] "Current loglik value = 320.516944695492"
[1] ""
[1] "Algorithm did not get a better solution"
[1] "Women, Increase. tol = -0.000252924458430741, time = 55.101, iteration = 3"
[1] ""
[1] "------------------ Retrying ------------------"
[1] ""
[1] "------------ Nelder-Mead algorithm ------------"
[1] "Max Loglik = 320.437787734018"
[1] "Current loglik value = 320.516944695492"
[1] ""
[1] "Algorithm did not get a better solution"
[1] "Women, Increase. tol = -0.000246966541969394, time = 56.538, iteration = 3"
[1] ""
[1] "------------------ Retrying ------------------"
[1] ""
[1] "------------ Nelder-Mead algorithm ------------"
[1] "Max Loglik = 320.434374001152"
[1] "Current loglik value = 320.516944695492"
[1] ""
[1] "Algorithm did not get a better solution"
[1] "Women, Increase. tol = -0.000257617251462848, time = 57.687, iteration = 3"
[1] ""
[1] "------------------ Retrying ------------------"
[1] ""
[1] "------------ Nelder-Mead algorithm ------------"
[1] "Max Loglik = 320.438986168479"
[1] "Current loglik value = 320.516944695492"
[1] ""
[1] "Algorithm did not get a better solution"
[1] "Women, Increase. tol = -0.000243227474562086, time = 59.131, iteration = 3"
[1] ""
[1] "------------------ Retrying ------------------"
[1] ""
[1] "------------ Nelder-Mead algorithm ------------"
[1] "Max Loglik = 320.391990128196"
[1] "Current loglik value = 320.516944695492"
[1] ""
[1] "Algorithm did not get a better solution"
[1] "Women, Increase. tol = -0.000389853233545716, time = 60.567, iteration = 3"
[1] ""
[1] "------------------ Retrying ------------------"
[1] ""
[1] "------------ Nelder-Mead algorithm ------------"
[1] "Max Loglik = 320.350141152354"
[1] "Current loglik value = 320.516944695492"
[1] ""
[1] "Algorithm did not get a better solution"
[1] "Women, Increase. tol = -0.000520420358108638, time = 62.153, iteration = 3"
[1] ""
[1] "------------------ Retrying ------------------"
[1] ""
[1] "------------ Nelder-Mead algorithm ------------"
[1] "Max Loglik = 320.416092821196"
[1] "Current loglik value = 320.516944695492"
[1] ""
[1] "Algorithm did not get a better solution"
[1] "Women, Increase. tol = -0.000314653799012173, time = 63.609, iteration = 3"
[1] ""
[1] "------------------ Retrying ------------------"
[1] ""
[1] "------------ Nelder-Mead algorithm ------------"
[1] "Max Loglik = 320.418062038154"
[1] "Current loglik value = 320.516944695492"
[1] ""
[1] "Algorithm did not get a better solution"
[1] "Women, Increase. tol = -0.000308509921159777, time = 65.064, iteration = 3"
[1] ""
[1] "------------------ Retrying ------------------"
[1] ""
[1] "------------ Nelder-Mead algorithm ------------"
[1] "Max Loglik = 320.437834914764"
[1] "Current loglik value = 320.516944695492"
[1] ""
[1] "Algorithm did not get a better solution"
[1] "Women, Increase. tol = -0.000246819339935163, time = 66.509, iteration = 3"
[1] ""
[1] "------------------ Retrying ------------------"
[1] ""
[1] "------------ Nelder-Mead algorithm ------------"
[1] "Max Loglik = 320.400013816278"
[1] "Current loglik value = 320.516944695492"
[1] ""
[1] "Algorithm did not get a better solution"
[1] "Women, Increase. tol = -0.000364819648848967, time = 67.967, iteration = 3"
[1] ""
[1] "------------------ Retrying ------------------"
[1] ""
[1] "------------ Nelder-Mead algorithm ------------"
[1] "Max Loglik = 320.315470564286"
[1] "Current loglik value = 320.516944695492"
[1] ""
[1] "Algorithm did not get a better solution"
[1] "Women, Increase. tol = -0.000628591200998325, time = 69.413, iteration = 3"
[1] ""
[1] "------------------ Retrying ------------------"
[1] ""
[1] "------------ Nelder-Mead algorithm ------------"
[1] "Max Loglik = 320.439588565998"
[1] "Current loglik value = 320.516944695492"
[1] ""
[1] "Algorithm did not get a better solution"
[1] "Women, Increase. tol = -0.000241348018488554, time = 70.681, iteration = 3"
[1] ""
[1] "------------------ Retrying ------------------"
[1] ""
[1] "------------ Nelder-Mead algorithm ------------"
[1] "Max Loglik = 320.430600583084"
[1] "Current loglik value = 320.516944695492"
[1] ""
[1] "Algorithm did not get a better solution"
[1] "Women, Increase. tol = -0.000269390164346999, time = 72.126, iteration = 3"
[1] ""
[1] "------------------ Retrying ------------------"
[1] ""
[1] "------------ Nelder-Mead algorithm ------------"
[1] "Max Loglik = 320.430596344471"
[1] "Current loglik value = 320.516944695492"
[1] ""
[1] "Algorithm did not get a better solution"
[1] "Women, Increase. tol = -0.000269403388649845, time = 73.534, iteration = 3"
[1] ""
[1] "------------------ Retrying ------------------"
[1] ""
[1] "------------ Nelder-Mead algorithm ------------"
[1] "Max Loglik = 320.376526757863"
[1] "Current loglik value = 320.516944695492"
[1] ""
[1] "Algorithm did not get a better solution"
[1] "Women, Increase. tol = -0.000438098328194252, time = 74.898, iteration = 3"
[1] ""
[1] "------------------ Retrying ------------------"
[1] ""
[1] "------------ Nelder-Mead algorithm ------------"
[1] "Max Loglik = 320.338858355394"
[1] "Current loglik value = 320.516944695492"
[1] ""
[1] "Algorithm did not get a better solution"
[1] "Women, Increase. tol = -0.000555622231663419, time = 76.396, iteration = 3"
[1] ""
[1] "------------------ Retrying ------------------"
[1] ""
[1] "------ Maximum iterations withouth improvement achieved ------"
