[1] "------------ Transforming weights ------------"
[1] "------- starting weights -------"
[1] "Underweight:0.25"
[1] "Normal:0.25"
[1] "Overweight:0.25"
[1] "Obese:0.25"
[1] "------------ Nelder-Mead algorithm ------------"
[1] "Max Loglik = 189.465291305923"
[1] "Current loglik value = 0"
[1] "Men, Remain. tol = Inf, time = 2.073, iteration = 1"
[1] "Common area: 0.8862448471702"
[1] "------------ Nelder-Mead algorithm ------------"
[1] "Max Loglik = 189.818260417166"
[1] "Current loglik value = 189.465291305923"
[1] "Men, Remain. tol = 0.00186297505369442, time = 4.199, iteration = 2"
[1] "Common area: 0.96278382685817"
[1] "------------ Nelder-Mead algorithm ------------"
[1] "Max Loglik = 189.824176050272"
[1] "Current loglik value = 189.818260417166"
[1] "Men, Remain. tol = 3.11647208891184e-05, time = 6.279, iteration = 3"
[1] "Common area: 0.976032610464777"
[1] "------------ Nelder-Mead algorithm ------------"
[1] "Max Loglik = 189.828873188208"
[1] "Current loglik value = 189.824176050272"
[1] "Men, Remain. tol = 2.47446770663508e-05, time = 8.353, iteration = 4"
[1] "Common area: 0.978517214971671"
[1] "------------ Nelder-Mead algorithm ------------"
[1] "Max Loglik = 189.829558806316"
[1] "Current loglik value = 189.828873188208"
[1] "Men, Remain. tol = 3.61176936171613e-06, time = 10.053, iteration = 5"
[1] "Common area: 0.977768247399027"
[1] "------------ Nelder-Mead algorithm ------------"
[1] "Max Loglik = 189.832546830183"
[1] "Current loglik value = 189.829558806316"
[1] "Men, Remain. tol = 1.57405616174467e-05, time = 12.151, iteration = 6"
[1] "Common area: 0.975819119078915"
[1] "------------ Nelder-Mead algorithm ------------"
[1] "Max Loglik = 189.833277746316"
[1] "Current loglik value = 189.832546830183"
[1] "Men, Remain. tol = 3.85032042938072e-06, time = 14.236, iteration = 7"
[1] "Common area: 0.974141202256843"
[1] "------------ Nelder-Mead algorithm ------------"
[1] "Max Loglik = 189.82856842731"
[1] "Current loglik value = 189.833277746316"
[1] ""
[1] "Algorithm did not get a better solution"
[1] "Men, Remain. tol = -2.48076578680938e-05, time = 16.309, iteration = 8"
[1] ""
[1] "------------------ Retrying ------------------"
[1] ""
[1] "------------ Nelder-Mead algorithm ------------"
[1] "Max Loglik = 189.821032566368"
[1] "Current loglik value = 189.833277746316"
[1] ""
[1] "Algorithm did not get a better solution"
[1] "Men, Remain. tol = -6.45049176523755e-05, time = 18.28, iteration = 8"
[1] ""
[1] "------------------ Retrying ------------------"
[1] ""
[1] "------------ Nelder-Mead algorithm ------------"
[1] "Max Loglik = 189.771630920664"
[1] "Current loglik value = 189.833277746316"
[1] ""
[1] "Algorithm did not get a better solution"
[1] "Men, Remain. tol = -0.000324741933468593, time = 20.163, iteration = 8"
[1] ""
[1] "------------------ Retrying ------------------"
[1] ""
[1] "------------ Nelder-Mead algorithm ------------"
[1] "Max Loglik = 189.902065804217"
[1] "Current loglik value = 189.833277746316"
[1] "Men, Remain. tol = 0.000362360375996503, time = 22.016, iteration = 8"
[1] "Common area: 0.979939358331036"
[1] "------------ Nelder-Mead algorithm ------------"
[1] "Max Loglik = 189.965967038875"
[1] "Current loglik value = 189.902065804217"
[1] "Men, Remain. tol = 0.00033649573208706, time = 24.077, iteration = 9"
[1] "Common area: 0.9747282838249"
[1] "------------ Nelder-Mead algorithm ------------"
[1] "Max Loglik = 189.979067796325"
[1] "Current loglik value = 189.965967038875"
[1] "Men, Remain. tol = 6.8963707839127e-05, time = 26.076, iteration = 10"
[1] "Common area: 0.972252611103368"
[1] "------------ Nelder-Mead algorithm ------------"
[1] "Max Loglik = 190.047271939094"
[1] "Current loglik value = 189.979067796325"
[1] "Men, Remain. tol = 0.000359008724279165, time = 27.991, iteration = 11"
[1] "Common area: 0.974692827908534"
[1] "------------ Nelder-Mead algorithm ------------"
[1] "Max Loglik = 190.191385116656"
[1] "Current loglik value = 190.047271939094"
[1] "Men, Remain. tol = 0.000758301742990127, time = 29.833, iteration = 12"
[1] "Common area: 0.978322961721337"
[1] "------------ Nelder-Mead algorithm ------------"
[1] "Max Loglik = 190.253028178024"
[1] "Current loglik value = 190.191385116656"
[1] "Men, Remain. tol = 0.000324110691608459, time = 31.67, iteration = 13"
[1] "Common area: 0.966238945174171"
[1] "------------ Nelder-Mead algorithm ------------"
[1] "Max Loglik = 190.272044751712"
[1] "Current loglik value = 190.253028178024"
[1] "Men, Remain. tol = 9.99541183095319e-05, time = 33.465, iteration = 14"
[1] "Common area: 0.960129415315477"
[1] "------------ Nelder-Mead algorithm ------------"
[1] "Max Loglik = 190.287145185412"
[1] "Current loglik value = 190.272044751712"
[1] "Men, Remain. tol = 7.93623347060008e-05, time = 35.164, iteration = 15"
[1] "Common area: 0.953193340862761"
[1] "------------ Nelder-Mead algorithm ------------"
[1] "Max Loglik = 190.250107498739"
[1] "Current loglik value = 190.287145185412"
[1] ""
[1] "Algorithm did not get a better solution"
[1] "Men, Remain. tol = -0.000194641033882228, time = 36.849, iteration = 16"
[1] ""
[1] "------------------ Retrying ------------------"
[1] ""
[1] "------------ Nelder-Mead algorithm ------------"
[1] "Max Loglik = 190.301395717313"
[1] "Current loglik value = 190.287145185412"
[1] "Men, Remain. tol = 7.48896195094376e-05, time = 38.424, iteration = 16"
[1] "Common area: 0.943004421969457"
[1] "------------ Nelder-Mead algorithm ------------"
[1] "Max Loglik = 189.978781918526"
[1] "Current loglik value = 190.301395717313"
[1] ""
[1] "Algorithm did not get a better solution"
[1] "Men, Remain. tol = -0.00169527815374719, time = 40.011, iteration = 17"
[1] ""
[1] "------------------ Retrying ------------------"
[1] ""
[1] "------------ Nelder-Mead algorithm ------------"
[1] "Max Loglik = 190.10917746264"
[1] "Current loglik value = 190.301395717313"
[1] ""
[1] "Algorithm did not get a better solution"
[1] "Men, Remain. tol = -0.00101007275300448, time = 41.509, iteration = 17"
[1] ""
[1] "------------------ Retrying ------------------"
[1] ""
[1] "------------ Nelder-Mead algorithm ------------"
[1] "Max Loglik = 190.148567936621"
[1] "Current loglik value = 190.301395717313"
[1] ""
[1] "Algorithm did not get a better solution"
[1] "Men, Remain. tol = -0.000803082815633614, time = 43.016, iteration = 17"
[1] ""
[1] "------------------ Retrying ------------------"
[1] ""
[1] "------------ Nelder-Mead algorithm ------------"
[1] "Max Loglik = 190.155680142194"
[1] "Current loglik value = 190.301395717313"
[1] ""
[1] "Algorithm did not get a better solution"
[1] "Men, Remain. tol = -0.000765709439855834, time = 44.528, iteration = 17"
[1] ""
[1] "------------------ Retrying ------------------"
[1] ""
[1] "------------ Nelder-Mead algorithm ------------"
[1] "Max Loglik = 190.158948388308"
[1] "Current loglik value = 190.301395717313"
[1] ""
[1] "Algorithm did not get a better solution"
[1] "Men, Remain. tol = -0.000748535387602865, time = 46.055, iteration = 17"
[1] ""
[1] "------------------ Retrying ------------------"
[1] ""
[1] "------------ Nelder-Mead algorithm ------------"
[1] "Max Loglik = 190.159955770562"
[1] "Current loglik value = 190.301395717313"
[1] ""
[1] "Algorithm did not get a better solution"
[1] "Men, Remain. tol = -0.000743241772967771, time = 47.258, iteration = 17"
[1] ""
[1] "------------------ Retrying ------------------"
[1] ""
[1] "------------ Nelder-Mead algorithm ------------"
[1] "Max Loglik = 190.04264755066"
[1] "Current loglik value = 190.301395717313"
[1] ""
[1] "Algorithm did not get a better solution"
[1] "Men, Remain. tol = -0.0013596756118233, time = 48.755, iteration = 17"
[1] ""
[1] "------------------ Retrying ------------------"
[1] ""
[1] "------------ Nelder-Mead algorithm ------------"
[1] "Max Loglik = 190.149435174303"
[1] "Current loglik value = 190.301395717313"
[1] ""
[1] "Algorithm did not get a better solution"
[1] "Men, Remain. tol = -0.000798525635805766, time = 50.234, iteration = 17"
[1] ""
[1] "------------------ Retrying ------------------"
[1] ""
[1] "------------ Nelder-Mead algorithm ------------"
[1] "Max Loglik = 190.158935343772"
[1] "Current loglik value = 190.301395717313"
[1] ""
[1] "Algorithm did not get a better solution"
[1] "Men, Remain. tol = -0.000748603934323386, time = 51.751, iteration = 17"
[1] ""
[1] "------------------ Retrying ------------------"
[1] ""
[1] "------------ Nelder-Mead algorithm ------------"
[1] "Max Loglik = 190.161466490991"
[1] "Current loglik value = 190.301395717313"
[1] ""
[1] "Algorithm did not get a better solution"
[1] "Men, Remain. tol = -0.000735303205711105, time = 53.252, iteration = 17"
[1] ""
[1] "------------------ Retrying ------------------"
[1] ""
[1] "------------ Nelder-Mead algorithm ------------"
[1] "Max Loglik = 190.125730627725"
[1] "Current loglik value = 190.301395717313"
[1] ""
[1] "Algorithm did not get a better solution"
[1] "Men, Remain. tol = -0.000923088813538707, time = 54.922, iteration = 17"
[1] ""
[1] "------------------ Retrying ------------------"
[1] ""
[1] "------------ Nelder-Mead algorithm ------------"
[1] "Max Loglik = 190.053799328949"
[1] "Current loglik value = 190.301395717313"
[1] ""
[1] "Algorithm did not get a better solution"
[1] "Men, Remain. tol = -0.00130107499963764, time = 56.414, iteration = 17"
[1] ""
[1] "------------------ Retrying ------------------"
[1] ""
[1] "------------ Nelder-Mead algorithm ------------"
[1] "Max Loglik = 190.13404593721"
[1] "Current loglik value = 190.301395717313"
[1] ""
[1] "Algorithm did not get a better solution"
[1] "Men, Remain. tol = -0.000879393340609424, time = 58.033, iteration = 17"
[1] ""
[1] "------------------ Retrying ------------------"
[1] ""
[1] "------------ Nelder-Mead algorithm ------------"
[1] "Max Loglik = 190.114223146391"
[1] "Current loglik value = 190.301395717313"
[1] ""
[1] "Algorithm did not get a better solution"
[1] "Men, Remain. tol = -0.000983558581984868, time = 59.663, iteration = 17"
[1] ""
[1] "------------------ Retrying ------------------"
[1] ""
[1] "------------ Nelder-Mead algorithm ------------"
[1] "Max Loglik = 190.112482258063"
[1] "Current loglik value = 190.301395717313"
[1] ""
[1] "Algorithm did not get a better solution"
[1] "Men, Remain. tol = -0.000992706640630292, time = 61.315, iteration = 17"
[1] ""
[1] "------------------ Retrying ------------------"
[1] ""
[1] "------------ Nelder-Mead algorithm ------------"
[1] "Max Loglik = 190.079944938054"
[1] "Current loglik value = 190.301395717313"
[1] ""
[1] "Algorithm did not get a better solution"
[1] "Men, Remain. tol = -0.00116368447232982, time = 63.011, iteration = 17"
[1] ""
[1] "------------------ Retrying ------------------"
[1] ""
[1] "------------ Nelder-Mead algorithm ------------"
[1] "Max Loglik = 190.142475538953"
[1] "Current loglik value = 190.301395717313"
[1] ""
[1] "Algorithm did not get a better solution"
[1] "Men, Remain. tol = -0.000835097282187448, time = 64.645, iteration = 17"
[1] ""
[1] "------------------ Retrying ------------------"
[1] ""
[1] "------------ Nelder-Mead algorithm ------------"
[1] "Max Loglik = 190.134509270945"
[1] "Current loglik value = 190.301395717313"
[1] ""
[1] "Algorithm did not get a better solution"
[1] "Men, Remain. tol = -0.000876958604213441, time = 66.269, iteration = 17"
[1] ""
[1] "------------------ Retrying ------------------"
[1] ""
[1] "------------ Nelder-Mead algorithm ------------"
[1] "Max Loglik = 190.139209466698"
[1] "Current loglik value = 190.301395717313"
[1] ""
[1] "Algorithm did not get a better solution"
[1] "Men, Remain. tol = -0.000852259911199503, time = 67.909, iteration = 17"
[1] ""
[1] "------------------ Retrying ------------------"
[1] ""
[1] "------------ Nelder-Mead algorithm ------------"
[1] "Max Loglik = 190.115148500947"
[1] "Current loglik value = 190.301395717313"
[1] ""
[1] "Algorithm did not get a better solution"
[1] "Men, Remain. tol = -0.000978696008320649, time = 69.446, iteration = 17"
[1] ""
[1] "------------------ Retrying ------------------"
[1] ""
[1] "------------ Nelder-Mead algorithm ------------"
[1] "Max Loglik = 190.108278261917"
[1] "Current loglik value = 190.301395717313"
[1] ""
[1] "Algorithm did not get a better solution"
[1] "Men, Remain. tol = -0.00101479789293432, time = 70.942, iteration = 17"
[1] ""
[1] "------------------ Retrying ------------------"
[1] ""
[1] "------------ Nelder-Mead algorithm ------------"
[1] "Max Loglik = 190.100390179219"
[1] "Current loglik value = 190.301395717313"
[1] ""
[1] "Algorithm did not get a better solution"
[1] "Men, Remain. tol = -0.00105624836505252, time = 72.437, iteration = 17"
[1] ""
[1] "------------------ Retrying ------------------"
[1] ""
[1] "------------ Nelder-Mead algorithm ------------"
[1] "Max Loglik = 190.160422986235"
[1] "Current loglik value = 190.301395717313"
[1] ""
[1] "Algorithm did not get a better solution"
[1] "Men, Remain. tol = -0.000740786637670918, time = 73.96, iteration = 17"
[1] ""
[1] "------------------ Retrying ------------------"
[1] ""
[1] "------------ Nelder-Mead algorithm ------------"
[1] "Max Loglik = 190.103285802582"
[1] "Current loglik value = 190.301395717313"
[1] ""
[1] "Algorithm did not get a better solution"
[1] "Men, Remain. tol = -0.00104103237910932, time = 75.451, iteration = 17"
[1] ""
[1] "------------------ Retrying ------------------"
[1] ""
[1] "------------ Nelder-Mead algorithm ------------"
[1] "Max Loglik = 190.104213895907"
[1] "Current loglik value = 190.301395717313"
[1] ""
[1] "Algorithm did not get a better solution"
[1] "Men, Remain. tol = -0.00103615541369341, time = 76.948, iteration = 17"
[1] ""
[1] "------------------ Retrying ------------------"
[1] ""
[1] "------------ Nelder-Mead algorithm ------------"
[1] "Max Loglik = 190.159192366749"
[1] "Current loglik value = 190.301395717313"
[1] ""
[1] "Algorithm did not get a better solution"
[1] "Men, Remain. tol = -0.000747253324274091, time = 78.439, iteration = 17"
[1] ""
[1] "------------------ Retrying ------------------"
[1] ""
[1] "------------ Nelder-Mead algorithm ------------"
[1] "Max Loglik = 190.158735096941"
[1] "Current loglik value = 190.301395717313"
[1] ""
[1] "Algorithm did not get a better solution"
[1] "Men, Remain. tol = -0.000749656195818375, time = 79.934, iteration = 17"
[1] ""
[1] "------------------ Retrying ------------------"
[1] ""
[1] "------------ Nelder-Mead algorithm ------------"
[1] "Max Loglik = 190.13569262867"
[1] "Current loglik value = 190.301395717313"
[1] ""
[1] "Algorithm did not get a better solution"
[1] "Men, Remain. tol = -0.000870740269760319, time = 81.425, iteration = 17"
[1] ""
[1] "------------------ Retrying ------------------"
[1] ""
[1] "------------ Nelder-Mead algorithm ------------"
[1] "Max Loglik = 190.15787131065"
[1] "Current loglik value = 190.301395717313"
[1] ""
[1] "Algorithm did not get a better solution"
[1] "Men, Remain. tol = -0.000754195239201225, time = 82.955, iteration = 17"
[1] ""
[1] "------------------ Retrying ------------------"
[1] ""
[1] "------------ Nelder-Mead algorithm ------------"
[1] "Max Loglik = 190.127584732974"
[1] "Current loglik value = 190.301395717313"
[1] ""
[1] "Algorithm did not get a better solution"
[1] "Men, Remain. tol = -0.000913345820108453, time = 84.624, iteration = 17"
[1] ""
[1] "------------------ Retrying ------------------"
[1] ""
[1] "------------ Nelder-Mead algorithm ------------"
[1] "Max Loglik = 190.158134775685"
[1] "Current loglik value = 190.301395717313"
[1] ""
[1] "Algorithm did not get a better solution"
[1] "Men, Remain. tol = -0.000752810777282306, time = 86.141, iteration = 17"
[1] ""
[1] "------------------ Retrying ------------------"
[1] ""
[1] "------------ Nelder-Mead algorithm ------------"
[1] "Max Loglik = 190.150371770782"
[1] "Current loglik value = 190.301395717313"
[1] ""
[1] "Algorithm did not get a better solution"
[1] "Men, Remain. tol = -0.000793603987829529, time = 87.674, iteration = 17"
[1] ""
[1] "------------------ Retrying ------------------"
[1] ""
[1] "------------ Nelder-Mead algorithm ------------"
[1] "Max Loglik = 190.136634534445"
[1] "Current loglik value = 190.301395717313"
[1] ""
[1] "Algorithm did not get a better solution"
[1] "Men, Remain. tol = -0.0008657907223804, time = 89.229, iteration = 17"
[1] ""
[1] "------------------ Retrying ------------------"
[1] ""
[1] "------------ Nelder-Mead algorithm ------------"
[1] "Max Loglik = 190.160014774801"
[1] "Current loglik value = 190.301395717313"
[1] ""
[1] "Algorithm did not get a better solution"
[1] "Men, Remain. tol = -0.000742931716180767, time = 90.707, iteration = 17"
[1] ""
[1] "------------------ Retrying ------------------"
[1] ""
[1] "------------ Nelder-Mead algorithm ------------"
[1] "Max Loglik = 190.058535918139"
[1] "Current loglik value = 190.301395717313"
[1] ""
[1] "Algorithm did not get a better solution"
[1] "Men, Remain. tol = -0.00127618506558385, time = 92.154, iteration = 17"
[1] ""
[1] "------------------ Retrying ------------------"
[1] ""
[1] "------------ Nelder-Mead algorithm ------------"
[1] "Max Loglik = 190.05096217351"
[1] "Current loglik value = 190.301395717313"
[1] ""
[1] "Algorithm did not get a better solution"
[1] "Men, Remain. tol = -0.00131598374704195, time = 93.6, iteration = 17"
[1] ""
[1] "------------------ Retrying ------------------"
[1] ""
[1] "------------ Nelder-Mead algorithm ------------"
[1] "Max Loglik = 190.139739912396"
[1] "Current loglik value = 190.301395717313"
[1] ""
[1] "Algorithm did not get a better solution"
[1] "Men, Remain. tol = -0.000849472513365716, time = 94.983, iteration = 17"
[1] ""
[1] "------------------ Retrying ------------------"
[1] ""
[1] "------------ Nelder-Mead algorithm ------------"
[1] "Max Loglik = 190.096508784434"
[1] "Current loglik value = 190.301395717313"
[1] ""
[1] "Algorithm did not get a better solution"
[1] "Men, Remain. tol = -0.00107664440455904, time = 96.475, iteration = 17"
[1] ""
[1] "------------------ Retrying ------------------"
[1] ""
[1] "------------ Nelder-Mead algorithm ------------"
[1] "Max Loglik = 190.148878702014"
[1] "Current loglik value = 190.301395717313"
[1] ""
[1] "Algorithm did not get a better solution"
[1] "Men, Remain. tol = -0.000801449798745497, time = 97.972, iteration = 17"
[1] ""
[1] "------------------ Retrying ------------------"
[1] ""
[1] "------------ Nelder-Mead algorithm ------------"
[1] "Max Loglik = 190.097250945745"
[1] "Current loglik value = 190.301395717313"
[1] ""
[1] "Algorithm did not get a better solution"
[1] "Men, Remain. tol = -0.00107274447882014, time = 99.468, iteration = 17"
[1] ""
[1] "------------------ Retrying ------------------"
[1] ""
[1] "------------ Nelder-Mead algorithm ------------"
[1] "Max Loglik = 189.927659200271"
[1] "Current loglik value = 190.301395717313"
[1] ""
[1] "Algorithm did not get a better solution"
[1] "Men, Remain. tol = -0.00196391894885031, time = 100.925, iteration = 17"
[1] ""
[1] "------------------ Retrying ------------------"
[1] ""
[1] "------------ Nelder-Mead algorithm ------------"
[1] "Max Loglik = 190.159520649788"
[1] "Current loglik value = 190.301395717313"
[1] ""
[1] "Algorithm did not get a better solution"
[1] "Men, Remain. tol = -0.000745528255269584, time = 102.43, iteration = 17"
[1] ""
[1] "------------------ Retrying ------------------"
[1] ""
[1] "------------ Nelder-Mead algorithm ------------"
[1] "Max Loglik = 190.158873856886"
[1] "Current loglik value = 190.301395717313"
[1] ""
[1] "Algorithm did not get a better solution"
[1] "Men, Remain. tol = -0.000748927036974671, time = 103.918, iteration = 17"
[1] ""
[1] "------------------ Retrying ------------------"
[1] ""
[1] "------------ Nelder-Mead algorithm ------------"
[1] "Max Loglik = 190.142381347969"
[1] "Current loglik value = 190.301395717313"
[1] ""
[1] "Algorithm did not get a better solution"
[1] "Men, Remain. tol = -0.000835592239059591, time = 105.514, iteration = 17"
[1] ""
[1] "------------------ Retrying ------------------"
[1] ""
[1] "------------ Nelder-Mead algorithm ------------"
[1] "Max Loglik = 190.061455584695"
[1] "Current loglik value = 190.301395717313"
[1] ""
[1] "Algorithm did not get a better solution"
[1] "Men, Remain. tol = -0.0012608427369327, time = 107.046, iteration = 17"
[1] ""
[1] "------------------ Retrying ------------------"
[1] ""
[1] "------------ Nelder-Mead algorithm ------------"
[1] "Max Loglik = 189.934012983097"
[1] "Current loglik value = 190.301395717313"
[1] ""
[1] "Algorithm did not get a better solution"
[1] "Men, Remain. tol = -0.00193053094976688, time = 108.623, iteration = 17"
[1] ""
[1] "------------------ Retrying ------------------"
[1] ""
[1] "------------ Nelder-Mead algorithm ------------"
[1] "Max Loglik = 190.03739714368"
[1] "Current loglik value = 190.301395717313"
[1] ""
[1] "Algorithm did not get a better solution"
[1] "Men, Remain. tol = -0.00138726556700935, time = 110.271, iteration = 17"
[1] ""
[1] "------------------ Retrying ------------------"
[1] ""
[1] "------------ Nelder-Mead algorithm ------------"
[1] "Max Loglik = 190.107991284122"
[1] "Current loglik value = 190.301395717313"
[1] ""
[1] "Algorithm did not get a better solution"
[1] "Men, Remain. tol = -0.00101630591022322, time = 111.955, iteration = 17"
[1] ""
[1] "------------------ Retrying ------------------"
[1] ""
[1] "------------ Nelder-Mead algorithm ------------"
[1] "Max Loglik = 190.154317518458"
[1] "Current loglik value = 190.301395717313"
[1] ""
[1] "Algorithm did not get a better solution"
[1] "Men, Remain. tol = -0.000772869785322965, time = 113.509, iteration = 17"
[1] ""
[1] "------------------ Retrying ------------------"
[1] ""
[1] "------------ Nelder-Mead algorithm ------------"
[1] "Max Loglik = 190.159830765981"
[1] "Current loglik value = 190.301395717313"
[1] ""
[1] "Algorithm did not get a better solution"
[1] "Men, Remain. tol = -0.000743898649812886, time = 115.064, iteration = 17"
[1] ""
[1] "------------------ Retrying ------------------"
[1] ""
[1] "------ Maximum iterations withouth improvement achieved ------"
