[1] "------------ Transforming weights ------------"
[1] "------- starting weights -------"
[1] "Underweight:0.266666666666667"
[1] "Normal:0.244444444444444"
[1] "Overweight:0.255555555555556"
[1] "Obese:0.233333333333333"
[1] "------------ Simulated Annealing ------------"
[1] "Max Loglik = 344.396034429008"
[1] "Current loglik value = 0"
[1] "Women, Decrease. tol = Inf, time = 23.66, iteration = 1"
[1] "Common area: 0.829533004750413"
[1] "------------ Simulated Annealing ------------"
[1] "Max Loglik = 342.913436699228"
[1] "Current loglik value = 344.396034429008"
[1] ""
[1] "Algorithm did not get a better solution"
[1] "Women, Decrease. tol = -0.00430492102569644, time = 47.584, iteration = 2"
[1] ""
[1] "------------------ Retrying ------------------"
[1] ""
[1] "------------ Simulated Annealing ------------"
[1] "Max Loglik = 343.191871532562"
[1] "Current loglik value = 344.396034429008"
[1] ""
[1] "Algorithm did not get a better solution"
[1] "Women, Decrease. tol = -0.00349644820516654, time = 70.892, iteration = 2"
[1] ""
[1] "------------------ Retrying ------------------"
[1] ""
[1] "------------ Simulated Annealing ------------"
[1] "Max Loglik = 343.329533281985"
[1] "Current loglik value = 344.396034429008"
[1] ""
[1] "Algorithm did not get a better solution"
[1] "Women, Decrease. tol = -0.00309672888304725, time = 95.043, iteration = 2"
[1] ""
[1] "------------------ Retrying ------------------"
[1] ""
[1] "------------ Simulated Annealing ------------"
[1] "Max Loglik = 343.261491656628"
[1] "Current loglik value = 344.396034429008"
[1] ""
[1] "Algorithm did not get a better solution"
[1] "Women, Decrease. tol = -0.00329429685292752, time = 120.058, iteration = 2"
[1] ""
[1] "------------------ Retrying ------------------"
[1] ""
[1] "------------ Simulated Annealing ------------"
[1] "Max Loglik = 342.73490783275"
[1] "Current loglik value = 344.396034429008"
[1] ""
[1] "Algorithm did not get a better solution"
[1] "Women, Decrease. tol = -0.00482330349422483, time = 142.847, iteration = 2"
[1] ""
[1] "------------------ Retrying ------------------"
[1] ""
[1] "------------ Simulated Annealing ------------"
[1] "Max Loglik = 344.224483281042"
[1] "Current loglik value = 344.396034429008"
[1] ""
[1] "Algorithm did not get a better solution"
[1] "Women, Decrease. tol = -0.00049812172852427, time = 164.213, iteration = 2"
[1] ""
[1] "------------------ Retrying ------------------"
[1] ""
[1] "------------ Simulated Annealing ------------"
[1] "Max Loglik = 343.399207468599"
[1] "Current loglik value = 344.396034429008"
[1] ""
[1] "Algorithm did not get a better solution"
[1] "Women, Decrease. tol = -0.00289442055296032, time = 186.941, iteration = 2"
[1] ""
[1] "------------------ Retrying ------------------"
[1] ""
[1] "------------ Simulated Annealing ------------"
[1] "Max Loglik = 342.527904974937"
[1] "Current loglik value = 344.396034429008"
[1] ""
[1] "Algorithm did not get a better solution"
[1] "Women, Decrease. tol = -0.00542436400920841, time = 207.387, iteration = 2"
[1] ""
[1] "------------------ Retrying ------------------"
[1] ""
