[1] "------------ Transforming weights ------------"
[1] "------- starting weights -------"
[1] "Underweight:0.233333333333333"
[1] "Normal:0.233333333333333"
[1] "Overweight:0.233333333333333"
[1] "Obese:0.3"
[1] "------------ Nelder-Mead algorithm ------------"
[1] "Max Loglik = 319.291019958487"
[1] "Current loglik value = 0"
[1] "Women, Increase. tol = Inf, time = 1.735, iteration = 1"
[1] "Common area: 0.803624772120021"
[1] "------------ Nelder-Mead algorithm ------------"
[1] "Max Loglik = 319.913454880523"
[1] "Current loglik value = 319.291019958487"
[1] "Women, Increase. tol = 0.00194942821165672, time = 3.55, iteration = 2"
[1] "Common area: 0.866964033328338"
[1] "------------ Nelder-Mead algorithm ------------"
[1] "Max Loglik = 320.533420241849"
[1] "Current loglik value = 319.913454880523"
[1] "Women, Increase. tol = 0.00193791587027012, time = 5.333, iteration = 3"
[1] "Common area: 0.870640036336084"
[1] "------------ Nelder-Mead algorithm ------------"
[1] "Max Loglik = 320.137304795614"
[1] "Current loglik value = 320.533420241849"
[1] ""
[1] "Algorithm did not get a better solution"
[1] "Women, Increase. tol = -0.00123580076591081, time = 7.15, iteration = 4"
[1] ""
[1] "------------------ Retrying ------------------"
[1] ""
[1] "------------ Nelder-Mead algorithm ------------"
[1] "Max Loglik = 320.241768330789"
[1] "Current loglik value = 320.533420241849"
[1] ""
[1] "Algorithm did not get a better solution"
[1] "Women, Increase. tol = -0.000909895482472233, time = 8.841, iteration = 4"
[1] ""
[1] "------------------ Retrying ------------------"
[1] ""
[1] "------------ Nelder-Mead algorithm ------------"
[1] "Max Loglik = 320.120070967781"
[1] "Current loglik value = 320.533420241849"
[1] ""
[1] "Algorithm did not get a better solution"
[1] "Women, Increase. tol = -0.00128956685314134, time = 10.525, iteration = 4"
[1] ""
[1] "------------------ Retrying ------------------"
[1] ""
[1] "------------ Nelder-Mead algorithm ------------"
[1] "Max Loglik = 319.955881173134"
[1] "Current loglik value = 320.533420241849"
[1] ""
[1] "Algorithm did not get a better solution"
[1] "Women, Increase. tol = -0.00180180609023236, time = 12.108, iteration = 4"
[1] ""
[1] "------------------ Retrying ------------------"
[1] ""
[1] "------------ Nelder-Mead algorithm ------------"
[1] "Max Loglik = 320.173374304153"
[1] "Current loglik value = 320.533420241849"
[1] ""
[1] "Algorithm did not get a better solution"
[1] "Women, Increase. tol = -0.00112327113167984, time = 13.719, iteration = 4"
[1] ""
[1] "------------------ Retrying ------------------"
[1] ""
[1] "------------ Nelder-Mead algorithm ------------"
[1] "Max Loglik = 320.391029335335"
[1] "Current loglik value = 320.533420241849"
[1] ""
[1] "Algorithm did not get a better solution"
[1] "Women, Increase. tol = -0.000444231077078338, time = 15.265, iteration = 4"
[1] ""
[1] "------------------ Retrying ------------------"
[1] ""
[1] "------------ Nelder-Mead algorithm ------------"
[1] "Max Loglik = 320.347656814182"
[1] "Current loglik value = 320.533420241849"
[1] ""
[1] "Algorithm did not get a better solution"
[1] "Women, Increase. tol = -0.000579544646318157, time = 16.835, iteration = 4"
[1] ""
[1] "------------------ Retrying ------------------"
[1] ""
[1] "------------ Nelder-Mead algorithm ------------"
[1] "Max Loglik = 320.334952469196"
[1] "Current loglik value = 320.533420241849"
[1] ""
[1] "Algorithm did not get a better solution"
[1] "Women, Increase. tol = -0.000619179655285953, time = 18.412, iteration = 4"
[1] ""
[1] "------------------ Retrying ------------------"
[1] ""
[1] "------------ Nelder-Mead algorithm ------------"
[1] "Max Loglik = 320.371259600734"
[1] "Current loglik value = 320.533420241849"
[1] ""
[1] "Algorithm did not get a better solution"
[1] "Women, Increase. tol = -0.000505908684941942, time = 19.972, iteration = 4"
[1] ""
[1] "------------------ Retrying ------------------"
[1] ""
[1] "------------ Nelder-Mead algorithm ------------"
[1] "Max Loglik = 320.386998124446"
[1] "Current loglik value = 320.533420241849"
[1] ""
[1] "Algorithm did not get a better solution"
[1] "Women, Increase. tol = -0.00045680764674091, time = 21.541, iteration = 4"
[1] ""
[1] "------------------ Retrying ------------------"
[1] ""
[1] "------------ Nelder-Mead algorithm ------------"
[1] "Max Loglik = 320.417639759171"
[1] "Current loglik value = 320.533420241849"
[1] ""
[1] "Algorithm did not get a better solution"
[1] "Women, Increase. tol = -0.000361211890449113, time = 23.075, iteration = 4"
[1] ""
[1] "------------------ Retrying ------------------"
[1] ""
[1] "------------ Nelder-Mead algorithm ------------"
[1] "Max Loglik = 320.429310711178"
[1] "Current loglik value = 320.533420241849"
[1] ""
[1] "Algorithm did not get a better solution"
[1] "Women, Increase. tol = -0.000324800860366321, time = 24.61, iteration = 4"
[1] ""
[1] "------------------ Retrying ------------------"
[1] ""
[1] "------------ Nelder-Mead algorithm ------------"
[1] "Max Loglik = 320.433873616671"
[1] "Current loglik value = 320.533420241849"
[1] ""
[1] "Algorithm did not get a better solution"
[1] "Women, Increase. tol = -0.000310565510149836, time = 26.174, iteration = 4"
[1] ""
[1] "------------------ Retrying ------------------"
[1] ""
[1] "------------ Nelder-Mead algorithm ------------"
[1] "Max Loglik = 320.568665173549"
[1] "Current loglik value = 320.533420241849"
[1] "Women, Increase. tol = 0.000109957119832222, time = 27.693, iteration = 4"
[1] "Common area: 0.712673817113213"
[1] "------------ Nelder-Mead algorithm ------------"
[1] "Max Loglik = 319.806736278397"
[1] "Current loglik value = 320.568665173549"
[1] ""
[1] "Algorithm did not get a better solution"
[1] "Women, Increase. tol = -0.00237680402961088, time = 29.293, iteration = 5"
[1] ""
[1] "------------------ Retrying ------------------"
[1] ""
[1] "------------ Nelder-Mead algorithm ------------"
[1] "Max Loglik = 320.784613574258"
[1] "Current loglik value = 320.568665173549"
[1] "Women, Increase. tol = 0.000673641638032875, time = 30.622, iteration = 5"
[1] "Common area: 0.385451952440292"
[1] "------------ Nelder-Mead algorithm ------------"
[1] "Max Loglik = 318.855266322919"
[1] "Current loglik value = 320.784613574258"
[1] ""
[1] "Algorithm did not get a better solution"
[1] "Women, Increase. tol = -0.00601446319336123, time = 31.946, iteration = 6"
[1] ""
[1] "------------------ Retrying ------------------"
[1] ""
[1] "------------ Nelder-Mead algorithm ------------"
[1] "Max Loglik = 319.136478883847"
[1] "Current loglik value = 320.784613574258"
[1] ""
[1] "Algorithm did not get a better solution"
[1] "Women, Increase. tol = -0.00513782338886926, time = 33.058, iteration = 6"
[1] ""
[1] "------------------ Retrying ------------------"
[1] ""
[1] "------------ Nelder-Mead algorithm ------------"
[1] "Max Loglik = 319.233183353603"
[1] "Current loglik value = 320.784613574258"
[1] ""
[1] "Algorithm did not get a better solution"
[1] "Women, Increase. tol = -0.00483636108156512, time = 34.342, iteration = 6"
[1] ""
[1] "------------------ Retrying ------------------"
[1] ""
[1] "------------ Nelder-Mead algorithm ------------"
[1] "Max Loglik = 319.638786088573"
[1] "Current loglik value = 320.784613574258"
[1] ""
[1] "Algorithm did not get a better solution"
[1] "Women, Increase. tol = -0.00357195275957385, time = 35.673, iteration = 6"
[1] ""
[1] "------------------ Retrying ------------------"
[1] ""
[1] "------------ Nelder-Mead algorithm ------------"
[1] "Max Loglik = 319.765103589921"
[1] "Current loglik value = 320.784613574258"
[1] ""
[1] "Algorithm did not get a better solution"
[1] "Women, Increase. tol = -0.00317817607577014, time = 37.003, iteration = 6"
[1] ""
[1] "------------------ Retrying ------------------"
[1] ""
[1] "------------ Nelder-Mead algorithm ------------"
[1] "Max Loglik = 319.728943256778"
[1] "Current loglik value = 320.784613574258"
[1] ""
[1] "Algorithm did not get a better solution"
[1] "Women, Increase. tol = -0.00329090072531131, time = 38.324, iteration = 6"
[1] ""
[1] "------------------ Retrying ------------------"
[1] ""
[1] "------------ Nelder-Mead algorithm ------------"
[1] "Max Loglik = 319.929443955744"
[1] "Current loglik value = 320.784613574258"
[1] ""
[1] "Algorithm did not get a better solution"
[1] "Women, Increase. tol = -0.00266586856827712, time = 39.674, iteration = 6"
[1] ""
[1] "------------------ Retrying ------------------"
[1] ""
[1] "------------ Nelder-Mead algorithm ------------"
[1] "Max Loglik = 319.977793794834"
[1] "Current loglik value = 320.784613574258"
[1] ""
[1] "Algorithm did not get a better solution"
[1] "Women, Increase. tol = -0.00251514488314782, time = 40.994, iteration = 6"
[1] ""
[1] "------------------ Retrying ------------------"
[1] ""
[1] "------------ Nelder-Mead algorithm ------------"
[1] "Max Loglik = 319.922862845341"
[1] "Current loglik value = 320.784613574258"
[1] ""
[1] "Algorithm did not get a better solution"
[1] "Women, Increase. tol = -0.00268638423556407, time = 42.295, iteration = 6"
[1] ""
[1] "------------------ Retrying ------------------"
[1] ""
[1] "------------ Nelder-Mead algorithm ------------"
[1] "Max Loglik = 320.092641670353"
[1] "Current loglik value = 320.784613574258"
[1] ""
[1] "Algorithm did not get a better solution"
[1] "Women, Increase. tol = -0.00215712311196867, time = 43.662, iteration = 6"
[1] ""
[1] "------------------ Retrying ------------------"
[1] ""
[1] "------------ Nelder-Mead algorithm ------------"
[1] "Max Loglik = 320.116219656785"
[1] "Current loglik value = 320.784613574258"
[1] ""
[1] "Algorithm did not get a better solution"
[1] "Women, Increase. tol = -0.00208362212272463, time = 44.976, iteration = 6"
[1] ""
[1] "------------------ Retrying ------------------"
[1] ""
[1] "------------ Nelder-Mead algorithm ------------"
[1] "Max Loglik = 320.16745843206"
[1] "Current loglik value = 320.784613574258"
[1] ""
[1] "Algorithm did not get a better solution"
[1] "Women, Increase. tol = -0.00192389259360421, time = 46.243, iteration = 6"
[1] ""
[1] "------------------ Retrying ------------------"
[1] ""
[1] "------------ Nelder-Mead algorithm ------------"
[1] "Max Loglik = 320.170889835751"
[1] "Current loglik value = 320.784613574258"
[1] ""
[1] "Algorithm did not get a better solution"
[1] "Women, Increase. tol = -0.00191319568500628, time = 47.526, iteration = 6"
[1] ""
[1] "------------------ Retrying ------------------"
[1] ""
[1] "------------ Nelder-Mead algorithm ------------"
[1] "Max Loglik = 320.215532030862"
[1] "Current loglik value = 320.784613574258"
[1] ""
[1] "Algorithm did not get a better solution"
[1] "Women, Increase. tol = -0.00177403004793412, time = 48.79, iteration = 6"
[1] ""
[1] "------------------ Retrying ------------------"
[1] ""
[1] "------------ Nelder-Mead algorithm ------------"
[1] "Max Loglik = 320.261594258969"
[1] "Current loglik value = 320.784613574258"
[1] ""
[1] "Algorithm did not get a better solution"
[1] "Women, Increase. tol = -0.00163043766177316, time = 50.127, iteration = 6"
[1] ""
[1] "------------------ Retrying ------------------"
[1] ""
[1] "------------ Nelder-Mead algorithm ------------"
[1] "Max Loglik = 320.286011675898"
[1] "Current loglik value = 320.784613574258"
[1] ""
[1] "Algorithm did not get a better solution"
[1] "Women, Increase. tol = -0.00155431986841565, time = 51.469, iteration = 6"
[1] ""
[1] "------------------ Retrying ------------------"
[1] ""
[1] "------------ Nelder-Mead algorithm ------------"
[1] "Max Loglik = 320.346761301521"
[1] "Current loglik value = 320.784613574258"
[1] ""
[1] "Algorithm did not get a better solution"
[1] "Women, Increase. tol = -0.00136494162814969, time = 52.792, iteration = 6"
[1] ""
[1] "------------------ Retrying ------------------"
[1] ""
[1] "------------ Nelder-Mead algorithm ------------"
[1] "Max Loglik = 320.432370277593"
[1] "Current loglik value = 320.784613574258"
[1] ""
[1] "Algorithm did not get a better solution"
[1] "Women, Increase. tol = -0.00109806793019239, time = 54.105, iteration = 6"
[1] ""
[1] "------------------ Retrying ------------------"
[1] ""
[1] "------------ Nelder-Mead algorithm ------------"
[1] "Max Loglik = 320.365112656508"
[1] "Current loglik value = 320.784613574258"
[1] ""
[1] "Algorithm did not get a better solution"
[1] "Women, Increase. tol = -0.00130773391240872, time = 55.529, iteration = 6"
[1] ""
[1] "------------------ Retrying ------------------"
[1] ""
[1] "------------ Nelder-Mead algorithm ------------"
[1] "Max Loglik = 320.349571169875"
[1] "Current loglik value = 320.784613574258"
[1] ""
[1] "Algorithm did not get a better solution"
[1] "Women, Increase. tol = -0.00135618226677416, time = 56.821, iteration = 6"
[1] ""
[1] "------------------ Retrying ------------------"
[1] ""
[1] "------------ Nelder-Mead algorithm ------------"
[1] "Max Loglik = 320.379756904468"
[1] "Current loglik value = 320.784613574258"
[1] ""
[1] "Algorithm did not get a better solution"
[1] "Women, Increase. tol = -0.00126208257085311, time = 58.105, iteration = 6"
[1] ""
[1] "------------------ Retrying ------------------"
[1] ""
[1] "------------ Nelder-Mead algorithm ------------"
[1] "Max Loglik = 320.400487445036"
[1] "Current loglik value = 320.784613574258"
[1] ""
[1] "Algorithm did not get a better solution"
[1] "Women, Increase. tol = -0.00119745808548087, time = 59.389, iteration = 6"
[1] ""
[1] "------------------ Retrying ------------------"
[1] ""
[1] "------------ Nelder-Mead algorithm ------------"
[1] "Max Loglik = 320.438557926336"
[1] "Current loglik value = 320.784613574258"
[1] ""
[1] "Algorithm did not get a better solution"
[1] "Women, Increase. tol = -0.0010787788231681, time = 60.684, iteration = 6"
[1] ""
[1] "------------------ Retrying ------------------"
[1] ""
[1] "------------ Nelder-Mead algorithm ------------"
[1] "Max Loglik = 320.503728276245"
[1] "Current loglik value = 320.784613574258"
[1] ""
[1] "Algorithm did not get a better solution"
[1] "Women, Increase. tol = -0.00087561960931871, time = 61.897, iteration = 6"
[1] ""
[1] "------------------ Retrying ------------------"
[1] ""
[1] "------------ Nelder-Mead algorithm ------------"
[1] "Max Loglik = 320.549946460515"
[1] "Current loglik value = 320.784613574258"
[1] ""
[1] "Algorithm did not get a better solution"
[1] "Women, Increase. tol = -0.000731541052198581, time = 63.076, iteration = 6"
[1] ""
[1] "------------------ Retrying ------------------"
[1] ""
[1] "------------ Nelder-Mead algorithm ------------"
[1] "Max Loglik = 320.569207345662"
[1] "Current loglik value = 320.784613574258"
[1] ""
[1] "Algorithm did not get a better solution"
[1] "Women, Increase. tol = -0.000671498006703938, time = 64.014, iteration = 6"
[1] ""
[1] "------------------ Retrying ------------------"
[1] ""
[1] "------------ Nelder-Mead algorithm ------------"
[1] "Max Loglik = 320.523272272422"
[1] "Current loglik value = 320.784613574258"
[1] ""
[1] "Algorithm did not get a better solution"
[1] "Women, Increase. tol = -0.000814694005812013, time = 65.019, iteration = 6"
[1] ""
[1] "------------------ Retrying ------------------"
[1] ""
[1] "------------ Nelder-Mead algorithm ------------"
[1] "Max Loglik = 320.556107799044"
[1] "Current loglik value = 320.784613574258"
[1] ""
[1] "Algorithm did not get a better solution"
[1] "Women, Increase. tol = -0.000712333963489384, time = 66.196, iteration = 6"
[1] ""
[1] "------------------ Retrying ------------------"
[1] ""
[1] "------------ Nelder-Mead algorithm ------------"
[1] "Max Loglik = 320.718670695783"
[1] "Current loglik value = 320.784613574258"
[1] ""
[1] "Algorithm did not get a better solution"
[1] "Women, Increase. tol = -0.0002055674607952, time = 67.405, iteration = 6"
[1] ""
[1] "------------------ Retrying ------------------"
[1] ""
[1] "------------ Nelder-Mead algorithm ------------"
[1] "Max Loglik = 320.710151946104"
[1] "Current loglik value = 320.784613574258"
[1] ""
[1] "Algorithm did not get a better solution"
[1] "Women, Increase. tol = -0.000232123440473658, time = 68.578, iteration = 6"
[1] ""
[1] "------------------ Retrying ------------------"
[1] ""
[1] "------------ Nelder-Mead algorithm ------------"
[1] "Max Loglik = 320.752902525434"
[1] "Current loglik value = 320.784613574258"
[1] ""
[1] "Algorithm did not get a better solution"
[1] "Women, Increase. tol = -9.88546441507598e-05, time = 69.74, iteration = 6"
[1] ""
[1] "------------------ Retrying ------------------"
[1] ""
[1] "------------ Nelder-Mead algorithm ------------"
[1] "Max Loglik = 320.911485765614"
[1] "Current loglik value = 320.784613574258"
[1] "Women, Increase. tol = 0.000395505850301921, time = 70.893, iteration = 6"
[1] "Common area: 0.892981548890967"
[1] "------------ Nelder-Mead algorithm ------------"
[1] "Max Loglik = 321.497518116114"
[1] "Current loglik value = 320.911485765614"
[1] "Women, Increase. tol = 0.0018261495038196, time = 71.895, iteration = 7"
[1] "Common area: 0.863534608147685"
[1] "------------ Nelder-Mead algorithm ------------"
[1] "Max Loglik = 234.229894329376"
[1] "Current loglik value = 321.497518116114"
[1] ""
[1] "Algorithm did not get a better solution"
[1] "Women, Increase. tol = -0.271441049679332, time = 73.001, iteration = 8"
[1] ""
[1] "------------------ Retrying ------------------"
[1] ""
[1] "------------ Nelder-Mead algorithm ------------"
[1] "Max Loglik = 245.848673618566"
[1] "Current loglik value = 321.497518116114"
[1] ""
[1] "Algorithm did not get a better solution"
[1] "Women, Increase. tol = -0.235301488300219, time = 74.077, iteration = 8"
[1] ""
[1] "------------------ Retrying ------------------"
[1] ""
[1] "------------ Nelder-Mead algorithm ------------"
[1] "Max Loglik = 246.440877791101"
[1] "Current loglik value = 321.497518116114"
[1] ""
[1] "Algorithm did not get a better solution"
[1] "Women, Increase. tol = -0.233459470433315, time = 75.195, iteration = 8"
[1] ""
[1] "------------------ Retrying ------------------"
[1] ""
[1] "------------ Nelder-Mead algorithm ------------"
[1] "Max Loglik = 246.64637420838"
[1] "Current loglik value = 321.497518116114"
[1] ""
[1] "Algorithm did not get a better solution"
[1] "Women, Increase. tol = -0.23282028535194, time = 76.324, iteration = 8"
[1] ""
[1] "------------------ Retrying ------------------"
[1] ""
[1] "------------ Nelder-Mead algorithm ------------"
[1] "Max Loglik = 253.635488075163"
[1] "Current loglik value = 321.497518116114"
[1] ""
[1] "Algorithm did not get a better solution"
[1] "Women, Increase. tol = -0.211081038630109, time = 77.317, iteration = 8"
[1] ""
[1] "------------------ Retrying ------------------"
[1] ""
[1] "------------ Nelder-Mead algorithm ------------"
[1] "Max Loglik = 252.921854685575"
[1] "Current loglik value = 321.497518116114"
[1] ""
[1] "Algorithm did not get a better solution"
[1] "Women, Increase. tol = -0.213300755266708, time = 78.325, iteration = 8"
[1] ""
[1] "------------------ Retrying ------------------"
[1] ""
[1] "------------ Nelder-Mead algorithm ------------"
[1] "Max Loglik = 270.060222221092"
[1] "Current loglik value = 321.497518116114"
[1] ""
[1] "Algorithm did not get a better solution"
[1] "Women, Increase. tol = -0.159992824194819, time = 79.233, iteration = 8"
[1] ""
[1] "------------------ Retrying ------------------"
[1] ""
[1] "------------ Nelder-Mead algorithm ------------"
[1] "Max Loglik = 269.613580648728"
[1] "Current loglik value = 321.497518116114"
[1] ""
[1] "Algorithm did not get a better solution"
[1] "Women, Increase. tol = -0.161382077757277, time = 80.165, iteration = 8"
[1] ""
[1] "------------------ Retrying ------------------"
[1] ""
[1] "------------ Nelder-Mead algorithm ------------"
[1] "Max Loglik = 281.016100464293"
[1] "Current loglik value = 321.497518116114"
[1] ""
[1] "Algorithm did not get a better solution"
[1] "Women, Increase. tol = -0.125915179342693, time = 81.192, iteration = 8"
[1] ""
[1] "------------------ Retrying ------------------"
[1] ""
[1] "------------ Nelder-Mead algorithm ------------"
[1] "Max Loglik = 288.235269611091"
[1] "Current loglik value = 321.497518116114"
[1] ""
[1] "Algorithm did not get a better solution"
[1] "Women, Increase. tol = -0.103460358574248, time = 82.123, iteration = 8"
[1] ""
[1] "------------------ Retrying ------------------"
[1] ""
[1] "------------ Nelder-Mead algorithm ------------"
[1] "Max Loglik = 282.99223025462"
[1] "Current loglik value = 321.497518116114"
[1] ""
[1] "Algorithm did not get a better solution"
[1] "Women, Increase. tol = -0.119768538454431, time = 83.106, iteration = 8"
[1] ""
[1] "------------------ Retrying ------------------"
[1] ""
[1] "------------ Nelder-Mead algorithm ------------"
[1] "Max Loglik = 307.871617766387"
[1] "Current loglik value = 321.497518116114"
[1] ""
[1] "Algorithm did not get a better solution"
[1] "Women, Increase. tol = -0.0423825988753226, time = 84.287, iteration = 8"
[1] ""
[1] "------------------ Retrying ------------------"
[1] ""
[1] "------------ Nelder-Mead algorithm ------------"
[1] "Max Loglik = 309.384980463889"
[1] "Current loglik value = 321.497518116114"
[1] ""
[1] "Algorithm did not get a better solution"
[1] "Women, Increase. tol = -0.0376753690765686, time = 85.431, iteration = 8"
[1] ""
[1] "------------------ Retrying ------------------"
[1] ""
[1] "------------ Nelder-Mead algorithm ------------"
[1] "Max Loglik = 310.048628865691"
[1] "Current loglik value = 321.497518116114"
[1] ""
[1] "Algorithm did not get a better solution"
[1] "Women, Increase. tol = -0.0356111279412393, time = 86.524, iteration = 8"
[1] ""
[1] "------------------ Retrying ------------------"
[1] ""
[1] "------------ Nelder-Mead algorithm ------------"
[1] "Max Loglik = 310.019761032557"
[1] "Current loglik value = 321.497518116114"
[1] ""
[1] "Algorithm did not get a better solution"
[1] "Women, Increase. tol = -0.0357009197172464, time = 87.602, iteration = 8"
[1] ""
[1] "------------------ Retrying ------------------"
[1] ""
[1] "------------ Nelder-Mead algorithm ------------"
[1] "Max Loglik = 310.036644366453"
[1] "Current loglik value = 321.497518116114"
[1] ""
[1] "Algorithm did not get a better solution"
[1] "Women, Increase. tol = -0.0356484050540074, time = 88.685, iteration = 8"
[1] ""
[1] "------------------ Retrying ------------------"
[1] ""
[1] "------------ Nelder-Mead algorithm ------------"
[1] "Max Loglik = 309.962261192284"
[1] "Current loglik value = 321.497518116114"
[1] ""
[1] "Algorithm did not get a better solution"
[1] "Women, Increase. tol = -0.0358797697457308, time = 89.765, iteration = 8"
[1] ""
[1] "------------------ Retrying ------------------"
[1] ""
[1] "------------ Nelder-Mead algorithm ------------"
[1] "Max Loglik = 310.026139881983"
[1] "Current loglik value = 321.497518116114"
[1] ""
[1] "Algorithm did not get a better solution"
[1] "Women, Increase. tol = -0.0356810786638442, time = 90.895, iteration = 8"
[1] ""
[1] "------------------ Retrying ------------------"
[1] ""
[1] "------------ Nelder-Mead algorithm ------------"
[1] "Max Loglik = 310.079848216142"
[1] "Current loglik value = 321.497518116114"
[1] ""
[1] "Algorithm did not get a better solution"
[1] "Women, Increase. tol = -0.0355140219024925, time = 92.01, iteration = 8"
[1] ""
[1] "------------------ Retrying ------------------"
[1] ""
[1] "------------ Nelder-Mead algorithm ------------"
[1] "Max Loglik = 310.075921664104"
[1] "Current loglik value = 321.497518116114"
[1] ""
[1] "Algorithm did not get a better solution"
[1] "Women, Increase. tol = -0.0355262352223989, time = 93.121, iteration = 8"
[1] ""
[1] "------------------ Retrying ------------------"
[1] ""
[1] "------------ Nelder-Mead algorithm ------------"
[1] "Max Loglik = 309.947085059864"
[1] "Current loglik value = 321.497518116114"
[1] ""
[1] "Algorithm did not get a better solution"
[1] "Women, Increase. tol = -0.0359269742545208, time = 94.233, iteration = 8"
[1] ""
[1] "------------------ Retrying ------------------"
[1] ""
[1] "------------ Nelder-Mead algorithm ------------"
[1] "Max Loglik = 310.086635988292"
[1] "Current loglik value = 321.497518116114"
[1] ""
[1] "Algorithm did not get a better solution"
[1] "Women, Increase. tol = -0.0354929089178892, time = 95.386, iteration = 8"
[1] ""
[1] "------------------ Retrying ------------------"
[1] ""
[1] "------------ Nelder-Mead algorithm ------------"
[1] "Max Loglik = 310.008423141976"
[1] "Current loglik value = 321.497518116114"
[1] ""
[1] "Algorithm did not get a better solution"
[1] "Women, Increase. tol = -0.0357361855900512, time = 96.526, iteration = 8"
[1] ""
[1] "------------------ Retrying ------------------"
[1] ""
[1] "------------ Nelder-Mead algorithm ------------"
[1] "Max Loglik = 310.106954850722"
[1] "Current loglik value = 321.497518116114"
[1] ""
[1] "Algorithm did not get a better solution"
[1] "Women, Increase. tol = -0.0354297082358139, time = 97.648, iteration = 8"
[1] ""
[1] "------------------ Retrying ------------------"
[1] ""
[1] "------------ Nelder-Mead algorithm ------------"
[1] "Max Loglik = 310.128568362887"
[1] "Current loglik value = 321.497518116114"
[1] ""
[1] "Algorithm did not get a better solution"
[1] "Women, Increase. tol = -0.0353624806183457, time = 98.81, iteration = 8"
[1] ""
[1] "------------------ Retrying ------------------"
[1] ""
[1] "------------ Nelder-Mead algorithm ------------"
[1] "Max Loglik = 310.008476962947"
[1] "Current loglik value = 321.497518116114"
[1] ""
[1] "Algorithm did not get a better solution"
[1] "Women, Increase. tol = -0.0357360181829394, time = 99.954, iteration = 8"
[1] ""
[1] "------------------ Retrying ------------------"
[1] ""
[1] "------------ Nelder-Mead algorithm ------------"
[1] "Max Loglik = 309.946731944993"
[1] "Current loglik value = 321.497518116114"
[1] ""
[1] "Algorithm did not get a better solution"
[1] "Women, Increase. tol = -0.0359280725985259, time = 101.085, iteration = 8"
[1] ""
[1] "------------------ Retrying ------------------"
[1] ""
[1] "------------ Nelder-Mead algorithm ------------"
[1] "Max Loglik = 310.035266219041"
[1] "Current loglik value = 321.497518116114"
[1] ""
[1] "Algorithm did not get a better solution"
[1] "Women, Increase. tol = -0.0356526917042444, time = 102.255, iteration = 8"
[1] ""
[1] "------------------ Retrying ------------------"
[1] ""
[1] "------------ Nelder-Mead algorithm ------------"
[1] "Max Loglik = 310.096010254161"
[1] "Current loglik value = 321.497518116114"
[1] ""
[1] "Algorithm did not get a better solution"
[1] "Women, Increase. tol = -0.035463750789628, time = 103.442, iteration = 8"
[1] ""
[1] "------------------ Retrying ------------------"
[1] ""
[1] "------------ Nelder-Mead algorithm ------------"
[1] "Max Loglik = 310.154655266108"
[1] "Current loglik value = 321.497518116114"
[1] ""
[1] "Algorithm did not get a better solution"
[1] "Women, Increase. tol = -0.0352813387688733, time = 104.624, iteration = 8"
[1] ""
[1] "------------------ Retrying ------------------"
[1] ""
[1] "------------ Nelder-Mead algorithm ------------"
[1] "Max Loglik = 310.22671371142"
[1] "Current loglik value = 321.497518116114"
[1] ""
[1] "Algorithm did not get a better solution"
[1] "Women, Increase. tol = -0.0350572050158835, time = 105.83, iteration = 8"
[1] ""
[1] "------------------ Retrying ------------------"
[1] ""
[1] "------------ Nelder-Mead algorithm ------------"
[1] "Max Loglik = 310.210801451207"
[1] "Current loglik value = 321.497518116114"
[1] ""
[1] "Algorithm did not get a better solution"
[1] "Women, Increase. tol = -0.0351066992088905, time = 107.04, iteration = 8"
[1] ""
[1] "------------------ Retrying ------------------"
[1] ""
[1] "------------ Nelder-Mead algorithm ------------"
[1] "Max Loglik = 310.111131718843"
[1] "Current loglik value = 321.497518116114"
[1] ""
[1] "Algorithm did not get a better solution"
[1] "Women, Increase. tol = -0.0354167163217696, time = 108.228, iteration = 8"
[1] ""
[1] "------------------ Retrying ------------------"
[1] ""
[1] "------------ Nelder-Mead algorithm ------------"
[1] "Max Loglik = 310.096457491904"
[1] "Current loglik value = 321.497518116114"
[1] ""
[1] "Algorithm did not get a better solution"
[1] "Women, Increase. tol = -0.0354623596817099, time = 109.426, iteration = 8"
[1] ""
[1] "------------------ Retrying ------------------"
[1] ""
[1] "------------ Nelder-Mead algorithm ------------"
[1] "Max Loglik = 310.101222857686"
[1] "Current loglik value = 321.497518116114"
[1] ""
[1] "Algorithm did not get a better solution"
[1] "Women, Increase. tol = -0.0354475372786948, time = 110.604, iteration = 8"
[1] ""
[1] "------------------ Retrying ------------------"
[1] ""
[1] "------------ Nelder-Mead algorithm ------------"
[1] "Max Loglik = 310.157003711528"
[1] "Current loglik value = 321.497518116114"
[1] ""
[1] "Algorithm did not get a better solution"
[1] "Women, Increase. tol = -0.0352740340610979, time = 111.808, iteration = 8"
[1] ""
[1] "------------------ Retrying ------------------"
[1] ""
[1] "------------ Nelder-Mead algorithm ------------"
[1] "Max Loglik = 310.08400514768"
[1] "Current loglik value = 321.497518116114"
[1] ""
[1] "Algorithm did not get a better solution"
[1] "Women, Increase. tol = -0.0355010920000711, time = 113, iteration = 8"
[1] ""
[1] "------------------ Retrying ------------------"
[1] ""
[1] "------------ Nelder-Mead algorithm ------------"
[1] "Max Loglik = 310.086830900112"
[1] "Current loglik value = 321.497518116114"
[1] ""
[1] "Algorithm did not get a better solution"
[1] "Women, Increase. tol = -0.0354923026556045, time = 114.189, iteration = 8"
[1] ""
[1] "------------------ Retrying ------------------"
[1] ""
[1] "------------ Nelder-Mead algorithm ------------"
[1] "Max Loglik = 310.214167284861"
[1] "Current loglik value = 321.497518116114"
[1] ""
[1] "Algorithm did not get a better solution"
[1] "Women, Increase. tol = -0.0350962299720714, time = 115.391, iteration = 8"
[1] ""
[1] "------------------ Retrying ------------------"
[1] ""
[1] "------------ Nelder-Mead algorithm ------------"
[1] "Max Loglik = 310.270640339916"
[1] "Current loglik value = 321.497518116114"
[1] ""
[1] "Algorithm did not get a better solution"
[1] "Women, Increase. tol = -0.0349205737014227, time = 116.685, iteration = 8"
[1] ""
[1] "------------------ Retrying ------------------"
[1] ""
[1] "------------ Nelder-Mead algorithm ------------"
[1] "Max Loglik = 310.251692328471"
[1] "Current loglik value = 321.497518116114"
[1] ""
[1] "Algorithm did not get a better solution"
[1] "Women, Increase. tol = -0.0349795104283871, time = 117.944, iteration = 8"
[1] ""
[1] "------------------ Retrying ------------------"
[1] ""
[1] "------------ Nelder-Mead algorithm ------------"
[1] "Max Loglik = 310.242857621101"
[1] "Current loglik value = 321.497518116114"
[1] ""
[1] "Algorithm did not get a better solution"
[1] "Women, Increase. tol = -0.0350069902901975, time = 119.199, iteration = 8"
[1] ""
[1] "------------------ Retrying ------------------"
[1] ""
[1] "------------ Nelder-Mead algorithm ------------"
[1] "Max Loglik = 310.397872082108"
[1] "Current loglik value = 321.497518116114"
[1] ""
[1] "Algorithm did not get a better solution"
[1] "Women, Increase. tol = -0.0345248265026971, time = 120.518, iteration = 8"
[1] ""
[1] "------------------ Retrying ------------------"
[1] ""
[1] "------------ Nelder-Mead algorithm ------------"
[1] "Max Loglik = 310.402713012988"
[1] "Current loglik value = 321.497518116114"
[1] ""
[1] "Algorithm did not get a better solution"
[1] "Women, Increase. tol = -0.0345097690586825, time = 121.875, iteration = 8"
[1] ""
[1] "------------------ Retrying ------------------"
[1] ""
[1] "------------ Nelder-Mead algorithm ------------"
[1] "Max Loglik = 310.293789763559"
[1] "Current loglik value = 321.497518116114"
[1] ""
[1] "Algorithm did not get a better solution"
[1] "Women, Increase. tol = -0.0348485687174389, time = 123.181, iteration = 8"
[1] ""
[1] "------------------ Retrying ------------------"
[1] ""
[1] "------------ Nelder-Mead algorithm ------------"
[1] "Max Loglik = 310.292663546628"
[1] "Current loglik value = 321.497518116114"
[1] ""
[1] "Algorithm did not get a better solution"
[1] "Women, Increase. tol = -0.0348520717520428, time = 124.494, iteration = 8"
[1] ""
[1] "------------------ Retrying ------------------"
[1] ""
[1] "------------ Nelder-Mead algorithm ------------"
[1] "Max Loglik = 310.288590169266"
[1] "Current loglik value = 321.497518116114"
[1] ""
[1] "Algorithm did not get a better solution"
[1] "Women, Increase. tol = -0.0348647417638856, time = 125.811, iteration = 8"
[1] ""
[1] "------------------ Retrying ------------------"
[1] ""
[1] "------------ Nelder-Mead algorithm ------------"
[1] "Max Loglik = 310.336342088203"
[1] "Current loglik value = 321.497518116114"
[1] ""
[1] "Algorithm did not get a better solution"
[1] "Women, Increase. tol = -0.0347162120980376, time = 127.126, iteration = 8"
[1] ""
[1] "------------------ Retrying ------------------"
[1] ""
[1] "------------ Nelder-Mead algorithm ------------"
[1] "Max Loglik = 310.412079810246"
[1] "Current loglik value = 321.497518116114"
[1] ""
[1] "Algorithm did not get a better solution"
[1] "Women, Increase. tol = -0.0344806341611143, time = 128.476, iteration = 8"
[1] ""
[1] "------------------ Retrying ------------------"
[1] ""
[1] "------------ Nelder-Mead algorithm ------------"
[1] "Max Loglik = 310.412545757614"
[1] "Current loglik value = 321.497518116114"
[1] ""
[1] "Algorithm did not get a better solution"
[1] "Women, Increase. tol = -0.0344791848579583, time = 129.853, iteration = 8"
[1] ""
[1] "------------------ Retrying ------------------"
[1] ""
[1] "------ Maximum iterations withouth improvement achieved ------"
