[1] "------------ Transforming weights ------------"
[1] "------- starting weights -------"
[1] "Underweight:0.233333333333333"
[1] "Normal:0.233333333333333"
[1] "Overweight:0.233333333333333"
[1] "Obese:0.3"
[1] "------------ BFGS ------------"
[1] "Max Loglik = 305.30462372278"
[1] "Current loglik value = 0"
[1] "Men, Increase. tol = Inf, time = 3.601, iteration = 1"
[1] "Common area: 0.927705205426243"
[1] "------------ BFGS ------------"
[1] "Max Loglik = 306.047721062908"
[1] "Current loglik value = 305.30462372278"
[1] "Men, Increase. tol = 0.00243395377071796, time = 7.426, iteration = 2"
[1] "Common area: 0.896721125129349"
[1] "------------ BFGS ------------"
[1] "Max Loglik = 306.983262455689"
[1] "Current loglik value = 306.047721062908"
[1] "Men, Increase. tol = 0.00305684809392414, time = 10.536, iteration = 3"
[1] "Common area: 0.80448530873082"
[1] "------------ BFGS ------------"
[1] "Max Loglik = 305.419291533435"
[1] "Current loglik value = 306.983262455689"
[1] ""
[1] "Algorithm did not get a better solution"
[1] "Men, Increase. tol = -0.00509464558342043, time = 12.153, iteration = 4"
[1] ""
[1] "------------------ Retrying ------------------"
[1] ""
[1] "------------ BFGS ------------"
[1] "Max Loglik = 305.567050859199"
[1] "Current loglik value = 306.983262455689"
[1] ""
[1] "Algorithm did not get a better solution"
[1] "Men, Increase. tol = -0.0046133186062384, time = 13.38, iteration = 4"
[1] ""
[1] "------------------ Retrying ------------------"
[1] ""
[1] "------------ BFGS ------------"
[1] "Max Loglik = 305.429830210208"
[1] "Current loglik value = 306.983262455689"
[1] ""
[1] "Algorithm did not get a better solution"
[1] "Men, Increase. tol = -0.00506031577439909, time = 14.664, iteration = 4"
[1] ""
[1] "------------------ Retrying ------------------"
[1] ""
[1] "------------ BFGS ------------"
[1] "Max Loglik = 305.566961551575"
[1] "Current loglik value = 306.983262455689"
[1] ""
[1] "Algorithm did not get a better solution"
[1] "Men, Increase. tol = -0.00461360952641076, time = 15.953, iteration = 4"
[1] ""
[1] "------------------ Retrying ------------------"
[1] ""
[1] "------------ BFGS ------------"
[1] "Max Loglik = 305.567053329817"
[1] "Current loglik value = 306.983262455689"
[1] ""
[1] "Algorithm did not get a better solution"
[1] "Men, Increase. tol = -0.00461331055818279, time = 17.325, iteration = 4"
[1] ""
[1] "------------------ Retrying ------------------"
[1] ""
[1] "------------ BFGS ------------"
[1] "Max Loglik = 305.567011263335"
[1] "Current loglik value = 306.983262455689"
[1] ""
[1] "Algorithm did not get a better solution"
[1] "Men, Increase. tol = -0.00461344759002439, time = 18.449, iteration = 4"
[1] ""
[1] "------------------ Retrying ------------------"
[1] ""
[1] "------------ BFGS ------------"
[1] "Max Loglik = 305.566860799794"
[1] "Current loglik value = 306.983262455689"
[1] ""
[1] "Algorithm did not get a better solution"
[1] "Men, Increase. tol = -0.00461393772600123, time = 19.399, iteration = 4"
[1] ""
[1] "------------------ Retrying ------------------"
[1] ""
[1] "------------ BFGS ------------"
[1] "Max Loglik = 305.566925337959"
[1] "Current loglik value = 306.983262455689"
[1] ""
[1] "Algorithm did not get a better solution"
[1] "Men, Increase. tol = -0.00461372749250403, time = 20.341, iteration = 4"
[1] ""
[1] "------------------ Retrying ------------------"
[1] ""
[1] "------------ BFGS ------------"
[1] "Max Loglik = 305.566987814272"
[1] "Current loglik value = 306.983262455689"
[1] ""
[1] "Algorithm did not get a better solution"
[1] "Men, Increase. tol = -0.00461352397550145, time = 21.263, iteration = 4"
[1] ""
[1] "------------------ Retrying ------------------"
[1] ""
[1] "------------ BFGS ------------"
[1] "Max Loglik = 305.566840599304"
[1] "Current loglik value = 306.983262455689"
[1] ""
[1] "Algorithm did not get a better solution"
[1] "Men, Increase. tol = -0.0046140035292286, time = 22.192, iteration = 4"
[1] ""
[1] "------------------ Retrying ------------------"
[1] ""
[1] "------------ BFGS ------------"
[1] "Max Loglik = 305.567185716547"
[1] "Current loglik value = 306.983262455689"
[1] ""
[1] "Algorithm did not get a better solution"
[1] "Men, Increase. tol = -0.00461287930753851, time = 23.606, iteration = 4"
[1] ""
[1] "------------------ Retrying ------------------"
[1] ""
[1] "------------ BFGS ------------"
[1] "Max Loglik = 305.566930010169"
[1] "Current loglik value = 306.983262455689"
[1] ""
[1] "Algorithm did not get a better solution"
[1] "Men, Increase. tol = -0.00461371227275002, time = 24.554, iteration = 4"
[1] ""
[1] "------------------ Retrying ------------------"
[1] ""
[1] "------------ BFGS ------------"
[1] "Max Loglik = 306.111134146063"
[1] "Current loglik value = 306.983262455689"
[1] ""
[1] "Algorithm did not get a better solution"
[1] "Men, Increase. tol = -0.0028409637146009, time = 26.016, iteration = 4"
[1] ""
[1] "------------------ Retrying ------------------"
[1] ""
[1] "------------ BFGS ------------"
[1] "Max Loglik = 306.109407882671"
[1] "Current loglik value = 306.983262455689"
[1] ""
[1] "Algorithm did not get a better solution"
[1] "Men, Increase. tol = -0.00284658702897402, time = 27.353, iteration = 4"
[1] ""
[1] "------------------ Retrying ------------------"
[1] ""
[1] "------------ BFGS ------------"
[1] "Max Loglik = 306.111630360529"
[1] "Current loglik value = 306.983262455689"
[1] ""
[1] "Algorithm did not get a better solution"
[1] "Men, Increase. tol = -0.00283934729270802, time = 28.754, iteration = 4"
[1] ""
[1] "------------------ Retrying ------------------"
[1] ""
[1] "------------ BFGS ------------"
[1] "Max Loglik = 306.111140672651"
[1] "Current loglik value = 306.983262455689"
[1] ""
[1] "Algorithm did not get a better solution"
[1] "Men, Increase. tol = -0.00284094245419663, time = 29.692, iteration = 4"
[1] ""
[1] "------------------ Retrying ------------------"
[1] ""
[1] "------------ BFGS ------------"
[1] "Max Loglik = 306.111218241416"
[1] "Current loglik value = 306.983262455689"
[1] ""
[1] "Algorithm did not get a better solution"
[1] "Men, Increase. tol = -0.00284068977343342, time = 30.611, iteration = 4"
[1] ""
[1] "------------------ Retrying ------------------"
[1] ""
[1] "------------ BFGS ------------"
[1] "Max Loglik = 306.110658749168"
[1] "Current loglik value = 306.983262455689"
[1] ""
[1] "Algorithm did not get a better solution"
[1] "Men, Increase. tol = -0.00284251232311762, time = 31.523, iteration = 4"
[1] ""
[1] "------------------ Retrying ------------------"
[1] ""
[1] "------------ BFGS ------------"
[1] "Max Loglik = 306.110049915669"
[1] "Current loglik value = 306.983262455689"
[1] ""
[1] "Algorithm did not get a better solution"
[1] "Men, Increase. tol = -0.00284449560225125, time = 32.398, iteration = 4"
[1] ""
[1] "------------------ Retrying ------------------"
[1] ""
[1] "------------ BFGS ------------"
[1] "Max Loglik = 306.106412491782"
[1] "Current loglik value = 306.983262455689"
[1] ""
[1] "Algorithm did not get a better solution"
[1] "Men, Increase. tol = -0.00285634453452905, time = 33.335, iteration = 4"
[1] ""
[1] "------------------ Retrying ------------------"
[1] ""
[1] "------------ BFGS ------------"
[1] "Max Loglik = 306.110898536983"
[1] "Current loglik value = 306.983262455689"
[1] ""
[1] "Algorithm did not get a better solution"
[1] "Men, Increase. tol = -0.00284173121273036, time = 34.239, iteration = 4"
[1] ""
[1] "------------------ Retrying ------------------"
[1] ""
[1] "------------ BFGS ------------"
[1] "Max Loglik = 306.109355160502"
[1] "Current loglik value = 306.983262455689"
[1] ""
[1] "Algorithm did not get a better solution"
[1] "Men, Increase. tol = -0.00284675877178658, time = 34.845, iteration = 4"
[1] ""
[1] "------------------ Retrying ------------------"
[1] ""
[1] "------------ BFGS ------------"
[1] "Max Loglik = 306.109365124054"
[1] "Current loglik value = 306.983262455689"
[1] ""
[1] "Algorithm did not get a better solution"
[1] "Men, Increase. tol = -0.00284672631544889, time = 35.772, iteration = 4"
[1] ""
[1] "------------------ Retrying ------------------"
[1] ""
[1] "------------ BFGS ------------"
[1] "Max Loglik = 306.111171175003"
[1] "Current loglik value = 306.983262455689"
[1] ""
[1] "Algorithm did not get a better solution"
[1] "Men, Increase. tol = -0.00284084309258554, time = 36.646, iteration = 4"
[1] ""
[1] "------------------ Retrying ------------------"
[1] ""
[1] "------------ BFGS ------------"
[1] "Max Loglik = 306.110905077144"
[1] "Current loglik value = 306.983262455689"
[1] ""
[1] "Algorithm did not get a better solution"
[1] "Men, Increase. tol = -0.0028417099081119, time = 37.526, iteration = 4"
[1] ""
[1] "------------------ Retrying ------------------"
[1] ""
[1] "------------ BFGS ------------"
[1] "Max Loglik = 306.110520558393"
[1] "Current loglik value = 306.983262455689"
[1] ""
[1] "Algorithm did not get a better solution"
[1] "Men, Increase. tol = -0.00284296248047665, time = 38.411, iteration = 4"
[1] ""
[1] "------------------ Retrying ------------------"
[1] ""
[1] "------------ BFGS ------------"
[1] "Max Loglik = 306.111323099643"
[1] "Current loglik value = 306.983262455689"
[1] ""
[1] "Algorithm did not get a better solution"
[1] "Men, Increase. tol = -0.00284034819706712, time = 39.329, iteration = 4"
[1] ""
[1] "------------------ Retrying ------------------"
[1] ""
[1] "------------ BFGS ------------"
[1] "Max Loglik = 306.110210533922"
[1] "Current loglik value = 306.983262455689"
[1] ""
[1] "Algorithm did not get a better solution"
[1] "Men, Increase. tol = -0.00284397238723497, time = 40.23, iteration = 4"
[1] ""
[1] "------------------ Retrying ------------------"
[1] ""
[1] "------------ BFGS ------------"
[1] "Max Loglik = 306.109958665948"
[1] "Current loglik value = 306.983262455689"
[1] ""
[1] "Algorithm did not get a better solution"
[1] "Men, Increase. tol = -0.00284479284881836, time = 41.129, iteration = 4"
[1] ""
[1] "------------------ Retrying ------------------"
[1] ""
[1] "------------ BFGS ------------"
[1] "Max Loglik = 306.111538631922"
[1] "Current loglik value = 306.983262455689"
[1] ""
[1] "Algorithm did not get a better solution"
[1] "Men, Increase. tol = -0.00283964609924987, time = 42.06, iteration = 4"
[1] ""
[1] "------------------ Retrying ------------------"
[1] ""
[1] "------------ BFGS ------------"
[1] "Max Loglik = 306.111589492629"
[1] "Current loglik value = 306.983262455689"
[1] ""
[1] "Algorithm did not get a better solution"
[1] "Men, Increase. tol = -0.00283948042016282, time = 42.977, iteration = 4"
[1] ""
[1] "------------------ Retrying ------------------"
[1] ""
[1] "------------ BFGS ------------"
[1] "Max Loglik = 306.110174196882"
[1] "Current loglik value = 306.983262455689"
[1] ""
[1] "Algorithm did not get a better solution"
[1] "Men, Increase. tol = -0.00284409075538125, time = 43.877, iteration = 4"
[1] ""
[1] "------------------ Retrying ------------------"
[1] ""
[1] "------------ BFGS ------------"
[1] "Max Loglik = 306.111061663084"
[1] "Current loglik value = 306.983262455689"
[1] ""
[1] "Algorithm did not get a better solution"
[1] "Men, Increase. tol = -0.00284119982838243, time = 44.808, iteration = 4"
[1] ""
[1] "------------------ Retrying ------------------"
[1] ""
[1] "------------ BFGS ------------"
[1] "Max Loglik = 306.108788078845"
[1] "Current loglik value = 306.983262455689"
[1] ""
[1] "Algorithm did not get a better solution"
[1] "Men, Increase. tol = -0.00284860604401817, time = 45.758, iteration = 4"
[1] ""
[1] "------------------ Retrying ------------------"
[1] ""
[1] "------------ BFGS ------------"
[1] "Max Loglik = 306.110853446714"
[1] "Current loglik value = 306.983262455689"
[1] ""
[1] "Algorithm did not get a better solution"
[1] "Men, Increase. tol = -0.00284187809457925, time = 46.619, iteration = 4"
[1] ""
[1] "------------------ Retrying ------------------"
[1] ""
[1] "------------ BFGS ------------"
[1] "Max Loglik = 306.110088273462"
[1] "Current loglik value = 306.983262455689"
[1] ""
[1] "Algorithm did not get a better solution"
[1] "Men, Increase. tol = -0.00284437065149, time = 47.521, iteration = 4"
[1] ""
[1] "------------------ Retrying ------------------"
[1] ""
[1] "------------ BFGS ------------"
[1] "Max Loglik = 306.108978640945"
[1] "Current loglik value = 306.983262455689"
[1] ""
[1] "Algorithm did not get a better solution"
[1] "Men, Increase. tol = -0.00284798528672232, time = 48.452, iteration = 4"
[1] ""
[1] "------------------ Retrying ------------------"
[1] ""
[1] "------------ BFGS ------------"
[1] "Max Loglik = 306.111331951795"
[1] "Current loglik value = 306.983262455689"
[1] ""
[1] "Algorithm did not get a better solution"
[1] "Men, Increase. tol = -0.00284031936112475, time = 49.349, iteration = 4"
[1] ""
[1] "------------------ Retrying ------------------"
[1] ""
[1] "------------ BFGS ------------"
[1] "Max Loglik = 306.109776319355"
[1] "Current loglik value = 306.983262455689"
[1] ""
[1] "Algorithm did not get a better solution"
[1] "Men, Increase. tol = -0.00284538684404781, time = 50.256, iteration = 4"
[1] ""
[1] "------------------ Retrying ------------------"
[1] ""
[1] "------------ BFGS ------------"
[1] "Max Loglik = 306.110217193894"
[1] "Current loglik value = 306.983262455689"
[1] ""
[1] "Algorithm did not get a better solution"
[1] "Men, Increase. tol = -0.00284395069233202, time = 51.134, iteration = 4"
[1] ""
[1] "------------------ Retrying ------------------"
[1] ""
[1] "------------ BFGS ------------"
[1] "Max Loglik = 306.111638658086"
[1] "Current loglik value = 306.983262455689"
[1] ""
[1] "Algorithm did not get a better solution"
[1] "Men, Increase. tol = -0.0028393202633617, time = 52.045, iteration = 4"
[1] ""
[1] "------------------ Retrying ------------------"
[1] ""
[1] "------------ BFGS ------------"
[1] "Max Loglik = 306.111207339639"
[1] "Current loglik value = 306.983262455689"
[1] ""
[1] "Algorithm did not get a better solution"
[1] "Men, Increase. tol = -0.00284072528604378, time = 52.941, iteration = 4"
[1] ""
[1] "------------------ Retrying ------------------"
[1] ""
[1] "------------ BFGS ------------"
[1] "Max Loglik = 306.111359225637"
[1] "Current loglik value = 306.983262455689"
[1] ""
[1] "Algorithm did not get a better solution"
[1] "Men, Increase. tol = -0.00284023051640504, time = 53.525, iteration = 4"
[1] ""
[1] "------------------ Retrying ------------------"
[1] ""
[1] "------------ BFGS ------------"
[1] "Max Loglik = 306.10807356405"
[1] "Current loglik value = 306.983262455689"
[1] ""
[1] "Algorithm did not get a better solution"
[1] "Men, Increase. tol = -0.00285093358067061, time = 54.428, iteration = 4"
[1] ""
[1] "------------------ Retrying ------------------"
[1] ""
[1] "------------ BFGS ------------"
[1] "Max Loglik = 306.104301447479"
[1] "Current loglik value = 306.983262455689"
[1] ""
[1] "Algorithm did not get a better solution"
[1] "Men, Increase. tol = -0.00286322127525419, time = 55.337, iteration = 4"
[1] ""
[1] "------------------ Retrying ------------------"
[1] ""
[1] "------------ BFGS ------------"
[1] "Max Loglik = 306.108061284283"
[1] "Current loglik value = 306.983262455689"
[1] ""
[1] "Algorithm did not get a better solution"
[1] "Men, Increase. tol = -0.00285097358209499, time = 55.879, iteration = 4"
[1] ""
[1] "------------------ Retrying ------------------"
[1] ""
[1] "------------ BFGS ------------"
[1] "Max Loglik = 306.110396793696"
[1] "Current loglik value = 306.983262455689"
[1] ""
[1] "Algorithm did not get a better solution"
[1] "Men, Increase. tol = -0.00284336564479377, time = 56.813, iteration = 4"
[1] ""
[1] "------------------ Retrying ------------------"
[1] ""
[1] "------------ BFGS ------------"
[1] "Max Loglik = 306.110186469949"
[1] "Current loglik value = 306.983262455689"
[1] ""
[1] "Algorithm did not get a better solution"
[1] "Men, Increase. tol = -0.00284405077578649, time = 57.773, iteration = 4"
[1] ""
[1] "------------------ Retrying ------------------"
[1] ""
[1] "------------ BFGS ------------"
[1] "Max Loglik = 306.105035374574"
[1] "Current loglik value = 306.983262455689"
[1] ""
[1] "Algorithm did not get a better solution"
[1] "Men, Increase. tol = -0.00286083050290626, time = 58.735, iteration = 4"
[1] ""
[1] "------------------ Retrying ------------------"
[1] ""
[1] "------------ BFGS ------------"
[1] "Max Loglik = 306.099322226313"
[1] "Current loglik value = 306.983262455689"
[1] ""
[1] "Algorithm did not get a better solution"
[1] "Men, Increase. tol = -0.00287944112100816, time = 59.697, iteration = 4"
[1] ""
[1] "------------------ Retrying ------------------"
[1] ""
[1] "------ Maximum iterations withouth improvement achieved ------"
