[1] "------------ Transforming weights ------------"
[1] "------- starting weights -------"
[1] "Underweight:0.25"
[1] "Normal:0.25"
[1] "Overweight:0.25"
[1] "Obese:0.25"
[1] "------------ Nelder-Mead algorithm ------------"
[1] "Max Loglik = 138.033289047466"
[1] "Current loglik value = 0"
[1] "Women, Remain. tol = Inf, time = 2.073, iteration = 1"
[1] "Common area: 0.885286353652462"
[1] "------------ Nelder-Mead algorithm ------------"
[1] "Max Loglik = 138.024695472683"
[1] "Current loglik value = 138.033289047466"
[1] ""
[1] "Algorithm did not get a better solution"
[1] "Women, Remain. tol = -6.22572630280148e-05, time = 4.072, iteration = 2"
[1] ""
[1] "------------------ Retrying ------------------"
[1] ""
[1] "------------ Nelder-Mead algorithm ------------"
[1] "Max Loglik = 138.225762799397"
[1] "Current loglik value = 138.033289047466"
[1] "Women, Remain. tol = 0.00139440096848885, time = 5.939, iteration = 2"
[1] "Common area: 0.931432521286255"
[1] "------------ Nelder-Mead algorithm ------------"
[1] "Max Loglik = 137.708006456143"
[1] "Current loglik value = 138.225762799397"
[1] ""
[1] "Algorithm did not get a better solution"
[1] "Women, Remain. tol = -0.00374572968720606, time = 7.701, iteration = 3"
[1] ""
[1] "------------------ Retrying ------------------"
[1] ""
[1] "------------ Nelder-Mead algorithm ------------"
[1] "Max Loglik = 137.92409075399"
[1] "Current loglik value = 138.225762799397"
[1] ""
[1] "Algorithm did not get a better solution"
[1] "Women, Remain. tol = -0.00218245889403811, time = 9.335, iteration = 3"
[1] ""
[1] "------------------ Retrying ------------------"
[1] ""
[1] "------------ Nelder-Mead algorithm ------------"
[1] "Max Loglik = 138.060839516967"
[1] "Current loglik value = 138.225762799397"
[1] ""
[1] "Algorithm did not get a better solution"
[1] "Women, Remain. tol = -0.00119314431036863, time = 11.027, iteration = 3"
[1] ""
[1] "------------------ Retrying ------------------"
[1] ""
[1] "------------ Nelder-Mead algorithm ------------"
[1] "Max Loglik = 137.92244230173"
[1] "Current loglik value = 138.225762799397"
[1] ""
[1] "Algorithm did not get a better solution"
[1] "Women, Remain. tol = -0.00219438469011673, time = 12.729, iteration = 3"
[1] ""
[1] "------------------ Retrying ------------------"
[1] ""
[1] "------------ Nelder-Mead algorithm ------------"
[1] "Max Loglik = 138.023579204826"
[1] "Current loglik value = 138.225762799397"
[1] ""
[1] "Algorithm did not get a better solution"
[1] "Women, Remain. tol = -0.00146270558017533, time = 14.422, iteration = 3"
[1] ""
[1] "------------------ Retrying ------------------"
[1] ""
[1] "------------ Nelder-Mead algorithm ------------"
[1] "Max Loglik = 138.077288851477"
[1] "Current loglik value = 138.225762799397"
[1] ""
[1] "Algorithm did not get a better solution"
[1] "Women, Remain. tol = -0.0010741409192708, time = 16.153, iteration = 3"
[1] ""
[1] "------------------ Retrying ------------------"
[1] ""
[1] "------------ Nelder-Mead algorithm ------------"
[1] "Max Loglik = 138.122600434742"
[1] "Current loglik value = 138.225762799397"
[1] ""
[1] "Algorithm did not get a better solution"
[1] "Women, Remain. tol = -0.000746332395392843, time = 17.872, iteration = 3"
[1] ""
[1] "------------------ Retrying ------------------"
[1] ""
[1] "------------ Nelder-Mead algorithm ------------"
[1] "Max Loglik = 138.120388834349"
[1] "Current loglik value = 138.225762799397"
[1] ""
[1] "Algorithm did not get a better solution"
[1] "Women, Remain. tol = -0.000762332309938288, time = 19.62, iteration = 3"
[1] ""
[1] "------------------ Retrying ------------------"
[1] ""
[1] "------------ Nelder-Mead algorithm ------------"
[1] "Max Loglik = 138.112107799479"
[1] "Current loglik value = 138.225762799397"
[1] ""
[1] "Algorithm did not get a better solution"
[1] "Women, Remain. tol = -0.000822241799331871, time = 21.21, iteration = 3"
[1] ""
[1] "------------------ Retrying ------------------"
[1] ""
[1] "------------ Nelder-Mead algorithm ------------"
[1] "Max Loglik = 138.025269615497"
[1] "Current loglik value = 138.225762799397"
[1] ""
[1] "Algorithm did not get a better solution"
[1] "Women, Remain. tol = -0.00145047623424247, time = 22.917, iteration = 3"
[1] ""
[1] "------------------ Retrying ------------------"
[1] ""
[1] "------------ Nelder-Mead algorithm ------------"
[1] "Max Loglik = 138.130490973175"
[1] "Current loglik value = 138.225762799397"
[1] ""
[1] "Algorithm did not get a better solution"
[1] "Women, Remain. tol = -0.000689247968634125, time = 24.509, iteration = 3"
[1] ""
[1] "------------------ Retrying ------------------"
[1] ""
[1] "------------ Nelder-Mead algorithm ------------"
[1] "Max Loglik = 138.131040437631"
[1] "Current loglik value = 138.225762799397"
[1] ""
[1] "Algorithm did not get a better solution"
[1] "Women, Remain. tol = -0.000685272845292425, time = 26.069, iteration = 3"
[1] ""
[1] "------------------ Retrying ------------------"
[1] ""
[1] "------------ Nelder-Mead algorithm ------------"
[1] "Max Loglik = 138.132022766731"
[1] "Current loglik value = 138.225762799397"
[1] ""
[1] "Algorithm did not get a better solution"
[1] "Women, Remain. tol = -0.000678166144776926, time = 27.553, iteration = 3"
[1] ""
[1] "------------------ Retrying ------------------"
[1] ""
[1] "------------ Nelder-Mead algorithm ------------"
[1] "Max Loglik = 138.108230830325"
[1] "Current loglik value = 138.225762799397"
[1] ""
[1] "Algorithm did not get a better solution"
[1] "Women, Remain. tol = -0.000850289893084257, time = 29.117, iteration = 3"
[1] ""
[1] "------------------ Retrying ------------------"
[1] ""
[1] "------------ Nelder-Mead algorithm ------------"
[1] "Max Loglik = 138.104832553301"
[1] "Current loglik value = 138.225762799397"
[1] ""
[1] "Algorithm did not get a better solution"
[1] "Women, Remain. tol = -0.000874874868818118, time = 30.704, iteration = 3"
[1] ""
[1] "------------------ Retrying ------------------"
[1] ""
[1] "------------ Nelder-Mead algorithm ------------"
[1] "Max Loglik = 138.12637367664"
[1] "Current loglik value = 138.225762799397"
[1] ""
[1] "Algorithm did not get a better solution"
[1] "Women, Remain. tol = -0.000719034720763835, time = 32.289, iteration = 3"
[1] ""
[1] "------------------ Retrying ------------------"
[1] ""
[1] "------------ Nelder-Mead algorithm ------------"
[1] "Max Loglik = 138.12586681761"
[1] "Current loglik value = 138.225762799397"
[1] ""
[1] "Algorithm did not get a better solution"
[1] "Women, Remain. tol = -0.000722701613392344, time = 33.945, iteration = 3"
[1] ""
[1] "------------------ Retrying ------------------"
[1] ""
[1] "------------ Nelder-Mead algorithm ------------"
[1] "Max Loglik = 138.127475679552"
[1] "Current loglik value = 138.225762799397"
[1] ""
[1] "Algorithm did not get a better solution"
[1] "Women, Remain. tol = -0.00071106223510206, time = 35.617, iteration = 3"
[1] ""
[1] "------------------ Retrying ------------------"
[1] ""
[1] "------------ Nelder-Mead algorithm ------------"
[1] "Max Loglik = 138.113737097468"
[1] "Current loglik value = 138.225762799397"
[1] ""
[1] "Algorithm did not get a better solution"
[1] "Women, Remain. tol = -0.000810454575618283, time = 37.195, iteration = 3"
[1] ""
[1] "------------------ Retrying ------------------"
[1] ""
[1] "------------ Nelder-Mead algorithm ------------"
[1] "Max Loglik = 138.13130675874"
[1] "Current loglik value = 138.225762799397"
[1] ""
[1] "Algorithm did not get a better solution"
[1] "Women, Remain. tol = -0.000683346134206372, time = 38.876, iteration = 3"
[1] ""
[1] "------------------ Retrying ------------------"
[1] ""
[1] "------------ Nelder-Mead algorithm ------------"
[1] "Max Loglik = 138.131720675814"
[1] "Current loglik value = 138.225762799397"
[1] ""
[1] "Algorithm did not get a better solution"
[1] "Women, Remain. tol = -0.000680351634011262, time = 40.437, iteration = 3"
[1] ""
[1] "------------------ Retrying ------------------"
[1] ""
[1] "------------ Nelder-Mead algorithm ------------"
[1] "Max Loglik = 138.130181080045"
[1] "Current loglik value = 138.225762799397"
[1] ""
[1] "Algorithm did not get a better solution"
[1] "Women, Remain. tol = -0.000691489903301775, time = 41.997, iteration = 3"
[1] ""
[1] "------------------ Retrying ------------------"
[1] ""
[1] "------------ Nelder-Mead algorithm ------------"
[1] "Max Loglik = 138.111995492656"
[1] "Current loglik value = 138.225762799397"
[1] ""
[1] "Algorithm did not get a better solution"
[1] "Women, Remain. tol = -0.000823054287688161, time = 43.67, iteration = 3"
[1] ""
[1] "------------------ Retrying ------------------"
[1] ""
[1] "------------ Nelder-Mead algorithm ------------"
[1] "Max Loglik = 138.130256245661"
[1] "Current loglik value = 138.225762799397"
[1] ""
[1] "Algorithm did not get a better solution"
[1] "Women, Remain. tol = -0.000690946114546917, time = 45.288, iteration = 3"
[1] ""
[1] "------------------ Retrying ------------------"
[1] ""
[1] "------------ Nelder-Mead algorithm ------------"
[1] "Max Loglik = 138.121602032969"
[1] "Current loglik value = 138.225762799397"
[1] ""
[1] "Algorithm did not get a better solution"
[1] "Women, Remain. tol = -0.000753555374331446, time = 46.992, iteration = 3"
[1] ""
[1] "------------------ Retrying ------------------"
[1] ""
[1] "------------ Nelder-Mead algorithm ------------"
[1] "Max Loglik = 138.131227661486"
[1] "Current loglik value = 138.225762799397"
[1] ""
[1] "Algorithm did not get a better solution"
[1] "Women, Remain. tol = -0.000683918366569229, time = 48.435, iteration = 3"
[1] ""
[1] "------------------ Retrying ------------------"
[1] ""
[1] "------------ Nelder-Mead algorithm ------------"
[1] "Max Loglik = 138.123897099201"
[1] "Current loglik value = 138.225762799397"
[1] ""
[1] "Algorithm did not get a better solution"
[1] "Women, Remain. tol = -0.000736951622717739, time = 50.016, iteration = 3"
[1] ""
[1] "------------------ Retrying ------------------"
[1] ""
[1] "------------ Nelder-Mead algorithm ------------"
[1] "Max Loglik = 138.128547430763"
[1] "Current loglik value = 138.225762799397"
[1] ""
[1] "Algorithm did not get a better solution"
[1] "Women, Remain. tol = -0.000703308606628103, time = 51.721, iteration = 3"
[1] ""
[1] "------------------ Retrying ------------------"
[1] ""
[1] "------------ Nelder-Mead algorithm ------------"
[1] "Max Loglik = 138.12983583159"
[1] "Current loglik value = 138.225762799397"
[1] ""
[1] "Algorithm did not get a better solution"
[1] "Women, Remain. tol = -0.000693987617532774, time = 53.454, iteration = 3"
[1] ""
[1] "------------------ Retrying ------------------"
[1] ""
[1] "------------ Nelder-Mead algorithm ------------"
[1] "Max Loglik = 138.13127706033"
[1] "Current loglik value = 138.225762799397"
[1] ""
[1] "Algorithm did not get a better solution"
[1] "Women, Remain. tol = -0.000683560988586411, time = 55.094, iteration = 3"
[1] ""
[1] "------------------ Retrying ------------------"
[1] ""
[1] "------------ Nelder-Mead algorithm ------------"
[1] "Max Loglik = 138.130077325932"
[1] "Current loglik value = 138.225762799397"
[1] ""
[1] "Algorithm did not get a better solution"
[1] "Women, Remain. tol = -0.000692240516729466, time = 56.708, iteration = 3"
[1] ""
[1] "------------------ Retrying ------------------"
[1] ""
[1] "------------ Nelder-Mead algorithm ------------"
[1] "Max Loglik = 138.123233136057"
[1] "Current loglik value = 138.225762799397"
[1] ""
[1] "Algorithm did not get a better solution"
[1] "Women, Remain. tol = -0.000741755091551348, time = 58.254, iteration = 3"
[1] ""
[1] "------------------ Retrying ------------------"
[1] ""
[1] "------------ Nelder-Mead algorithm ------------"
[1] "Max Loglik = 138.111759395395"
[1] "Current loglik value = 138.225762799397"
[1] ""
[1] "Algorithm did not get a better solution"
[1] "Women, Remain. tol = -0.000824762343088984, time = 59.817, iteration = 3"
[1] ""
[1] "------------------ Retrying ------------------"
[1] ""
[1] "------------ Nelder-Mead algorithm ------------"
[1] "Max Loglik = 138.121827887008"
[1] "Current loglik value = 138.225762799397"
[1] ""
[1] "Algorithm did not get a better solution"
[1] "Women, Remain. tol = -0.000751921423938391, time = 61.436, iteration = 3"
[1] ""
[1] "------------------ Retrying ------------------"
[1] ""
[1] "------------ Nelder-Mead algorithm ------------"
[1] "Max Loglik = 138.129046355426"
[1] "Current loglik value = 138.225762799397"
[1] ""
[1] "Algorithm did not get a better solution"
[1] "Women, Remain. tol = -0.000699699115504329, time = 63.016, iteration = 3"
[1] ""
[1] "------------------ Retrying ------------------"
[1] ""
[1] "------------ Nelder-Mead algorithm ------------"
[1] "Max Loglik = 138.126103690602"
[1] "Current loglik value = 138.225762799397"
[1] ""
[1] "Algorithm did not get a better solution"
[1] "Women, Remain. tol = -0.00072098794593107, time = 64.586, iteration = 3"
[1] ""
[1] "------------------ Retrying ------------------"
[1] ""
[1] "------------ Nelder-Mead algorithm ------------"
[1] "Max Loglik = 138.13125739369"
[1] "Current loglik value = 138.225762799397"
[1] ""
[1] "Algorithm did not get a better solution"
[1] "Women, Remain. tol = -0.000683703267708732, time = 66.181, iteration = 3"
[1] ""
[1] "------------------ Retrying ------------------"
[1] ""
[1] "------------ Nelder-Mead algorithm ------------"
[1] "Max Loglik = 138.024888101194"
[1] "Current loglik value = 138.225762799397"
[1] ""
[1] "Algorithm did not get a better solution"
[1] "Women, Remain. tol = -0.00145323631524984, time = 67.866, iteration = 3"
[1] ""
[1] "------------------ Retrying ------------------"
[1] ""
[1] "------------ Nelder-Mead algorithm ------------"
[1] "Max Loglik = 138.052422939184"
[1] "Current loglik value = 138.225762799397"
[1] ""
[1] "Algorithm did not get a better solution"
[1] "Women, Remain. tol = -0.00125403439057126, time = 69.561, iteration = 3"
[1] ""
[1] "------------------ Retrying ------------------"
[1] ""
[1] "------------ Nelder-Mead algorithm ------------"
[1] "Max Loglik = 138.127096602166"
[1] "Current loglik value = 138.225762799397"
[1] ""
[1] "Algorithm did not get a better solution"
[1] "Women, Remain. tol = -0.000713804686140477, time = 71.265, iteration = 3"
[1] ""
[1] "------------------ Retrying ------------------"
[1] ""
[1] "------------ Nelder-Mead algorithm ------------"
[1] "Max Loglik = 138.126335421162"
[1] "Current loglik value = 138.225762799397"
[1] ""
[1] "Algorithm did not get a better solution"
[1] "Women, Remain. tol = -0.000719311481604823, time = 72.967, iteration = 3"
[1] ""
[1] "------------------ Retrying ------------------"
[1] ""
[1] "------------ Nelder-Mead algorithm ------------"
[1] "Max Loglik = 138.131638708943"
[1] "Current loglik value = 138.225762799397"
[1] ""
[1] "Algorithm did not get a better solution"
[1] "Women, Remain. tol = -0.000680944626733892, time = 74.569, iteration = 3"
[1] ""
[1] "------------------ Retrying ------------------"
[1] ""
[1] "------------ Nelder-Mead algorithm ------------"
[1] "Max Loglik = 138.010236693605"
[1] "Current loglik value = 138.225762799397"
[1] ""
[1] "Algorithm did not get a better solution"
[1] "Women, Remain. tol = -0.00155923252964929, time = 76.265, iteration = 3"
[1] ""
[1] "------------------ Retrying ------------------"
[1] ""
[1] "------------ Nelder-Mead algorithm ------------"
[1] "Max Loglik = 138.107906655397"
[1] "Current loglik value = 138.225762799397"
[1] ""
[1] "Algorithm did not get a better solution"
[1] "Women, Remain. tol = -0.000852635150011484, time = 77.955, iteration = 3"
[1] ""
[1] "------------------ Retrying ------------------"
[1] ""
[1] "------------ Nelder-Mead algorithm ------------"
[1] "Max Loglik = 138.129389460997"
[1] "Current loglik value = 138.225762799397"
[1] ""
[1] "Algorithm did not get a better solution"
[1] "Women, Remain. tol = -0.000697216904057317, time = 79.578, iteration = 3"
[1] ""
[1] "------------------ Retrying ------------------"
[1] ""
[1] "------------ Nelder-Mead algorithm ------------"
[1] "Max Loglik = 138.124501912886"
[1] "Current loglik value = 138.225762799397"
[1] ""
[1] "Algorithm did not get a better solution"
[1] "Women, Remain. tol = -0.000732576073091044, time = 80.847, iteration = 3"
[1] ""
[1] "------------------ Retrying ------------------"
[1] ""
[1] "------------ Nelder-Mead algorithm ------------"
[1] "Max Loglik = 138.119809425818"
[1] "Current loglik value = 138.225762799397"
[1] ""
[1] "Algorithm did not get a better solution"
[1] "Women, Remain. tol = -0.000766524064931624, time = 82.392, iteration = 3"
[1] ""
[1] "------------------ Retrying ------------------"
[1] ""
[1] "------------ Nelder-Mead algorithm ------------"
[1] "Max Loglik = 138.103188467241"
[1] "Current loglik value = 138.225762799397"
[1] ""
[1] "Algorithm did not get a better solution"
[1] "Women, Remain. tol = -0.000886769077438158, time = 84.061, iteration = 3"
[1] ""
[1] "------------------ Retrying ------------------"
[1] ""
[1] "------------ Nelder-Mead algorithm ------------"
[1] "Max Loglik = 138.084273669309"
[1] "Current loglik value = 138.225762799397"
[1] ""
[1] "Algorithm did not get a better solution"
[1] "Women, Remain. tol = -0.0010236089656711, time = 85.749, iteration = 3"
[1] ""
[1] "------------------ Retrying ------------------"
[1] ""
[1] "------------ Nelder-Mead algorithm ------------"
[1] "Max Loglik = 138.117812416826"
[1] "Current loglik value = 138.225762799397"
[1] ""
[1] "Algorithm did not get a better solution"
[1] "Women, Remain. tol = -0.000780971509107882, time = 87.319, iteration = 3"
[1] ""
[1] "------------------ Retrying ------------------"
[1] ""
[1] "------ Maximum iterations withouth improvement achieved ------"
