[1] "------------ Transforming weights ------------"
[1] "------- starting weights -------"
[1] "Underweight:0.266666666666667"
[1] "Normal:0.244444444444444"
[1] "Overweight:0.255555555555556"
[1] "Obese:0.233333333333333"
[1] "------------ Nelder-Mead algorithm ------------"
[1] "Max Loglik = 338.235143818463"
[1] "Current loglik value = 0"
[1] "Men, Decrease. tol = Inf, time = 1.693, iteration = 1"
[1] "Common area: 0.932419114533568"
[1] "------------ Nelder-Mead algorithm ------------"
[1] "Max Loglik = 339.07150237225"
[1] "Current loglik value = 338.235143818463"
[1] "Men, Decrease. tol = 0.00247271334475968, time = 3.289, iteration = 2"
[1] "Common area: 0.973036858837706"
[1] "------------ Nelder-Mead algorithm ------------"
[1] "Max Loglik = 339.280744990222"
[1] "Current loglik value = 339.07150237225"
[1] "Men, Decrease. tol = 0.000617104700655287, time = 4.88, iteration = 3"
[1] "Common area: 0.971360514079875"
[1] "------------ Nelder-Mead algorithm ------------"
[1] "Max Loglik = 339.888564923399"
[1] "Current loglik value = 339.280744990222"
[1] "Men, Decrease. tol = 0.00179149551559369, time = 6.373, iteration = 4"
[1] "Common area: 0.959718895962044"
[1] "------------ Nelder-Mead algorithm ------------"
[1] "Max Loglik = 340.035970517143"
[1] "Current loglik value = 339.888564923399"
[1] "Men, Decrease. tol = 0.000433688005292536, time = 7.832, iteration = 5"
[1] "Common area: 0.960185477971655"
[1] "------------ Nelder-Mead algorithm ------------"
[1] "Max Loglik = 339.746029554597"
[1] "Current loglik value = 340.035970517143"
[1] ""
[1] "Algorithm did not get a better solution"
[1] "Men, Decrease. tol = -0.000852677327357706, time = 9.276, iteration = 6"
[1] ""
[1] "------------------ Retrying ------------------"
[1] ""
[1] "------------ Nelder-Mead algorithm ------------"
[1] "Max Loglik = 339.749266964186"
[1] "Current loglik value = 340.035970517143"
[1] ""
[1] "Algorithm did not get a better solution"
[1] "Men, Decrease. tol = -0.000843156541706257, time = 10.502, iteration = 6"
[1] ""
[1] "------------------ Retrying ------------------"
[1] ""
[1] "------------ Nelder-Mead algorithm ------------"
[1] "Max Loglik = 339.745757395034"
[1] "Current loglik value = 340.035970517143"
[1] ""
[1] "Algorithm did not get a better solution"
[1] "Men, Decrease. tol = -0.000853477711981762, time = 11.723, iteration = 6"
[1] ""
[1] "------------------ Retrying ------------------"
[1] ""
[1] "------------ Nelder-Mead algorithm ------------"
[1] "Max Loglik = 339.446244552279"
[1] "Current loglik value = 340.035970517143"
[1] ""
[1] "Algorithm did not get a better solution"
[1] "Men, Decrease. tol = -0.00173430465008382, time = 12.967, iteration = 6"
[1] ""
[1] "------------------ Retrying ------------------"
[1] ""
[1] "------------ Nelder-Mead algorithm ------------"
[1] "Max Loglik = 339.560696185747"
[1] "Current loglik value = 340.035970517143"
[1] ""
[1] "Algorithm did not get a better solution"
[1] "Men, Decrease. tol = -0.00139771780812832, time = 14.182, iteration = 6"
[1] ""
[1] "------------------ Retrying ------------------"
[1] ""
[1] "------------ Nelder-Mead algorithm ------------"
[1] "Max Loglik = 339.424581093849"
[1] "Current loglik value = 340.035970517143"
[1] ""
[1] "Algorithm did not get a better solution"
[1] "Men, Decrease. tol = -0.00179801396412096, time = 15.388, iteration = 6"
[1] ""
[1] "------------------ Retrying ------------------"
[1] ""
[1] "------------ Nelder-Mead algorithm ------------"
[1] "Max Loglik = 339.724267614423"
[1] "Current loglik value = 340.035970517143"
[1] ""
[1] "Algorithm did not get a better solution"
[1] "Men, Decrease. tol = -0.000916676262941978, time = 16.603, iteration = 6"
[1] ""
[1] "------------------ Retrying ------------------"
[1] ""
[1] "------------ Nelder-Mead algorithm ------------"
[1] "Max Loglik = 339.757232064108"
[1] "Current loglik value = 340.035970517143"
[1] ""
[1] "Algorithm did not get a better solution"
[1] "Men, Decrease. tol = -0.000819732255415307, time = 17.818, iteration = 6"
[1] ""
[1] "------------------ Retrying ------------------"
[1] ""
[1] "------------ Nelder-Mead algorithm ------------"
[1] "Max Loglik = 339.758936731432"
[1] "Current loglik value = 340.035970517143"
[1] ""
[1] "Algorithm did not get a better solution"
[1] "Men, Decrease. tol = -0.0008147190583656, time = 19.028, iteration = 6"
[1] ""
[1] "------------------ Retrying ------------------"
[1] ""
[1] "------------ Nelder-Mead algorithm ------------"
[1] "Max Loglik = 339.752724397674"
[1] "Current loglik value = 340.035970517143"
[1] ""
[1] "Algorithm did not get a better solution"
[1] "Men, Decrease. tol = -0.000832988695395534, time = 20.244, iteration = 6"
[1] ""
[1] "------------------ Retrying ------------------"
[1] ""
[1] "------------ Nelder-Mead algorithm ------------"
[1] "Max Loglik = 339.653696996268"
[1] "Current loglik value = 340.035970517143"
[1] ""
[1] "Algorithm did not get a better solution"
[1] "Men, Decrease. tol = -0.00112421494788624, time = 21.473, iteration = 6"
[1] ""
[1] "------------------ Retrying ------------------"
[1] ""
[1] "------------ Nelder-Mead algorithm ------------"
[1] "Max Loglik = 339.716773107956"
[1] "Current loglik value = 340.035970517143"
[1] ""
[1] "Algorithm did not get a better solution"
[1] "Men, Decrease. tol = -0.000938716597250891, time = 22.717, iteration = 6"
[1] ""
[1] "------------------ Retrying ------------------"
[1] ""
[1] "------------ Nelder-Mead algorithm ------------"
[1] "Max Loglik = 339.633741466256"
[1] "Current loglik value = 340.035970517143"
[1] ""
[1] "Algorithm did not get a better solution"
[1] "Men, Decrease. tol = -0.00118290147443659, time = 23.95, iteration = 6"
[1] ""
[1] "------------------ Retrying ------------------"
[1] ""
[1] "------------ Nelder-Mead algorithm ------------"
[1] "Max Loglik = 339.753140200543"
[1] "Current loglik value = 340.035970517143"
[1] ""
[1] "Algorithm did not get a better solution"
[1] "Men, Decrease. tol = -0.000831765875149083, time = 25.013, iteration = 6"
[1] ""
[1] "------------------ Retrying ------------------"
[1] ""
[1] "------------ Nelder-Mead algorithm ------------"
[1] "Max Loglik = 339.513532212093"
[1] "Current loglik value = 340.035970517143"
[1] ""
[1] "Algorithm did not get a better solution"
[1] "Men, Decrease. tol = -0.00153642070353532, time = 26.237, iteration = 6"
[1] ""
[1] "------------------ Retrying ------------------"
[1] ""
[1] "------------ Nelder-Mead algorithm ------------"
[1] "Max Loglik = 339.506635076712"
[1] "Current loglik value = 340.035970517143"
[1] ""
[1] "Algorithm did not get a better solution"
[1] "Men, Decrease. tol = -0.00155670424992229, time = 27.49, iteration = 6"
[1] ""
[1] "------------------ Retrying ------------------"
[1] ""
[1] "------------ Nelder-Mead algorithm ------------"
[1] "Max Loglik = 339.658183968555"
[1] "Current loglik value = 340.035970517143"
[1] ""
[1] "Algorithm did not get a better solution"
[1] "Men, Decrease. tol = -0.0011110193666075, time = 28.746, iteration = 6"
[1] ""
[1] "------------------ Retrying ------------------"
[1] ""
[1] "------------ Nelder-Mead algorithm ------------"
[1] "Max Loglik = 339.659902492598"
[1] "Current loglik value = 340.035970517143"
[1] ""
[1] "Algorithm did not get a better solution"
[1] "Men, Decrease. tol = -0.00110596541881426, time = 29.98, iteration = 6"
[1] ""
[1] "------------------ Retrying ------------------"
[1] ""
[1] "------------ Nelder-Mead algorithm ------------"
[1] "Max Loglik = 339.758680893779"
[1] "Current loglik value = 340.035970517143"
[1] ""
[1] "Algorithm did not get a better solution"
[1] "Men, Decrease. tol = -0.000815471442452317, time = 31.206, iteration = 6"
[1] ""
[1] "------------------ Retrying ------------------"
[1] ""
[1] "------------ Nelder-Mead algorithm ------------"
[1] "Max Loglik = 339.567339454585"
[1] "Current loglik value = 340.035970517143"
[1] ""
[1] "Algorithm did not get a better solution"
[1] "Men, Decrease. tol = -0.00137818084905729, time = 32.466, iteration = 6"
[1] ""
[1] "------------------ Retrying ------------------"
[1] ""
[1] "------------ Nelder-Mead algorithm ------------"
[1] "Max Loglik = 339.752398915971"
[1] "Current loglik value = 340.035970517143"
[1] ""
[1] "Algorithm did not get a better solution"
[1] "Men, Decrease. tol = -0.000833945893255443, time = 33.684, iteration = 6"
[1] ""
[1] "------------------ Retrying ------------------"
[1] ""
[1] "------------ Nelder-Mead algorithm ------------"
[1] "Max Loglik = 339.758957376677"
[1] "Current loglik value = 340.035970517143"
[1] ""
[1] "Algorithm did not get a better solution"
[1] "Men, Decrease. tol = -0.000814658343480142, time = 34.896, iteration = 6"
[1] ""
[1] "------------------ Retrying ------------------"
[1] ""
[1] "------------ Nelder-Mead algorithm ------------"
[1] "Max Loglik = 339.75343349084"
[1] "Current loglik value = 340.035970517143"
[1] ""
[1] "Algorithm did not get a better solution"
[1] "Men, Decrease. tol = -0.000830903347881095, time = 36.113, iteration = 6"
[1] ""
[1] "------------------ Retrying ------------------"
[1] ""
[1] "------------ Nelder-Mead algorithm ------------"
[1] "Max Loglik = 339.705559928615"
[1] "Current loglik value = 340.035970517143"
[1] ""
[1] "Algorithm did not get a better solution"
[1] "Men, Decrease. tol = -0.000971693047724776, time = 37.329, iteration = 6"
[1] ""
[1] "------------------ Retrying ------------------"
[1] ""
[1] "------------ Nelder-Mead algorithm ------------"
[1] "Max Loglik = 339.686656457009"
[1] "Current loglik value = 340.035970517143"
[1] ""
[1] "Algorithm did not get a better solution"
[1] "Men, Decrease. tol = -0.00102728561217307, time = 38.553, iteration = 6"
[1] ""
[1] "------------------ Retrying ------------------"
[1] ""
[1] "------------ Nelder-Mead algorithm ------------"
[1] "Max Loglik = 339.7419663364"
[1] "Current loglik value = 340.035970517143"
[1] ""
[1] "Algorithm did not get a better solution"
[1] "Men, Decrease. tol = -0.000864626704921276, time = 39.794, iteration = 6"
[1] ""
[1] "------------------ Retrying ------------------"
[1] ""
[1] "------------ Nelder-Mead algorithm ------------"
[1] "Max Loglik = 339.759090064797"
[1] "Current loglik value = 340.035970517143"
[1] ""
[1] "Algorithm did not get a better solution"
[1] "Men, Decrease. tol = -0.000814268125589016, time = 41.009, iteration = 6"
[1] ""
[1] "------------------ Retrying ------------------"
[1] ""
[1] "------------ Nelder-Mead algorithm ------------"
[1] "Max Loglik = 339.759453048525"
[1] "Current loglik value = 340.035970517143"
[1] ""
[1] "Algorithm did not get a better solution"
[1] "Men, Decrease. tol = -0.000813200639322915, time = 42.225, iteration = 6"
[1] ""
[1] "------------------ Retrying ------------------"
[1] ""
[1] "------------ Nelder-Mead algorithm ------------"
[1] "Max Loglik = 339.711782858957"
[1] "Current loglik value = 340.035970517143"
[1] ""
[1] "Algorithm did not get a better solution"
[1] "Men, Decrease. tol = -0.000953392247569434, time = 43.437, iteration = 6"
[1] ""
[1] "------------------ Retrying ------------------"
[1] ""
[1] "------------ Nelder-Mead algorithm ------------"
[1] "Max Loglik = 339.757974932403"
[1] "Current loglik value = 340.035970517143"
[1] ""
[1] "Algorithm did not get a better solution"
[1] "Men, Decrease. tol = -0.000817547579796656, time = 44.66, iteration = 6"
[1] ""
[1] "------------------ Retrying ------------------"
[1] ""
[1] "------------ Nelder-Mead algorithm ------------"
[1] "Max Loglik = 339.758840638823"
[1] "Current loglik value = 340.035970517143"
[1] ""
[1] "Algorithm did not get a better solution"
[1] "Men, Decrease. tol = -0.000815001653789323, time = 45.751, iteration = 6"
[1] ""
[1] "------------------ Retrying ------------------"
[1] ""
[1] "------------ Nelder-Mead algorithm ------------"
[1] "Max Loglik = 339.754603357502"
[1] "Current loglik value = 340.035970517143"
[1] ""
[1] "Algorithm did not get a better solution"
[1] "Men, Decrease. tol = -0.000827462927562905, time = 46.963, iteration = 6"
[1] ""
[1] "------------------ Retrying ------------------"
[1] ""
[1] "------------ Nelder-Mead algorithm ------------"
[1] "Max Loglik = 339.706995461036"
[1] "Current loglik value = 340.035970517143"
[1] ""
[1] "Algorithm did not get a better solution"
[1] "Men, Decrease. tol = -0.000967471340184115, time = 48.189, iteration = 6"
[1] ""
[1] "------------------ Retrying ------------------"
[1] ""
[1] "------------ Nelder-Mead algorithm ------------"
[1] "Max Loglik = 339.558084768666"
[1] "Current loglik value = 340.035970517143"
[1] ""
[1] "Algorithm did not get a better solution"
[1] "Men, Decrease. tol = -0.00140539763410934, time = 49.425, iteration = 6"
[1] ""
[1] "------------------ Retrying ------------------"
[1] ""
[1] "------------ Nelder-Mead algorithm ------------"
[1] "Max Loglik = 339.758318414164"
[1] "Current loglik value = 340.035970517143"
[1] ""
[1] "Algorithm did not get a better solution"
[1] "Men, Decrease. tol = -0.000816537446189916, time = 50.639, iteration = 6"
[1] ""
[1] "------------------ Retrying ------------------"
[1] ""
[1] "------------ Nelder-Mead algorithm ------------"
[1] "Max Loglik = 339.746129502414"
[1] "Current loglik value = 340.035970517143"
[1] ""
[1] "Algorithm did not get a better solution"
[1] "Men, Decrease. tol = -0.00085238339428646, time = 51.857, iteration = 6"
[1] ""
[1] "------------------ Retrying ------------------"
[1] ""
[1] "------------ Nelder-Mead algorithm ------------"
[1] "Max Loglik = 339.754016615211"
[1] "Current loglik value = 340.035970517143"
[1] ""
[1] "Algorithm did not get a better solution"
[1] "Men, Decrease. tol = -0.00082918845763054, time = 53.073, iteration = 6"
[1] ""
[1] "------------------ Retrying ------------------"
[1] ""
[1] "------------ Nelder-Mead algorithm ------------"
[1] "Max Loglik = 339.69252117237"
[1] "Current loglik value = 340.035970517143"
[1] ""
[1] "Algorithm did not get a better solution"
[1] "Men, Decrease. tol = -0.00101003827403962, time = 54.286, iteration = 6"
[1] ""
[1] "------------------ Retrying ------------------"
[1] ""
[1] "------------ Nelder-Mead algorithm ------------"
[1] "Max Loglik = 339.012392863939"
[1] "Current loglik value = 340.035970517143"
[1] ""
[1] "Algorithm did not get a better solution"
[1] "Men, Decrease. tol = -0.00301020404296341, time = 55.494, iteration = 6"
[1] ""
[1] "------------------ Retrying ------------------"
[1] ""
[1] "------------ Nelder-Mead algorithm ------------"
[1] "Max Loglik = 339.464840638362"
[1] "Current loglik value = 340.035970517143"
[1] ""
[1] "Algorithm did not get a better solution"
[1] "Men, Decrease. tol = -0.00167961606506427, time = 56.757, iteration = 6"
[1] ""
[1] "------------------ Retrying ------------------"
[1] ""
[1] "------------ Nelder-Mead algorithm ------------"
[1] "Max Loglik = 339.689754712099"
[1] "Current loglik value = 340.035970517143"
[1] ""
[1] "Algorithm did not get a better solution"
[1] "Men, Decrease. tol = -0.00101817406116539, time = 57.973, iteration = 6"
[1] ""
[1] "------------------ Retrying ------------------"
[1] ""
[1] "------------ Nelder-Mead algorithm ------------"
[1] "Max Loglik = 339.69452409867"
[1] "Current loglik value = 340.035970517143"
[1] ""
[1] "Algorithm did not get a better solution"
[1] "Men, Decrease. tol = -0.00100414793750463, time = 59.191, iteration = 6"
[1] ""
[1] "------------------ Retrying ------------------"
[1] ""
[1] "------------ Nelder-Mead algorithm ------------"
[1] "Max Loglik = 339.727370712237"
[1] "Current loglik value = 340.035970517143"
[1] ""
[1] "Algorithm did not get a better solution"
[1] "Men, Decrease. tol = -0.000907550470136075, time = 60.407, iteration = 6"
[1] ""
[1] "------------------ Retrying ------------------"
[1] ""
[1] "------------ Nelder-Mead algorithm ------------"
[1] "Max Loglik = 339.470297711387"
[1] "Current loglik value = 340.035970517143"
[1] ""
[1] "Algorithm did not get a better solution"
[1] "Men, Decrease. tol = -0.00166356754814975, time = 61.583, iteration = 6"
[1] ""
[1] "------------------ Retrying ------------------"
[1] ""
[1] "------------ Nelder-Mead algorithm ------------"
[1] "Max Loglik = 339.684592547239"
[1] "Current loglik value = 340.035970517143"
[1] ""
[1] "Algorithm did not get a better solution"
[1] "Men, Decrease. tol = -0.00103335529288181, time = 62.793, iteration = 6"
[1] ""
[1] "------------------ Retrying ------------------"
[1] ""
[1] "------------ Nelder-Mead algorithm ------------"
[1] "Max Loglik = 339.759675408779"
[1] "Current loglik value = 340.035970517143"
[1] ""
[1] "Algorithm did not get a better solution"
[1] "Men, Decrease. tol = -0.000812546707760008, time = 63.993, iteration = 6"
[1] ""
[1] "------------------ Retrying ------------------"
[1] ""
[1] "------------ Nelder-Mead algorithm ------------"
[1] "Max Loglik = 339.756719440239"
[1] "Current loglik value = 340.035970517143"
[1] ""
[1] "Algorithm did not get a better solution"
[1] "Men, Decrease. tol = -0.000821239813185831, time = 65.208, iteration = 6"
[1] ""
[1] "------------------ Retrying ------------------"
[1] ""
[1] "------------ Nelder-Mead algorithm ------------"
[1] "Max Loglik = 339.731960769743"
[1] "Current loglik value = 340.035970517143"
[1] ""
[1] "Algorithm did not get a better solution"
[1] "Men, Decrease. tol = -0.000894051729107225, time = 66.429, iteration = 6"
[1] ""
[1] "------------------ Retrying ------------------"
[1] ""
[1] "------------ Nelder-Mead algorithm ------------"
[1] "Max Loglik = 339.678235192694"
[1] "Current loglik value = 340.035970517143"
[1] ""
[1] "Algorithm did not get a better solution"
[1] "Men, Decrease. tol = -0.00105205141651642, time = 67.7, iteration = 6"
[1] ""
[1] "------------------ Retrying ------------------"
[1] ""
[1] "------------ Nelder-Mead algorithm ------------"
[1] "Max Loglik = 339.218287891912"
[1] "Current loglik value = 340.035970517143"
[1] ""
[1] "Algorithm did not get a better solution"
[1] "Men, Decrease. tol = -0.00240469449154719, time = 69.03, iteration = 6"
[1] ""
[1] "------------------ Retrying ------------------"
[1] ""
[1] "------ Maximum iterations withouth improvement achieved ------"
