[1] "------------ Transforming weights ------------"
[1] "------- starting weights -------"
[1] "Underweight:0.233333333333333"
[1] "Normal:0.233333333333333"
[1] "Overweight:0.233333333333333"
[1] "Obese:0.3"
[1] "------------ Simulated Annealing ------------"
[1] "Max Loglik = 304.205633583316"
[1] "Current loglik value = 0"
[1] "Men, Increase. tol = Inf, time = 24.026, iteration = 1"
[1] "Common area: 0.744728490467494"
[1] "------------ Simulated Annealing ------------"
[1] "Max Loglik = 304.532712578601"
[1] "Current loglik value = 304.205633583316"
[1] "Men, Increase. tol = 0.00107519046058325, time = 49.53, iteration = 2"
[1] "Common area: 0.981575773307468"
[1] "------------ Simulated Annealing ------------"
[1] "Max Loglik = 304.542808486764"
[1] "Current loglik value = 304.532712578601"
[1] "Men, Increase. tol = 3.31521302837392e-05, time = 74.366, iteration = 3"
[1] "Common area: 0.967692434125296"
[1] "------------ Simulated Annealing ------------"
[1] "Max Loglik = 304.87842098875"
[1] "Current loglik value = 304.542808486764"
[1] "Men, Increase. tol = 0.00110202077551455, time = 97.144, iteration = 4"
[1] "Common area: 0.961569017798748"
[1] "------------ Simulated Annealing ------------"
[1] "Max Loglik = 305.023385192002"
[1] "Current loglik value = 304.87842098875"
[1] "Men, Increase. tol = 0.000475482006179737, time = 119.119, iteration = 5"
[1] "Common area: 0.834750820585417"
[1] "------------ Simulated Annealing ------------"
[1] "Max Loglik = 304.477493020327"
[1] "Current loglik value = 305.023385192002"
[1] ""
[1] "Algorithm did not get a better solution"
[1] "Men, Increase. tol = -0.00178967317975182, time = 142.94, iteration = 6"
[1] ""
[1] "------------------ Retrying ------------------"
[1] ""
[1] "------------ Simulated Annealing ------------"
[1] "Max Loglik = 304.811623527343"
[1] "Current loglik value = 305.023385192002"
[1] ""
[1] "Algorithm did not get a better solution"
[1] "Men, Increase. tol = -0.000694247310010274, time = 163.216, iteration = 6"
[1] ""
[1] "------------------ Retrying ------------------"
[1] ""
[1] "------------ Simulated Annealing ------------"
[1] "Max Loglik = 304.975493834884"
[1] "Current loglik value = 305.023385192002"
[1] ""
[1] "Algorithm did not get a better solution"
[1] "Men, Increase. tol = -0.000157008804713861, time = 183.16, iteration = 6"
[1] ""
[1] "------------------ Retrying ------------------"
[1] ""
[1] "------------ Simulated Annealing ------------"
[1] "Max Loglik = 305.082831609395"
[1] "Current loglik value = 305.023385192002"
[1] "Men, Increase. tol = 0.000194891343676208, time = 202.845, iteration = 6"
[1] "Common area: 0.837057104024019"
