[1] "------------ Transforming weights ------------"
[1] "------- starting weights -------"
[1] "Underweight:0.266666666666667"
[1] "Normal:0.244444444444444"
[1] "Overweight:0.255555555555556"
[1] "Obese:0.233333333333333"
[1] "------------ BFGS ------------"
[1] "Max Loglik = 346.350339756829"
[1] "Current loglik value = 0"
[1] "Women, Decrease. tol = Inf, time = 2.498, iteration = 1"
[1] "Common area: 0.844751046507924"
[1] "------------ BFGS ------------"
[1] "Max Loglik = 347.322293913995"
[1] "Current loglik value = 346.350339756829"
[1] "Women, Decrease. tol = 0.00280627458846575, time = 4.264, iteration = 2"
[1] "Common area: 0.94574763048447"
[1] "------------ BFGS ------------"
[1] "Max Loglik = 346.903697895614"
[1] "Current loglik value = 347.322293913995"
[1] ""
[1] "Algorithm did not get a better solution"
[1] "Women, Decrease. tol = -0.00120520918384996, time = 6.263, iteration = 3"
[1] ""
[1] "------------------ Retrying ------------------"
[1] ""
[1] "------------ BFGS ------------"
[1] "Max Loglik = 346.903610399304"
[1] "Current loglik value = 347.322293913995"
[1] ""
[1] "Algorithm did not get a better solution"
[1] "Women, Decrease. tol = -0.00120546110061843, time = 7.557, iteration = 3"
[1] ""
[1] "------------------ Retrying ------------------"
[1] ""
[1] "------------ BFGS ------------"
[1] "Max Loglik = 346.903666566487"
[1] "Current loglik value = 347.322293913995"
[1] ""
[1] "Algorithm did not get a better solution"
[1] "Women, Decrease. tol = -0.00120529938573849, time = 9.13, iteration = 3"
[1] ""
[1] "------------------ Retrying ------------------"
[1] ""
[1] "------------ BFGS ------------"
[1] "Max Loglik = 346.903686048888"
[1] "Current loglik value = 347.322293913995"
[1] ""
[1] "Algorithm did not get a better solution"
[1] "Women, Decrease. tol = -0.00120524329258904, time = 10.671, iteration = 3"
[1] ""
[1] "------------------ Retrying ------------------"
[1] ""
[1] "------------ BFGS ------------"
[1] "Max Loglik = 346.903663990169"
[1] "Current loglik value = 347.322293913995"
[1] ""
[1] "Algorithm did not get a better solution"
[1] "Women, Decrease. tol = -0.00120530680339577, time = 12.5, iteration = 3"
[1] ""
[1] "------------------ Retrying ------------------"
[1] ""
[1] "------------ BFGS ------------"
[1] "Max Loglik = 346.903700458654"
[1] "Current loglik value = 347.322293913995"
[1] ""
[1] "Algorithm did not get a better solution"
[1] "Women, Decrease. tol = -0.00120520180442099, time = 14.324, iteration = 3"
[1] ""
[1] "------------------ Retrying ------------------"
[1] ""
[1] "------------ BFGS ------------"
[1] "Max Loglik = 346.903699284921"
[1] "Current loglik value = 347.322293913995"
[1] ""
[1] "Algorithm did not get a better solution"
[1] "Women, Decrease. tol = -0.00120520518379933, time = 16.152, iteration = 3"
[1] ""
[1] "------------------ Retrying ------------------"
[1] ""
[1] "------------ BFGS ------------"
[1] "Max Loglik = 346.903701835525"
[1] "Current loglik value = 347.322293913995"
[1] ""
[1] "Algorithm did not get a better solution"
[1] "Women, Decrease. tol = -0.0012051978401763, time = 17.912, iteration = 3"
[1] ""
[1] "------------------ Retrying ------------------"
[1] ""
[1] "------------ BFGS ------------"
[1] "Max Loglik = 346.902085412062"
[1] "Current loglik value = 347.322293913995"
[1] ""
[1] "Algorithm did not get a better solution"
[1] "Women, Decrease. tol = -0.00120985179844678, time = 19.09, iteration = 3"
[1] ""
[1] "------------------ Retrying ------------------"
[1] ""
[1] "------------ BFGS ------------"
[1] "Max Loglik = 346.903701686354"
[1] "Current loglik value = 347.322293913995"
[1] ""
[1] "Algorithm did not get a better solution"
[1] "Women, Decrease. tol = -0.00120519826966386, time = 20.88, iteration = 3"
[1] ""
[1] "------------------ Retrying ------------------"
[1] ""
[1] "------------ BFGS ------------"
[1] "Max Loglik = 346.9036931753"
[1] "Current loglik value = 347.322293913995"
[1] ""
[1] "Algorithm did not get a better solution"
[1] "Women, Decrease. tol = -0.00120522277443721, time = 22.712, iteration = 3"
[1] ""
[1] "------------------ Retrying ------------------"
[1] ""
[1] "------------ BFGS ------------"
[1] "Max Loglik = 346.903592432927"
[1] "Current loglik value = 347.322293913995"
[1] ""
[1] "Algorithm did not get a better solution"
[1] "Women, Decrease. tol = -0.00120551282887484, time = 24.191, iteration = 3"
[1] ""
[1] "------------------ Retrying ------------------"
[1] ""
[1] "------------ BFGS ------------"
[1] "Max Loglik = 346.903702071978"
[1] "Current loglik value = 347.322293913995"
[1] ""
[1] "Algorithm did not get a better solution"
[1] "Women, Decrease. tol = -0.00120519715938577, time = 25.991, iteration = 3"
[1] ""
[1] "------------------ Retrying ------------------"
[1] ""
[1] "------------ BFGS ------------"
[1] "Max Loglik = 346.90366517156"
[1] "Current loglik value = 347.322293913995"
[1] ""
[1] "Algorithm did not get a better solution"
[1] "Women, Decrease. tol = -0.00120530340197201, time = 26.61, iteration = 3"
[1] ""
[1] "------------------ Retrying ------------------"
[1] ""
[1] "------------ BFGS ------------"
[1] "Max Loglik = 346.903702026299"
[1] "Current loglik value = 347.322293913995"
[1] ""
[1] "Algorithm did not get a better solution"
[1] "Women, Decrease. tol = -0.00120519729090397, time = 28.413, iteration = 3"
[1] ""
[1] "------------------ Retrying ------------------"
[1] ""
[1] "------------ BFGS ------------"
[1] "Max Loglik = 346.903701951549"
[1] "Current loglik value = 347.322293913995"
[1] ""
[1] "Algorithm did not get a better solution"
[1] "Women, Decrease. tol = -0.0012051975061213, time = 30.212, iteration = 3"
[1] ""
[1] "------------------ Retrying ------------------"
[1] ""
[1] "------------ BFGS ------------"
[1] "Max Loglik = 346.903648374457"
[1] "Current loglik value = 347.322293913995"
[1] ""
[1] "Algorithm did not get a better solution"
[1] "Women, Decrease. tol = -0.00120535176368836, time = 31.673, iteration = 3"
[1] ""
[1] "------------------ Retrying ------------------"
[1] ""
[1] "------------ BFGS ------------"
[1] "Max Loglik = 346.903666930188"
[1] "Current loglik value = 347.322293913995"
[1] ""
[1] "Algorithm did not get a better solution"
[1] "Women, Decrease. tol = -0.00120529833858086, time = 33.115, iteration = 3"
[1] ""
[1] "------------------ Retrying ------------------"
[1] ""
[1] "------------ BFGS ------------"
[1] "Max Loglik = 346.903630669538"
[1] "Current loglik value = 347.322293913995"
[1] ""
[1] "Algorithm did not get a better solution"
[1] "Women, Decrease. tol = -0.00120540273916527, time = 34.532, iteration = 3"
[1] ""
[1] "------------------ Retrying ------------------"
[1] ""
[1] "------------ BFGS ------------"
[1] "Max Loglik = 346.90369965319"
[1] "Current loglik value = 347.322293913995"
[1] ""
[1] "Algorithm did not get a better solution"
[1] "Women, Decrease. tol = -0.00120520412348934, time = 36.304, iteration = 3"
[1] ""
[1] "------------------ Retrying ------------------"
[1] ""
[1] "------------ BFGS ------------"
[1] "Max Loglik = 346.903701968055"
[1] "Current loglik value = 347.322293913995"
[1] ""
[1] "Algorithm did not get a better solution"
[1] "Women, Decrease. tol = -0.00120519745860044, time = 38.015, iteration = 3"
[1] ""
[1] "------------------ Retrying ------------------"
[1] ""
[1] "------------ BFGS ------------"
[1] "Max Loglik = 346.903453336866"
[1] "Current loglik value = 347.322293913995"
[1] ""
[1] "Algorithm did not get a better solution"
[1] "Women, Decrease. tol = -0.00120591331011035, time = 39.125, iteration = 3"
[1] ""
[1] "------------------ Retrying ------------------"
[1] ""
[1] "------------ BFGS ------------"
[1] "Max Loglik = 346.903701860599"
[1] "Current loglik value = 347.322293913995"
[1] ""
[1] "Algorithm did not get a better solution"
[1] "Women, Decrease. tol = -0.00120519776798178, time = 40.781, iteration = 3"
[1] ""
[1] "------------------ Retrying ------------------"
[1] ""
[1] "------------ BFGS ------------"
[1] "Max Loglik = 346.903697444436"
[1] "Current loglik value = 347.322293913995"
[1] ""
[1] "Algorithm did not get a better solution"
[1] "Women, Decrease. tol = -0.00120521048286865, time = 42.477, iteration = 3"
[1] ""
[1] "------------------ Retrying ------------------"
[1] ""
[1] "------------ BFGS ------------"
[1] "Max Loglik = 346.903697852395"
[1] "Current loglik value = 347.322293913995"
[1] ""
[1] "Algorithm did not get a better solution"
[1] "Women, Decrease. tol = -0.00120520930828601, time = 44.173, iteration = 3"
[1] ""
[1] "------------------ Retrying ------------------"
[1] ""
[1] "------------ BFGS ------------"
[1] "Max Loglik = 346.903678499179"
[1] "Current loglik value = 347.322293913995"
[1] ""
[1] "Algorithm did not get a better solution"
[1] "Women, Decrease. tol = -0.00120526502948685, time = 45.702, iteration = 3"
[1] ""
[1] "------------------ Retrying ------------------"
[1] ""
[1] "------------ BFGS ------------"
[1] "Max Loglik = 346.903417565379"
[1] "Current loglik value = 347.322293913995"
[1] ""
[1] "Algorithm did not get a better solution"
[1] "Women, Decrease. tol = -0.00120601630231, time = 46.797, iteration = 3"
[1] ""
[1] "------------------ Retrying ------------------"
[1] ""
[1] "------------ BFGS ------------"
[1] "Max Loglik = 346.903697325803"
[1] "Current loglik value = 347.322293913995"
[1] ""
[1] "Algorithm did not get a better solution"
[1] "Women, Decrease. tol = -0.00120521082443246, time = 48.593, iteration = 3"
[1] ""
[1] "------------------ Retrying ------------------"
[1] ""
[1] "------------ BFGS ------------"
[1] "Max Loglik = 346.903698569722"
[1] "Current loglik value = 347.322293913995"
[1] ""
[1] "Algorithm did not get a better solution"
[1] "Women, Decrease. tol = -0.00120520724297933, time = 50.298, iteration = 3"
[1] ""
[1] "------------------ Retrying ------------------"
[1] ""
[1] "------------ BFGS ------------"
[1] "Max Loglik = 346.903606543386"
[1] "Current loglik value = 347.322293913995"
[1] ""
[1] "Algorithm did not get a better solution"
[1] "Women, Decrease. tol = -0.00120547220246415, time = 51.67, iteration = 3"
[1] ""
[1] "------------------ Retrying ------------------"
[1] ""
[1] "------------ BFGS ------------"
[1] "Max Loglik = 346.903701479405"
[1] "Current loglik value = 347.322293913995"
[1] ""
[1] "Algorithm did not get a better solution"
[1] "Women, Decrease. tol = -0.00120519886550488, time = 53.308, iteration = 3"
[1] ""
[1] "------------------ Retrying ------------------"
[1] ""
[1] "------------ BFGS ------------"
[1] "Max Loglik = 346.903692004182"
[1] "Current loglik value = 347.322293913995"
[1] ""
[1] "Algorithm did not get a better solution"
[1] "Women, Decrease. tol = -0.00120522614628661, time = 54.916, iteration = 3"
[1] ""
[1] "------------------ Retrying ------------------"
[1] ""
[1] "------------ BFGS ------------"
[1] "Max Loglik = 346.898718281409"
[1] "Current loglik value = 347.322293913995"
[1] ""
[1] "Algorithm did not get a better solution"
[1] "Women, Decrease. tol = -0.00121954634069916, time = 56.019, iteration = 3"
[1] ""
[1] "------------------ Retrying ------------------"
[1] ""
[1] "------------ BFGS ------------"
[1] "Max Loglik = 346.903684408856"
[1] "Current loglik value = 347.322293913995"
[1] ""
[1] "Algorithm did not get a better solution"
[1] "Women, Decrease. tol = -0.00120524801452079, time = 57.722, iteration = 3"
[1] ""
[1] "------------------ Retrying ------------------"
[1] ""
[1] "------------ BFGS ------------"
[1] "Max Loglik = 346.903628816458"
[1] "Current loglik value = 347.322293913995"
[1] ""
[1] "Algorithm did not get a better solution"
[1] "Women, Decrease. tol = -0.00120540807449862, time = 59.085, iteration = 3"
[1] ""
[1] "------------------ Retrying ------------------"
[1] ""
[1] "------------ BFGS ------------"
[1] "Max Loglik = 346.903702035166"
[1] "Current loglik value = 347.322293913995"
[1] ""
[1] "Algorithm did not get a better solution"
[1] "Women, Decrease. tol = -0.00120519726537369, time = 60.728, iteration = 3"
[1] ""
[1] "------------------ Retrying ------------------"
[1] ""
[1] "------------ BFGS ------------"
[1] "Max Loglik = 346.903579178934"
[1] "Current loglik value = 347.322293913995"
[1] ""
[1] "Algorithm did not get a better solution"
[1] "Women, Decrease. tol = -0.00120555098937744, time = 62.095, iteration = 3"
[1] ""
[1] "------------------ Retrying ------------------"
[1] ""
[1] "------------ BFGS ------------"
[1] "Max Loglik = 346.903698640304"
[1] "Current loglik value = 347.322293913995"
[1] ""
[1] "Algorithm did not get a better solution"
[1] "Women, Decrease. tol = -0.00120520703976103, time = 63.796, iteration = 3"
[1] ""
[1] "------------------ Retrying ------------------"
[1] ""
[1] "------------ BFGS ------------"
[1] "Max Loglik = 346.90369892824"
[1] "Current loglik value = 347.322293913995"
[1] ""
[1] "Algorithm did not get a better solution"
[1] "Women, Decrease. tol = -0.0012052062107439, time = 65.46, iteration = 3"
[1] ""
[1] "------------------ Retrying ------------------"
[1] ""
[1] "------------ BFGS ------------"
[1] "Max Loglik = 346.903697643788"
[1] "Current loglik value = 347.322293913995"
[1] ""
[1] "Algorithm did not get a better solution"
[1] "Women, Decrease. tol = -0.00120520990889908, time = 67.172, iteration = 3"
[1] ""
[1] "------------------ Retrying ------------------"
[1] ""
[1] "------------ BFGS ------------"
[1] "Max Loglik = 346.903593991558"
[1] "Current loglik value = 347.322293913995"
[1] ""
[1] "Algorithm did not get a better solution"
[1] "Women, Decrease. tol = -0.00120550834131197, time = 68.566, iteration = 3"
[1] ""
[1] "------------------ Retrying ------------------"
[1] ""
[1] "------------ BFGS ------------"
[1] "Max Loglik = 346.903699846861"
[1] "Current loglik value = 347.322293913995"
[1] ""
[1] "Algorithm did not get a better solution"
[1] "Women, Decrease. tol = -0.00120520356587679, time = 70.275, iteration = 3"
[1] ""
[1] "------------------ Retrying ------------------"
[1] ""
[1] "------------ BFGS ------------"
[1] "Max Loglik = 346.903679182374"
[1] "Current loglik value = 347.322293913995"
[1] ""
[1] "Algorithm did not get a better solution"
[1] "Women, Decrease. tol = -0.00120526306245208, time = 71.371, iteration = 3"
[1] ""
[1] "------------------ Retrying ------------------"
[1] ""
[1] "------------ BFGS ------------"
[1] "Max Loglik = 346.903688222108"
[1] "Current loglik value = 347.322293913995"
[1] ""
[1] "Algorithm did not get a better solution"
[1] "Women, Decrease. tol = -0.00120523703552033, time = 72.996, iteration = 3"
[1] ""
[1] "------------------ Retrying ------------------"
[1] ""
[1] "------------ BFGS ------------"
[1] "Max Loglik = 346.903701502099"
[1] "Current loglik value = 347.322293913995"
[1] ""
[1] "Algorithm did not get a better solution"
[1] "Women, Decrease. tol = -0.00120519880016434, time = 74.635, iteration = 3"
[1] ""
[1] "------------------ Retrying ------------------"
[1] ""
[1] "------------ BFGS ------------"
[1] "Max Loglik = 346.903672683963"
[1] "Current loglik value = 347.322293913995"
[1] ""
[1] "Algorithm did not get a better solution"
[1] "Women, Decrease. tol = -0.00120528177248434, time = 75.261, iteration = 3"
[1] ""
[1] "------------------ Retrying ------------------"
[1] ""
[1] "------------ BFGS ------------"
[1] "Max Loglik = 346.903701913105"
[1] "Current loglik value = 347.322293913995"
[1] ""
[1] "Algorithm did not get a better solution"
[1] "Women, Decrease. tol = -0.00120519761680926, time = 76.897, iteration = 3"
[1] ""
[1] "------------------ Retrying ------------------"
[1] ""
[1] "------------ BFGS ------------"
[1] "Max Loglik = 346.903701845308"
[1] "Current loglik value = 347.322293913995"
[1] ""
[1] "Algorithm did not get a better solution"
[1] "Women, Decrease. tol = -0.00120519781200715, time = 78.61, iteration = 3"
[1] ""
[1] "------------------ Retrying ------------------"
[1] ""
[1] "------------ BFGS ------------"
[1] "Max Loglik = 346.90370095856"
[1] "Current loglik value = 347.322293913995"
[1] ""
[1] "Algorithm did not get a better solution"
[1] "Women, Decrease. tol = -0.00120520036510806, time = 80.327, iteration = 3"
[1] ""
[1] "------------------ Retrying ------------------"
[1] ""
[1] "------------ BFGS ------------"
[1] "Max Loglik = 346.90369770462"
[1] "Current loglik value = 347.322293913995"
[1] ""
[1] "Algorithm did not get a better solution"
[1] "Women, Decrease. tol = -0.00120520973375403, time = 82.032, iteration = 3"
[1] ""
[1] "------------------ Retrying ------------------"
[1] ""
[1] "------ Maximum iterations withouth improvement achieved ------"
