[1] "------- starting weights -------"
[1] "Underweight:0.2"
[1] "Normal:0.266666666666667"
[1] "Overweight:0.233333333333333"
[1] "Obese:0.3"
[1] "------------ BFGS ------------"
[1] "Max Loglik = 346.311399556151"
[1] "Current loglik value = 0"
[1] "Women, Decrease. tol = Inf, time = 2.259, iteration = 1"
[1] "Common area: 0.83892853010257"
[1] "------------ BFGS ------------"
[1] "Max Loglik = 347.291712165775"
[1] "Current loglik value = 346.311399556151"
[1] "Women, Decrease. tol = 0.00283072578864009, time = 4.196, iteration = 2"
[1] "Common area: 0.933371817583358"
[1] "------------ BFGS ------------"
[1] "Max Loglik = 346.752700322327"
[1] "Current loglik value = 347.291712165775"
[1] ""
[1] "Algorithm did not get a better solution"
[1] "Women, Decrease. tol = -0.00155204349705343, time = 6.04, iteration = 3"
[1] ""
[1] "------------------ Retrying ------------------"
[1] ""
[1] "------------ BFGS ------------"
[1] "Max Loglik = 346.752575553573"
[1] "Current loglik value = 347.291712165775"
[1] ""
[1] "Algorithm did not get a better solution"
[1] "Women, Decrease. tol = -0.00155240275916628, time = 7.335, iteration = 3"
[1] ""
[1] "------------------ Retrying ------------------"
[1] ""
[1] "------------ BFGS ------------"
[1] "Max Loglik = 346.752681321045"
[1] "Current loglik value = 347.291712165775"
[1] ""
[1] "Algorithm did not get a better solution"
[1] "Women, Decrease. tol = -0.00155209820979684, time = 8.992, iteration = 3"
[1] ""
[1] "------------------ Retrying ------------------"
[1] ""
[1] "------------ BFGS ------------"
[1] "Max Loglik = 346.752588267476"
[1] "Current loglik value = 347.291712165775"
[1] ""
[1] "Algorithm did not get a better solution"
[1] "Women, Decrease. tol = -0.00155236615045151, time = 10.356, iteration = 3"
[1] ""
[1] "------------------ Retrying ------------------"
[1] ""
[1] "------------ BFGS ------------"
[1] "Max Loglik = 346.752692479278"
[1] "Current loglik value = 347.291712165775"
[1] ""
[1] "Algorithm did not get a better solution"
[1] "Women, Decrease. tol = -0.00155206608051372, time = 11.636, iteration = 3"
[1] ""
[1] "------------------ Retrying ------------------"
[1] ""
[1] "------------ BFGS ------------"
[1] "Max Loglik = 346.752685790276"
[1] "Current loglik value = 347.291712165775"
[1] ""
[1] "Algorithm did not get a better solution"
[1] "Women, Decrease. tol = -0.0015520853409859, time = 12.896, iteration = 3"
[1] ""
[1] "------------------ Retrying ------------------"
[1] ""
[1] "------------ BFGS ------------"
[1] "Max Loglik = 346.752696226835"
[1] "Current loglik value = 347.291712165775"
[1] ""
[1] "Algorithm did not get a better solution"
[1] "Women, Decrease. tol = -0.00155205528971175, time = 14.359, iteration = 3"
[1] ""
[1] "------------------ Retrying ------------------"
[1] ""
[1] "------------ BFGS ------------"
[1] "Max Loglik = 346.752698081806"
[1] "Current loglik value = 347.291712165775"
[1] ""
[1] "Algorithm did not get a better solution"
[1] "Women, Decrease. tol = -0.00155204994846273, time = 15.497, iteration = 3"
[1] ""
[1] "------------------ Retrying ------------------"
[1] ""
[1] "------------ BFGS ------------"
[1] "Max Loglik = 346.752680217909"
[1] "Current loglik value = 347.291712165775"
[1] ""
[1] "Algorithm did not get a better solution"
[1] "Women, Decrease. tol = -0.00155210138619353, time = 16.645, iteration = 3"
[1] ""
[1] "------------------ Retrying ------------------"
[1] ""
[1] "------------ BFGS ------------"
[1] "Max Loglik = 346.752679208389"
[1] "Current loglik value = 347.291712165775"
[1] ""
[1] "Algorithm did not get a better solution"
[1] "Women, Decrease. tol = -0.00155210429302894, time = 17.975, iteration = 3"
[1] ""
[1] "------------------ Retrying ------------------"
[1] ""
[1] "------------ BFGS ------------"
[1] "Max Loglik = 346.752696890656"
[1] "Current loglik value = 347.291712165775"
[1] ""
[1] "Algorithm did not get a better solution"
[1] "Women, Decrease. tol = -0.00155205337828825, time = 19.46, iteration = 3"
[1] ""
[1] "------------------ Retrying ------------------"
[1] ""
[1] "------------ BFGS ------------"
[1] "Max Loglik = 346.752661617124"
[1] "Current loglik value = 347.291712165775"
[1] ""
[1] "Algorithm did not get a better solution"
[1] "Women, Decrease. tol = -0.00155215494573421, time = 20.604, iteration = 3"
[1] ""
[1] "------------------ Retrying ------------------"
[1] ""
[1] "------------ BFGS ------------"
[1] "Max Loglik = 346.752645561725"
[1] "Current loglik value = 347.291712165775"
[1] ""
[1] "Algorithm did not get a better solution"
[1] "Women, Decrease. tol = -0.00155220117603084, time = 21.844, iteration = 3"
[1] ""
[1] "------------------ Retrying ------------------"
[1] ""
[1] "------------ BFGS ------------"
[1] "Max Loglik = 346.752624496769"
[1] "Current loglik value = 347.291712165775"
[1] ""
[1] "Algorithm did not get a better solution"
[1] "Women, Decrease. tol = -0.00155226183096552, time = 22.375, iteration = 3"
[1] ""
[1] "------------------ Retrying ------------------"
[1] ""
[1] "------------ BFGS ------------"
[1] "Max Loglik = 346.752603687706"
[1] "Current loglik value = 347.291712165775"
[1] ""
[1] "Algorithm did not get a better solution"
[1] "Women, Decrease. tol = -0.00155232174907619, time = 23.537, iteration = 3"
[1] ""
[1] "------------------ Retrying ------------------"
[1] ""
[1] "------------ BFGS ------------"
[1] "Max Loglik = 346.75257399926"
[1] "Current loglik value = 347.291712165775"
[1] ""
[1] "Algorithm did not get a better solution"
[1] "Women, Decrease. tol = -0.00155240723469048, time = 24.716, iteration = 3"
[1] ""
[1] "------------------ Retrying ------------------"
[1] ""
[1] "------------ BFGS ------------"
[1] "Max Loglik = 346.752616574927"
[1] "Current loglik value = 347.291712165775"
[1] ""
[1] "Algorithm did not get a better solution"
[1] "Women, Decrease. tol = -0.00155228464130652, time = 25.889, iteration = 3"
[1] ""
[1] "------------------ Retrying ------------------"
[1] ""
[1] "------------ BFGS ------------"
[1] "Max Loglik = 346.752692495896"
[1] "Current loglik value = 347.291712165775"
[1] ""
[1] "Algorithm did not get a better solution"
[1] "Women, Decrease. tol = -0.00155206603266607, time = 27.065, iteration = 3"
[1] ""
[1] "------------------ Retrying ------------------"
[1] ""
[1] "------------ BFGS ------------"
[1] "Max Loglik = 346.752669705896"
[1] "Current loglik value = 347.291712165775"
[1] ""
[1] "Algorithm did not get a better solution"
[1] "Women, Decrease. tol = -0.00155213165473159, time = 28.239, iteration = 3"
[1] ""
[1] "------------------ Retrying ------------------"
[1] ""
[1] "------------ BFGS ------------"
[1] "Max Loglik = 346.752665402499"
[1] "Current loglik value = 347.291712165775"
[1] ""
[1] "Algorithm did not get a better solution"
[1] "Women, Decrease. tol = -0.00155214404603643, time = 29.499, iteration = 3"
[1] ""
[1] "------------------ Retrying ------------------"
[1] ""
[1] "------------ BFGS ------------"
[1] "Max Loglik = 346.752460948092"
[1] "Current loglik value = 347.291712165775"
[1] ""
[1] "Algorithm did not get a better solution"
[1] "Women, Decrease. tol = -0.00155273275690886, time = 30.718, iteration = 3"
[1] ""
[1] "------------------ Retrying ------------------"
[1] ""
[1] "------------ BFGS ------------"
[1] "Max Loglik = 346.752697046759"
[1] "Current loglik value = 347.291712165775"
[1] ""
[1] "Algorithm did not get a better solution"
[1] "Women, Decrease. tol = -0.00155205292880288, time = 31.886, iteration = 3"
[1] ""
[1] "------------------ Retrying ------------------"
[1] ""
[1] "------------ BFGS ------------"
[1] "Max Loglik = 346.752699880632"
[1] "Current loglik value = 347.291712165775"
[1] ""
[1] "Algorithm did not get a better solution"
[1] "Women, Decrease. tol = -0.0015520447688817, time = 33.059, iteration = 3"
[1] ""
[1] "------------------ Retrying ------------------"
[1] ""
[1] "------------ BFGS ------------"
[1] "Max Loglik = 346.75270035117"
[1] "Current loglik value = 347.291712165775"
[1] ""
[1] "Algorithm did not get a better solution"
[1] "Women, Decrease. tol = -0.00155204341400195, time = 34.219, iteration = 3"
[1] ""
[1] "------------------ Retrying ------------------"
[1] ""
[1] "------------ BFGS ------------"
[1] "Max Loglik = 346.752692222081"
[1] "Current loglik value = 347.291712165775"
[1] ""
[1] "Algorithm did not get a better solution"
[1] "Women, Decrease. tol = -0.00155206682109459, time = 35.467, iteration = 3"
[1] ""
[1] "------------------ Retrying ------------------"
[1] ""
[1] "------------ BFGS ------------"
[1] "Max Loglik = 346.752694047598"
[1] "Current loglik value = 347.291712165775"
[1] ""
[1] "Algorithm did not get a better solution"
[1] "Women, Decrease. tol = -0.0015520615646587, time = 36.627, iteration = 3"
[1] ""
[1] "------------------ Retrying ------------------"
[1] ""
[1] "------------ BFGS ------------"
[1] "Max Loglik = 346.752693153578"
[1] "Current loglik value = 347.291712165775"
[1] ""
[1] "Algorithm did not get a better solution"
[1] "Women, Decrease. tol = -0.0015520641389201, time = 37.795, iteration = 3"
[1] ""
[1] "------------------ Retrying ------------------"
[1] ""
[1] "------------ BFGS ------------"
[1] "Max Loglik = 346.752699839139"
[1] "Current loglik value = 347.291712165775"
[1] ""
[1] "Algorithm did not get a better solution"
[1] "Women, Decrease. tol = -0.00155204488835525, time = 39.284, iteration = 3"
[1] ""
[1] "------------------ Retrying ------------------"
[1] ""
[1] "------------ BFGS ------------"
[1] "Max Loglik = 346.75270042514"
[1] "Current loglik value = 347.291712165775"
[1] ""
[1] "Algorithm did not get a better solution"
[1] "Women, Decrease. tol = -0.00155204320101048, time = 40.753, iteration = 3"
[1] ""
[1] "------------------ Retrying ------------------"
[1] ""
[1] "------------ BFGS ------------"
[1] "Max Loglik = 346.75264332417"
[1] "Current loglik value = 347.291712165775"
[1] ""
[1] "Algorithm did not get a better solution"
[1] "Women, Decrease. tol = -0.00155220761889854, time = 41.922, iteration = 3"
[1] ""
[1] "------------------ Retrying ------------------"
[1] ""
[1] "------------ BFGS ------------"
[1] "Max Loglik = 346.752678599163"
[1] "Current loglik value = 347.291712165775"
[1] ""
[1] "Algorithm did not get a better solution"
[1] "Women, Decrease. tol = -0.00155210604724742, time = 43.095, iteration = 3"
[1] ""
[1] "------------------ Retrying ------------------"
[1] ""
[1] "------------ BFGS ------------"
[1] "Max Loglik = 346.752421460365"
[1] "Current loglik value = 347.291712165775"
[1] ""
[1] "Algorithm did not get a better solution"
[1] "Women, Decrease. tol = -0.00155284645880524, time = 44.309, iteration = 3"
[1] ""
[1] "------------------ Retrying ------------------"
[1] ""
[1] "------------ BFGS ------------"
[1] "Max Loglik = 346.752617172388"
[1] "Current loglik value = 347.291712165775"
[1] ""
[1] "Algorithm did not get a better solution"
[1] "Women, Decrease. tol = -0.001552282920962, time = 45.482, iteration = 3"
[1] ""
[1] "------------------ Retrying ------------------"
[1] ""
[1] "------------ BFGS ------------"
[1] "Max Loglik = 346.752596912828"
[1] "Current loglik value = 347.291712165775"
[1] ""
[1] "Algorithm did not get a better solution"
[1] "Women, Decrease. tol = -0.00155234125682102, time = 46.656, iteration = 3"
[1] ""
[1] "------------------ Retrying ------------------"
[1] ""
[1] "------------ BFGS ------------"
[1] "Max Loglik = 346.752694835861"
[1] "Current loglik value = 347.291712165775"
[1] ""
[1] "Algorithm did not get a better solution"
[1] "Women, Decrease. tol = -0.00155205929491311, time = 47.827, iteration = 3"
[1] ""
[1] "------------------ Retrying ------------------"
[1] ""
[1] "------------ BFGS ------------"
[1] "Max Loglik = 346.752670904368"
[1] "Current loglik value = 347.291712165775"
[1] ""
[1] "Algorithm did not get a better solution"
[1] "Women, Decrease. tol = -0.0015521282038244, time = 49.092, iteration = 3"
[1] ""
[1] "------------------ Retrying ------------------"
[1] ""
[1] "------------ BFGS ------------"
[1] "Max Loglik = 346.752688227627"
[1] "Current loglik value = 347.291712165775"
[1] ""
[1] "Algorithm did not get a better solution"
[1] "Women, Decrease. tol = -0.00155207832281962, time = 50.261, iteration = 3"
[1] ""
[1] "------------------ Retrying ------------------"
[1] ""
[1] "------------ BFGS ------------"
[1] "Max Loglik = 346.752699776578"
[1] "Current loglik value = 347.291712165775"
[1] ""
[1] "Algorithm did not get a better solution"
[1] "Women, Decrease. tol = -0.00155204506849737, time = 51.725, iteration = 3"
[1] ""
[1] "------------------ Retrying ------------------"
[1] ""
[1] "------------ BFGS ------------"
[1] "Max Loglik = 346.752697024916"
[1] "Current loglik value = 347.291712165775"
[1] ""
[1] "Algorithm did not get a better solution"
[1] "Women, Decrease. tol = -0.00155205299169746, time = 53.212, iteration = 3"
[1] ""
[1] "------------------ Retrying ------------------"
[1] ""
[1] "------------ BFGS ------------"
[1] "Max Loglik = 346.752698298185"
[1] "Current loglik value = 347.291712165775"
[1] ""
[1] "Algorithm did not get a better solution"
[1] "Women, Decrease. tol = -0.00155204932541732, time = 54.367, iteration = 3"
[1] ""
[1] "------------------ Retrying ------------------"
[1] ""
[1] "------------ BFGS ------------"
[1] "Max Loglik = 346.75267412945"
[1] "Current loglik value = 347.291712165775"
[1] ""
[1] "Algorithm did not get a better solution"
[1] "Women, Decrease. tol = -0.00155211891744502, time = 55.547, iteration = 3"
[1] ""
[1] "------------------ Retrying ------------------"
[1] ""
[1] "------------ BFGS ------------"
[1] "Max Loglik = 346.752700400467"
[1] "Current loglik value = 347.291712165775"
[1] ""
[1] "Algorithm did not get a better solution"
[1] "Women, Decrease. tol = -0.001552043272055, time = 57.008, iteration = 3"
[1] ""
[1] "------------------ Retrying ------------------"
[1] ""
[1] "------------ BFGS ------------"
[1] "Max Loglik = 346.752700073367"
[1] "Current loglik value = 347.291712165775"
[1] ""
[1] "Algorithm did not get a better solution"
[1] "Women, Decrease. tol = -0.0015520442139158, time = 58.159, iteration = 3"
[1] ""
[1] "------------------ Retrying ------------------"
[1] ""
[1] "------------ BFGS ------------"
[1] "Max Loglik = 346.752697225207"
[1] "Current loglik value = 347.291712165775"
[1] ""
[1] "Algorithm did not get a better solution"
[1] "Women, Decrease. tol = -0.00155205241497472, time = 59.602, iteration = 3"
[1] ""
[1] "------------------ Retrying ------------------"
[1] ""
[1] "------------ BFGS ------------"
[1] "Max Loglik = 346.752697456471"
[1] "Current loglik value = 347.291712165775"
[1] ""
[1] "Algorithm did not get a better solution"
[1] "Women, Decrease. tol = -0.00155205174906691, time = 61.101, iteration = 3"
[1] ""
[1] "------------------ Retrying ------------------"
[1] ""
[1] "------------ BFGS ------------"
[1] "Max Loglik = 346.752679772527"
[1] "Current loglik value = 347.291712165775"
[1] ""
[1] "Algorithm did not get a better solution"
[1] "Women, Decrease. tol = -0.00155210266863605, time = 61.772, iteration = 3"
[1] ""
[1] "------------------ Retrying ------------------"
[1] ""
[1] "------------ BFGS ------------"
[1] "Max Loglik = 346.752682977271"
[1] "Current loglik value = 347.291712165775"
[1] ""
[1] "Algorithm did not get a better solution"
[1] "Women, Decrease. tol = -0.00155209344082037, time = 62.945, iteration = 3"
[1] ""
[1] "------------------ Retrying ------------------"
[1] ""
[1] "------------ BFGS ------------"
[1] "Max Loglik = 346.752609505165"
[1] "Current loglik value = 347.291712165775"
[1] ""
[1] "Algorithm did not get a better solution"
[1] "Women, Decrease. tol = -0.00155230499814518, time = 64.115, iteration = 3"
[1] ""
[1] "------------------ Retrying ------------------"
[1] ""
[1] "------------ BFGS ------------"
[1] "Max Loglik = 346.752698312176"
[1] "Current loglik value = 347.291712165775"
[1] ""
[1] "Algorithm did not get a better solution"
[1] "Women, Decrease. tol = -0.00155204928513085, time = 65.629, iteration = 3"
[1] ""
[1] "------------------ Retrying ------------------"
[1] ""
[1] "------------ BFGS ------------"
[1] "Max Loglik = 346.752682880506"
[1] "Current loglik value = 347.291712165775"
[1] ""
[1] "Algorithm did not get a better solution"
[1] "Women, Decrease. tol = -0.0015520937194457, time = 67.33, iteration = 3"
[1] ""
[1] "------------------ Retrying ------------------"
[1] ""
[1] "------ Maximum iterations withouth improvement achieved ------"
