[1] "------------ Transforming weights ------------"
[1] "------- starting weights -------"
[1] "Underweight:0.25"
[1] "Normal:0.25"
[1] "Overweight:0.25"
[1] "Obese:0.25"
[1] "------------ Simulated Annealing ------------"
[1] "Max Loglik = 138.065878371759"
[1] "Current loglik value = 0"
[1] "Women, Remain. tol = Inf, time = 24.893, iteration = 1"
[1] "Common area: 0.945028710592226"
[1] "------------ Simulated Annealing ------------"
[1] "Max Loglik = 137.654968313773"
[1] "Current loglik value = 138.065878371759"
[1] ""
[1] "Algorithm did not get a better solution"
[1] "Women, Remain. tol = -0.00297618834452411, time = 45.94, iteration = 2"
[1] ""
[1] "------------------ Retrying ------------------"
[1] ""
[1] "------------ Simulated Annealing ------------"
[1] "Max Loglik = 137.861473756933"
[1] "Current loglik value = 138.065878371759"
[1] ""
[1] "Algorithm did not get a better solution"
[1] "Women, Remain. tol = -0.00148048610733599, time = 68.37, iteration = 2"
[1] ""
[1] "------------------ Retrying ------------------"
[1] ""
[1] "------------ Simulated Annealing ------------"
[1] "Max Loglik = 136.956777698103"
[1] "Current loglik value = 138.065878371759"
[1] ""
[1] "Algorithm did not get a better solution"
[1] "Women, Remain. tol = -0.00803312655332126, time = 88.274, iteration = 2"
[1] ""
[1] "------------------ Retrying ------------------"
[1] ""
[1] "------------ Simulated Annealing ------------"
[1] "Max Loglik = 137.528253442353"
[1] "Current loglik value = 138.065878371759"
[1] ""
[1] "Algorithm did not get a better solution"
[1] "Women, Remain. tol = -0.0038939739184446, time = 108.371, iteration = 2"
[1] ""
[1] "------------------ Retrying ------------------"
[1] ""
[1] "------------ Simulated Annealing ------------"
[1] "Max Loglik = 136.945196708363"
[1] "Current loglik value = 138.065878371759"
[1] ""
[1] "Algorithm did not get a better solution"
[1] "Women, Remain. tol = -0.00811700672615491, time = 128.12, iteration = 2"
[1] ""
[1] "------------------ Retrying ------------------"
[1] ""
[1] "------------ Simulated Annealing ------------"
[1] "Max Loglik = 137.415612265116"
[1] "Current loglik value = 138.065878371759"
[1] ""
[1] "Algorithm did not get a better solution"
[1] "Women, Remain. tol = -0.00470982486268336, time = 147.631, iteration = 2"
[1] ""
[1] "------------------ Retrying ------------------"
[1] ""
[1] "------------ Simulated Annealing ------------"
[1] "Max Loglik = 137.778342796119"
[1] "Current loglik value = 138.065878371759"
[1] ""
[1] "Algorithm did not get a better solution"
[1] "Women, Remain. tol = -0.00208259693873153, time = 166.972, iteration = 2"
[1] ""
[1] "------------------ Retrying ------------------"
[1] ""
[1] "------------ Simulated Annealing ------------"
[1] "Max Loglik = 138.022915858583"
[1] "Current loglik value = 138.065878371759"
[1] ""
[1] "Algorithm did not get a better solution"
[1] "Women, Remain. tol = -0.000311174011154158, time = 187.233, iteration = 2"
[1] ""
[1] "------------------ Retrying ------------------"
[1] ""
[1] "------------ Simulated Annealing ------------"
[1] "Max Loglik = 138.394665563489"
[1] "Current loglik value = 138.065878371759"
[1] "Women, Remain. tol = 0.00238137906053972, time = 210.159, iteration = 2"
[1] "Common area: 0.927935637768219"
