[1] "------- starting weights -------"
[1] "Underweight:0.2"
[1] "Normal:0.266666666666667"
[1] "Overweight:0.233333333333333"
[1] "Obese:0.3"
[1] "------------ Simulated Annealing ------------"
[1] "Max Loglik = 339.600530202044"
[1] "Current loglik value = 0"
[1] "Men, Decrease. tol = Inf, time = 21.059, iteration = 1"
[1] "Common area: 0.916997901364917"
[1] "------------ Simulated Annealing ------------"
[1] "Max Loglik = 340.163465982574"
[1] "Current loglik value = 339.600530202044"
[1] "Men, Decrease. tol = 0.00165764105313729, time = 40.398, iteration = 2"
[1] "Common area: 0.950960107760177"
[1] "------------ Simulated Annealing ------------"
[1] "Max Loglik = 340.13188965649"
[1] "Current loglik value = 340.163465982574"
[1] ""
[1] "Algorithm did not get a better solution"
[1] "Men, Decrease. tol = -9.28269177658854e-05, time = 58.75, iteration = 3"
[1] ""
[1] "------------------ Retrying ------------------"
[1] ""
[1] "------------ Simulated Annealing ------------"
[1] "Max Loglik = 339.899961918058"
[1] "Current loglik value = 340.163465982574"
[1] ""
[1] "Algorithm did not get a better solution"
[1] "Men, Decrease. tol = -0.000774639521485156, time = 76.389, iteration = 3"
[1] ""
[1] "------------------ Retrying ------------------"
[1] ""
[1] "------------ Simulated Annealing ------------"
[1] "Max Loglik = 339.790092963528"
[1] "Current loglik value = 340.163465982574"
[1] ""
[1] "Algorithm did not get a better solution"
[1] "Men, Decrease. tol = -0.00109762821814888, time = 95.02, iteration = 3"
[1] ""
[1] "------------------ Retrying ------------------"
[1] ""
[1] "------------ Simulated Annealing ------------"
[1] "Max Loglik = 339.632687851494"
[1] "Current loglik value = 340.163465982574"
[1] ""
[1] "Algorithm did not get a better solution"
[1] "Men, Decrease. tol = -0.00156036195582124, time = 112.449, iteration = 3"
[1] ""
[1] "------------------ Retrying ------------------"
[1] ""
[1] "------------ Simulated Annealing ------------"
[1] "Max Loglik = 338.956457756264"
[1] "Current loglik value = 340.163465982574"
[1] ""
[1] "Algorithm did not get a better solution"
[1] "Men, Decrease. tol = -0.0035483182264242, time = 132.076, iteration = 3"
[1] ""
[1] "------------------ Retrying ------------------"
[1] ""
[1] "------------ Simulated Annealing ------------"
[1] "Max Loglik = 339.650870654258"
[1] "Current loglik value = 340.163465982574"
[1] ""
[1] "Algorithm did not get a better solution"
[1] "Men, Decrease. tol = -0.00150690882348395, time = 152.041, iteration = 3"
[1] ""
[1] "------------------ Retrying ------------------"
[1] ""
[1] "------------ Simulated Annealing ------------"
[1] "Max Loglik = 339.84031071844"
[1] "Current loglik value = 340.163465982574"
[1] ""
[1] "Algorithm did not get a better solution"
[1] "Men, Decrease. tol = -0.00094999991607211, time = 173.072, iteration = 3"
[1] ""
[1] "------------------ Retrying ------------------"
[1] ""
[1] "------------ Simulated Annealing ------------"
[1] "Max Loglik = 340.092164889755"
[1] "Current loglik value = 340.163465982574"
[1] ""
[1] "Algorithm did not get a better solution"
[1] "Men, Decrease. tol = -0.000209608320555323, time = 192.465, iteration = 3"
[1] ""
[1] "------------------ Retrying ------------------"
[1] ""
[1] "------------ Simulated Annealing ------------"
[1] "Max Loglik = 339.950082513104"
[1] "Current loglik value = 340.163465982574"
[1] ""
[1] "Algorithm did not get a better solution"
[1] "Men, Decrease. tol = -0.000627296846396797, time = 210.836, iteration = 3"
[1] ""
[1] "------------------ Retrying ------------------"
[1] ""
