[1] "------- starting weights -------"
[1] "Underweight:0.2"
[1] "Normal:0.266666666666667"
[1] "Overweight:0.233333333333333"
[1] "Obese:0.3"
[1] "------------ Simulated Annealing ------------"
[1] "Max Loglik = 345.636859793303"
[1] "Current loglik value = 0"
[1] "Women, Decrease. tol = Inf, time = 22.906, iteration = 1"
[1] "Common area: 0.746985655219777"
[1] "------------ Simulated Annealing ------------"
[1] "Max Loglik = 344.358550409547"
[1] "Current loglik value = 345.636859793303"
[1] ""
[1] "Algorithm did not get a better solution"
[1] "Women, Decrease. tol = -0.00369841742145188, time = 45.772, iteration = 2"
[1] ""
[1] "------------------ Retrying ------------------"
[1] ""
[1] "------------ Simulated Annealing ------------"
[1] "Max Loglik = 343.825885924708"
[1] "Current loglik value = 345.636859793303"
[1] ""
[1] "Algorithm did not get a better solution"
[1] "Women, Decrease. tol = -0.00523952760616346, time = 69.331, iteration = 2"
[1] ""
[1] "------------------ Retrying ------------------"
[1] ""
[1] "------------ Simulated Annealing ------------"
[1] "Max Loglik = 343.838430389431"
[1] "Current loglik value = 345.636859793303"
[1] ""
[1] "Algorithm did not get a better solution"
[1] "Women, Decrease. tol = -0.00520323383607538, time = 90.409, iteration = 2"
[1] ""
[1] "------------------ Retrying ------------------"
[1] ""
[1] "------------ Simulated Annealing ------------"
[1] "Max Loglik = 344.21500733273"
[1] "Current loglik value = 345.636859793303"
[1] ""
[1] "Algorithm did not get a better solution"
[1] "Women, Decrease. tol = -0.00411371767878756, time = 111.674, iteration = 2"
[1] ""
[1] "------------------ Retrying ------------------"
[1] ""
[1] "------------ Simulated Annealing ------------"
[1] "Max Loglik = 344.346390719338"
[1] "Current loglik value = 345.636859793303"
[1] ""
[1] "Algorithm did not get a better solution"
[1] "Women, Decrease. tol = -0.00373359795809, time = 135.353, iteration = 2"
[1] ""
[1] "------------------ Retrying ------------------"
[1] ""
[1] "------------ Simulated Annealing ------------"
[1] "Max Loglik = 343.901519890596"
[1] "Current loglik value = 345.636859793303"
[1] ""
[1] "Algorithm did not get a better solution"
[1] "Women, Decrease. tol = -0.00502070266389994, time = 159.446, iteration = 2"
[1] ""
[1] "------------------ Retrying ------------------"
[1] ""
[1] "------------ Simulated Annealing ------------"
[1] "Max Loglik = 344.781788991377"
[1] "Current loglik value = 345.636859793303"
[1] ""
[1] "Algorithm did not get a better solution"
[1] "Women, Decrease. tol = -0.00247389934753262, time = 181.736, iteration = 2"
[1] ""
[1] "------------------ Retrying ------------------"
[1] ""
[1] "------------ Simulated Annealing ------------"
[1] "Max Loglik = 344.368166103236"
[1] "Current loglik value = 345.636859793303"
[1] ""
[1] "Algorithm did not get a better solution"
[1] "Women, Decrease. tol = -0.00367059720084724, time = 202.112, iteration = 2"
[1] ""
[1] "------------------ Retrying ------------------"
[1] ""
