[1] "------- starting weights -------"
[1] "Underweight:0.3"
[1] "Normal:0.3"
[1] "Overweight:0.3"
[1] "Obese:0.1"
[1] "------------ BFGS ------------"
[1] "Max Loglik = 305.621894794674"
[1] "Current loglik value = 0"
[1] "Men, Increase. tol = Inf, time = 2.864, iteration = 1"
[1] "Common area: 0.876381341542189"
[1] "------------ BFGS ------------"
[1] "Max Loglik = 305.654703930837"
[1] "Current loglik value = 305.621894794674"
[1] "Men, Increase. tol = 0.00010735204748417, time = 4.47, iteration = 2"
[1] "Common area: 0.964440275908921"
[1] "------------ BFGS ------------"
[1] "Max Loglik = 305.667858799977"
[1] "Current loglik value = 305.654703930837"
[1] "Men, Increase. tol = 4.30383336841197e-05, time = 6.358, iteration = 3"
[1] "Common area: 0.971324016140171"
[1] "------------ BFGS ------------"
[1] "Max Loglik = 305.72009034088"
[1] "Current loglik value = 305.667858799977"
[1] "Men, Increase. tol = 0.000170876784716753, time = 8.202, iteration = 4"
[1] "Common area: 0.977136612771051"
[1] "------------ BFGS ------------"
[1] "Max Loglik = 305.73141278882"
[1] "Current loglik value = 305.72009034088"
[1] "Men, Increase. tol = 3.70353414728009e-05, time = 9.647, iteration = 5"
[1] "Common area: 0.975901513759763"
[1] "------------ BFGS ------------"
[1] "Max Loglik = 305.739310898684"
[1] "Current loglik value = 305.73141278882"
[1] "Men, Increase. tol = 2.5833491534003e-05, time = 10.995, iteration = 6"
[1] "Common area: 0.976777196978957"
[1] "------------ BFGS ------------"
[1] "Max Loglik = 305.742486461561"
[1] "Current loglik value = 305.739310898684"
[1] "Men, Increase. tol = 1.03865049830113e-05, time = 12.303, iteration = 7"
[1] "Common area: 0.976480296415325"
[1] "------------ BFGS ------------"
[1] "Max Loglik = 305.745209590785"
[1] "Current loglik value = 305.742486461561"
[1] "Men, Increase. tol = 8.90661044983058e-06, time = 13.344, iteration = 8"
[1] "Common area: 0.976439961728806"
[1] "------------ BFGS ------------"
[1] "Max Loglik = 305.747403613373"
[1] "Current loglik value = 305.745209590785"
[1] "Men, Increase. tol = 7.17598352632223e-06, time = 14.415, iteration = 9"
[1] "Common area: 0.976405662430244"
[1] "------------ BFGS ------------"
[1] "Max Loglik = 305.749390376854"
[1] "Current loglik value = 305.747403613373"
[1] "Men, Increase. tol = 6.49805511881242e-06, time = 15.598, iteration = 10"
[1] "Common area: 0.97638387739681"
[1] "------------ BFGS ------------"
[1] "Max Loglik = 305.751208084299"
[1] "Current loglik value = 305.749390376854"
[1] "Men, Increase. tol = 5.9450893531724e-06, time = 16.752, iteration = 11"
[1] "Common area: 0.976362242590594"
[1] "------------ BFGS ------------"
[1] "Max Loglik = 305.752884160865"
[1] "Current loglik value = 305.751208084299"
[1] "Men, Increase. tol = 5.48183137656797e-06, time = 17.913, iteration = 12"
[1] "Common area: 0.976340246832216"
[1] "------------ BFGS ------------"
[1] "Max Loglik = 305.754430903196"
[1] "Current loglik value = 305.752884160865"
[1] "Men, Increase. tol = 5.05879882256984e-06, time = 19.013, iteration = 13"
[1] "Common area: 0.976300090495436"
[1] "------------ BFGS ------------"
[1] "Max Loglik = 305.755847391151"
[1] "Current loglik value = 305.754430903196"
[1] "Men, Increase. tol = 4.63276345982717e-06, time = 20.096, iteration = 14"
[1] "Common area: 0.976277962126214"
[1] "------------ BFGS ------------"
[1] "Max Loglik = 305.757138753069"
[1] "Current loglik value = 305.755847391151"
[1] "Men, Increase. tol = 4.22350685763979e-06, time = 21.23, iteration = 15"
[1] "Common area: 0.976255615505722"
[1] "------------ BFGS ------------"
[1] "Max Loglik = 305.758306443934"
[1] "Current loglik value = 305.757138753069"
[1] "Men, Increase. tol = 3.8190142352571e-06, time = 22.425, iteration = 16"
[1] "Common area: 0.976232234076603"
[1] "------------ BFGS ------------"
[1] "Max Loglik = 305.759325990956"
[1] "Current loglik value = 305.758306443934"
[1] "Men, Increase. tol = 3.33448674889248e-06, time = 23.542, iteration = 17"
[1] "Common area: 0.976215224715717"
[1] "------------ BFGS ------------"
[1] "Max Loglik = 305.760193298454"
[1] "Current loglik value = 305.759325990956"
[1] "Men, Increase. tol = 2.83656923884192e-06, time = 24.652, iteration = 18"
[1] "Common area: 0.976227601454045"
[1] "------------ BFGS ------------"
[1] "Max Loglik = 305.760925892427"
[1] "Current loglik value = 305.760193298454"
[1] "Men, Increase. tol = 2.39597563383976e-06, time = 25.802, iteration = 19"
[1] "Common area: 0.97621446685481"
[1] "------------ BFGS ------------"
[1] "Max Loglik = 305.761527770389"
[1] "Current loglik value = 305.760925892427"
[1] "Men, Increase. tol = 1.96845937920491e-06, time = 26.928, iteration = 20"
[1] "Common area: 0.976228962219344"
[1] "------------ BFGS ------------"
[1] "Max Loglik = 305.762003858755"
[1] "Current loglik value = 305.761527770389"
[1] "Men, Increase. tol = 1.55705777983021e-06, time = 28.042, iteration = 21"
[1] "Common area: 0.976214076563271"
[1] "------------ BFGS ------------"
[1] "Max Loglik = 305.762357560498"
[1] "Current loglik value = 305.762003858755"
[1] "Men, Increase. tol = 1.15678775897098e-06, time = 29.163, iteration = 22"
[1] "Common area: 0.976202719244828"
[1] "------------ BFGS ------------"
[1] "Max Loglik = 305.762591081851"
[1] "Current loglik value = 305.762357560498"
[1] "Men, Increase. tol = 7.63734800501564e-07, time = 30.283, iteration = 23"
[1] "Common area: 0.976193122696159"
[1] "------------ BFGS ------------"
[1] "Max Loglik = 305.7627061185"
[1] "Current loglik value = 305.762591081851"
[1] "Men, Increase. tol = 3.76228657149302e-07, time = 31.404, iteration = 24"
[1] "Common area: 0.976184848343494"
[1] "------------ BFGS ------------"
[1] "Max Loglik = 305.762703945409"
[1] "Current loglik value = 305.7627061185"
[1] ""
[1] "Algorithm did not get a better solution"
[1] "Men, Increase. tol = -7.10711776046737e-09, time = 32.525, iteration = 25"
[1] ""
[1] "------------------ Retrying ------------------"
[1] ""
[1] "------------ BFGS ------------"
[1] "Max Loglik = 305.76272590893"
[1] "Current loglik value = 305.7627061185"
[1] "Men, Increase. tol = 6.47247993537484e-08, time = 33.847, iteration = 25"
[1] "Common area: 0.976111372068586"
[1] "------------ BFGS ------------"
[1] "Max Loglik = 305.762593840026"
[1] "Current loglik value = 305.76272590893"
[1] ""
[1] "Algorithm did not get a better solution"
[1] "Men, Increase. tol = -4.31932648108877e-07, time = 34.924, iteration = 26"
[1] ""
[1] "------------------ Retrying ------------------"
[1] ""
[1] "------------ BFGS ------------"
[1] "Max Loglik = 305.762580238881"
[1] "Current loglik value = 305.76272590893"
[1] ""
[1] "Algorithm did not get a better solution"
[1] "Men, Increase. tol = -4.76415326450245e-07, time = 36.34, iteration = 26"
[1] ""
[1] "------------------ Retrying ------------------"
[1] ""
[1] "------------ BFGS ------------"
[1] "Max Loglik = 305.762602773684"
[1] "Current loglik value = 305.76272590893"
[1] ""
[1] "Algorithm did not get a better solution"
[1] "Men, Increase. tol = -4.02715033235054e-07, time = 37.703, iteration = 26"
[1] ""
[1] "------------------ Retrying ------------------"
[1] ""
[1] "------------ BFGS ------------"
[1] "Max Loglik = 305.762576816029"
[1] "Current loglik value = 305.76272590893"
[1] ""
[1] "Algorithm did not get a better solution"
[1] "Men, Increase. tol = -4.87609798077726e-07, time = 39.397, iteration = 26"
[1] ""
[1] "------------------ Retrying ------------------"
[1] ""
[1] "------------ BFGS ------------"
[1] "Max Loglik = 305.762610012679"
[1] "Current loglik value = 305.76272590893"
[1] ""
[1] "Algorithm did not get a better solution"
[1] "Men, Increase. tol = -3.79039828167486e-07, time = 40.761, iteration = 26"
[1] ""
[1] "------------------ Retrying ------------------"
[1] ""
[1] "------------ BFGS ------------"
[1] "Max Loglik = 305.762605176678"
[1] "Current loglik value = 305.76272590893"
[1] ""
[1] "Algorithm did not get a better solution"
[1] "Men, Increase. tol = -3.9485601876703e-07, time = 42.124, iteration = 26"
[1] ""
[1] "------------------ Retrying ------------------"
[1] ""
[1] "------------ BFGS ------------"
[1] "Max Loglik = 305.762591083025"
[1] "Current loglik value = 305.76272590893"
[1] ""
[1] "Algorithm did not get a better solution"
[1] "Men, Increase. tol = -4.40949449294833e-07, time = 43.461, iteration = 26"
[1] ""
[1] "------------------ Retrying ------------------"
[1] ""
[1] "------------ BFGS ------------"
[1] "Max Loglik = 305.762609027331"
[1] "Current loglik value = 305.76272590893"
[1] ""
[1] "Algorithm did not get a better solution"
[1] "Men, Increase. tol = -3.82262417679283e-07, time = 44.822, iteration = 26"
[1] ""
[1] "------------------ Retrying ------------------"
[1] ""
[1] "------------ BFGS ------------"
[1] "Max Loglik = 305.762609109932"
[1] "Current loglik value = 305.76272590893"
[1] ""
[1] "Algorithm did not get a better solution"
[1] "Men, Increase. tol = -3.8199227255754e-07, time = 46.177, iteration = 26"
[1] ""
[1] "------------------ Retrying ------------------"
[1] ""
[1] "------------ BFGS ------------"
[1] "Max Loglik = 305.762507860388"
[1] "Current loglik value = 305.76272590893"
[1] ""
[1] "Algorithm did not get a better solution"
[1] "Men, Increase. tol = -7.13129900885486e-07, time = 47.53, iteration = 26"
[1] ""
[1] "------------------ Retrying ------------------"
[1] ""
[1] "------------ BFGS ------------"
[1] "Max Loglik = 305.762604799377"
[1] "Current loglik value = 305.76272590893"
[1] ""
[1] "Algorithm did not get a better solution"
[1] "Men, Increase. tol = -3.96089984022247e-07, time = 48.89, iteration = 26"
[1] ""
[1] "------------------ Retrying ------------------"
[1] ""
[1] "------------ BFGS ------------"
[1] "Max Loglik = 305.762558141714"
[1] "Current loglik value = 305.76272590893"
[1] ""
[1] "Algorithm did not get a better solution"
[1] "Men, Increase. tol = -5.48684329788343e-07, time = 50.219, iteration = 26"
[1] ""
[1] "------------------ Retrying ------------------"
[1] ""
[1] "------------ BFGS ------------"
[1] "Max Loglik = 305.762588778668"
[1] "Current loglik value = 305.76272590893"
[1] ""
[1] "Algorithm did not get a better solution"
[1] "Men, Increase. tol = -4.48485870941369e-07, time = 50.935, iteration = 26"
[1] ""
[1] "------------------ Retrying ------------------"
[1] ""
[1] "------------ BFGS ------------"
[1] "Max Loglik = 305.762568233442"
[1] "Current loglik value = 305.76272590893"
[1] ""
[1] "Algorithm did not get a better solution"
[1] "Men, Increase. tol = -5.15679233719405e-07, time = 52.262, iteration = 26"
[1] ""
[1] "------------------ Retrying ------------------"
[1] ""
[1] "------------ BFGS ------------"
[1] "Max Loglik = 305.762601090331"
[1] "Current loglik value = 305.76272590893"
[1] ""
[1] "Algorithm did not get a better solution"
[1] "Men, Increase. tol = -4.0822045462073e-07, time = 53.593, iteration = 26"
[1] ""
[1] "------------------ Retrying ------------------"
[1] ""
[1] "------------ BFGS ------------"
[1] "Max Loglik = 305.76260511986"
[1] "Current loglik value = 305.76272590893"
[1] ""
[1] "Algorithm did not get a better solution"
[1] "Men, Increase. tol = -3.95041839838033e-07, time = 54.95, iteration = 26"
[1] ""
[1] "------------------ Retrying ------------------"
[1] ""
[1] "------------ BFGS ------------"
[1] "Max Loglik = 305.762604836767"
[1] "Current loglik value = 305.76272590893"
[1] ""
[1] "Algorithm did not get a better solution"
[1] "Men, Increase. tol = -3.95967698885714e-07, time = 56.31, iteration = 26"
[1] ""
[1] "------------------ Retrying ------------------"
[1] ""
[1] "------------ BFGS ------------"
[1] "Max Loglik = 305.762605924712"
[1] "Current loglik value = 305.76272590893"
[1] ""
[1] "Algorithm did not get a better solution"
[1] "Men, Increase. tol = -3.92409563484988e-07, time = 57.667, iteration = 26"
[1] ""
[1] "------------------ Retrying ------------------"
[1] ""
[1] "------------ BFGS ------------"
[1] "Max Loglik = 305.762553345309"
[1] "Current loglik value = 305.76272590893"
[1] ""
[1] "Algorithm did not get a better solution"
[1] "Men, Increase. tol = -5.64371018714979e-07, time = 59.112, iteration = 26"
[1] ""
[1] "------------------ Retrying ------------------"
[1] ""
[1] "------------ BFGS ------------"
[1] "Max Loglik = 305.762610275096"
[1] "Current loglik value = 305.76272590893"
[1] ""
[1] "Algorithm did not get a better solution"
[1] "Men, Increase. tol = -3.78181591289256e-07, time = 60.467, iteration = 26"
[1] ""
[1] "------------------ Retrying ------------------"
[1] ""
[1] "------------ BFGS ------------"
[1] "Max Loglik = 305.762583966002"
[1] "Current loglik value = 305.76272590893"
[1] ""
[1] "Algorithm did not get a better solution"
[1] "Men, Increase. tol = -4.64225743573406e-07, time = 61.531, iteration = 26"
[1] ""
[1] "------------------ Retrying ------------------"
[1] ""
[1] "------------ BFGS ------------"
[1] "Max Loglik = 305.762608430851"
[1] "Current loglik value = 305.76272590893"
[1] ""
[1] "Algorithm did not get a better solution"
[1] "Men, Increase. tol = -3.84213212658103e-07, time = 62.895, iteration = 26"
[1] ""
[1] "------------------ Retrying ------------------"
[1] ""
[1] "------------ BFGS ------------"
[1] "Max Loglik = 305.762570236545"
[1] "Current loglik value = 305.76272590893"
[1] ""
[1] "Algorithm did not get a better solution"
[1] "Men, Increase. tol = -5.09128065419765e-07, time = 64.251, iteration = 26"
[1] ""
[1] "------------------ Retrying ------------------"
[1] ""
[1] "------------ BFGS ------------"
[1] "Max Loglik = 305.762589457547"
[1] "Current loglik value = 305.76272590893"
[1] ""
[1] "Algorithm did not get a better solution"
[1] "Men, Increase. tol = -4.46265588951444e-07, time = 65.717, iteration = 26"
[1] ""
[1] "------------------ Retrying ------------------"
[1] ""
[1] "------------ BFGS ------------"
[1] "Max Loglik = 305.762567822327"
[1] "Current loglik value = 305.76272590893"
[1] ""
[1] "Algorithm did not get a better solution"
[1] "Men, Increase. tol = -5.17023790191556e-07, time = 67.08, iteration = 26"
[1] ""
[1] "------------------ Retrying ------------------"
[1] ""
[1] "------------ BFGS ------------"
[1] "Max Loglik = 305.762574644502"
[1] "Current loglik value = 305.76272590893"
[1] ""
[1] "Algorithm did not get a better solution"
[1] "Men, Increase. tol = -4.94711797917299e-07, time = 68.12, iteration = 26"
[1] ""
[1] "------------------ Retrying ------------------"
[1] ""
[1] "------------ BFGS ------------"
[1] "Max Loglik = 305.762610762206"
[1] "Current loglik value = 305.76272590893"
[1] ""
[1] "Algorithm did not get a better solution"
[1] "Men, Increase. tol = -3.76588491898209e-07, time = 69.446, iteration = 26"
[1] ""
[1] "------------------ Retrying ------------------"
[1] ""
[1] "------------ BFGS ------------"
[1] "Max Loglik = 305.762609048771"
[1] "Current loglik value = 305.76272590893"
[1] ""
[1] "Algorithm did not get a better solution"
[1] "Men, Increase. tol = -3.82192300266615e-07, time = 70.806, iteration = 26"
[1] ""
[1] "------------------ Retrying ------------------"
[1] ""
[1] "------------ BFGS ------------"
[1] "Max Loglik = 305.762606102373"
[1] "Current loglik value = 305.76272590893"
[1] ""
[1] "Algorithm did not get a better solution"
[1] "Men, Increase. tol = -3.91828523365402e-07, time = 72.163, iteration = 26"
[1] ""
[1] "------------------ Retrying ------------------"
[1] ""
[1] "------------ BFGS ------------"
[1] "Max Loglik = 305.76260941155"
[1] "Current loglik value = 305.76272590893"
[1] ""
[1] "Algorithm did not get a better solution"
[1] "Men, Increase. tol = -3.81005827175217e-07, time = 73.524, iteration = 26"
[1] ""
[1] "------------------ Retrying ------------------"
[1] ""
[1] "------------ BFGS ------------"
[1] "Max Loglik = 305.762610747946"
[1] "Current loglik value = 305.76272590893"
[1] ""
[1] "Algorithm did not get a better solution"
[1] "Men, Increase. tol = -3.76635129261827e-07, time = 74.846, iteration = 26"
[1] ""
[1] "------------------ Retrying ------------------"
[1] ""
[1] "------------ BFGS ------------"
[1] "Max Loglik = 305.762543278421"
[1] "Current loglik value = 305.76272590893"
[1] ""
[1] "Algorithm did not get a better solution"
[1] "Men, Increase. tol = -5.97294876602808e-07, time = 76.171, iteration = 26"
[1] ""
[1] "------------------ Retrying ------------------"
[1] ""
[1] "------------ BFGS ------------"
[1] "Max Loglik = 305.762576554412"
[1] "Current loglik value = 305.76272590893"
[1] ""
[1] "Algorithm did not get a better solution"
[1] "Men, Increase. tol = -4.88465420546377e-07, time = 77.498, iteration = 26"
[1] ""
[1] "------------------ Retrying ------------------"
[1] ""
[1] "------------ BFGS ------------"
[1] "Max Loglik = 305.762562463369"
[1] "Current loglik value = 305.76272590893"
[1] ""
[1] "Algorithm did not get a better solution"
[1] "Men, Increase. tol = -5.34550314598391e-07, time = 78.603, iteration = 26"
[1] ""
[1] "------------------ Retrying ------------------"
[1] ""
[1] "------------ BFGS ------------"
[1] "Max Loglik = 305.762608334988"
[1] "Current loglik value = 305.76272590893"
[1] ""
[1] "Algorithm did not get a better solution"
[1] "Men, Increase. tol = -3.8452673340585e-07, time = 79.964, iteration = 26"
[1] ""
[1] "------------------ Retrying ------------------"
[1] ""
[1] "------------ BFGS ------------"
[1] "Max Loglik = 305.762604221317"
[1] "Current loglik value = 305.76272590893"
[1] ""
[1] "Algorithm did not get a better solution"
[1] "Men, Increase. tol = -3.97980533991604e-07, time = 81.321, iteration = 26"
[1] ""
[1] "------------------ Retrying ------------------"
[1] ""
[1] "------------ BFGS ------------"
[1] "Max Loglik = 305.76261079096"
[1] "Current loglik value = 305.76272590893"
[1] ""
[1] "Algorithm did not get a better solution"
[1] "Men, Increase. tol = -3.7649445476653e-07, time = 82.645, iteration = 26"
[1] ""
[1] "------------------ Retrying ------------------"
[1] ""
[1] "------------ BFGS ------------"
[1] "Max Loglik = 305.762586310157"
[1] "Current loglik value = 305.76272590893"
[1] ""
[1] "Algorithm did not get a better solution"
[1] "Men, Increase. tol = -4.56559159912441e-07, time = 83.994, iteration = 26"
[1] ""
[1] "------------------ Retrying ------------------"
[1] ""
[1] "------------ BFGS ------------"
[1] "Max Loglik = 305.762577088753"
[1] "Current loglik value = 305.76272590893"
[1] ""
[1] "Algorithm did not get a better solution"
[1] "Men, Increase. tol = -4.86717853479041e-07, time = 85.351, iteration = 26"
[1] ""
[1] "------------------ Retrying ------------------"
[1] ""
[1] "------------ BFGS ------------"
[1] "Max Loglik = 305.76260691773"
[1] "Current loglik value = 305.76272590893"
[1] ""
[1] "Algorithm did not get a better solution"
[1] "Men, Increase. tol = -3.89161890476611e-07, time = 86.713, iteration = 26"
[1] ""
[1] "------------------ Retrying ------------------"
[1] ""
[1] "------------ BFGS ------------"
[1] "Max Loglik = 305.762609203043"
[1] "Current loglik value = 305.76272590893"
[1] ""
[1] "Algorithm did not get a better solution"
[1] "Men, Increase. tol = -3.81687750078472e-07, time = 88.065, iteration = 26"
[1] ""
[1] "------------------ Retrying ------------------"
[1] ""
[1] "------------ BFGS ------------"
[1] "Max Loglik = 305.762608422955"
[1] "Current loglik value = 305.76272590893"
[1] ""
[1] "Algorithm did not get a better solution"
[1] "Men, Increase. tol = -3.84239036993919e-07, time = 89.077, iteration = 26"
[1] ""
[1] "------------------ Retrying ------------------"
[1] ""
[1] "------------ BFGS ------------"
[1] "Max Loglik = 305.762594814225"
[1] "Current loglik value = 305.76272590893"
[1] ""
[1] "Algorithm did not get a better solution"
[1] "Men, Increase. tol = -4.28746522945939e-07, time = 90.429, iteration = 26"
[1] ""
[1] "------------------ Retrying ------------------"
[1] ""
[1] "------------ BFGS ------------"
[1] "Max Loglik = 305.762607099831"
[1] "Current loglik value = 305.76272590893"
[1] ""
[1] "Algorithm did not get a better solution"
[1] "Men, Increase. tol = -3.88566326375773e-07, time = 91.783, iteration = 26"
[1] ""
[1] "------------------ Retrying ------------------"
[1] ""
[1] "------------ BFGS ------------"
[1] "Max Loglik = 305.76258546657"
[1] "Current loglik value = 305.76272590893"
[1] ""
[1] "Algorithm did not get a better solution"
[1] "Men, Increase. tol = -4.59318118659345e-07, time = 92.579, iteration = 26"
[1] ""
[1] "------------------ Retrying ------------------"
[1] ""
[1] "------------ BFGS ------------"
[1] "Max Loglik = 305.762607349556"
[1] "Current loglik value = 305.76272590893"
[1] ""
[1] "Algorithm did not get a better solution"
[1] "Men, Increase. tol = -3.8774959731632e-07, time = 93.94, iteration = 26"
[1] ""
[1] "------------------ Retrying ------------------"
[1] ""
[1] "------------ BFGS ------------"
[1] "Max Loglik = 305.762583808439"
[1] "Current loglik value = 305.76272590893"
[1] ""
[1] "Algorithm did not get a better solution"
[1] "Men, Increase. tol = -4.64741054242302e-07, time = 95.359, iteration = 26"
[1] ""
[1] "------------------ Retrying ------------------"
[1] ""
[1] "------------ BFGS ------------"
[1] "Max Loglik = 305.762602523798"
[1] "Current loglik value = 305.76272590893"
[1] ""
[1] "Algorithm did not get a better solution"
[1] "Men, Increase. tol = -4.03532288968924e-07, time = 96.954, iteration = 26"
[1] ""
[1] "------------------ Retrying ------------------"
[1] ""
[1] "------------ BFGS ------------"
[1] "Max Loglik = 305.762590305516"
[1] "Current loglik value = 305.76272590893"
[1] ""
[1] "Algorithm did not get a better solution"
[1] "Men, Increase. tol = -4.434922988229e-07, time = 98.558, iteration = 26"
[1] ""
[1] "------------------ Retrying ------------------"
[1] ""
[1] "------------ BFGS ------------"
[1] "Max Loglik = 305.762591585309"
[1] "Current loglik value = 305.76272590893"
[1] ""
[1] "Algorithm did not get a better solution"
[1] "Men, Increase. tol = -4.39306722226716e-07, time = 99.866, iteration = 26"
[1] ""
[1] "------------------ Retrying ------------------"
[1] ""
[1] "------ Maximum iterations withouth improvement achieved ------"
