[1] "------------ Transforming weights ------------"
[1] "------- starting weights -------"
[1] "Underweight:0.266666666666667"
[1] "Normal:0.244444444444444"
[1] "Overweight:0.255555555555556"
[1] "Obese:0.233333333333333"
[1] "------------ Nelder-Mead algorithm ------------"
[1] "Max Loglik = 339.157447735563"
[1] "Current loglik value = 0"
[1] "Women, Decrease. tol = Inf, time = 1.749, iteration = 1"
[1] "Common area: 0.949910721695814"
[1] "------------ Nelder-Mead algorithm ------------"
[1] "Max Loglik = 345.73849492341"
[1] "Current loglik value = 339.157447735563"
[1] "Women, Decrease. tol = 0.0194041063576412, time = 3.401, iteration = 2"
[1] "Common area: 0.918015999442897"
[1] "------------ Nelder-Mead algorithm ------------"
[1] "Max Loglik = 345.887782872287"
[1] "Current loglik value = 345.73849492341"
[1] "Women, Decrease. tol = 0.000431794408401034, time = 4.959, iteration = 3"
[1] "Common area: 0.951174908738432"
[1] "------------ Nelder-Mead algorithm ------------"
[1] "Max Loglik = 345.831490721322"
[1] "Current loglik value = 345.887782872287"
[1] ""
[1] "Algorithm did not get a better solution"
[1] "Women, Decrease. tol = -0.000162746861128589, time = 6.569, iteration = 4"
[1] ""
[1] "------------------ Retrying ------------------"
[1] ""
[1] "------------ Nelder-Mead algorithm ------------"
[1] "Max Loglik = 345.937065863353"
[1] "Current loglik value = 345.887782872287"
[1] "Women, Decrease. tol = 0.00014248260131269, time = 8.056, iteration = 4"
[1] "Common area: 0.948889427187473"
[1] "------------ Nelder-Mead algorithm ------------"
[1] "Max Loglik = 345.791980384724"
[1] "Current loglik value = 345.937065863353"
[1] ""
[1] "Algorithm did not get a better solution"
[1] "Women, Decrease. tol = -0.000419398477196989, time = 9.589, iteration = 5"
[1] ""
[1] "------------------ Retrying ------------------"
[1] ""
[1] "------------ Nelder-Mead algorithm ------------"
[1] "Max Loglik = 345.848707981725"
[1] "Current loglik value = 345.937065863353"
[1] ""
[1] "Algorithm did not get a better solution"
[1] "Women, Decrease. tol = -0.000255416057851823, time = 11.023, iteration = 5"
[1] ""
[1] "------------------ Retrying ------------------"
[1] ""
[1] "------------ Nelder-Mead algorithm ------------"
[1] "Max Loglik = 345.832785549061"
[1] "Current loglik value = 345.937065863353"
[1] ""
[1] "Algorithm did not get a better solution"
[1] "Women, Decrease. tol = -0.000301443021238155, time = 12.465, iteration = 5"
[1] ""
[1] "------------------ Retrying ------------------"
[1] ""
[1] "------------ Nelder-Mead algorithm ------------"
[1] "Max Loglik = 345.663564164285"
[1] "Current loglik value = 345.937065863353"
[1] ""
[1] "Algorithm did not get a better solution"
[1] "Women, Decrease. tol = -0.000790611143056456, time = 13.9, iteration = 5"
[1] ""
[1] "------------------ Retrying ------------------"
[1] ""
[1] "------------ Nelder-Mead algorithm ------------"
[1] "Max Loglik = 345.744629657503"
[1] "Current loglik value = 345.937065863353"
[1] ""
[1] "Algorithm did not get a better solution"
[1] "Women, Decrease. tol = -0.000556275186555389, time = 15.328, iteration = 5"
[1] ""
[1] "------------------ Retrying ------------------"
[1] ""
[1] "------------ Nelder-Mead algorithm ------------"
[1] "Max Loglik = 345.834556612122"
[1] "Current loglik value = 345.937065863353"
[1] ""
[1] "Algorithm did not get a better solution"
[1] "Women, Decrease. tol = -0.000296323410660172, time = 16.769, iteration = 5"
[1] ""
[1] "------------------ Retrying ------------------"
[1] ""
[1] "------------ Nelder-Mead algorithm ------------"
[1] "Max Loglik = 345.844639938404"
[1] "Current loglik value = 345.937065863353"
[1] ""
[1] "Algorithm did not get a better solution"
[1] "Women, Decrease. tol = -0.000267175547430338, time = 18.152, iteration = 5"
[1] ""
[1] "------------------ Retrying ------------------"
[1] ""
[1] "------------ Nelder-Mead algorithm ------------"
[1] "Max Loglik = 345.849338257298"
[1] "Current loglik value = 345.937065863353"
[1] ""
[1] "Algorithm did not get a better solution"
[1] "Women, Decrease. tol = -0.000253594120757071, time = 19.597, iteration = 5"
[1] ""
[1] "------------------ Retrying ------------------"
[1] ""
[1] "------------ Nelder-Mead algorithm ------------"
[1] "Max Loglik = 345.814103331118"
[1] "Current loglik value = 345.937065863353"
[1] ""
[1] "Algorithm did not get a better solution"
[1] "Women, Decrease. tol = -0.000355447693723231, time = 21.006, iteration = 5"
[1] ""
[1] "------------------ Retrying ------------------"
[1] ""
[1] "------------ Nelder-Mead algorithm ------------"
[1] "Max Loglik = 345.719268821405"
[1] "Current loglik value = 345.937065863353"
[1] ""
[1] "Algorithm did not get a better solution"
[1] "Women, Decrease. tol = -0.000629585735210304, time = 22.423, iteration = 5"
[1] ""
[1] "------------------ Retrying ------------------"
[1] ""
[1] "------------ Nelder-Mead algorithm ------------"
[1] "Max Loglik = 345.851989711963"
[1] "Current loglik value = 345.937065863353"
[1] ""
[1] "Algorithm did not get a better solution"
[1] "Women, Decrease. tol = -0.0002459295628728, time = 23.42, iteration = 5"
[1] ""
[1] "------------------ Retrying ------------------"
[1] ""
[1] "------------ Nelder-Mead algorithm ------------"
[1] "Max Loglik = 345.825251317494"
[1] "Current loglik value = 345.937065863353"
[1] ""
[1] "Algorithm did not get a better solution"
[1] "Women, Decrease. tol = -0.000323222218410434, time = 24.625, iteration = 5"
[1] ""
[1] "------------------ Retrying ------------------"
[1] ""
[1] "------------ Nelder-Mead algorithm ------------"
[1] "Max Loglik = 345.851534176197"
[1] "Current loglik value = 345.937065863353"
[1] ""
[1] "Algorithm did not get a better solution"
[1] "Women, Decrease. tol = -0.000247246379749829, time = 26.016, iteration = 5"
[1] ""
[1] "------------------ Retrying ------------------"
[1] ""
[1] "------------ Nelder-Mead algorithm ------------"
[1] "Max Loglik = 345.776160760205"
[1] "Current loglik value = 345.937065863353"
[1] ""
[1] "Algorithm did not get a better solution"
[1] "Women, Decrease. tol = -0.000465128253158169, time = 27.317, iteration = 5"
[1] ""
[1] "------------------ Retrying ------------------"
[1] ""
[1] "------------ Nelder-Mead algorithm ------------"
[1] "Max Loglik = 345.765078732756"
[1] "Current loglik value = 345.937065863353"
[1] ""
[1] "Algorithm did not get a better solution"
[1] "Women, Decrease. tol = -0.000497163061055187, time = 28.618, iteration = 5"
[1] ""
[1] "------------------ Retrying ------------------"
[1] ""
[1] "------------ Nelder-Mead algorithm ------------"
[1] "Max Loglik = 345.832797120344"
[1] "Current loglik value = 345.937065863353"
[1] ""
[1] "Algorithm did not get a better solution"
[1] "Women, Decrease. tol = -0.000301409572138858, time = 29.971, iteration = 5"
[1] ""
[1] "------------------ Retrying ------------------"
[1] ""
[1] "------------ Nelder-Mead algorithm ------------"
[1] "Max Loglik = 345.811314669604"
[1] "Current loglik value = 345.937065863353"
[1] ""
[1] "Algorithm did not get a better solution"
[1] "Women, Decrease. tol = -0.000363508875334486, time = 31.268, iteration = 5"
[1] ""
[1] "------------------ Retrying ------------------"
[1] ""
[1] "------------ Nelder-Mead algorithm ------------"
[1] "Max Loglik = 345.824732357947"
[1] "Current loglik value = 345.937065863353"
[1] ""
[1] "Algorithm did not get a better solution"
[1] "Women, Decrease. tol = -0.000324722374359559, time = 32.521, iteration = 5"
[1] ""
[1] "------------------ Retrying ------------------"
[1] ""
[1] "------------ Nelder-Mead algorithm ------------"
[1] "Max Loglik = 345.782068891049"
[1] "Current loglik value = 345.937065863353"
[1] ""
[1] "Algorithm did not get a better solution"
[1] "Women, Decrease. tol = -0.000448049624045666, time = 33.781, iteration = 5"
[1] ""
[1] "------------------ Retrying ------------------"
[1] ""
[1] "------------ Nelder-Mead algorithm ------------"
[1] "Max Loglik = 345.831942164087"
[1] "Current loglik value = 345.937065863353"
[1] ""
[1] "Algorithm did not get a better solution"
[1] "Women, Decrease. tol = -0.000303880993507317, time = 35.192, iteration = 5"
[1] ""
[1] "------------------ Retrying ------------------"
[1] ""
[1] "------------ Nelder-Mead algorithm ------------"
[1] "Max Loglik = 345.846939984831"
[1] "Current loglik value = 345.937065863353"
[1] ""
[1] "Algorithm did not get a better solution"
[1] "Women, Decrease. tol = -0.000260526805062701, time = 36.603, iteration = 5"
[1] ""
[1] "------------------ Retrying ------------------"
[1] ""
[1] "------------ Nelder-Mead algorithm ------------"
[1] "Max Loglik = 345.843636433967"
[1] "Current loglik value = 345.937065863353"
[1] ""
[1] "Algorithm did not get a better solution"
[1] "Women, Decrease. tol = -0.000270076376905048, time = 37.83, iteration = 5"
[1] ""
[1] "------------------ Retrying ------------------"
[1] ""
[1] "------------ Nelder-Mead algorithm ------------"
[1] "Max Loglik = 345.820370244255"
[1] "Current loglik value = 345.937065863353"
[1] ""
[1] "Algorithm did not get a better solution"
[1] "Women, Decrease. tol = -0.000337331932924201, time = 39.254, iteration = 5"
[1] ""
[1] "------------------ Retrying ------------------"
[1] ""
[1] "------------ Nelder-Mead algorithm ------------"
[1] "Max Loglik = 345.812954379216"
[1] "Current loglik value = 345.937065863353"
[1] ""
[1] "Algorithm did not get a better solution"
[1] "Women, Decrease. tol = -0.000358768968069513, time = 40.723, iteration = 5"
[1] ""
[1] "------------------ Retrying ------------------"
[1] ""
[1] "------------ Nelder-Mead algorithm ------------"
[1] "Max Loglik = 345.793981354195"
[1] "Current loglik value = 345.937065863353"
[1] ""
[1] "Algorithm did not get a better solution"
[1] "Women, Decrease. tol = -0.000413614276345298, time = 42.184, iteration = 5"
[1] ""
[1] "------------------ Retrying ------------------"
[1] ""
[1] "------------ Nelder-Mead algorithm ------------"
[1] "Max Loglik = 345.827528326844"
[1] "Current loglik value = 345.937065863353"
[1] ""
[1] "Algorithm did not get a better solution"
[1] "Women, Decrease. tol = -0.000316640069301977, time = 43.593, iteration = 5"
[1] ""
[1] "------------------ Retrying ------------------"
[1] ""
[1] "------------ Nelder-Mead algorithm ------------"
[1] "Max Loglik = 345.796438298417"
[1] "Current loglik value = 345.937065863353"
[1] ""
[1] "Algorithm did not get a better solution"
[1] "Women, Decrease. tol = -0.000406511989644434, time = 45.021, iteration = 5"
[1] ""
[1] "------------------ Retrying ------------------"
[1] ""
[1] "------------ Nelder-Mead algorithm ------------"
[1] "Max Loglik = 345.82583391903"
[1] "Current loglik value = 345.937065863353"
[1] ""
[1] "Algorithm did not get a better solution"
[1] "Women, Decrease. tol = -0.000321538092616297, time = 46.431, iteration = 5"
[1] ""
[1] "------------------ Retrying ------------------"
[1] ""
[1] "------------ Nelder-Mead algorithm ------------"
[1] "Max Loglik = 345.849510531862"
[1] "Current loglik value = 345.937065863353"
[1] ""
[1] "Algorithm did not get a better solution"
[1] "Women, Decrease. tol = -0.000253096126811129, time = 47.842, iteration = 5"
[1] ""
[1] "------------------ Retrying ------------------"
[1] ""
[1] "------------ Nelder-Mead algorithm ------------"
[1] "Max Loglik = 345.838497500456"
[1] "Current loglik value = 345.937065863353"
[1] ""
[1] "Algorithm did not get a better solution"
[1] "Women, Decrease. tol = -0.000284931487900566, time = 49.07, iteration = 5"
[1] ""
[1] "------------------ Retrying ------------------"
[1] ""
[1] "------------ Nelder-Mead algorithm ------------"
[1] "Max Loglik = 345.807093859813"
[1] "Current loglik value = 345.937065863353"
[1] ""
[1] "Algorithm did not get a better solution"
[1] "Women, Decrease. tol = -0.000375709966825722, time = 50.48, iteration = 5"
[1] ""
[1] "------------------ Retrying ------------------"
[1] ""
[1] "------------ Nelder-Mead algorithm ------------"
[1] "Max Loglik = 345.844118356917"
[1] "Current loglik value = 345.937065863353"
[1] ""
[1] "Algorithm did not get a better solution"
[1] "Women, Decrease. tol = -0.000268683282617803, time = 51.796, iteration = 5"
[1] ""
[1] "------------------ Retrying ------------------"
[1] ""
[1] "------------ Nelder-Mead algorithm ------------"
[1] "Max Loglik = 345.809270415239"
[1] "Current loglik value = 345.937065863353"
[1] ""
[1] "Algorithm did not get a better solution"
[1] "Women, Decrease. tol = -0.00036941819979483, time = 53.075, iteration = 5"
[1] ""
[1] "------------------ Retrying ------------------"
[1] ""
[1] "------------ Nelder-Mead algorithm ------------"
[1] "Max Loglik = 345.845078474267"
[1] "Current loglik value = 345.937065863353"
[1] ""
[1] "Algorithm did not get a better solution"
[1] "Women, Decrease. tol = -0.000265907872162241, time = 54.4, iteration = 5"
[1] ""
[1] "------------------ Retrying ------------------"
[1] ""
[1] "------------ Nelder-Mead algorithm ------------"
[1] "Max Loglik = 345.844140406732"
[1] "Current loglik value = 345.937065863353"
[1] ""
[1] "Algorithm did not get a better solution"
[1] "Women, Decrease. tol = -0.000268619543235641, time = 55.698, iteration = 5"
[1] ""
[1] "------------------ Retrying ------------------"
[1] ""
[1] "------------ Nelder-Mead algorithm ------------"
[1] "Max Loglik = 345.830263691855"
[1] "Current loglik value = 345.937065863353"
[1] ""
[1] "Algorithm did not get a better solution"
[1] "Women, Decrease. tol = -0.000308732951848343, time = 56.99, iteration = 5"
[1] ""
[1] "------------------ Retrying ------------------"
[1] ""
[1] "------------ Nelder-Mead algorithm ------------"
[1] "Max Loglik = 345.75105014062"
[1] "Current loglik value = 345.937065863353"
[1] ""
[1] "Algorithm did not get a better solution"
[1] "Women, Decrease. tol = -0.000537715501137825, time = 58.405, iteration = 5"
[1] ""
[1] "------------------ Retrying ------------------"
[1] ""
[1] "------------ Nelder-Mead algorithm ------------"
[1] "Max Loglik = 345.823108359963"
[1] "Current loglik value = 345.937065863353"
[1] ""
[1] "Algorithm did not get a better solution"
[1] "Women, Decrease. tol = -0.000329416864032844, time = 59.824, iteration = 5"
[1] ""
[1] "------------------ Retrying ------------------"
[1] ""
[1] "------------ Nelder-Mead algorithm ------------"
[1] "Max Loglik = 345.835959850558"
[1] "Current loglik value = 345.937065863353"
[1] ""
[1] "Algorithm did not get a better solution"
[1] "Women, Decrease. tol = -0.000292267070435073, time = 61.112, iteration = 5"
[1] ""
[1] "------------------ Retrying ------------------"
[1] ""
[1] "------------ Nelder-Mead algorithm ------------"
[1] "Max Loglik = 345.848304677697"
[1] "Current loglik value = 345.937065863353"
[1] ""
[1] "Algorithm did not get a better solution"
[1] "Women, Decrease. tol = -0.000256581888483776, time = 62.509, iteration = 5"
[1] ""
[1] "------------------ Retrying ------------------"
[1] ""
[1] "------------ Nelder-Mead algorithm ------------"
[1] "Max Loglik = 345.843377249827"
[1] "Current loglik value = 345.937065863353"
[1] ""
[1] "Algorithm did not get a better solution"
[1] "Women, Decrease. tol = -0.000270825600292094, time = 63.92, iteration = 5"
[1] ""
[1] "------------------ Retrying ------------------"
[1] ""
[1] "------------ Nelder-Mead algorithm ------------"
[1] "Max Loglik = 345.851595581011"
[1] "Current loglik value = 345.937065863353"
[1] ""
[1] "Algorithm did not get a better solution"
[1] "Women, Decrease. tol = -0.00024706887690122, time = 65.366, iteration = 5"
[1] ""
[1] "------------------ Retrying ------------------"
[1] ""
[1] "------------ Nelder-Mead algorithm ------------"
[1] "Max Loglik = 345.841114968345"
[1] "Current loglik value = 345.937065863353"
[1] ""
[1] "Algorithm did not get a better solution"
[1] "Women, Decrease. tol = -0.000277365175563776, time = 66.829, iteration = 5"
[1] ""
[1] "------------------ Retrying ------------------"
[1] ""
[1] "------------ Nelder-Mead algorithm ------------"
[1] "Max Loglik = 345.686740597433"
[1] "Current loglik value = 345.937065863353"
[1] ""
[1] "Algorithm did not get a better solution"
[1] "Women, Decrease. tol = -0.000723615046264746, time = 68.273, iteration = 5"
[1] ""
[1] "------------------ Retrying ------------------"
[1] ""
[1] "------------ Nelder-Mead algorithm ------------"
[1] "Max Loglik = 345.851336497346"
[1] "Current loglik value = 345.937065863353"
[1] ""
[1] "Algorithm did not get a better solution"
[1] "Women, Decrease. tol = -0.00024781780984656, time = 69.74, iteration = 5"
[1] ""
[1] "------------------ Retrying ------------------"
[1] ""
[1] "------------ Nelder-Mead algorithm ------------"
[1] "Max Loglik = 345.844944750763"
[1] "Current loglik value = 345.937065863353"
[1] ""
[1] "Algorithm did not get a better solution"
[1] "Women, Decrease. tol = -0.000266294426587486, time = 70.986, iteration = 5"
[1] ""
[1] "------------------ Retrying ------------------"
[1] ""
[1] "------------ Nelder-Mead algorithm ------------"
[1] "Max Loglik = 345.801941297693"
[1] "Current loglik value = 345.937065863353"
[1] ""
[1] "Algorithm did not get a better solution"
[1] "Women, Decrease. tol = -0.000390604474033011, time = 72.334, iteration = 5"
[1] ""
[1] "------------------ Retrying ------------------"
[1] ""
[1] "------------ Nelder-Mead algorithm ------------"
[1] "Max Loglik = 345.610228384081"
[1] "Current loglik value = 345.937065863353"
[1] ""
[1] "Algorithm did not get a better solution"
[1] "Women, Decrease. tol = -0.00094478884029408, time = 73.633, iteration = 5"
[1] ""
[1] "------------------ Retrying ------------------"
[1] ""
[1] "------------ Nelder-Mead algorithm ------------"
[1] "Max Loglik = 345.422509143639"
[1] "Current loglik value = 345.937065863353"
[1] ""
[1] "Algorithm did not get a better solution"
[1] "Women, Decrease. tol = -0.00148742869871281, time = 74.929, iteration = 5"
[1] ""
[1] "------------------ Retrying ------------------"
[1] ""
[1] "------------ Nelder-Mead algorithm ------------"
[1] "Max Loglik = 345.54704929625"
[1] "Current loglik value = 345.937065863353"
[1] ""
[1] "Algorithm did not get a better solution"
[1] "Women, Decrease. tol = -0.00112742057902737, time = 76.229, iteration = 5"
[1] ""
[1] "------------------ Retrying ------------------"
[1] ""
[1] "------ Maximum iterations withouth improvement achieved ------"
