[1] "------- starting weights -------"
[1] "Underweight:0.25"
[1] "Normal:0.25"
[1] "Overweight:0.25"
[1] "Obese:0.25"
[1] "------------ BFGS ------------"
[1] "Max Loglik = 138.436984461142"
[1] "Current loglik value = 0"
[1] "Women, Remain. tol = Inf, time = 3.986, iteration = 1"
[1] "Common area: 0.811637770119118"
[1] "------------ BFGS ------------"
[1] "Max Loglik = 138.074862788383"
[1] "Current loglik value = 138.436984461142"
[1] ""
[1] "Algorithm did not get a better solution"
[1] "Women, Remain. tol = -0.00261578706129746, time = 7.065, iteration = 2"
[1] ""
[1] "------------------ Retrying ------------------"
[1] ""
[1] "------------ BFGS ------------"
[1] "Max Loglik = 138.075659349131"
[1] "Current loglik value = 138.436984461142"
[1] ""
[1] "Algorithm did not get a better solution"
[1] "Women, Remain. tol = -0.00261003310218838, time = 10.136, iteration = 2"
[1] ""
[1] "------------------ Retrying ------------------"
[1] ""
[1] "------------ BFGS ------------"
[1] "Max Loglik = 138.075722514692"
[1] "Current loglik value = 138.436984461142"
[1] ""
[1] "Algorithm did not get a better solution"
[1] "Women, Remain. tol = -0.00260957682555185, time = 14.129, iteration = 2"
[1] ""
[1] "------------------ Retrying ------------------"
[1] ""
[1] "------------ BFGS ------------"
[1] "Max Loglik = 138.075913871331"
[1] "Current loglik value = 138.436984461142"
[1] ""
[1] "Algorithm did not get a better solution"
[1] "Women, Remain. tol = -0.00260819456025809, time = 16.413, iteration = 2"
[1] ""
[1] "------------------ Retrying ------------------"
[1] ""
[1] "------------ BFGS ------------"
[1] "Max Loglik = 138.075914478486"
[1] "Current loglik value = 138.436984461142"
[1] ""
[1] "Algorithm did not get a better solution"
[1] "Women, Remain. tol = -0.00260819017447189, time = 19.316, iteration = 2"
[1] ""
[1] "------------------ Retrying ------------------"
[1] ""
[1] "------------ BFGS ------------"
[1] "Max Loglik = 138.075042953509"
[1] "Current loglik value = 138.436984461142"
[1] ""
[1] "Algorithm did not get a better solution"
[1] "Women, Remain. tol = -0.00261448563793598, time = 20.791, iteration = 2"
[1] ""
[1] "------------------ Retrying ------------------"
[1] ""
[1] "------------ BFGS ------------"
[1] "Max Loglik = 138.075902048651"
[1] "Current loglik value = 138.436984461142"
[1] ""
[1] "Algorithm did not get a better solution"
[1] "Women, Remain. tol = -0.00260827996142792, time = 22.26, iteration = 2"
[1] ""
[1] "------------------ Retrying ------------------"
[1] ""
[1] "------------ BFGS ------------"
[1] "Max Loglik = 138.075977951096"
[1] "Current loglik value = 138.436984461142"
[1] ""
[1] "Algorithm did not get a better solution"
[1] "Women, Remain. tol = -0.00260773167987337, time = 23.766, iteration = 2"
[1] ""
[1] "------------------ Retrying ------------------"
[1] ""
[1] "------------ BFGS ------------"
[1] "Max Loglik = 138.075980590742"
[1] "Current loglik value = 138.436984461142"
[1] ""
[1] "Algorithm did not get a better solution"
[1] "Women, Remain. tol = -0.00260771261238124, time = 25.252, iteration = 2"
[1] ""
[1] "------------------ Retrying ------------------"
[1] ""
[1] "------------ BFGS ------------"
[1] "Max Loglik = 138.075839794306"
[1] "Current loglik value = 138.436984461142"
[1] ""
[1] "Algorithm did not get a better solution"
[1] "Women, Remain. tol = -0.002608729655888, time = 26.65, iteration = 2"
[1] ""
[1] "------------------ Retrying ------------------"
[1] ""
[1] "------------ BFGS ------------"
[1] "Max Loglik = 138.074065911211"
[1] "Current loglik value = 138.436984461142"
[1] ""
[1] "Algorithm did not get a better solution"
[1] "Women, Remain. tol = -0.00262154330609985, time = 28.131, iteration = 2"
[1] ""
[1] "------------------ Retrying ------------------"
[1] ""
[1] "------------ BFGS ------------"
[1] "Max Loglik = 138.07587539052"
[1] "Current loglik value = 138.436984461142"
[1] ""
[1] "Algorithm did not get a better solution"
[1] "Women, Remain. tol = -0.00260847252652322, time = 29.619, iteration = 2"
[1] ""
[1] "------------------ Retrying ------------------"
[1] ""
[1] "------------ BFGS ------------"
[1] "Max Loglik = 138.075788467412"
[1] "Current loglik value = 138.436984461142"
[1] ""
[1] "Algorithm did not get a better solution"
[1] "Women, Remain. tol = -0.00260910041586857, time = 31.184, iteration = 2"
[1] ""
[1] "------------------ Retrying ------------------"
[1] ""
[1] "------------ BFGS ------------"
[1] "Max Loglik = 138.075935367346"
[1] "Current loglik value = 138.436984461142"
[1] ""
[1] "Algorithm did not get a better solution"
[1] "Women, Remain. tol = -0.00260803928372667, time = 32.208, iteration = 2"
[1] ""
[1] "------------------ Retrying ------------------"
[1] ""
[1] "------------ BFGS ------------"
[1] "Max Loglik = 138.075975904401"
[1] "Current loglik value = 138.436984461142"
[1] ""
[1] "Algorithm did not get a better solution"
[1] "Women, Remain. tol = -0.0026077464641826, time = 34.313, iteration = 2"
[1] ""
[1] "------------------ Retrying ------------------"
[1] ""
[1] "------------ BFGS ------------"
[1] "Max Loglik = 138.075955431903"
[1] "Current loglik value = 138.436984461142"
[1] ""
[1] "Algorithm did not get a better solution"
[1] "Women, Remain. tol = -0.00260789434733445, time = 36.454, iteration = 2"
[1] ""
[1] "------------------ Retrying ------------------"
[1] ""
[1] "------------ BFGS ------------"
[1] "Max Loglik = 138.075932489579"
[1] "Current loglik value = 138.436984461142"
[1] ""
[1] "Algorithm did not get a better solution"
[1] "Women, Remain. tol = -0.00260806007128643, time = 37.931, iteration = 2"
[1] ""
[1] "------------------ Retrying ------------------"
[1] ""
[1] "------------ BFGS ------------"
[1] "Max Loglik = 138.075898027062"
[1] "Current loglik value = 138.436984461142"
[1] ""
[1] "Algorithm did not get a better solution"
[1] "Women, Remain. tol = -0.00260830901138815, time = 39.432, iteration = 2"
[1] ""
[1] "------------------ Retrying ------------------"
[1] ""
[1] "------------ BFGS ------------"
[1] "Max Loglik = 138.075870557904"
[1] "Current loglik value = 138.436984461142"
[1] ""
[1] "Algorithm did not get a better solution"
[1] "Women, Remain. tol = -0.00260850743494168, time = 40.919, iteration = 2"
[1] ""
[1] "------------------ Retrying ------------------"
[1] ""
[1] "------------ BFGS ------------"
[1] "Max Loglik = 138.070336721968"
[1] "Current loglik value = 138.436984461142"
[1] ""
[1] "Algorithm did not get a better solution"
[1] "Women, Remain. tol = -0.00264848111651843, time = 42.388, iteration = 2"
[1] ""
[1] "------------------ Retrying ------------------"
[1] ""
[1] "------------ BFGS ------------"
[1] "Max Loglik = 138.075925294156"
[1] "Current loglik value = 138.436984461142"
[1] ""
[1] "Algorithm did not get a better solution"
[1] "Women, Remain. tol = -0.00260811204745012, time = 43.654, iteration = 2"
[1] ""
[1] "------------------ Retrying ------------------"
[1] ""
[1] "------------ BFGS ------------"
[1] "Max Loglik = 138.075924089598"
[1] "Current loglik value = 138.436984461142"
[1] ""
[1] "Algorithm did not get a better solution"
[1] "Women, Remain. tol = -0.00260812074857789, time = 44.873, iteration = 2"
[1] ""
[1] "------------------ Retrying ------------------"
[1] ""
[1] "------------ BFGS ------------"
[1] "Max Loglik = 138.075866215039"
[1] "Current loglik value = 138.436984461142"
[1] ""
[1] "Algorithm did not get a better solution"
[1] "Women, Remain. tol = -0.00260853880563965, time = 46.25, iteration = 2"
[1] ""
[1] "------------------ Retrying ------------------"
[1] ""
[1] "------------ BFGS ------------"
[1] "Max Loglik = 138.07596506866"
[1] "Current loglik value = 138.436984461142"
[1] ""
[1] "Algorithm did not get a better solution"
[1] "Women, Remain. tol = -0.00260782473618986, time = 47.729, iteration = 2"
[1] ""
[1] "------------------ Retrying ------------------"
[1] ""
[1] "------------ BFGS ------------"
[1] "Max Loglik = 138.075780899742"
[1] "Current loglik value = 138.436984461142"
[1] ""
[1] "Algorithm did not get a better solution"
[1] "Women, Remain. tol = -0.00260915508095637, time = 49.207, iteration = 2"
[1] ""
[1] "------------------ Retrying ------------------"
[1] ""
[1] "------------ BFGS ------------"
[1] "Max Loglik = 138.075499697938"
[1] "Current loglik value = 138.436984461142"
[1] ""
[1] "Algorithm did not get a better solution"
[1] "Women, Remain. tol = -0.00261118634309224, time = 50.689, iteration = 2"
[1] ""
[1] "------------------ Retrying ------------------"
[1] ""
[1] "------------ BFGS ------------"
[1] "Max Loglik = 138.075763401197"
[1] "Current loglik value = 138.436984461142"
[1] ""
[1] "Algorithm did not get a better solution"
[1] "Women, Remain. tol = -0.00260928148175619, time = 51.94, iteration = 2"
[1] ""
[1] "------------------ Retrying ------------------"
[1] ""
[1] "------------ BFGS ------------"
[1] "Max Loglik = 138.075344941447"
[1] "Current loglik value = 138.436984461142"
[1] ""
[1] "Algorithm did not get a better solution"
[1] "Women, Remain. tol = -0.00261230422709817, time = 53.425, iteration = 2"
[1] ""
[1] "------------------ Retrying ------------------"
[1] ""
[1] "------------ BFGS ------------"
[1] "Max Loglik = 138.075269707575"
[1] "Current loglik value = 138.436984461142"
[1] ""
[1] "Algorithm did not get a better solution"
[1] "Women, Remain. tol = -0.0026128476792115, time = 54.909, iteration = 2"
[1] ""
[1] "------------------ Retrying ------------------"
[1] ""
[1] "------------ BFGS ------------"
[1] "Max Loglik = 138.075870767233"
[1] "Current loglik value = 138.436984461142"
[1] ""
[1] "Algorithm did not get a better solution"
[1] "Women, Remain. tol = -0.00260850592285327, time = 56.39, iteration = 2"
[1] ""
[1] "------------------ Retrying ------------------"
[1] ""
[1] "------------ BFGS ------------"
[1] "Max Loglik = 138.075891660181"
[1] "Current loglik value = 138.436984461142"
[1] ""
[1] "Algorithm did not get a better solution"
[1] "Women, Remain. tol = -0.00260835500257564, time = 57.838, iteration = 2"
[1] ""
[1] "------------------ Retrying ------------------"
[1] ""
[1] "------------ BFGS ------------"
[1] "Max Loglik = 138.075402676348"
[1] "Current loglik value = 138.436984461142"
[1] ""
[1] "Algorithm did not get a better solution"
[1] "Women, Remain. tol = -0.00261188717885436, time = 59.319, iteration = 2"
[1] ""
[1] "------------------ Retrying ------------------"
[1] ""
[1] "------------ BFGS ------------"
[1] "Max Loglik = 138.075857490111"
[1] "Current loglik value = 138.436984461142"
[1] ""
[1] "Algorithm did not get a better solution"
[1] "Women, Remain. tol = -0.0026086018301843, time = 60.903, iteration = 2"
[1] ""
[1] "------------------ Retrying ------------------"
[1] ""
[1] "------------ BFGS ------------"
[1] "Max Loglik = 138.075981862581"
[1] "Current loglik value = 138.436984461142"
[1] ""
[1] "Algorithm did not get a better solution"
[1] "Women, Remain. tol = -0.00260770342525136, time = 63.012, iteration = 2"
[1] ""
[1] "------------------ Retrying ------------------"
[1] ""
[1] "------------ BFGS ------------"
[1] "Max Loglik = 138.075989935908"
[1] "Current loglik value = 138.436984461142"
[1] ""
[1] "Algorithm did not get a better solution"
[1] "Women, Remain. tol = -0.0026076451075484, time = 64.316, iteration = 2"
[1] ""
[1] "------------------ Retrying ------------------"
[1] ""
[1] "------------ BFGS ------------"
[1] "Max Loglik = 138.075976724073"
[1] "Current loglik value = 138.436984461142"
[1] ""
[1] "Algorithm did not get a better solution"
[1] "Women, Remain. tol = -0.00260774054327551, time = 65.798, iteration = 2"
[1] ""
[1] "------------------ Retrying ------------------"
[1] ""
[1] "------------ BFGS ------------"
[1] "Max Loglik = 138.075939539447"
[1] "Current loglik value = 138.436984461142"
[1] ""
[1] "Algorithm did not get a better solution"
[1] "Women, Remain. tol = -0.00260800914654093, time = 67.283, iteration = 2"
[1] ""
[1] "------------------ Retrying ------------------"
[1] ""
[1] "------------ BFGS ------------"
[1] "Max Loglik = 138.075957470083"
[1] "Current loglik value = 138.436984461142"
[1] ""
[1] "Algorithm did not get a better solution"
[1] "Women, Remain. tol = -0.00260787962453419, time = 68.79, iteration = 2"
[1] ""
[1] "------------------ Retrying ------------------"
[1] ""
[1] "------------ BFGS ------------"
[1] "Max Loglik = 138.075189829175"
[1] "Current loglik value = 138.436984461142"
[1] ""
[1] "Algorithm did not get a better solution"
[1] "Women, Remain. tol = -0.00261342468109091, time = 70.275, iteration = 2"
[1] ""
[1] "------------------ Retrying ------------------"
[1] ""
[1] "------------ BFGS ------------"
[1] "Max Loglik = 138.07478348861"
[1] "Current loglik value = 138.436984461142"
[1] ""
[1] "Algorithm did not get a better solution"
[1] "Women, Remain. tol = -0.00261635988345809, time = 71.759, iteration = 2"
[1] ""
[1] "------------------ Retrying ------------------"
[1] ""
[1] "------------ BFGS ------------"
[1] "Max Loglik = 138.07587171269"
[1] "Current loglik value = 138.436984461142"
[1] ""
[1] "Algorithm did not get a better solution"
[1] "Women, Remain. tol = -0.00260849909333768, time = 73.251, iteration = 2"
[1] ""
[1] "------------------ Retrying ------------------"
[1] ""
[1] "------------ BFGS ------------"
[1] "Max Loglik = 138.07538559635"
[1] "Current loglik value = 138.436984461142"
[1] ""
[1] "Algorithm did not get a better solution"
[1] "Women, Remain. tol = -0.00261201055627825, time = 74.728, iteration = 2"
[1] ""
[1] "------------------ Retrying ------------------"
[1] ""
[1] "------------ BFGS ------------"
[1] "Max Loglik = 138.075671002485"
[1] "Current loglik value = 138.436984461142"
[1] ""
[1] "Algorithm did not get a better solution"
[1] "Women, Remain. tol = -0.00260994892414505, time = 76.217, iteration = 2"
[1] ""
[1] "------------------ Retrying ------------------"
[1] ""
[1] "------------ BFGS ------------"
[1] "Max Loglik = 138.073863482893"
[1] "Current loglik value = 138.436984461142"
[1] ""
[1] "Algorithm did not get a better solution"
[1] "Women, Remain. tol = -0.00262300554769866, time = 77.693, iteration = 2"
[1] ""
[1] "------------------ Retrying ------------------"
[1] ""
[1] "------------ BFGS ------------"
[1] "Max Loglik = 138.075964016927"
[1] "Current loglik value = 138.436984461142"
[1] ""
[1] "Algorithm did not get a better solution"
[1] "Women, Remain. tol = -0.00260783233338774, time = 80.675, iteration = 2"
[1] ""
[1] "------------------ Retrying ------------------"
[1] ""
[1] "------------ BFGS ------------"
[1] "Max Loglik = 138.075688226378"
[1] "Current loglik value = 138.436984461142"
[1] ""
[1] "Algorithm did not get a better solution"
[1] "Women, Remain. tol = -0.00260982450729972, time = 81.657, iteration = 2"
[1] ""
[1] "------------------ Retrying ------------------"
[1] ""
[1] "------------ BFGS ------------"
[1] "Max Loglik = 138.075925602458"
[1] "Current loglik value = 138.436984461142"
[1] ""
[1] "Algorithm did not get a better solution"
[1] "Women, Remain. tol = -0.00260810982043113, time = 83.141, iteration = 2"
[1] ""
[1] "------------------ Retrying ------------------"
[1] ""
[1] "------------ BFGS ------------"
[1] "Max Loglik = 138.075984579349"
[1] "Current loglik value = 138.436984461142"
[1] ""
[1] "Algorithm did not get a better solution"
[1] "Women, Remain. tol = -0.00260768380066783, time = 85.3, iteration = 2"
[1] ""
[1] "------------------ Retrying ------------------"
[1] ""
[1] "------------ BFGS ------------"
[1] "Max Loglik = 138.075963017043"
[1] "Current loglik value = 138.436984461142"
[1] ""
[1] "Algorithm did not get a better solution"
[1] "Women, Remain. tol = -0.00260783955604999, time = 87.488, iteration = 2"
[1] ""
[1] "------------------ Retrying ------------------"
[1] ""
[1] "------------ BFGS ------------"
[1] "Max Loglik = 138.075939768223"
[1] "Current loglik value = 138.436984461142"
[1] ""
[1] "Algorithm did not get a better solution"
[1] "Women, Remain. tol = -0.00260800749398085, time = 89.725, iteration = 2"
[1] ""
[1] "------------------ Retrying ------------------"
[1] ""
[1] "------ Maximum iterations withouth improvement achieved ------"
