[1] "------- starting weights -------"
[1] "Underweight:0.2"
[1] "Normal:0.266666666666667"
[1] "Overweight:0.233333333333333"
[1] "Obese:0.3"
[1] "------------ Nelder-Mead algorithm ------------"
[1] "Max Loglik = 343.169745898387"
[1] "Current loglik value = 0"
[1] "Women, Decrease. tol = Inf, time = 1.775, iteration = 1"
[1] "Common area: 0.938697116740018"
[1] "------------ Nelder-Mead algorithm ------------"
[1] "Max Loglik = 345.40017064923"
[1] "Current loglik value = 343.169745898387"
[1] "Women, Decrease. tol = 0.00649947956514521, time = 3.478, iteration = 2"
[1] "Common area: 0.957866698879262"
[1] "------------ Nelder-Mead algorithm ------------"
[1] "Max Loglik = 345.972454635384"
[1] "Current loglik value = 345.40017064923"
[1] "Women, Decrease. tol = 0.00165687233181655, time = 5.107, iteration = 3"
[1] "Common area: 0.953482535079079"
[1] "------------ Nelder-Mead algorithm ------------"
[1] "Max Loglik = 346.348735446477"
[1] "Current loglik value = 345.972454635384"
[1] "Women, Decrease. tol = 0.00108760338013142, time = 6.787, iteration = 4"
[1] "Common area: 0.936735816789281"
[1] "------------ Nelder-Mead algorithm ------------"
[1] "Max Loglik = 346.404681783197"
[1] "Current loglik value = 346.348735446477"
[1] "Women, Decrease. tol = 0.000161531805933472, time = 8.419, iteration = 5"
[1] "Common area: 0.924296706192095"
[1] "------------ Nelder-Mead algorithm ------------"
[1] "Max Loglik = 346.138092285331"
[1] "Current loglik value = 346.404681783197"
[1] ""
[1] "Algorithm did not get a better solution"
[1] "Women, Decrease. tol = -0.000769589765626912, time = 10.093, iteration = 6"
[1] ""
[1] "------------------ Retrying ------------------"
[1] ""
[1] "------------ Nelder-Mead algorithm ------------"
[1] "Max Loglik = 346.237516255749"
[1] "Current loglik value = 346.404681783197"
[1] ""
[1] "Algorithm did not get a better solution"
[1] "Women, Decrease. tol = -0.000482572944994805, time = 11.622, iteration = 6"
[1] ""
[1] "------------------ Retrying ------------------"
[1] ""
[1] "------------ Nelder-Mead algorithm ------------"
[1] "Max Loglik = 345.771811858806"
[1] "Current loglik value = 346.404681783197"
[1] ""
[1] "Algorithm did not get a better solution"
[1] "Women, Decrease. tol = -0.00182696700614162, time = 13.124, iteration = 6"
[1] ""
[1] "------------------ Retrying ------------------"
[1] ""
[1] "------------ Nelder-Mead algorithm ------------"
[1] "Max Loglik = 346.139748746986"
[1] "Current loglik value = 346.404681783197"
[1] ""
[1] "Algorithm did not get a better solution"
[1] "Women, Decrease. tol = -0.000764807897072631, time = 14.617, iteration = 6"
[1] ""
[1] "------------------ Retrying ------------------"
[1] ""
[1] "------------ Nelder-Mead algorithm ------------"
[1] "Max Loglik = 346.127581935884"
[1] "Current loglik value = 346.404681783197"
[1] ""
[1] "Algorithm did not get a better solution"
[1] "Women, Decrease. tol = -0.000799931010995478, time = 16.102, iteration = 6"
[1] ""
[1] "------------------ Retrying ------------------"
[1] ""
[1] "------------ Nelder-Mead algorithm ------------"
[1] "Max Loglik = 345.858415703365"
[1] "Current loglik value = 346.404681783197"
[1] ""
[1] "Algorithm did not get a better solution"
[1] "Women, Decrease. tol = -0.00157695928651973, time = 17.576, iteration = 6"
[1] ""
[1] "------------------ Retrying ------------------"
[1] ""
[1] "------------ Nelder-Mead algorithm ------------"
[1] "Max Loglik = 346.272515367725"
[1] "Current loglik value = 346.404681783197"
[1] ""
[1] "Algorithm did not get a better solution"
[1] "Women, Decrease. tol = -0.00038153761315213, time = 19.074, iteration = 6"
[1] ""
[1] "------------------ Retrying ------------------"
[1] ""
[1] "------------ Nelder-Mead algorithm ------------"
[1] "Max Loglik = 346.273536768656"
[1] "Current loglik value = 346.404681783197"
[1] ""
[1] "Algorithm did not get a better solution"
[1] "Women, Decrease. tol = -0.000378589035994946, time = 20.442, iteration = 6"
[1] ""
[1] "------------------ Retrying ------------------"
[1] ""
[1] "------------ Nelder-Mead algorithm ------------"
[1] "Max Loglik = 346.275029201597"
[1] "Current loglik value = 346.404681783197"
[1] ""
[1] "Algorithm did not get a better solution"
[1] "Women, Decrease. tol = -0.00037428068504225, time = 21.959, iteration = 6"
[1] ""
[1] "------------------ Retrying ------------------"
[1] ""
[1] "------------ Nelder-Mead algorithm ------------"
[1] "Max Loglik = 346.261302917551"
[1] "Current loglik value = 346.404681783197"
[1] ""
[1] "Algorithm did not get a better solution"
[1] "Women, Decrease. tol = -0.000413905680799358, time = 23.493, iteration = 6"
[1] ""
[1] "------------------ Retrying ------------------"
[1] ""
[1] "------------ Nelder-Mead algorithm ------------"
[1] "Max Loglik = 346.04637902381"
[1] "Current loglik value = 346.404681783197"
[1] ""
[1] "Algorithm did not get a better solution"
[1] "Women, Decrease. tol = -0.00103434733486494, time = 24.974, iteration = 6"
[1] ""
[1] "------------------ Retrying ------------------"
[1] ""
[1] "------------ Nelder-Mead algorithm ------------"
[1] "Max Loglik = 346.275116208648"
[1] "Current loglik value = 346.404681783197"
[1] ""
[1] "Algorithm did not get a better solution"
[1] "Women, Decrease. tol = -0.000374029513347047, time = 26.483, iteration = 6"
[1] ""
[1] "------------------ Retrying ------------------"
[1] ""
[1] "------------ Nelder-Mead algorithm ------------"
[1] "Max Loglik = 346.236104391892"
[1] "Current loglik value = 346.404681783197"
[1] ""
[1] "Algorithm did not get a better solution"
[1] "Women, Decrease. tol = -0.000486648709357633, time = 28.007, iteration = 6"
[1] ""
[1] "------------------ Retrying ------------------"
[1] ""
[1] "------------ Nelder-Mead algorithm ------------"
[1] "Max Loglik = 346.277020236553"
[1] "Current loglik value = 346.404681783197"
[1] ""
[1] "Algorithm did not get a better solution"
[1] "Women, Decrease. tol = -0.000368532971283419, time = 29.118, iteration = 6"
[1] ""
[1] "------------------ Retrying ------------------"
[1] ""
[1] "------------ Nelder-Mead algorithm ------------"
[1] "Max Loglik = 346.174662212046"
[1] "Current loglik value = 346.404681783197"
[1] ""
[1] "Algorithm did not get a better solution"
[1] "Women, Decrease. tol = -0.00066401981049068, time = 30.617, iteration = 6"
[1] ""
[1] "------------------ Retrying ------------------"
[1] ""
[1] "------------ Nelder-Mead algorithm ------------"
[1] "Max Loglik = 346.257131573223"
[1] "Current loglik value = 346.404681783197"
[1] ""
[1] "Algorithm did not get a better solution"
[1] "Women, Decrease. tol = -0.000425947505136926, time = 32.09, iteration = 6"
[1] ""
[1] "------------------ Retrying ------------------"
[1] ""
[1] "------------ Nelder-Mead algorithm ------------"
[1] "Max Loglik = 346.244374357847"
[1] "Current loglik value = 346.404681783197"
[1] ""
[1] "Algorithm did not get a better solution"
[1] "Women, Decrease. tol = -0.000462774996356472, time = 33.566, iteration = 6"
[1] ""
[1] "------------------ Retrying ------------------"
[1] ""
[1] "------------ Nelder-Mead algorithm ------------"
[1] "Max Loglik = 346.240742726525"
[1] "Current loglik value = 346.404681783197"
[1] ""
[1] "Algorithm did not get a better solution"
[1] "Women, Decrease. tol = -0.000473258778802151, time = 35.034, iteration = 6"
[1] ""
[1] "------------------ Retrying ------------------"
[1] ""
[1] "------------ Nelder-Mead algorithm ------------"
[1] "Max Loglik = 346.254309756452"
[1] "Current loglik value = 346.404681783197"
[1] ""
[1] "Algorithm did not get a better solution"
[1] "Women, Decrease. tol = -0.000434093517357678, time = 36.45, iteration = 6"
[1] ""
[1] "------------------ Retrying ------------------"
[1] ""
[1] "------------ Nelder-Mead algorithm ------------"
[1] "Max Loglik = 346.235407723054"
[1] "Current loglik value = 346.404681783197"
[1] ""
[1] "Algorithm did not get a better solution"
[1] "Women, Decrease. tol = -0.000488659850874523, time = 37.866, iteration = 6"
[1] ""
[1] "------------------ Retrying ------------------"
[1] ""
[1] "------------ Nelder-Mead algorithm ------------"
[1] "Max Loglik = 346.263843793697"
[1] "Current loglik value = 346.404681783197"
[1] ""
[1] "Algorithm did not get a better solution"
[1] "Women, Decrease. tol = -0.000406570687136392, time = 39.283, iteration = 6"
[1] ""
[1] "------------------ Retrying ------------------"
[1] ""
[1] "------------ Nelder-Mead algorithm ------------"
[1] "Max Loglik = 346.276895660626"
[1] "Current loglik value = 346.404681783197"
[1] ""
[1] "Algorithm did not get a better solution"
[1] "Women, Decrease. tol = -0.000368892596696901, time = 40.709, iteration = 6"
[1] ""
[1] "------------------ Retrying ------------------"
[1] ""
[1] "------------ Nelder-Mead algorithm ------------"
[1] "Max Loglik = 346.275750116226"
[1] "Current loglik value = 346.404681783197"
[1] ""
[1] "Algorithm did not get a better solution"
[1] "Women, Decrease. tol = -0.000372199550846084, time = 42.019, iteration = 6"
[1] ""
[1] "------------------ Retrying ------------------"
[1] ""
[1] "------------ Nelder-Mead algorithm ------------"
[1] "Max Loglik = 346.078245052301"
[1] "Current loglik value = 346.404681783197"
[1] ""
[1] "Algorithm did not get a better solution"
[1] "Women, Decrease. tol = -0.00094235657906016, time = 43.392, iteration = 6"
[1] ""
[1] "------------------ Retrying ------------------"
[1] ""
[1] "------------ Nelder-Mead algorithm ------------"
[1] "Max Loglik = 346.075684087022"
[1] "Current loglik value = 346.404681783197"
[1] ""
[1] "Algorithm did not get a better solution"
[1] "Women, Decrease. tol = -0.000949749565974325, time = 44.768, iteration = 6"
[1] ""
[1] "------------------ Retrying ------------------"
[1] ""
[1] "------------ Nelder-Mead algorithm ------------"
[1] "Max Loglik = 346.168309457836"
[1] "Current loglik value = 346.404681783197"
[1] ""
[1] "Algorithm did not get a better solution"
[1] "Women, Decrease. tol = -0.000682358922356841, time = 46.165, iteration = 6"
[1] ""
[1] "------------------ Retrying ------------------"
[1] ""
[1] "------------ Nelder-Mead algorithm ------------"
[1] "Max Loglik = 346.246389027822"
[1] "Current loglik value = 346.404681783197"
[1] ""
[1] "Algorithm did not get a better solution"
[1] "Women, Decrease. tol = -0.000456959053093041, time = 47.558, iteration = 6"
[1] ""
[1] "------------------ Retrying ------------------"
[1] ""
[1] "------------ Nelder-Mead algorithm ------------"
[1] "Max Loglik = 346.261410902869"
[1] "Current loglik value = 346.404681783197"
[1] ""
[1] "Algorithm did not get a better solution"
[1] "Women, Decrease. tol = -0.000413593949105346, time = 48.96, iteration = 6"
[1] ""
[1] "------------------ Retrying ------------------"
[1] ""
[1] "------------ Nelder-Mead algorithm ------------"
[1] "Max Loglik = 346.275104921205"
[1] "Current loglik value = 346.404681783197"
[1] ""
[1] "Algorithm did not get a better solution"
[1] "Women, Decrease. tol = -0.000374062097903726, time = 50.361, iteration = 6"
[1] ""
[1] "------------------ Retrying ------------------"
[1] ""
[1] "------------ Nelder-Mead algorithm ------------"
[1] "Max Loglik = 346.276780536878"
[1] "Current loglik value = 346.404681783197"
[1] ""
[1] "Algorithm did not get a better solution"
[1] "Women, Decrease. tol = -0.000369224935588706, time = 51.64, iteration = 6"
[1] ""
[1] "------------------ Retrying ------------------"
[1] ""
[1] "------------ Nelder-Mead algorithm ------------"
[1] "Max Loglik = 346.27723263557"
[1] "Current loglik value = 346.404681783197"
[1] ""
[1] "Algorithm did not get a better solution"
[1] "Women, Decrease. tol = -0.000367919818434133, time = 52.627, iteration = 6"
[1] ""
[1] "------------------ Retrying ------------------"
[1] ""
[1] "------------ Nelder-Mead algorithm ------------"
[1] "Max Loglik = 346.247391221244"
[1] "Current loglik value = 346.404681783197"
[1] ""
[1] "Algorithm did not get a better solution"
[1] "Women, Decrease. tol = -0.000454065924118747, time = 54.033, iteration = 6"
[1] ""
[1] "------------------ Retrying ------------------"
[1] ""
[1] "------------ Nelder-Mead algorithm ------------"
[1] "Max Loglik = 346.27573258574"
[1] "Current loglik value = 346.404681783197"
[1] ""
[1] "Algorithm did not get a better solution"
[1] "Women, Decrease. tol = -0.000372250157801137, time = 55.444, iteration = 6"
[1] ""
[1] "------------------ Retrying ------------------"
[1] ""
[1] "------------ Nelder-Mead algorithm ------------"
[1] "Max Loglik = 346.270082722279"
[1] "Current loglik value = 346.404681783197"
[1] ""
[1] "Algorithm did not get a better solution"
[1] "Women, Decrease. tol = -0.000388560166754667, time = 56.865, iteration = 6"
[1] ""
[1] "------------------ Retrying ------------------"
[1] ""
[1] "------------ Nelder-Mead algorithm ------------"
[1] "Max Loglik = 346.277309211423"
[1] "Current loglik value = 346.404681783197"
[1] ""
[1] "Algorithm did not get a better solution"
[1] "Women, Decrease. tol = -0.00036769875949262, time = 57.997, iteration = 6"
[1] ""
[1] "------------------ Retrying ------------------"
[1] ""
[1] "------------ Nelder-Mead algorithm ------------"
[1] "Max Loglik = 346.275944145175"
[1] "Current loglik value = 346.404681783197"
[1] ""
[1] "Algorithm did not get a better solution"
[1] "Women, Decrease. tol = -0.000371639428656999, time = 59.408, iteration = 6"
[1] ""
[1] "------------------ Retrying ------------------"
[1] ""
[1] "------------ Nelder-Mead algorithm ------------"
[1] "Max Loglik = 346.26406910847"
[1] "Current loglik value = 346.404681783197"
[1] ""
[1] "Algorithm did not get a better solution"
[1] "Women, Decrease. tol = -0.000405920249122512, time = 60.823, iteration = 6"
[1] ""
[1] "------------------ Retrying ------------------"
[1] ""
[1] "------------ Nelder-Mead algorithm ------------"
[1] "Max Loglik = 346.20632655356"
[1] "Current loglik value = 346.404681783197"
[1] ""
[1] "Algorithm did not get a better solution"
[1] "Women, Decrease. tol = -0.000572611284050068, time = 62.233, iteration = 6"
[1] ""
[1] "------------------ Retrying ------------------"
[1] ""
[1] "------------ Nelder-Mead algorithm ------------"
[1] "Max Loglik = 345.987907326455"
[1] "Current loglik value = 346.404681783197"
[1] ""
[1] "Algorithm did not get a better solution"
[1] "Women, Decrease. tol = -0.00120314325602283, time = 63.612, iteration = 6"
[1] ""
[1] "------------------ Retrying ------------------"
[1] ""
[1] "------------ Nelder-Mead algorithm ------------"
[1] "Max Loglik = 346.165259830125"
[1] "Current loglik value = 346.404681783197"
[1] ""
[1] "Algorithm did not get a better solution"
[1] "Women, Decrease. tol = -0.000691162578516238, time = 65.01, iteration = 6"
[1] ""
[1] "------------------ Retrying ------------------"
[1] ""
[1] "------------ Nelder-Mead algorithm ------------"
[1] "Max Loglik = 346.275697857918"
[1] "Current loglik value = 346.404681783197"
[1] ""
[1] "Algorithm did not get a better solution"
[1] "Women, Decrease. tol = -0.000372350409972487, time = 66.423, iteration = 6"
[1] ""
[1] "------------------ Retrying ------------------"
[1] ""
[1] "------------ Nelder-Mead algorithm ------------"
[1] "Max Loglik = 346.197350013354"
[1] "Current loglik value = 346.404681783197"
[1] ""
[1] "Algorithm did not get a better solution"
[1] "Women, Decrease. tol = -0.000598524733486838, time = 67.829, iteration = 6"
[1] ""
[1] "------------------ Retrying ------------------"
[1] ""
[1] "------------ Nelder-Mead algorithm ------------"
[1] "Max Loglik = 346.277224046325"
[1] "Current loglik value = 346.404681783197"
[1] ""
[1] "Algorithm did not get a better solution"
[1] "Women, Decrease. tol = -0.000367944613842892, time = 69.258, iteration = 6"
[1] ""
[1] "------------------ Retrying ------------------"
[1] ""
[1] "------------ Nelder-Mead algorithm ------------"
[1] "Max Loglik = 346.071284492183"
[1] "Current loglik value = 346.404681783197"
[1] ""
[1] "Algorithm did not get a better solution"
[1] "Women, Decrease. tol = -0.000962450303205609, time = 70.649, iteration = 6"
[1] ""
[1] "------------------ Retrying ------------------"
[1] ""
[1] "------------ Nelder-Mead algorithm ------------"
[1] "Max Loglik = 346.264540727902"
[1] "Current loglik value = 346.404681783197"
[1] ""
[1] "Algorithm did not get a better solution"
[1] "Women, Decrease. tol = -0.00040455877955517, time = 72.043, iteration = 6"
[1] ""
[1] "------------------ Retrying ------------------"
[1] ""
[1] "------------ Nelder-Mead algorithm ------------"
[1] "Max Loglik = 346.262027875616"
[1] "Current loglik value = 346.404681783197"
[1] ""
[1] "Algorithm did not get a better solution"
[1] "Women, Decrease. tol = -0.000411812874023801, time = 73.448, iteration = 6"
[1] ""
[1] "------------------ Retrying ------------------"
[1] ""
[1] "------------ Nelder-Mead algorithm ------------"
[1] "Max Loglik = 346.277284782497"
[1] "Current loglik value = 346.404681783197"
[1] ""
[1] "Algorithm did not get a better solution"
[1] "Women, Decrease. tol = -0.000367769280841531, time = 74.78, iteration = 6"
[1] ""
[1] "------------------ Retrying ------------------"
[1] ""
[1] "------------ Nelder-Mead algorithm ------------"
[1] "Max Loglik = 346.193420220532"
[1] "Current loglik value = 346.404681783197"
[1] ""
[1] "Algorithm did not get a better solution"
[1] "Women, Decrease. tol = -0.000609869247659823, time = 76.2, iteration = 6"
[1] ""
[1] "------------------ Retrying ------------------"
[1] ""
[1] "------------ Nelder-Mead algorithm ------------"
[1] "Max Loglik = 345.95555513628"
[1] "Current loglik value = 346.404681783197"
[1] ""
[1] "Algorithm did not get a better solution"
[1] "Women, Decrease. tol = -0.00129653746192232, time = 77.624, iteration = 6"
[1] ""
[1] "------------------ Retrying ------------------"
[1] ""
[1] "------------ Nelder-Mead algorithm ------------"
[1] "Max Loglik = 345.952702506648"
[1] "Current loglik value = 346.404681783197"
[1] ""
[1] "Algorithm did not get a better solution"
[1] "Women, Decrease. tol = -0.00130477242461626, time = 79.06, iteration = 6"
[1] ""
[1] "------------------ Retrying ------------------"
[1] ""
[1] "------ Maximum iterations withouth improvement achieved ------"
