[1] "------------ Transforming weights ------------"
[1] "------- starting weights -------"
[1] "Underweight:0.25"
[1] "Normal:0.25"
[1] "Overweight:0.25"
[1] "Obese:0.25"
[1] "------------ Simulated Annealing ------------"
[1] "Max Loglik = 189.740406020037"
[1] "Current loglik value = 0"
[1] "Men, Remain. tol = Inf, time = 27.153, iteration = 1"
[1] "Common area: 0.945752356869971"
[1] "------------ Simulated Annealing ------------"
[1] "Max Loglik = 189.665310917139"
[1] "Current loglik value = 189.740406020037"
[1] ""
[1] "Algorithm did not get a better solution"
[1] "Men, Remain. tol = -0.00039577812904212, time = 50.962, iteration = 2"
[1] ""
[1] "------------------ Retrying ------------------"
[1] ""
[1] "------------ Simulated Annealing ------------"
[1] "Max Loglik = 189.701177757972"
[1] "Current loglik value = 189.740406020037"
[1] ""
[1] "Algorithm did not get a better solution"
[1] "Men, Remain. tol = -0.000206747012342115, time = 72.245, iteration = 2"
[1] ""
[1] "------------------ Retrying ------------------"
[1] ""
[1] "------------ Simulated Annealing ------------"
[1] "Max Loglik = 189.982669530008"
[1] "Current loglik value = 189.740406020037"
[1] "Men, Remain. tol = 0.00127681559796472, time = 95.049, iteration = 2"
[1] "Common area: 0.965149427252616"
[1] "------------ Simulated Annealing ------------"
[1] "Max Loglik = 189.644765976098"
[1] "Current loglik value = 189.982669530008"
[1] ""
[1] "Algorithm did not get a better solution"
[1] "Men, Remain. tol = -0.00177860198904329, time = 120.038, iteration = 3"
[1] ""
[1] "------------------ Retrying ------------------"
[1] ""
[1] "------------ Simulated Annealing ------------"
[1] "Max Loglik = 189.809153228957"
[1] "Current loglik value = 189.982669530008"
[1] ""
[1] "Algorithm did not get a better solution"
[1] "Men, Remain. tol = -0.000913326997037573, time = 145.607, iteration = 3"
[1] ""
[1] "------------------ Retrying ------------------"
[1] ""
[1] "------------ Simulated Annealing ------------"
[1] "Max Loglik = 189.502784990312"
[1] "Current loglik value = 189.982669530008"
[1] ""
[1] "Algorithm did not get a better solution"
[1] "Men, Remain. tol = -0.00252593850209181, time = 170.491, iteration = 3"
[1] ""
[1] "------------------ Retrying ------------------"
[1] ""
[1] "------------ Simulated Annealing ------------"
[1] "Max Loglik = 189.588158047268"
[1] "Current loglik value = 189.982669530008"
[1] ""
[1] "Algorithm did not get a better solution"
[1] "Men, Remain. tol = -0.00207656563472853, time = 193.321, iteration = 3"
[1] ""
[1] "------------------ Retrying ------------------"
[1] ""
[1] "------------ Simulated Annealing ------------"
[1] "Max Loglik = 189.760982423097"
[1] "Current loglik value = 189.982669530008"
[1] ""
[1] "Algorithm did not get a better solution"
[1] "Men, Remain. tol = -0.00116688068158408, time = 219.865, iteration = 3"
[1] ""
[1] "------------------ Retrying ------------------"
[1] ""
