[1] "------- starting weights -------"
[1] "Underweight:0.3"
[1] "Normal:0.3"
[1] "Overweight:0.3"
[1] "Obese:0.1"
[1] "------------ BFGS ------------"
[1] "Max Loglik = 321.077938368325"
[1] "Current loglik value = 0"
[1] "Women, Increase. tol = Inf, time = 3.428, iteration = 1"
[1] "Common area: 0.967974476794853"
[1] "------------ BFGS ------------"
[1] "Max Loglik = 321.099119258267"
[1] "Current loglik value = 321.077938368325"
[1] "Women, Increase. tol = 6.59680638581283e-05, time = 4.796, iteration = 2"
[1] "Common area: 0.966678343004428"
[1] "------------ BFGS ------------"
[1] "Max Loglik = 321.007018594273"
[1] "Current loglik value = 321.099119258267"
[1] ""
[1] "Algorithm did not get a better solution"
[1] "Women, Increase. tol = -0.000286829388403621, time = 6.093, iteration = 3"
[1] ""
[1] "------------------ Retrying ------------------"
[1] ""
[1] "------------ BFGS ------------"
[1] "Max Loglik = 321.007021570456"
[1] "Current loglik value = 321.099119258267"
[1] ""
[1] "Algorithm did not get a better solution"
[1] "Women, Increase. tol = -0.000286820119668231, time = 7.213, iteration = 3"
[1] ""
[1] "------------------ Retrying ------------------"
[1] ""
[1] "------------ BFGS ------------"
[1] "Max Loglik = 321.006979786505"
[1] "Current loglik value = 321.099119258267"
[1] ""
[1] "Algorithm did not get a better solution"
[1] "Women, Increase. tol = -0.000286950247558872, time = 8.371, iteration = 3"
[1] ""
[1] "------------------ Retrying ------------------"
[1] ""
[1] "------------ BFGS ------------"
[1] "Max Loglik = 321.006993398827"
[1] "Current loglik value = 321.099119258267"
[1] ""
[1] "Algorithm did not get a better solution"
[1] "Women, Increase. tol = -0.000286907854659779, time = 9.462, iteration = 3"
[1] ""
[1] "------------------ Retrying ------------------"
[1] ""
[1] "------------ BFGS ------------"
[1] "Max Loglik = 321.007023404785"
[1] "Current loglik value = 321.099119258267"
[1] ""
[1] "Algorithm did not get a better solution"
[1] "Women, Increase. tol = -0.000286814407010761, time = 11.152, iteration = 3"
[1] ""
[1] "------------------ Retrying ------------------"
[1] ""
[1] "------------ BFGS ------------"
[1] "Max Loglik = 321.007006202244"
[1] "Current loglik value = 321.099119258267"
[1] ""
[1] "Algorithm did not get a better solution"
[1] "Women, Increase. tol = -0.000286867980938513, time = 12.282, iteration = 3"
[1] ""
[1] "------------------ Retrying ------------------"
[1] ""
[1] "------------ BFGS ------------"
[1] "Max Loglik = 321.007022170904"
[1] "Current loglik value = 321.099119258267"
[1] ""
[1] "Algorithm did not get a better solution"
[1] "Women, Increase. tol = -0.000286818249689524, time = 13.417, iteration = 3"
[1] ""
[1] "------------------ Retrying ------------------"
[1] ""
[1] "------------ BFGS ------------"
[1] "Max Loglik = 321.007008089051"
[1] "Current loglik value = 321.099119258267"
[1] ""
[1] "Algorithm did not get a better solution"
[1] "Women, Increase. tol = -0.000286862104848419, time = 14.589, iteration = 3"
[1] ""
[1] "------------------ Retrying ------------------"
[1] ""
[1] "------------ BFGS ------------"
[1] "Max Loglik = 321.007022975154"
[1] "Current loglik value = 321.099119258267"
[1] ""
[1] "Algorithm did not get a better solution"
[1] "Women, Increase. tol = -0.000286815745013093, time = 15.703, iteration = 3"
[1] ""
[1] "------------------ Retrying ------------------"
[1] ""
[1] "------------ BFGS ------------"
[1] "Max Loglik = 321.007021982395"
[1] "Current loglik value = 321.099119258267"
[1] ""
[1] "Algorithm did not get a better solution"
[1] "Women, Increase. tol = -0.000286818836765574, time = 16.81, iteration = 3"
[1] ""
[1] "------------------ Retrying ------------------"
[1] ""
[1] "------------ BFGS ------------"
[1] "Max Loglik = 321.007023121192"
[1] "Current loglik value = 321.099119258267"
[1] ""
[1] "Algorithm did not get a better solution"
[1] "Women, Increase. tol = -0.00028681529020643, time = 18.343, iteration = 3"
[1] ""
[1] "------------------ Retrying ------------------"
[1] ""
[1] "------------ BFGS ------------"
[1] "Max Loglik = 321.007014456123"
[1] "Current loglik value = 321.099119258267"
[1] ""
[1] "Algorithm did not get a better solution"
[1] "Women, Increase. tol = -0.000286842275858869, time = 19.465, iteration = 3"
[1] ""
[1] "------------------ Retrying ------------------"
[1] ""
[1] "------------ BFGS ------------"
[1] "Max Loglik = 321.007022642692"
[1] "Current loglik value = 321.099119258267"
[1] ""
[1] "Algorithm did not get a better solution"
[1] "Women, Increase. tol = -0.000286816780399246, time = 20.852, iteration = 3"
[1] ""
[1] "------------------ Retrying ------------------"
[1] ""
[1] "------------ BFGS ------------"
[1] "Max Loglik = 321.006986160025"
[1] "Current loglik value = 321.099119258267"
[1] ""
[1] "Algorithm did not get a better solution"
[1] "Women, Increase. tol = -0.000286930398484298, time = 21.397, iteration = 3"
[1] ""
[1] "------------------ Retrying ------------------"
[1] ""
[1] "------------ BFGS ------------"
[1] "Max Loglik = 321.007021741945"
[1] "Current loglik value = 321.099119258267"
[1] ""
[1] "Algorithm did not get a better solution"
[1] "Women, Increase. tol = -0.000286819585599921, time = 22.907, iteration = 3"
[1] ""
[1] "------------------ Retrying ------------------"
[1] ""
[1] "------------ BFGS ------------"
[1] "Max Loglik = 321.007022224437"
[1] "Current loglik value = 321.099119258267"
[1] ""
[1] "Algorithm did not get a better solution"
[1] "Women, Increase. tol = -0.000286818082973037, time = 24.396, iteration = 3"
[1] ""
[1] "------------------ Retrying ------------------"
[1] ""
[1] "------------ BFGS ------------"
[1] "Max Loglik = 321.007019711544"
[1] "Current loglik value = 321.099119258267"
[1] ""
[1] "Algorithm did not get a better solution"
[1] "Women, Increase. tol = -0.000286825908882719, time = 25.518, iteration = 3"
[1] ""
[1] "------------------ Retrying ------------------"
[1] ""
[1] "------------ BFGS ------------"
[1] "Max Loglik = 321.007014359654"
[1] "Current loglik value = 321.099119258267"
[1] ""
[1] "Algorithm did not get a better solution"
[1] "Women, Increase. tol = -0.000286842576291767, time = 26.643, iteration = 3"
[1] ""
[1] "------------------ Retrying ------------------"
[1] ""
[1] "------------ BFGS ------------"
[1] "Max Loglik = 321.007016205154"
[1] "Current loglik value = 321.099119258267"
[1] ""
[1] "Algorithm did not get a better solution"
[1] "Women, Increase. tol = -0.000286836828844117, time = 27.763, iteration = 3"
[1] ""
[1] "------------------ Retrying ------------------"
[1] ""
[1] "------------ BFGS ------------"
[1] "Max Loglik = 321.006822772636"
[1] "Current loglik value = 321.099119258267"
[1] ""
[1] "Algorithm did not get a better solution"
[1] "Women, Increase. tol = -0.000287439236345331, time = 28.909, iteration = 3"
[1] ""
[1] "------------------ Retrying ------------------"
[1] ""
[1] "------------ BFGS ------------"
[1] "Max Loglik = 321.007017338561"
[1] "Current loglik value = 321.099119258267"
[1] ""
[1] "Algorithm did not get a better solution"
[1] "Women, Increase. tol = -0.000286833299070734, time = 30.013, iteration = 3"
[1] ""
[1] "------------------ Retrying ------------------"
[1] ""
[1] "------------ BFGS ------------"
[1] "Max Loglik = 321.007023492338"
[1] "Current loglik value = 321.099119258267"
[1] ""
[1] "Algorithm did not get a better solution"
[1] "Women, Increase. tol = -0.000286814134343763, time = 31.048, iteration = 3"
[1] ""
[1] "------------------ Retrying ------------------"
[1] ""
[1] "------------ BFGS ------------"
[1] "Max Loglik = 321.007018676692"
[1] "Current loglik value = 321.099119258267"
[1] ""
[1] "Algorithm did not get a better solution"
[1] "Women, Increase. tol = -0.000286829131726822, time = 32.169, iteration = 3"
[1] ""
[1] "------------------ Retrying ------------------"
[1] ""
[1] "------------ BFGS ------------"
[1] "Max Loglik = 321.006952166644"
[1] "Current loglik value = 321.099119258267"
[1] ""
[1] "Algorithm did not get a better solution"
[1] "Women, Increase. tol = -0.000287036264178184, time = 33.269, iteration = 3"
[1] ""
[1] "------------------ Retrying ------------------"
[1] ""
[1] "------------ BFGS ------------"
[1] "Max Loglik = 321.006917755584"
[1] "Current loglik value = 321.099119258267"
[1] ""
[1] "Algorithm did not get a better solution"
[1] "Women, Increase. tol = -0.000287143430652394, time = 34.374, iteration = 3"
[1] ""
[1] "------------------ Retrying ------------------"
[1] ""
[1] "------------ BFGS ------------"
[1] "Max Loglik = 321.006988270193"
[1] "Current loglik value = 321.099119258267"
[1] ""
[1] "Algorithm did not get a better solution"
[1] "Women, Increase. tol = -0.000286923826781801, time = 35.475, iteration = 3"
[1] ""
[1] "------------------ Retrying ------------------"
[1] ""
[1] "------------ BFGS ------------"
[1] "Max Loglik = 321.007023614075"
[1] "Current loglik value = 321.099119258267"
[1] ""
[1] "Algorithm did not get a better solution"
[1] "Women, Increase. tol = -0.000286813755219956, time = 36.553, iteration = 3"
[1] ""
[1] "------------------ Retrying ------------------"
[1] ""
[1] "------------ BFGS ------------"
[1] "Max Loglik = 321.007016440431"
[1] "Current loglik value = 321.099119258267"
[1] ""
[1] "Algorithm did not get a better solution"
[1] "Women, Increase. tol = -0.000286836096119994, time = 37.659, iteration = 3"
[1] ""
[1] "------------------ Retrying ------------------"
[1] ""
[1] "------------ BFGS ------------"
[1] "Max Loglik = 321.007021856702"
[1] "Current loglik value = 321.099119258267"
[1] ""
[1] "Algorithm did not get a better solution"
[1] "Women, Increase. tol = -0.000286819228211744, time = 38.776, iteration = 3"
[1] ""
[1] "------------------ Retrying ------------------"
[1] ""
[1] "------------ BFGS ------------"
[1] "Max Loglik = 321.007017141669"
[1] "Current loglik value = 321.099119258267"
[1] ""
[1] "Algorithm did not get a better solution"
[1] "Women, Increase. tol = -0.000286833912254466, time = 39.923, iteration = 3"
[1] ""
[1] "------------------ Retrying ------------------"
[1] ""
[1] "------------ BFGS ------------"
[1] "Max Loglik = 321.007023614642"
[1] "Current loglik value = 321.099119258267"
[1] ""
[1] "Algorithm did not get a better solution"
[1] "Women, Increase. tol = -0.000286813753454105, time = 41.01, iteration = 3"
[1] ""
[1] "------------------ Retrying ------------------"
[1] ""
[1] "------------ BFGS ------------"
[1] "Max Loglik = 321.007016975825"
[1] "Current loglik value = 321.099119258267"
[1] ""
[1] "Algorithm did not get a better solution"
[1] "Women, Increase. tol = -0.000286834428741099, time = 42.115, iteration = 3"
[1] ""
[1] "------------------ Retrying ------------------"
[1] ""
[1] "------------ BFGS ------------"
[1] "Max Loglik = 321.006988675351"
[1] "Current loglik value = 321.099119258267"
[1] ""
[1] "Algorithm did not get a better solution"
[1] "Women, Increase. tol = -0.000286922564995886, time = 43.261, iteration = 3"
[1] ""
[1] "------------------ Retrying ------------------"
[1] ""
[1] "------------ BFGS ------------"
[1] "Max Loglik = 321.00702265215"
[1] "Current loglik value = 321.099119258267"
[1] ""
[1] "Algorithm did not get a better solution"
[1] "Women, Increase. tol = -0.000286816750945564, time = 44.742, iteration = 3"
[1] ""
[1] "------------------ Retrying ------------------"
[1] ""
[1] "------------ BFGS ------------"
[1] "Max Loglik = 321.007023563554"
[1] "Current loglik value = 321.099119258267"
[1] ""
[1] "Algorithm did not get a better solution"
[1] "Women, Increase. tol = -0.000286813912555217, time = 45.824, iteration = 3"
[1] ""
[1] "------------------ Retrying ------------------"
[1] ""
[1] "------------ BFGS ------------"
[1] "Max Loglik = 321.006959141153"
[1] "Current loglik value = 321.099119258267"
[1] ""
[1] "Algorithm did not get a better solution"
[1] "Women, Increase. tol = -0.000287014543442432, time = 46.945, iteration = 3"
[1] ""
[1] "------------------ Retrying ------------------"
[1] ""
[1] "------------ BFGS ------------"
[1] "Max Loglik = 321.007018752828"
[1] "Current loglik value = 321.099119258267"
[1] ""
[1] "Algorithm did not get a better solution"
[1] "Women, Increase. tol = -0.000286828894614232, time = 48.075, iteration = 3"
[1] ""
[1] "------------------ Retrying ------------------"
[1] ""
[1] "------------ BFGS ------------"
[1] "Max Loglik = 321.007014790053"
[1] "Current loglik value = 321.099119258267"
[1] ""
[1] "Algorithm did not get a better solution"
[1] "Women, Increase. tol = -0.000286841235897614, time = 49.177, iteration = 3"
[1] ""
[1] "------------------ Retrying ------------------"
[1] ""
[1] "------------ BFGS ------------"
[1] "Max Loglik = 321.006970624353"
[1] "Current loglik value = 321.099119258267"
[1] ""
[1] "Algorithm did not get a better solution"
[1] "Women, Increase. tol = -0.000286978781277473, time = 50.64, iteration = 3"
[1] ""
[1] "------------------ Retrying ------------------"
[1] ""
[1] "------------ BFGS ------------"
[1] "Max Loglik = 321.006939030922"
[1] "Current loglik value = 321.099119258267"
[1] ""
[1] "Algorithm did not get a better solution"
[1] "Women, Increase. tol = -0.000287077172799839, time = 51.745, iteration = 3"
[1] ""
[1] "------------------ Retrying ------------------"
[1] ""
[1] "------------ BFGS ------------"
[1] "Max Loglik = 321.007019459196"
[1] "Current loglik value = 321.099119258267"
[1] ""
[1] "Algorithm did not get a better solution"
[1] "Women, Increase. tol = -0.000286826694769836, time = 52.866, iteration = 3"
[1] ""
[1] "------------------ Retrying ------------------"
[1] ""
[1] "------------ BFGS ------------"
[1] "Max Loglik = 321.007021047894"
[1] "Current loglik value = 321.099119258267"
[1] ""
[1] "Algorithm did not get a better solution"
[1] "Women, Increase. tol = -0.000286821747084375, time = 53.981, iteration = 3"
[1] ""
[1] "------------------ Retrying ------------------"
[1] ""
[1] "------------ BFGS ------------"
[1] "Max Loglik = 321.007023158575"
[1] "Current loglik value = 321.099119258267"
[1] ""
[1] "Algorithm did not get a better solution"
[1] "Women, Increase. tol = -0.000286815173783318, time = 54.949, iteration = 3"
[1] ""
[1] "------------------ Retrying ------------------"
[1] ""
[1] "------------ BFGS ------------"
[1] "Max Loglik = 321.007023408038"
[1] "Current loglik value = 321.099119258267"
[1] ""
[1] "Algorithm did not get a better solution"
[1] "Women, Increase. tol = -0.000286814396879115, time = 56.291, iteration = 3"
[1] ""
[1] "------------------ Retrying ------------------"
[1] ""
[1] "------------ BFGS ------------"
[1] "Max Loglik = 321.007016960572"
[1] "Current loglik value = 321.099119258267"
[1] ""
[1] "Algorithm did not get a better solution"
[1] "Women, Increase. tol = -0.000286834476245404, time = 57.617, iteration = 3"
[1] ""
[1] "------------------ Retrying ------------------"
[1] ""
[1] "------------ BFGS ------------"
[1] "Max Loglik = 321.007019166651"
[1] "Current loglik value = 321.099119258267"
[1] ""
[1] "Algorithm did not get a better solution"
[1] "Women, Increase. tol = -0.000286827605844526, time = 58.344, iteration = 3"
[1] ""
[1] "------------------ Retrying ------------------"
[1] ""
[1] "------------ BFGS ------------"
[1] "Max Loglik = 321.007020022901"
[1] "Current loglik value = 321.099119258267"
[1] ""
[1] "Algorithm did not get a better solution"
[1] "Women, Increase. tol = -0.000286824939223388, time = 59.468, iteration = 3"
[1] ""
[1] "------------------ Retrying ------------------"
[1] ""
[1] "------------ BFGS ------------"
[1] "Max Loglik = 321.007022986493"
[1] "Current loglik value = 321.099119258267"
[1] ""
[1] "Algorithm did not get a better solution"
[1] "Women, Increase. tol = -0.000286815709697672, time = 61.135, iteration = 3"
[1] ""
[1] "------------------ Retrying ------------------"
[1] ""
[1] "------------ BFGS ------------"
[1] "Max Loglik = 321.007023416273"
[1] "Current loglik value = 321.099119258267"
[1] ""
[1] "Algorithm did not get a better solution"
[1] "Women, Increase. tol = -0.000286814371232767, time = 62.859, iteration = 3"
[1] ""
[1] "------------------ Retrying ------------------"
[1] ""
[1] "------------ BFGS ------------"
[1] "Max Loglik = 321.007023427123"
[1] "Current loglik value = 321.099119258267"
[1] ""
[1] "Algorithm did not get a better solution"
[1] "Women, Increase. tol = -0.000286814337445272, time = 64.593, iteration = 3"
[1] ""
[1] "------------------ Retrying ------------------"
[1] ""
[1] "------ Maximum iterations withouth improvement achieved ------"
