[1] "------- starting weights -------"
[1] "Underweight:0.3"
[1] "Normal:0.3"
[1] "Overweight:0.3"
[1] "Obese:0.1"
[1] "------------ Nelder-Mead algorithm ------------"
[1] "Max Loglik = 305.404459915419"
[1] "Current loglik value = 0"
[1] "Men, Increase. tol = Inf, time = 1.648, iteration = 1"
[1] "Common area: 0.962957300936194"
[1] "------------ Nelder-Mead algorithm ------------"
[1] "Max Loglik = 305.830590486625"
[1] "Current loglik value = 305.404459915419"
[1] "Men, Increase. tol = 0.00139529911031518, time = 3.349, iteration = 2"
[1] "Common area: 0.966149938985374"
[1] "------------ Nelder-Mead algorithm ------------"
[1] "Max Loglik = 305.830456415741"
[1] "Current loglik value = 305.830590486625"
[1] ""
[1] "Algorithm did not get a better solution"
[1] "Men, Increase. tol = -4.38382843039783e-07, time = 4.99, iteration = 3"
[1] ""
[1] "------------------ Retrying ------------------"
[1] ""
[1] "------------ Nelder-Mead algorithm ------------"
[1] "Max Loglik = 305.872613348553"
[1] "Current loglik value = 305.830590486625"
[1] "Men, Increase. tol = 0.000137405685484463, time = 6.426, iteration = 3"
[1] "Common area: 0.96176423329433"
[1] "------------ Nelder-Mead algorithm ------------"
[1] "Max Loglik = 305.873554159004"
[1] "Current loglik value = 305.872613348553"
[1] "Men, Increase. tol = 3.07582441287769e-06, time = 8.041, iteration = 4"
[1] "Common area: 0.967632382446535"
[1] "------------ Nelder-Mead algorithm ------------"
[1] "Max Loglik = 305.862715061524"
[1] "Current loglik value = 305.873554159004"
[1] ""
[1] "Algorithm did not get a better solution"
[1] "Men, Increase. tol = -3.54365303335503e-05, time = 9.624, iteration = 5"
[1] ""
[1] "------------------ Retrying ------------------"
[1] ""
[1] "------------ Nelder-Mead algorithm ------------"
[1] "Max Loglik = 305.760762143024"
[1] "Current loglik value = 305.873554159004"
[1] ""
[1] "Algorithm did not get a better solution"
[1] "Men, Increase. tol = -0.000368753736458974, time = 11.057, iteration = 5"
[1] ""
[1] "------------------ Retrying ------------------"
[1] ""
[1] "------------ Nelder-Mead algorithm ------------"
[1] "Max Loglik = 305.4608806779"
[1] "Current loglik value = 305.873554159004"
[1] ""
[1] "Algorithm did not get a better solution"
[1] "Men, Increase. tol = -0.00134916365110148, time = 12.498, iteration = 5"
[1] ""
[1] "------------------ Retrying ------------------"
[1] ""
[1] "------------ Nelder-Mead algorithm ------------"
[1] "Max Loglik = 305.051572014996"
[1] "Current loglik value = 305.873554159004"
[1] ""
[1] "Algorithm did not get a better solution"
[1] "Men, Increase. tol = -0.00268732661857269, time = 13.851, iteration = 5"
[1] ""
[1] "------------------ Retrying ------------------"
[1] ""
[1] "------------ Nelder-Mead algorithm ------------"
[1] "Max Loglik = 305.846364109571"
[1] "Current loglik value = 305.873554159004"
[1] ""
[1] "Algorithm did not get a better solution"
[1] "Men, Increase. tol = -8.88931032564464e-05, time = 15.242, iteration = 5"
[1] ""
[1] "------------------ Retrying ------------------"
[1] ""
[1] "------------ Nelder-Mead algorithm ------------"
[1] "Max Loglik = 305.856575397075"
[1] "Current loglik value = 305.873554159004"
[1] ""
[1] "Algorithm did not get a better solution"
[1] "Men, Increase. tol = -5.55090876563743e-05, time = 16.683, iteration = 5"
[1] ""
[1] "------------------ Retrying ------------------"
[1] ""
[1] "------------ Nelder-Mead algorithm ------------"
[1] "Max Loglik = 305.880050468483"
[1] "Current loglik value = 305.873554159004"
[1] "Men, Increase. tol = 2.12385457643461e-05, time = 18.118, iteration = 5"
[1] "Common area: 0.972948027537136"
[1] "------------ Nelder-Mead algorithm ------------"
[1] "Max Loglik = 305.879312943746"
[1] "Current loglik value = 305.880050468483"
[1] ""
[1] "Algorithm did not get a better solution"
[1] "Men, Increase. tol = -2.41115671082274e-06, time = 19.719, iteration = 6"
[1] ""
[1] "------------------ Retrying ------------------"
[1] ""
[1] "------------ Nelder-Mead algorithm ------------"
[1] "Max Loglik = 305.880425775831"
[1] "Current loglik value = 305.880050468483"
[1] "Men, Increase. tol = 1.22697556623017e-06, time = 21.16, iteration = 6"
[1] "Common area: 0.973515631146058"
[1] "------------ Nelder-Mead algorithm ------------"
[1] "Max Loglik = 305.86163962841"
[1] "Current loglik value = 305.880425775831"
[1] ""
[1] "Algorithm did not get a better solution"
[1] "Men, Increase. tol = -6.14166381285635e-05, time = 22.813, iteration = 7"
[1] ""
[1] "------------------ Retrying ------------------"
[1] ""
[1] "------------ Nelder-Mead algorithm ------------"
[1] "Max Loglik = 305.849970609694"
[1] "Current loglik value = 305.880425775831"
[1] ""
[1] "Algorithm did not get a better solution"
[1] "Men, Increase. tol = -9.95655935154549e-05, time = 24.255, iteration = 7"
[1] ""
[1] "------------------ Retrying ------------------"
[1] ""
[1] "------------ Nelder-Mead algorithm ------------"
[1] "Max Loglik = 305.524913570863"
[1] "Current loglik value = 305.880425775831"
[1] ""
[1] "Algorithm did not get a better solution"
[1] "Men, Increase. tol = -0.00116225876195404, time = 25.668, iteration = 7"
[1] ""
[1] "------------------ Retrying ------------------"
[1] ""
[1] "------------ Nelder-Mead algorithm ------------"
[1] "Max Loglik = 305.845530346478"
[1] "Current loglik value = 305.880425775831"
[1] ""
[1] "Algorithm did not get a better solution"
[1] "Men, Increase. tol = -0.000114081930101351, time = 27.104, iteration = 7"
[1] ""
[1] "------------------ Retrying ------------------"
[1] ""
[1] "------------ Nelder-Mead algorithm ------------"
[1] "Max Loglik = 305.843041442169"
[1] "Current loglik value = 305.880425775831"
[1] ""
[1] "Algorithm did not get a better solution"
[1] "Men, Increase. tol = -0.000122218783916193, time = 28.544, iteration = 7"
[1] ""
[1] "------------------ Retrying ------------------"
[1] ""
[1] "------------ Nelder-Mead algorithm ------------"
[1] "Max Loglik = 305.860803640158"
[1] "Current loglik value = 305.880425775831"
[1] ""
[1] "Algorithm did not get a better solution"
[1] "Men, Increase. tol = -6.41496938633386e-05, time = 29.984, iteration = 7"
[1] ""
[1] "------------------ Retrying ------------------"
[1] ""
[1] "------------ Nelder-Mead algorithm ------------"
[1] "Max Loglik = 305.766176948073"
[1] "Current loglik value = 305.880425775831"
[1] ""
[1] "Algorithm did not get a better solution"
[1] "Men, Increase. tol = -0.000373508136283883, time = 31.543, iteration = 7"
[1] ""
[1] "------------------ Retrying ------------------"
[1] ""
[1] "------------ Nelder-Mead algorithm ------------"
[1] "Max Loglik = 305.750155545449"
[1] "Current loglik value = 305.880425775831"
[1] ""
[1] "Algorithm did not get a better solution"
[1] "Men, Increase. tol = -0.000425886128710339, time = 33.166, iteration = 7"
[1] ""
[1] "------------------ Retrying ------------------"
[1] ""
[1] "------------ Nelder-Mead algorithm ------------"
[1] "Max Loglik = 305.772940466314"
[1] "Current loglik value = 305.880425775831"
[1] ""
[1] "Algorithm did not get a better solution"
[1] "Men, Increase. tol = -0.000351396495031757, time = 34.732, iteration = 7"
[1] ""
[1] "------------------ Retrying ------------------"
[1] ""
[1] "------------ Nelder-Mead algorithm ------------"
[1] "Max Loglik = 305.750298387674"
[1] "Current loglik value = 305.880425775831"
[1] ""
[1] "Algorithm did not get a better solution"
[1] "Men, Increase. tol = -0.000425419141568849, time = 36.351, iteration = 7"
[1] ""
[1] "------------------ Retrying ------------------"
[1] ""
[1] "------------ Nelder-Mead algorithm ------------"
[1] "Max Loglik = 305.756210178397"
[1] "Current loglik value = 305.880425775831"
[1] ""
[1] "Algorithm did not get a better solution"
[1] "Men, Increase. tol = -0.000406092011668811, time = 37.949, iteration = 7"
[1] ""
[1] "------------------ Retrying ------------------"
[1] ""
[1] "------------ Nelder-Mead algorithm ------------"
[1] "Max Loglik = 305.620860089897"
[1] "Current loglik value = 305.880425775831"
[1] ""
[1] "Algorithm did not get a better solution"
[1] "Men, Increase. tol = -0.000848585473473993, time = 39.6, iteration = 7"
[1] ""
[1] "------------------ Retrying ------------------"
[1] ""
[1] "------------ Nelder-Mead algorithm ------------"
[1] "Max Loglik = 305.847171213014"
[1] "Current loglik value = 305.880425775831"
[1] ""
[1] "Algorithm did not get a better solution"
[1] "Men, Increase. tol = -0.000108717524934992, time = 41.073, iteration = 7"
[1] ""
[1] "------------------ Retrying ------------------"
[1] ""
[1] "------------ Nelder-Mead algorithm ------------"
[1] "Max Loglik = 305.85390946127"
[1] "Current loglik value = 305.880425775831"
[1] ""
[1] "Algorithm did not get a better solution"
[1] "Men, Increase. tol = -8.66884976159634e-05, time = 42.517, iteration = 7"
[1] ""
[1] "------------------ Retrying ------------------"
[1] ""
[1] "------------ Nelder-Mead algorithm ------------"
[1] "Max Loglik = 305.851858065873"
[1] "Current loglik value = 305.880425775831"
[1] ""
[1] "Algorithm did not get a better solution"
[1] "Men, Increase. tol = -9.33950248221392e-05, time = 43.968, iteration = 7"
[1] ""
[1] "------------------ Retrying ------------------"
[1] ""
[1] "------------ Nelder-Mead algorithm ------------"
[1] "Max Loglik = 305.829389189738"
[1] "Current loglik value = 305.880425775831"
[1] ""
[1] "Algorithm did not get a better solution"
[1] "Men, Increase. tol = -0.000166851428832368, time = 45.404, iteration = 7"
[1] ""
[1] "------------------ Retrying ------------------"
[1] ""
[1] "------------ Nelder-Mead algorithm ------------"
[1] "Max Loglik = 305.781146029877"
[1] "Current loglik value = 305.880425775831"
[1] ""
[1] "Algorithm did not get a better solution"
[1] "Men, Increase. tol = -0.000324570445139927, time = 46.834, iteration = 7"
[1] ""
[1] "------------------ Retrying ------------------"
[1] ""
[1] "------------ Nelder-Mead algorithm ------------"
[1] "Max Loglik = 305.789201681126"
[1] "Current loglik value = 305.880425775831"
[1] ""
[1] "Algorithm did not get a better solution"
[1] "Men, Increase. tol = -0.000298234496284361, time = 48.271, iteration = 7"
[1] ""
[1] "------------------ Retrying ------------------"
[1] ""
[1] "------------ Nelder-Mead algorithm ------------"
[1] "Max Loglik = 305.859836756031"
[1] "Current loglik value = 305.880425775831"
[1] ""
[1] "Algorithm did not get a better solution"
[1] "Men, Increase. tol = -6.73106811173786e-05, time = 49.71, iteration = 7"
[1] ""
[1] "------------------ Retrying ------------------"
[1] ""
[1] "------------ Nelder-Mead algorithm ------------"
[1] "Max Loglik = 305.860876928912"
[1] "Current loglik value = 305.880425775831"
[1] ""
[1] "Algorithm did not get a better solution"
[1] "Men, Increase. tol = -6.39100945068271e-05, time = 51.146, iteration = 7"
[1] ""
[1] "------------------ Retrying ------------------"
[1] ""
[1] "------------ Nelder-Mead algorithm ------------"
[1] "Max Loglik = 305.8366795504"
[1] "Current loglik value = 305.880425775831"
[1] ""
[1] "Algorithm did not get a better solution"
[1] "Men, Increase. tol = -0.000143017407276366, time = 52.594, iteration = 7"
[1] ""
[1] "------------------ Retrying ------------------"
[1] ""
[1] "------------ Nelder-Mead algorithm ------------"
[1] "Max Loglik = 305.860782307755"
[1] "Current loglik value = 305.880425775831"
[1] ""
[1] "Algorithm did not get a better solution"
[1] "Men, Increase. tol = -6.42194348531652e-05, time = 54.033, iteration = 7"
[1] ""
[1] "------------------ Retrying ------------------"
[1] ""
[1] "------------ Nelder-Mead algorithm ------------"
[1] "Max Loglik = 305.861789402751"
[1] "Current loglik value = 305.880425775831"
[1] ""
[1] "Algorithm did not get a better solution"
[1] "Men, Increase. tol = -6.09269881598481e-05, time = 55.249, iteration = 7"
[1] ""
[1] "------------------ Retrying ------------------"
[1] ""
[1] "------------ Nelder-Mead algorithm ------------"
[1] "Max Loglik = 305.818690892704"
[1] "Current loglik value = 305.880425775831"
[1] ""
[1] "Algorithm did not get a better solution"
[1] "Men, Increase. tol = -0.000201826851032086, time = 56.69, iteration = 7"
[1] ""
[1] "------------------ Retrying ------------------"
[1] ""
[1] "------------ Nelder-Mead algorithm ------------"
[1] "Max Loglik = 305.830537816651"
[1] "Current loglik value = 305.880425775831"
[1] ""
[1] "Algorithm did not get a better solution"
[1] "Men, Increase. tol = -0.000163096278726733, time = 58.157, iteration = 7"
[1] ""
[1] "------------------ Retrying ------------------"
[1] ""
[1] "------------ Nelder-Mead algorithm ------------"
[1] "Max Loglik = 305.727179796252"
[1] "Current loglik value = 305.880425775831"
[1] ""
[1] "Algorithm did not get a better solution"
[1] "Men, Increase. tol = -0.000500999628170374, time = 59.778, iteration = 7"
[1] ""
[1] "------------------ Retrying ------------------"
[1] ""
[1] "------------ Nelder-Mead algorithm ------------"
[1] "Max Loglik = 305.86129897946"
[1] "Current loglik value = 305.880425775831"
[1] ""
[1] "Algorithm did not get a better solution"
[1] "Men, Increase. tol = -6.25303051744137e-05, time = 61.243, iteration = 7"
[1] ""
[1] "------------------ Retrying ------------------"
[1] ""
[1] "------------ Nelder-Mead algorithm ------------"
[1] "Max Loglik = 305.850537930659"
[1] "Current loglik value = 305.880425775831"
[1] ""
[1] "Algorithm did not get a better solution"
[1] "Men, Increase. tol = -9.77108786747733e-05, time = 62.693, iteration = 7"
[1] ""
[1] "------------------ Retrying ------------------"
[1] ""
[1] "------------ Nelder-Mead algorithm ------------"
[1] "Max Loglik = 305.83572774343"
[1] "Current loglik value = 305.880425775831"
[1] ""
[1] "Algorithm did not get a better solution"
[1] "Men, Increase. tol = -0.000146129103513901, time = 64.144, iteration = 7"
[1] ""
[1] "------------------ Retrying ------------------"
[1] ""
[1] "------------ Nelder-Mead algorithm ------------"
[1] "Max Loglik = 305.827937835187"
[1] "Current loglik value = 305.880425775831"
[1] ""
[1] "Algorithm did not get a better solution"
[1] "Men, Increase. tol = -0.000171596271682354, time = 65.585, iteration = 7"
[1] ""
[1] "------------------ Retrying ------------------"
[1] ""
[1] "------------ Nelder-Mead algorithm ------------"
[1] "Max Loglik = 305.609714388128"
[1] "Current loglik value = 305.880425775831"
[1] ""
[1] "Algorithm did not get a better solution"
[1] "Men, Increase. tol = -0.000885023574215006, time = 67.011, iteration = 7"
[1] ""
[1] "------------------ Retrying ------------------"
[1] ""
[1] "------------ Nelder-Mead algorithm ------------"
[1] "Max Loglik = 305.575799509188"
[1] "Current loglik value = 305.880425775831"
[1] ""
[1] "Algorithm did not get a better solution"
[1] "Men, Increase. tol = -0.000995899838540337, time = 68.466, iteration = 7"
[1] ""
[1] "------------------ Retrying ------------------"
[1] ""
[1] "------------ Nelder-Mead algorithm ------------"
[1] "Max Loglik = 305.818996336486"
[1] "Current loglik value = 305.880425775831"
[1] ""
[1] "Algorithm did not get a better solution"
[1] "Men, Increase. tol = -0.000200828278531472, time = 69.905, iteration = 7"
[1] ""
[1] "------------------ Retrying ------------------"
[1] ""
[1] "------------ Nelder-Mead algorithm ------------"
[1] "Max Loglik = 305.858793306652"
[1] "Current loglik value = 305.880425775831"
[1] ""
[1] "Algorithm did not get a better solution"
[1] "Men, Increase. tol = -7.07219794273246e-05, time = 71.341, iteration = 7"
[1] ""
[1] "------------------ Retrying ------------------"
[1] ""
[1] "------------ Nelder-Mead algorithm ------------"
[1] "Max Loglik = 305.861850390559"
[1] "Current loglik value = 305.880425775831"
[1] ""
[1] "Algorithm did not get a better solution"
[1] "Men, Increase. tol = -6.07276036864544e-05, time = 72.737, iteration = 7"
[1] ""
[1] "------------------ Retrying ------------------"
[1] ""
[1] "------------ Nelder-Mead algorithm ------------"
[1] "Max Loglik = 305.46315075314"
[1] "Current loglik value = 305.880425775831"
[1] ""
[1] "Algorithm did not get a better solution"
[1] "Men, Increase. tol = -0.00136417693820211, time = 74.148, iteration = 7"
[1] ""
[1] "------------------ Retrying ------------------"
[1] ""
[1] "------------ Nelder-Mead algorithm ------------"
[1] "Max Loglik = 305.692811770204"
[1] "Current loglik value = 305.880425775831"
[1] ""
[1] "Algorithm did not get a better solution"
[1] "Men, Increase. tol = -0.000613357344299237, time = 75.566, iteration = 7"
[1] ""
[1] "------------------ Retrying ------------------"
[1] ""
[1] "------------ Nelder-Mead algorithm ------------"
[1] "Max Loglik = 305.857958671193"
[1] "Current loglik value = 305.880425775831"
[1] ""
[1] "Algorithm did not get a better solution"
[1] "Men, Increase. tol = -7.34506125425041e-05, time = 77.006, iteration = 7"
[1] ""
[1] "------------------ Retrying ------------------"
[1] ""
[1] "------------ Nelder-Mead algorithm ------------"
[1] "Max Loglik = 305.854622114062"
[1] "Current loglik value = 305.880425775831"
[1] ""
[1] "Algorithm did not get a better solution"
[1] "Men, Increase. tol = -8.43586565008274e-05, time = 78.441, iteration = 7"
[1] ""
[1] "------------------ Retrying ------------------"
[1] ""
[1] "------------ Nelder-Mead algorithm ------------"
[1] "Max Loglik = 305.780776659132"
[1] "Current loglik value = 305.880425775831"
[1] ""
[1] "Algorithm did not get a better solution"
[1] "Men, Increase. tol = -0.000325778010951816, time = 79.998, iteration = 7"
[1] ""
[1] "------------------ Retrying ------------------"
[1] ""
[1] "------------ Nelder-Mead algorithm ------------"
[1] "Max Loglik = 305.589436068361"
[1] "Current loglik value = 305.880425775831"
[1] ""
[1] "Algorithm did not get a better solution"
[1] "Men, Increase. tol = -0.00095131849882591, time = 81.616, iteration = 7"
[1] ""
[1] "------------------ Retrying ------------------"
[1] ""
[1] "------------ Nelder-Mead algorithm ------------"
[1] "Max Loglik = 305.418895661512"
[1] "Current loglik value = 305.880425775831"
[1] ""
[1] "Algorithm did not get a better solution"
[1] "Men, Increase. tol = -0.00150885795698673, time = 83.268, iteration = 7"
[1] ""
[1] "------------------ Retrying ------------------"
[1] ""
[1] "------------ Nelder-Mead algorithm ------------"
[1] "Max Loglik = 305.489644249662"
[1] "Current loglik value = 305.880425775831"
[1] ""
[1] "Algorithm did not get a better solution"
[1] "Men, Increase. tol = -0.00127756303849128, time = 84.907, iteration = 7"
[1] ""
[1] "------------------ Retrying ------------------"
[1] ""
[1] "------------ Nelder-Mead algorithm ------------"
[1] "Max Loglik = 305.784040652697"
[1] "Current loglik value = 305.880425775831"
[1] ""
[1] "Algorithm did not get a better solution"
[1] "Men, Increase. tol = -0.000315107195529113, time = 86.43, iteration = 7"
[1] ""
[1] "------------------ Retrying ------------------"
[1] ""
[1] "------------ Nelder-Mead algorithm ------------"
[1] "Max Loglik = 305.852336107823"
[1] "Current loglik value = 305.880425775831"
[1] ""
[1] "Algorithm did not get a better solution"
[1] "Men, Increase. tol = -9.18321855233077e-05, time = 87.873, iteration = 7"
[1] ""
[1] "------------------ Retrying ------------------"
[1] ""
[1] "------------ Nelder-Mead algorithm ------------"
[1] "Max Loglik = 305.858226765258"
[1] "Current loglik value = 305.880425775831"
[1] ""
[1] "Algorithm did not get a better solution"
[1] "Men, Increase. tol = -7.25741456535322e-05, time = 89.318, iteration = 7"
[1] ""
[1] "------------------ Retrying ------------------"
[1] ""
[1] "------------ Nelder-Mead algorithm ------------"
[1] "Max Loglik = 305.794267481733"
[1] "Current loglik value = 305.880425775831"
[1] ""
[1] "Algorithm did not get a better solution"
[1] "Men, Increase. tol = -0.00028167312072827, time = 90.879, iteration = 7"
[1] ""
[1] "------------------ Retrying ------------------"
[1] ""
[1] "------------ Nelder-Mead algorithm ------------"
[1] "Max Loglik = 305.861557308054"
[1] "Current loglik value = 305.880425775831"
[1] ""
[1] "Algorithm did not get a better solution"
[1] "Men, Increase. tol = -6.168576406585e-05, time = 92.319, iteration = 7"
[1] ""
[1] "------------------ Retrying ------------------"
[1] ""
[1] "------------ Nelder-Mead algorithm ------------"
[1] "Max Loglik = 305.86110632777"
[1] "Current loglik value = 305.880425775831"
[1] ""
[1] "Algorithm did not get a better solution"
[1] "Men, Increase. tol = -6.31601319750017e-05, time = 93.692, iteration = 7"
[1] ""
[1] "------------------ Retrying ------------------"
[1] ""
[1] "------------ Nelder-Mead algorithm ------------"
[1] "Max Loglik = 305.856221499093"
[1] "Current loglik value = 305.880425775831"
[1] ""
[1] "Algorithm did not get a better solution"
[1] "Men, Increase. tol = -7.91298648044718e-05, time = 95.131, iteration = 7"
[1] ""
[1] "------------------ Retrying ------------------"
[1] ""
[1] "------ Maximum iterations withouth improvement achieved ------"
