[1] "------------ Transforming weights ------------"
[1] "------- starting weights -------"
[1] "Underweight:0.266666666666667"
[1] "Normal:0.244444444444444"
[1] "Overweight:0.255555555555556"
[1] "Obese:0.233333333333333"
[1] "------------ Simulated Annealing ------------"
[1] "Max Loglik = 338.978581669345"
[1] "Current loglik value = 0"
[1] "Men, Decrease. tol = Inf, time = 22.921, iteration = 1"
[1] "Common area: 0.692662144926365"
[1] "------------ Simulated Annealing ------------"
[1] "Max Loglik = 336.797665732404"
[1] "Current loglik value = 338.978581669345"
[1] ""
[1] "Algorithm did not get a better solution"
[1] "Men, Decrease. tol = -0.00643378683750744, time = 46.507, iteration = 2"
[1] ""
[1] "------------------ Retrying ------------------"
[1] ""
[1] "------------ Simulated Annealing ------------"
[1] "Max Loglik = 337.695336409401"
[1] "Current loglik value = 338.978581669345"
[1] ""
[1] "Algorithm did not get a better solution"
[1] "Men, Decrease. tol = -0.00378562342678149, time = 69.699, iteration = 2"
[1] ""
[1] "------------------ Retrying ------------------"
[1] ""
[1] "------------ Simulated Annealing ------------"
[1] "Max Loglik = 338.232931283857"
[1] "Current loglik value = 338.978581669345"
[1] ""
[1] "Algorithm did not get a better solution"
[1] "Men, Decrease. tol = -0.00219969763817063, time = 91.126, iteration = 2"
[1] ""
[1] "------------------ Retrying ------------------"
[1] ""
[1] "------------ Simulated Annealing ------------"
[1] "Max Loglik = 338.730659723005"
[1] "Current loglik value = 338.978581669345"
[1] ""
[1] "Algorithm did not get a better solution"
[1] "Men, Decrease. tol = -0.000731379384264809, time = 112.295, iteration = 2"
[1] ""
[1] "------------------ Retrying ------------------"
[1] ""
[1] "------------ Simulated Annealing ------------"
[1] "Max Loglik = 338.118204633864"
[1] "Current loglik value = 338.978581669345"
[1] ""
[1] "Algorithm did not get a better solution"
[1] "Men, Decrease. tol = -0.00253814571777458, time = 130.983, iteration = 2"
[1] ""
[1] "------------------ Retrying ------------------"
[1] ""
[1] "------------ Simulated Annealing ------------"
[1] "Max Loglik = 338.813157799886"
[1] "Current loglik value = 338.978581669345"
[1] ""
[1] "Algorithm did not get a better solution"
[1] "Men, Decrease. tol = -0.000488006848825518, time = 151.325, iteration = 2"
[1] ""
[1] "------------------ Retrying ------------------"
[1] ""
[1] "------------ Simulated Annealing ------------"
[1] "Max Loglik = 338.657242293343"
[1] "Current loglik value = 338.978581669345"
[1] ""
[1] "Algorithm did not get a better solution"
[1] "Men, Decrease. tol = -0.000947963657230979, time = 170.308, iteration = 2"
[1] ""
[1] "------------------ Retrying ------------------"
[1] ""
[1] "------------ Simulated Annealing ------------"
[1] "Max Loglik = 338.596962167437"
[1] "Current loglik value = 338.978581669345"
[1] ""
[1] "Algorithm did not get a better solution"
[1] "Men, Decrease. tol = -0.00112579237316002, time = 190.969, iteration = 2"
[1] ""
[1] "------------------ Retrying ------------------"
[1] ""
[1] "------------ Simulated Annealing ------------"
[1] "Max Loglik = 338.786449430448"
[1] "Current loglik value = 338.978581669345"
[1] ""
[1] "Algorithm did not get a better solution"
[1] "Men, Decrease. tol = -0.000566797577449808, time = 210.478, iteration = 2"
[1] ""
[1] "------------------ Retrying ------------------"
[1] ""
