[1] "------------ Transforming weights ------------"
[1] "------- starting weights -------"
[1] "Underweight:0.233333333333333"
[1] "Normal:0.233333333333333"
[1] "Overweight:0.233333333333333"
[1] "Obese:0.3"
[1] "------------ Simulated Annealing ------------"
[1] "Max Loglik = 319.599479535829"
[1] "Current loglik value = 0"
[1] "Women, Increase. tol = Inf, time = 22.46, iteration = 1"
[1] "Common area: 0.790074952153323"
[1] "------------ Simulated Annealing ------------"
[1] "Max Loglik = 320.144657651262"
[1] "Current loglik value = 319.599479535829"
[1] "Women, Increase. tol = 0.00170581665597354, time = 44.712, iteration = 2"
[1] "Common area: 0.937809091176076"
[1] "------------ Simulated Annealing ------------"
[1] "Max Loglik = 320.142502265377"
[1] "Current loglik value = 320.144657651262"
[1] ""
[1] "Algorithm did not get a better solution"
[1] "Women, Increase. tol = -6.73253741156029e-06, time = 67.379, iteration = 3"
[1] ""
[1] "------------------ Retrying ------------------"
[1] ""
[1] "------------ Simulated Annealing ------------"
[1] "Max Loglik = 320.139105449035"
[1] "Current loglik value = 320.144657651262"
[1] ""
[1] "Algorithm did not get a better solution"
[1] "Women, Increase. tol = -1.73427920616897e-05, time = 88.891, iteration = 3"
[1] ""
[1] "------------------ Retrying ------------------"
[1] ""
[1] "------------ Simulated Annealing ------------"
[1] "Max Loglik = 320.155164701976"
[1] "Current loglik value = 320.144657651262"
[1] "Women, Increase. tol = 3.28196971667591e-05, time = 109.014, iteration = 3"
[1] "Common area: 0.904305277039571"
[1] "------------ Simulated Annealing ------------"
[1] "Max Loglik = 320.513651310717"
[1] "Current loglik value = 320.155164701976"
[1] "Women, Increase. tol = 0.00111972770789116, time = 129.308, iteration = 4"
[1] "Common area: 0.821222998780643"
[1] "------------ Simulated Annealing ------------"
[1] "Max Loglik = 319.598113748808"
[1] "Current loglik value = 320.513651310717"
[1] ""
[1] "Algorithm did not get a better solution"
[1] "Women, Increase. tol = -0.00285646978893088, time = 148.318, iteration = 5"
[1] ""
[1] "------------------ Retrying ------------------"
[1] ""
[1] "------------ Simulated Annealing ------------"
[1] "Max Loglik = 319.523434279323"
[1] "Current loglik value = 320.513651310717"
[1] ""
[1] "Algorithm did not get a better solution"
[1] "Women, Increase. tol = -0.00308946912976817, time = 167.539, iteration = 5"
[1] ""
[1] "------------------ Retrying ------------------"
[1] ""
[1] "------------ Simulated Annealing ------------"
[1] "Max Loglik = 319.271273897397"
[1] "Current loglik value = 320.513651310717"
[1] ""
[1] "Algorithm did not get a better solution"
[1] "Women, Increase. tol = -0.00387620748208197, time = 184.651, iteration = 5"
[1] ""
[1] "------------------ Retrying ------------------"
[1] ""
[1] "------------ Simulated Annealing ------------"
[1] "Max Loglik = 319.365390314151"
[1] "Current loglik value = 320.513651310717"
[1] ""
[1] "Algorithm did not get a better solution"
[1] "Women, Increase. tol = -0.00358256502295704, time = 200.904, iteration = 5"
[1] ""
[1] "------------------ Retrying ------------------"
[1] ""
